  Log Name: System
  Source: Service Control Manager
  Date: 2016-05-11T08:25:25.925
  Event ID: 7036
  Task: N/A
  Level: Information
  Opcode: N/A
  Keyword: Classic
  User: N/A
  User Name: N/A
  Computer: Kot
  Description: 
The Function Discovery Resource Publication service entered the stopped state.

Event[1572]:
  Log Name: System
  Source: Service Control Manager
  Date: 2016-05-11T08:25:25.894
  Event ID: 7036
  Task: N/A
  Level: Information
  Opcode: N/A
  Keyword: Classic
  User: N/A
  User Name: N/A
  Computer: Kot
  Description: 
The Cryptographic Services service entered the stopped state.

Event[1573]:
  Log Name: System
  Source: Service Control Manager
  Date: 2016-05-11T08:25:25.879
  Event ID: 7036
  Task: N/A
  Level: Information
  Opcode: N/A
  Keyword: Classic
  User: N/A
  User Name: N/A
  Computer: Kot
  Description: 
The Windows Font Cache Service service entered the stopped state.

Event[1574]:
  Log Name: System
  Source: Service Control Manager
  Date: 2016-05-11T08:25:25.769
  Event ID: 7036
  Task: N/A
  Level: Information
  Opcode: N/A
  Keyword: Classic
  User: N/A
  User Name: N/A
  Computer: Kot
  Description: 
The Extensible Authentication Protocol service entered the stopped state.

Event[1575]:
  Log Name: System
  Source: Service Control Manager
  Date: 2016-05-11T08:25:25.769
  Event ID: 7036
  Task: N/A
  Level: Information
  Opcode: N/A
  Keyword: Classic
  User: N/A
  User Name: N/A
  Computer: Kot
  Description: 
The VMware Agent Service service entered the stopped state.

Event[1576]:
  Log Name: System
  Source: Service Control Manager
  Date: 2016-05-11T08:25:25.769
  Event ID: 7036
  Task: N/A
  Level: Information
  Opcode: N/A
  Keyword: Classic
  User: N/A
  User Name: N/A
  Computer: Kot
  Description: 
The Desktop Window Manager Session Manager service entered the stopped state.

Event[1577]:
  Log Name: System
  Source: Service Control Manager
  Date: 2016-05-11T08:25:25.769
  Event ID: 7036
  Task: N/A
  Level: Information
  Opcode: N/A
  Keyword: Classic
  User: N/A
  User Name: N/A
  Computer: Kot
  Description: 
The Remote Desktop Services UserMode Port Redirector service entered the stopped state.

Event[1578]:
  Log Name: System
  Source: Service Control Manager
  Date: 2016-05-11T08:25:25.769
  Event ID: 7036
  Task: N/A
  Level: Information
  Opcode: N/A
  Keyword: Classic
  User: N/A
  User Name: N/A
  Computer: Kot
  Description: 
The SSDP Discovery service entered the stopped state.

Event[1579]:
  Log Name: System
  Source: Service Control Manager
  Date: 2016-05-11T08:25:25.754
  Event ID: 7036
  Task: N/A
  Level: Information
  Opcode: N/A
  Keyword: Classic
  User: N/A
  User Name: N/A
  Computer: Kot
  Description: 
The Plug and Play service entered the stopped state.

Event[1580]:
  Log Name: System
  Source: Microsoft-Windows-UserPnp
  Date: 2016-05-11T08:25:25.754
  Event ID: 20010
  Task: N/A
  Level: Information
  Opcode: Info
  Keyword: N/A
  User: S-1-5-18
  User Name: NT AUTHORITY\SYSTEM
  Computer: Kot
  Description: 
One or more of the Plug and Play service's subsystems has changed state. 

PlugPlay install subsystem enabled: 'false' 
PlugPlay caching subsystem enabled: 'false' 


Event[1581]:
  Log Name: System
  Source: Service Control Manager
  Date: 2016-05-11T08:25:25.754
  Event ID: 7036
  Task: N/A
  Level: Information
  Opcode: N/A
  Keyword: Classic
  User: N/A
  User Name: N/A
  Computer: Kot
  Description: 
The Peer Networking Identity Manager service entered the stopped state.

Event[1582]:
  Log Name: System
  Source: Service Control Manager
  Date: 2016-05-11T08:25:25.754
  Event ID: 7036
  Task: N/A
  Level: Information
  Opcode: N/A
  Keyword: Classic
  User: N/A
  User Name: N/A
  Computer: Kot
  Description: 
The Human Interface Device Access service entered the stopped state.

Event[1583]:
  Log Name: System
  Source: Service Control Manager
  Date: 2016-05-11T08:25:25.754
  Event ID: 7036
  Task: N/A
  Level: Information
  Opcode: N/A
  Keyword: Classic
  User: N/A
  User Name: N/A
  Computer: Kot
  Description: 
The Power service entered the stopped state.

Event[1584]:
  Log Name: System
  Source: Service Control Manager
  Date: 2016-05-11T08:25:25.754
  Event ID: 7036
  Task: N/A
  Level: Information
  Opcode: N/A
  Keyword: Classic
  User: N/A
  User Name: N/A
  Computer: Kot
  Description: 
The Diagnostic Service Host service entered the stopped state.

Event[1585]:
  Log Name: System
  Source: Microsoft-Windows-DHCPv6-Client
  Date: 2016-05-11T08:25:25.754
  Event ID: 51047
  Task: Service State Event
  Level: Information
  Opcode: ServiceStop
  Keyword: N/A
  User: S-1-5-19
  User Name: NT AUTHORITY\LOCAL SERVICE
  Computer: Kot
  Description: 
DHCPv6 client service is stopped. ShutDown Flag value is 1

Event[1586]:
  Log Name: System
  Source: Service Control Manager
  Date: 2016-05-11T08:25:25.754
  Event ID: 7036
  Task: N/A
  Level: Information
  Opcode: N/A
  Keyword: Classic
  User: N/A
  User Name: N/A
  Computer: Kot
  Description: 
The Diagnostic System Host service entered the stopped state.

Event[1587]:
  Log Name: System
  Source: Service Control Manager
  Date: 2016-05-11T08:25:25.754
  Event ID: 7036
  Task: N/A
  Level: Information
  Opcode: N/A
  Keyword: Classic
  User: N/A
  User Name: N/A
  Computer: Kot
  Description: 
The Microsoft Office ClickToRun Service service entered the stopped state.

Event[1588]:
  Log Name: System
  Source: Service Control Manager
  Date: 2016-05-11T08:25:25.723
  Event ID: 7036
  Task: N/A
  Level: Information
  Opcode: N/A
  Keyword: Classic
  User: N/A
  User Name: N/A
  Computer: Kot
  Description: 
The Certificate Propagation service entered the stopped state.

Event[1589]:
  Log Name: System
  Source: Service Control Manager
  Date: 2016-05-11T08:25:25.567
  Event ID: 7036
  Task: N/A
  Level: Information
  Opcode: N/A
  Keyword: Classic
  User: N/A
  User Name: N/A
  Computer: Kot
  Description: 
The Diagnostics Tracking Service service entered the stopped state.

Event[1590]:
  Log Name: System
  Source: Service Control Manager
  Date: 2016-05-11T08:25:25.442
  Event ID: 7036
  Task: N/A
  Level: Information
  Opcode: N/A
  Keyword: Classic
  User: N/A
  User Name: N/A
  Computer: Kot
  Description: 
The Group Policy Client service entered the stopped state.

Event[1591]:
  Log Name: System
  Source: Service Control Manager
  Date: 2016-05-11T08:25:25.426
  Event ID: 7036
  Task: N/A
  Level: Information
  Opcode: N/A
  Keyword: Classic
  User: N/A
  User Name: N/A
  Computer: Kot
  Description: 
The Windows Update service entered the stopped state.

Event[1592]:
  Log Name: System
  Source: Microsoft-Windows-WindowsUpdateClient
  Date: 2016-05-11T08:25:25.348
  Event ID: 27
  Task: Windows Update Agent
  Level: Information
  Opcode: State Change
  Keyword: State
  User: S-1-5-18
  User Name: NT AUTHORITY\SYSTEM
  Computer: Kot
  Description: 
Automatic Updates is now paused.

Event[1593]:
  Log Name: System
  Source: Microsoft-Windows-Winlogon
  Date: 2016-05-11T08:25:25.145
  Event ID: 7002
  Task: N/A
  Level: Information
  Opcode: Info
  Keyword: N/A
  User: S-1-5-18
  User Name: NT AUTHORITY\SYSTEM
  Computer: Kot
  Description: 
User Logoff Notification for Customer Experience Improvement Program

Event[1594]:
  Log Name: System
  Source: Service Control Manager
  Date: 2016-05-11T08:25:23.834
  Event ID: 7036
  Task: N/A
  Level: Information
  Opcode: N/A
  Keyword: Classic
  User: N/A
  User Name: N/A
  Computer: Kot
  Description: 
The Steam Client Service service entered the stopped state.

Event[1595]:
  Log Name: System
  Source: EventLog
  Date: 2016-05-11T08:25:25.000
  Event ID: 6006
  Task: N/A
  Level: Information
  Opcode: N/A
  Keyword: Classic
  User: N/A
  User Name: N/A
  Computer: Kot
  Description: 
The Event log service was stopped.

Event[1596]:
  Log Name: System
  Source: USER32
  Date: 2016-05-11T08:25:25.000
  Event ID: 1074
  Task: N/A
  Level: Information
  Opcode: N/A
  Keyword: Classic
  User: S-1-5-21-1345753643-328560084-4052943262-1000
  User Name: Kot\Kotek
  Computer: Kot
  Description: 
The process C:\Windows\system32\winlogon.exe (KOT) has initiated the power off of computer KOT on behalf of user Kot\Kotek for the following reason: No title for this reason could be found
 Reason Code: 0x500ff
 Shutdown Type: power off
 Comment: 

Event[1597]:
  Log Name: System
  Source: Service Control Manager
  Date: 2016-05-11T08:25:23.113
  Event ID: 7036
  Task: N/A
  Level: Information
  Opcode: N/A
  Keyword: Classic
  User: N/A
  User Name: N/A
  Computer: Kot
  Description: 
The Multimedia Class Scheduler service entered the running state.

Event[1598]:
  Log Name: System
  Source: USER32
  Date: 2016-05-11T08:25:20.000
  Event ID: 1074
  Task: N/A
  Level: Information
  Opcode: N/A
  Keyword: Classic
  User: S-1-5-21-1345753643-328560084-4052943262-1000
  User Name: Kot\Kotek
  Computer: Kot
  Description: 
The process Explorer.EXE has initiated the power off of computer KOT on behalf of user Kot\Kotek for the following reason: Other (Unplanned)
 Reason Code: 0x0
 Shutdown Type: power off
 Comment: 

Event[1599]:
  Log Name: System
  Source: Service Control Manager
  Date: 2016-05-11T08:12:51.145
  Event ID: 7036
  Task: N/A
  Level: Information
  Opcode: N/A
  Keyword: Classic
  User: N/A
  User Name: N/A
  Computer: Kot
  Description: 
The Problem Reports and Solutions Control Panel Support service entered the stopped state.

Event[1600]:
  Log Name: System
  Source: Service Control Manager
  Date: 2016-05-11T08:12:24.390
  Event ID: 7036
  Task: N/A
  Level: Information
  Opcode: N/A
  Keyword: Classic
  User: N/A
  User Name: N/A
  Computer: Kot
  Description: 
The Microsoft .NET Framework NGEN v4.0.30319_X86 service entered the stopped state.

Event[1601]:
  Log Name: System
  Source: Service Control Manager
  Date: 2016-05-11T08:12:16.185
  Event ID: 7036
  Task: N/A
  Level: Information
  Opcode: N/A
  Keyword: Classic
  User: N/A
  User Name: N/A
  Computer: Kot
  Description: 
The Problem Reports and Solutions Control Panel Support service entered the running state.

Event[1602]:
  Log Name: System
  Source: Service Control Manager
  Date: 2016-05-11T08:10:08.592
  Event ID: 7036
  Task: N/A
  Level: Information
  Opcode: N/A
  Keyword: Classic
  User: N/A
  User Name: N/A
  Computer: Kot
  Description: 
The Office Software Protection Platform service entered the stopped state.

Event[1603]:
  Log Name: System
  Source: Service Control Manager
  Date: 2016-05-11T08:09:59.950
  Event ID: 7036
  Task: N/A
  Level: Information
  Opcode: N/A
  Keyword: Classic
  User: N/A
  User Name: N/A
  Computer: Kot
  Description: 
The Application Experience service entered the stopped state.

Event[1604]:
  Log Name: System
  Source: Service Control Manager
  Date: 2016-05-11T08:09:45.192
  Event ID: 7036
  Task: N/A
  Level: Information
  Opcode: N/A
  Keyword: Classic
  User: N/A
  User Name: N/A
  Computer: Kot
  Description: 
The Microsoft .NET Framework NGEN v4.0.30319_X64 service entered the stopped state.

Event[1605]:
  Log Name: System
  Source: Service Control Manager
  Date: 2016-05-11T08:06:55.043
  Event ID: 7036
  Task: N/A
  Level: Information
  Opcode: N/A
  Keyword: Classic
  User: N/A
  User Name: N/A
  Computer: Kot
  Description: 
The Software Protection service entered the stopped state.

Event[1606]:
  Log Name: System
  Source: Microsoft-Windows-WindowsUpdateClient
  Date: 2016-05-11T08:05:21.287
  Event ID: 19
  Task: Windows Update Agent
  Level: Information
  Opcode: Installation
  Keyword: Installation,Success
  User: S-1-5-18
  User Name: NT AUTHORITY\SYSTEM
  Computer: Kot
  Description: 
Installation Successful: Windows successfully installed the following update: Security Update for Windows 7 for x64-based Systems (KB3156019)

Event[1607]:
  Log Name: System
  Source: Service Control Manager
  Date: 2016-05-11T08:05:04.688
  Event ID: 7036
  Task: N/A
  Level: Information
  Opcode: N/A
  Keyword: Classic
  User: N/A
  User Name: N/A
  Computer: Kot
  Description: 
The Office Software Protection Platform service entered the running state.

Event[1608]:
  Log Name: System
  Source: Service Control Manager
  Date: 2016-05-11T08:04:52.208
  Event ID: 7036
  Task: N/A
  Level: Information
  Opcode: N/A
  Keyword: Classic
  User: N/A
  User Name: N/A
  Computer: Kot
  Description: 
The Multimedia Class Scheduler service entered the stopped state.

Event[1609]:
  Log Name: System
  Source: Microsoft-Windows-WindowsUpdateClient
  Date: 2016-05-11T08:01:55.335
  Event ID: 19
  Task: Windows Update Agent
  Level: Information
  Opcode: Installation
  Keyword: Installation,Success
  User: S-1-5-18
  User Name: NT AUTHORITY\SYSTEM
  Computer: Kot
  Description: 
Installation Successful: Windows successfully installed the following update: Security Update for Windows 7 for x64-based Systems (KB3153171)

Event[1610]:
  Log Name: System
  Source: Microsoft-Windows-WindowsUpdateClient
  Date: 2016-05-11T08:01:55.335
  Event ID: 19
  Task: Windows Update Agent
  Level: Information
  Opcode: Installation
  Keyword: Installation,Success
  User: S-1-5-18
  User Name: NT AUTHORITY\SYSTEM
  Computer: Kot
  Description: 
Installation Successful: Windows successfully installed the following update: Cumulative Security Update for Internet Explorer 11 for Windows 7 for x64-based Systems (KB3154070)

Event[1611]:
  Log Name: System
  Source: Microsoft-Windows-WindowsUpdateClient
  Date: 2016-05-11T08:01:55.335
  Event ID: 19
  Task: Windows Update Agent
  Level: Information
  Opcode: Installation
  Keyword: Installation,Success
  User: S-1-5-18
  User Name: NT AUTHORITY\SYSTEM
  Computer: Kot
  Description: 
Installation Successful: Windows successfully installed the following update: Security Update for Windows 7 for x64-based Systems (KB3155178)

Event[1612]:
  Log Name: System
  Source: Microsoft-Windows-WindowsUpdateClient
  Date: 2016-05-11T08:01:55.335
  Event ID: 19
  Task: Windows Update Agent
  Level: Information
  Opcode: Installation
  Keyword: Installation,Success
  User: S-1-5-18
  User Name: NT AUTHORITY\SYSTEM
  Computer: Kot
  Description: 
Installation Successful: Windows successfully installed the following update: Security Update for Microsoft .NET Framework 3.5.1 on Windows 7 and Windows Server 2008 R2 SP1 for x64 (KB3142024)

Event[1613]:
  Log Name: System
  Source: Microsoft-Windows-WindowsUpdateClient
  Date: 2016-05-11T08:01:55.335
  Event ID: 19
  Task: Windows Update Agent
  Level: Information
  Opcode: Installation
  Keyword: Installation,Success
  User: S-1-5-18
  User Name: NT AUTHORITY\SYSTEM
  Computer: Kot
  Description: 
Installation Successful: Windows successfully installed the following update: Security Update for Windows 7 for x64-based Systems (KB3156013)

Event[1614]:
  Log Name: System
  Source: Microsoft-Windows-WindowsUpdateClient
  Date: 2016-05-11T08:01:55.319
  Event ID: 19
  Task: Windows Update Agent
  Level: Information
  Opcode: Installation
  Keyword: Installation,Success
  User: S-1-5-18
  User Name: NT AUTHORITY\SYSTEM
  Computer: Kot
  Description: 
Installation Successful: Windows successfully installed the following update: Security Update for Windows 7 for x64-based Systems (KB3156016)

Event[1615]:
  Log Name: System
  Source: Microsoft-Windows-WindowsUpdateClient
  Date: 2016-05-11T08:01:55.319
  Event ID: 19
  Task: Windows Update Agent
  Level: Information
  Opcode: Installation
  Keyword: Installation,Success
  User: S-1-5-18
  User Name: NT AUTHORITY\SYSTEM
  Computer: Kot
  Description: 
Installation Successful: Windows successfully installed the following update: Security Update for Windows 7 for x64-based Systems (KB3150220)

Event[1616]:
  Log Name: System
  Source: Microsoft-Windows-WindowsUpdateClient
  Date: 2016-05-11T08:01:55.319
  Event ID: 19
  Task: Windows Update Agent
  Level: Information
  Opcode: Installation
  Keyword: Installation,Success
  User: S-1-5-18
  User Name: NT AUTHORITY\SYSTEM
  Computer: Kot
  Description: 
Installation Successful: Windows successfully installed the following update: Security Update for Windows 7 for x64-based Systems (KB3156017)

Event[1617]:
  Log Name: System
  Source: Microsoft-Windows-WindowsUpdateClient
  Date: 2016-05-11T08:01:55.319
  Event ID: 19
  Task: Windows Update Agent
  Level: Information
  Opcode: Installation
  Keyword: Installation,Success
  User: S-1-5-18
  User Name: NT AUTHORITY\SYSTEM
  Computer: Kot
  Description: 
Installation Successful: Windows successfully installed the following update: Update for Windows 7 for x64-based Systems (KB3153731)

Event[1618]:
  Log Name: System
  Source: Microsoft-Windows-WindowsUpdateClient
  Date: 2016-05-11T08:01:55.319
  Event ID: 19
  Task: Windows Update Agent
  Level: Information
  Opcode: Installation
  Keyword: Installation,Success
  User: S-1-5-18
  User Name: NT AUTHORITY\SYSTEM
  Computer: Kot
  Description: 
Installation Successful: Windows successfully installed the following update: Security Update for Windows 7 for x64-based Systems (KB3153199)

Event[1619]:
  Log Name: System
  Source: Service Control Manager
  Date: 2016-05-11T08:01:14.993
  Event ID: 7036
  Task: N/A
  Level: Information
  Opcode: N/A
  Keyword: Classic
  User: N/A
  User Name: N/A
  Computer: Kot
  Description: 
The Portable Device Enumerator Service service entered the stopped state.

Event[1620]:
  Log Name: System
  Source: Service Control Manager
  Date: 2016-05-11T08:01:08.535
  Event ID: 7036
  Task: N/A
  Level: Information
  Opcode: N/A
  Keyword: Classic
  User: N/A
  User Name: N/A
  Computer: Kot
  Description: 
The Windows Update service entered the running state.

Event[1621]:
  Log Name: System
  Source: Service Control Manager
  Date: 2016-05-11T08:01:06.210
  Event ID: 7036
  Task: N/A
  Level: Information
  Opcode: N/A
  Keyword: Classic
  User: N/A
  User Name: N/A
  Computer: Kot
  Description: 
The Windows Defender service entered the running state.

Event[1622]:
  Log Name: System
  Source: Service Control Manager
  Date: 2016-05-11T08:01:05.072
  Event ID: 7036
  Task: N/A
  Level: Information
  Opcode: N/A
  Keyword: Classic
  User: N/A
  User Name: N/A
  Computer: Kot
  Description: 
The Background Intelligent Transfer Service service entered the running state.

Event[1623]:
  Log Name: System
  Source: Microsoft-Windows-WMPNSS-Service
  Date: 2016-05-11T07:59:58.000
  Event ID: 14206
  Task: N/A
  Level: Information
  Opcode: N/A
  Keyword: Classic
  User: N/A
  User Name: N/A
  Computer: Kot
  Description: 
Media server 'KOT: Kotek:' was successfully initialized and is sharing media with network media devices.

Event[1624]:
  Log Name: System
  Source: Service Control Manager
  Date: 2016-05-11T07:59:42.560
  Event ID: 7036
  Task: N/A
  Level: Information
  Opcode: N/A
  Keyword: Classic
  User: N/A
  User Name: N/A
  Computer: Kot
  Description: 
The Steam Client Service service entered the running state.

Event[1625]:
  Log Name: System
  Source: Service Control Manager
  Date: 2016-05-11T07:59:32.935
  Event ID: 7036
  Task: N/A
  Level: Information
  Opcode: N/A
  Keyword: Classic
  User: N/A
  User Name: N/A
  Computer: Kot
  Description: 
The Peer Networking Grouping service entered the running state.

Event[1626]:
  Log Name: System
  Source: Service Control Manager
  Date: 2016-05-11T07:59:32.779
  Event ID: 7036
  Task: N/A
  Level: Information
  Opcode: N/A
  Keyword: Classic
  User: N/A
  User Name: N/A
  Computer: Kot
  Description: 
The Peer Name Resolution Protocol service entered the running state.

Event[1627]:
  Log Name: System
  Source: Service Control Manager
  Date: 2016-05-11T07:59:32.514
  Event ID: 7036
  Task: N/A
  Level: Information
  Opcode: N/A
  Keyword: Classic
  User: N/A
  User Name: N/A
  Computer: Kot
  Description: 
The Peer Networking Identity Manager service entered the running state.

Event[1628]:
  Log Name: System
  Source: Service Control Manager
  Date: 2016-05-11T07:59:31.484
  Event ID: 7036
  Task: N/A
  Level: Information
  Opcode: N/A
  Keyword: Classic
  User: N/A
  User Name: N/A
  Computer: Kot
  Description: 
The HomeGroup Listener service entered the running state.

Event[1629]:
  Log Name: System
  Source: Service Control Manager
  Date: 2016-05-11T07:59:30.969
  Event ID: 7036
  Task: N/A
  Level: Information
  Opcode: N/A
  Keyword: Classic
  User: N/A
  User Name: N/A
  Computer: Kot
  Description: 
The HomeGroup Provider service entered the running state.

Event[1630]:
  Log Name: System
  Source: Service Control Manager
  Date: 2016-05-11T07:59:30.969
  Event ID: 7036
  Task: N/A
  Level: Information
  Opcode: N/A
  Keyword: Classic
  User: N/A
  User Name: N/A
  Computer: Kot
  Description: 
The Function Discovery Resource Publication service entered the running state.

Event[1631]:
  Log Name: System
  Source: Service Control Manager
  Date: 2016-05-11T07:59:30.798
  Event ID: 7036
  Task: N/A
  Level: Information
  Opcode: N/A
  Keyword: Classic
  User: N/A
  User Name: N/A
  Computer: Kot
  Description: 
The Function Discovery Provider Host service entered the running state.

Event[1632]:
  Log Name: System
  Source: Service Control Manager
  Date: 2016-05-11T07:59:30.548
  Event ID: 7036
  Task: N/A
  Level: Information
  Opcode: N/A
  Keyword: Classic
  User: N/A
  User Name: N/A
  Computer: Kot
  Description: 
The Windows Search service entered the running state.

Event[1633]:
  Log Name: System
  Source: Service Control Manager
  Date: 2016-05-11T07:59:27.678
  Event ID: 7036
  Task: N/A
  Level: Information
  Opcode: N/A
  Keyword: Classic
  User: N/A
  User Name: N/A
  Computer: Kot
  Description: 
The UPnP Device Host service entered the running state.

Event[1634]:
  Log Name: System
  Source: Service Control Manager
  Date: 2016-05-11T07:59:25.962
  Event ID: 7036
  Task: N/A
  Level: Information
  Opcode: N/A
  Keyword: Classic
  User: N/A
  User Name: N/A
  Computer: Kot
  Description: 
The SSDP Discovery service entered the running state.

Event[1635]:
  Log Name: System
  Source: Service Control Manager
  Date: 2016-05-11T07:59:24.698
  Event ID: 7036
  Task: N/A
  Level: Information
  Opcode: N/A
  Keyword: Classic
  User: N/A
  User Name: N/A
  Computer: Kot
  Description: 
The Windows Media Player Network Sharing Service service entered the running state.

Event[1636]:
  Log Name: System
  Source: Microsoft-Windows-WMPNSS-Service
  Date: 2016-05-11T07:59:24.000
  Event ID: 14204
  Task: N/A
  Level: Information
  Opcode: N/A
  Keyword: Classic
  User: N/A
  User Name: N/A
  Computer: Kot
  Description: 
Service 'WMPNetworkSvc' started.

Event[1637]:
  Log Name: System
  Source: Service Control Manager
  Date: 2016-05-11T07:59:20.582
  Event ID: 7036
  Task: N/A
  Level: Information
  Opcode: N/A
  Keyword: Classic
  User: N/A
  User Name: N/A
  Computer: Kot
  Description: 
The Application Information service entered the running state.

Event[1638]:
  Log Name: System
  Source: Microsoft-Windows-Winlogon
  Date: 2016-05-11T07:59:14.610
  Event ID: 7001
  Task: N/A
  Level: Information
  Opcode: Info
  Keyword: N/A
  User: S-1-5-18
  User Name: NT AUTHORITY\SYSTEM
  Computer: Kot
  Description: 
User Logon Notification for Customer Experience Improvement Program

Event[1639]:
  Log Name: System
  Source: Service Control Manager
  Date: 2016-05-11T07:59:14.283
  Event ID: 7040
  Task: N/A
  Level: Information
  Opcode: N/A
  Keyword: Classic
  User: S-1-5-18
  User Name: NT AUTHORITY\SYSTEM
  Computer: Kot
  Description: 
The start type of the Windows Modules Installer service was changed from auto start to demand start.

Event[1640]:
  Log Name: System
  Source: Service Control Manager
  Date: 2016-05-11T07:59:13.331
  Event ID: 7036
  Task: N/A
  Level: Information
  Opcode: N/A
  Keyword: Classic
  User: N/A
  User Name: N/A
  Computer: Kot
  Description: 
The Microsoft .NET Framework NGEN v4.0.30319_X64 service entered the running state.

Event[1641]:
  Log Name: System
  Source: Service Control Manager
  Date: 2016-05-11T07:59:12.754
  Event ID: 7036
  Task: N/A
  Level: Information
  Opcode: N/A
  Keyword: Classic
  User: N/A
  User Name: N/A
  Computer: Kot
  Description: 
The Microsoft .NET Framework NGEN v4.0.30319_X86 service entered the running state.

Event[1642]:
  Log Name: System
  Source: Service Control Manager
  Date: 2016-05-11T07:59:10.336
  Event ID: 7036
  Task: N/A
  Level: Information
  Opcode: N/A
  Keyword: Classic
  User: N/A
  User Name: N/A
  Computer: Kot
  Description: 
The Software Protection service entered the running state.

Event[1643]:
  Log Name: System
  Source: Service Control Manager
  Date: 2016-05-11T07:59:07.902
  Event ID: 7036
  Task: N/A
  Level: Information
  Opcode: N/A
  Keyword: Classic
  User: N/A
  User Name: N/A
  Computer: Kot
  Description: 
The Remote Desktop Services UserMode Port Redirector service entered the running state.

Event[1644]:
  Log Name: System
  Source: Service Control Manager
  Date: 2016-05-11T07:59:07.777
  Event ID: 7036
  Task: N/A
  Level: Information
  Opcode: N/A
  Keyword: Classic
  User: N/A
  User Name: N/A
  Computer: Kot
  Description: 
The Network List Service service entered the running state.

Event[1645]:
  Log Name: System
  Source: Service Control Manager
  Date: 2016-05-11T07:59:04.813
  Event ID: 7036
  Task: N/A
  Level: Information
  Opcode: N/A
  Keyword: Classic
  User: N/A
  User Name: N/A
  Computer: Kot
  Description: 
The Certificate Propagation service entered the running state.

Event[1646]:
  Log Name: System
  Source: Service Control Manager
  Date: 2016-05-11T07:59:04.798
  Event ID: 7036
  Task: N/A
  Level: Information
  Opcode: N/A
  Keyword: Classic
  User: N/A
  User Name: N/A
  Computer: Kot
  Description: 
The Remote Desktop Configuration service entered the running state.

Event[1647]:
  Log Name: System
  Source: Service Control Manager
  Date: 2016-05-11T07:59:04.439
  Event ID: 7036
  Task: N/A
  Level: Information
  Opcode: N/A
  Keyword: Classic
  User: N/A
  User Name: N/A
  Computer: Kot
  Description: 
The Portable Device Enumerator Service service entered the running state.

Event[1648]:
  Log Name: System
  Source: Service Control Manager
  Date: 2016-05-11T07:59:04.423
  Event ID: 7036
  Task: N/A
  Level: Information
  Opcode: N/A
  Keyword: Classic
  User: N/A
  User Name: N/A
  Computer: Kot
  Description: 
The Security Center service entered the running state.

Event[1649]:
  Log Name: System
  Source: Service Control Manager
  Date: 2016-05-11T07:59:04.423
  Event ID: 7036
  Task: N/A
  Level: Information
  Opcode: N/A
  Keyword: Classic
  User: N/A
  User Name: N/A
  Computer: Kot
  Description: 
The Network Connections service entered the running state.

Event[1650]:
  Log Name: System
  Source: Service Control Manager
  Date: 2016-05-11T07:59:04.423
  Event ID: 7036
  Task: N/A
  Level: Information
  Opcode: N/A
  Keyword: Classic
  User: N/A
  User Name: N/A
  Computer: Kot
  Description: 
The Diagnostic System Host service entered the running state.

Event[1651]:
  Log Name: System
  Source: Service Control Manager
  Date: 2016-05-11T07:59:04.408
  Event ID: 7036
  Task: N/A
  Level: Information
  Opcode: N/A
  Keyword: Classic
  User: N/A
  User Name: N/A
  Computer: Kot
  Description: 
The Application Experience service entered the running state.

Event[1652]:
  Log Name: System
  Source: Service Control Manager
  Date: 2016-05-11T07:59:04.408
  Event ID: 7036
  Task: N/A
  Level: Information
  Opcode: N/A
  Keyword: Classic
  User: N/A
  User Name: N/A
  Computer: Kot
  Description: 
The Remote Desktop Services service entered the running state.

Event[1653]:
  Log Name: System
  Source: Service Control Manager
  Date: 2016-05-11T07:59:04.408
  Event ID: 7036
  Task: N/A
  Level: Information
  Opcode: N/A
  Keyword: Classic
  User: N/A
  User Name: N/A
  Computer: Kot
  Description: 
The Human Interface Device Access service entered the running state.

Event[1654]:
  Log Name: System
  Source: Service Control Manager
  Date: 2016-05-11T07:59:04.408
  Event ID: 7036
  Task: N/A
  Level: Information
  Opcode: N/A
  Keyword: Classic
  User: N/A
  User Name: N/A
  Computer: Kot
  Description: 
The Diagnostic Service Host service entered the running state.

Event[1655]:
  Log Name: System
  Source: Service Control Manager
  Date: 2016-05-11T07:59:04.392
  Event ID: 7036
  Task: N/A
  Level: Information
  Opcode: N/A
  Keyword: Classic
  User: N/A
  User Name: N/A
  Computer: Kot
  Description: 
The WinHTTP Web Proxy Auto-Discovery Service service entered the running state.

Event[1656]:
  Log Name: System
  Source: Service Control Manager
  Date: 2016-05-11T07:59:04.392
  Event ID: 7036
  Task: N/A
  Level: Information
  Opcode: N/A
  Keyword: Classic
  User: N/A
  User Name: N/A
  Computer: Kot
  Description: 
The Windows Time service entered the stopped state.

Event[1657]:
  Log Name: System
  Source: Service Control Manager
  Date: 2016-05-11T07:59:04.377
  Event ID: 7042
  Task: N/A
  Level: Information
  Opcode: N/A
  Keyword: Classic
  User: S-1-5-18
  User Name: NT AUTHORITY\SYSTEM
  Computer: Kot
  Description: 
The Windows Time service was successfully sent a stop control.

 The reason specified was: 0x40030011 [Operating System: Network Connectivity (Planned)]

 Comment: None

Event[1658]:
  Log Name: System
  Source: Service Control Manager
  Date: 2016-05-11T07:59:04.361
  Event ID: 7026
  Task: N/A
  Level: Error
  Opcode: N/A
  Keyword: Classic
  User: N/A
  User Name: N/A
  Computer: Kot
  Description: 
The following boot-start or system-start driver(s) failed to load: 
VirtDiskBus

Event[1659]:
  Log Name: System
  Source: Service Control Manager
  Date: 2016-05-11T07:59:04.361
  Event ID: 7036
  Task: N/A
  Level: Information
  Opcode: N/A
  Keyword: Classic
  User: N/A
  User Name: N/A
  Computer: Kot
  Description: 
The VMware Agent Service service entered the running state.

Event[1660]:
  Log Name: System
  Source: Service Control Manager
  Date: 2016-05-11T07:59:00.832
  Event ID: 7036
  Task: N/A
  Level: Information
  Opcode: N/A
  Keyword: Classic
  User: N/A
  User Name: N/A
  Computer: Kot
  Description: 
The VMware Authorization Service service entered the running state.

Event[1661]:
  Log Name: System
  Source: Service Control Manager
  Date: 2016-05-11T07:58:56.979
  Event ID: 7036
  Task: N/A
  Level: Information
  Opcode: N/A
  Keyword: Classic
  User: N/A
  User Name: N/A
  Computer: Kot
  Description: 
The IP Helper service entered the running state.

Event[1662]:
  Log Name: System
  Source: Service Control Manager
  Date: 2016-05-11T07:58:42.783
  Event ID: 7036
  Task: N/A
  Level: Information
  Opcode: N/A
  Keyword: Classic
  User: N/A
  User Name: N/A
  Computer: Kot
  Description: 
The VMware DHCP Service service entered the running state.

Event[1663]:
  Log Name: System
  Source: Service Control Manager
  Date: 2016-05-11T07:58:42.565
  Event ID: 7036
  Task: N/A
  Level: Information
  Opcode: N/A
  Keyword: Classic
  User: N/A
  User Name: N/A
  Computer: Kot
  Description: 
The Windows Time service entered the running state.

Event[1664]:
  Log Name: System
  Source: Service Control Manager
  Date: 2016-05-11T07:58:42.565
  Event ID: 7036
  Task: N/A
  Level: Information
  Opcode: N/A
  Keyword: Classic
  User: N/A
  User Name: N/A
  Computer: Kot
  Description: 
The Windows Management Instrumentation service entered the running state.

Event[1665]:
  Log Name: System
  Source: Service Control Manager
  Date: 2016-05-11T07:58:42.549
  Event ID: 7036
  Task: N/A
  Level: Information
  Opcode: N/A
  Keyword: Classic
  User: N/A
  User Name: N/A
  Computer: Kot
  Description: 
The VMware NAT Service service entered the running state.

Event[1666]:
  Log Name: System
  Source: Service Control Manager
  Date: 2016-05-11T07:58:42.346
  Event ID: 7036
  Task: N/A
  Level: Information
  Opcode: N/A
  Keyword: Classic
  User: N/A
  User Name: N/A
  Computer: Kot
  Description: 
The VMware USB Arbitration Service service entered the running state.

Event[1667]:
  Log Name: System
  Source: VMnetuserif
  Date: 2016-05-11T07:58:41.660
  Event ID: 4
  Task: N/A
  Level: Information
  Opcode: N/A
  Keyword: Classic
  User: N/A
  User Name: N/A
  Computer: Kot
  Description: 
(\Device\VMnetUserif) Driver entry exiting with status 0  

Event[1668]:
  Log Name: System
  Source: VMnetuserif
  Date: 2016-05-11T07:58:41.660
  Event ID: 1
  Task: N/A
  Level: Information
  Opcode: N/A
  Keyword: Classic
  User: N/A
  User Name: N/A
  Computer: Kot
  Description: 
() Starting up the User Interface Driver for VMware Virtual Networks

Event[1669]:
  Log Name: System
  Source: Service Control Manager
  Date: 2016-05-11T07:58:41.301
  Event ID: 7036
  Task: N/A
  Level: Information
  Opcode: N/A
  Keyword: Classic
  User: N/A
  User Name: N/A
  Computer: Kot
  Description: 
The Windows Image Acquisition (WIA) service entered the running state.

Event[1670]:
  Log Name: System
  Source: Service Control Manager
  Date: 2016-05-11T07:58:41.192
  Event ID: 7036
  Task: N/A
  Level: Information
  Opcode: N/A
  Keyword: Classic
  User: N/A
  User Name: N/A
  Computer: Kot
  Description: 
The Distributed Link Tracking Client service entered the running state.

Event[1671]:
  Log Name: System
  Source: Service Control Manager
  Date: 2016-05-11T07:58:41.176
  Event ID: 7036
  Task: N/A
  Level: Information
  Opcode: N/A
  Keyword: Classic
  User: N/A
  User Name: N/A
  Computer: Kot
  Description: 
The Superfetch service entered the running state.

Event[1672]:
  Log Name: System
  Source: Service Control Manager
  Date: 2016-05-11T07:58:41.161
  Event ID: 7036
  Task: N/A
  Level: Information
  Opcode: N/A
  Keyword: Classic
  User: N/A
  User Name: N/A
  Computer: Kot
  Description: 
The Diagnostics Tracking Service service entered the running state.

Event[1673]:
  Log Name: System
  Source: Service Control Manager
  Date: 2016-05-11T07:58:41.130
  Event ID: 7036
  Task: N/A
  Level: Information
  Opcode: N/A
  Keyword: Classic
  User: N/A
  User Name: N/A
  Computer: Kot
  Description: 
The Microsoft Office ClickToRun Service service entered the running state.

Event[1674]:
  Log Name: System
  Source: Service Control Manager
  Date: 2016-05-11T07:58:41.114
  Event ID: 7036
  Task: N/A
  Level: Information
  Opcode: N/A
  Keyword: Classic
  User: N/A
  User Name: N/A
  Computer: Kot
  Description: 
The Diagnostic Policy Service service entered the running state.

Event[1675]:
  Log Name: System
  Source: Service Control Manager
  Date: 2016-05-11T07:58:41.114
  Event ID: 7036
  Task: N/A
  Level: Information
  Opcode: N/A
  Keyword: Classic
  User: N/A
  User Name: N/A
  Computer: Kot
  Description: 
The Program Compatibility Assistant Service service entered the running state.

Event[1676]:
  Log Name: System
  Source: Microsoft-Windows-Application-Experience
  Date: 2016-05-11T07:58:41.114
  Event ID: 201
  Task: N/A
  Level: Information
  Opcode: Info
  Keyword: N/A
  User: S-1-5-18
  User Name: NT AUTHORITY\SYSTEM
  Computer: Kot
  Description: 
The Program Compatibility Assistant service started successfully.

Event[1677]:
  Log Name: System
  Source: Service Control Manager
  Date: 2016-05-11T07:58:41.052
  Event ID: 7036
  Task: N/A
  Level: Information
  Opcode: N/A
  Keyword: Classic
  User: N/A
  User Name: N/A
  Computer: Kot
  Description: 
The Cryptographic Services service entered the running state.

Event[1678]:
  Log Name: System
  Source: Service Control Manager
  Date: 2016-05-11T07:58:40.724
  Event ID: 7036
  Task: N/A
  Level: Information
  Opcode: N/A
  Keyword: Classic
  User: N/A
  User Name: N/A
  Computer: Kot
  Description: 
The Computer Browser service entered the running state.

Event[1679]:
  Log Name: System
  Source: Service Control Manager
  Date: 2016-05-11T07:58:40.724
  Event ID: 7036
  Task: N/A
  Level: Information
  Opcode: N/A
  Keyword: Classic
  User: N/A
  User Name: N/A
  Computer: Kot
  Description: 
The Server service entered the running state.

Event[1680]:
  Log Name: System
  Source: Service Control Manager
  Date: 2016-05-11T07:58:40.069
  Event ID: 7036
  Task: N/A
  Level: Information
  Opcode: N/A
  Keyword: Classic
  User: N/A
  User Name: N/A
  Computer: Kot
  Description: 
The WebClient service entered the running state.

Event[1681]:
  Log Name: System
  Source: Service Control Manager
  Date: 2016-05-11T07:58:40.069
  Event ID: 7036
  Task: N/A
  Level: Information
  Opcode: N/A
  Keyword: Classic
  User: N/A
  User Name: N/A
  Computer: Kot
  Description: 
The Workstation service entered the running state.

Event[1682]:
  Log Name: System
  Source: Service Control Manager
  Date: 2016-05-11T07:58:39.788
  Event ID: 7036
  Task: N/A
  Level: Information
  Opcode: N/A
  Keyword: Classic
  User: N/A
  User Name: N/A
  Computer: Kot
  Description: 
The Windows Firewall service entered the running state.

Event[1683]:
  Log Name: System
  Source: Service Control Manager
  Date: 2016-05-11T07:58:39.772
  Event ID: 7036
  Task: N/A
  Level: Information
  Opcode: N/A
  Keyword: Classic
  User: N/A
  User Name: N/A
  Computer: Kot
  Description: 
The Base Filtering Engine service entered the running state.

Event[1684]:
  Log Name: System
  Source: Service Control Manager
  Date: 2016-05-11T07:58:39.585
  Event ID: 7036
  Task: N/A
  Level: Information
  Opcode: N/A
  Keyword: Classic
  User: N/A
  User Name: N/A
  Computer: Kot
  Description: 
The Print Spooler service entered the running state.

Event[1685]:
  Log Name: System
  Source: Service Control Manager
  Date: 2016-05-11T07:58:39.460
  Event ID: 7036
  Task: N/A
  Level: Information
  Opcode: N/A
  Keyword: Classic
  User: N/A
  User Name: N/A
  Computer: Kot
  Description: 
The Task Scheduler service entered the running state.

Event[1686]:
  Log Name: System
  Source: Service Control Manager
  Date: 2016-05-11T07:58:39.226
  Event ID: 7036
  Task: N/A
  Level: Information
  Opcode: N/A
  Keyword: Classic
  User: N/A
  User Name: N/A
  Computer: Kot
  Description: 
The Avast Antivirus service entered the running state.

Event[1687]:
  Log Name: System
  Source: Service Control Manager
  Date: 2016-05-11T07:58:38.306
  Event ID: 7036
  Task: N/A
  Level: Information
  Opcode: N/A
  Keyword: Classic
  User: N/A
  User Name: N/A
  Computer: Kot
  Description: 
The Shell Hardware Detection service entered the running state.

Event[1688]:
  Log Name: System
  Source: Service Control Manager
  Date: 2016-05-11T07:58:31.848
  Event ID: 7036
  Task: N/A
  Level: Information
  Opcode: N/A
  Keyword: Classic
  User: N/A
  User Name: N/A
  Computer: Kot
  Description: 
The WWAN AutoConfig service entered the running state.

Event[1689]:
  Log Name: System
  Source: Service Control Manager
  Date: 2016-05-11T07:58:31.770
  Event ID: 7036
  Task: N/A
  Level: Information
  Opcode: N/A
  Keyword: Classic
  User: N/A
  User Name: N/A
  Computer: Kot
  Description: 
The Network Location Awareness service entered the running state.

Event[1690]:
  Log Name: System
  Source: Microsoft-Windows-WLAN-AutoConfig
  Date: 2016-05-11T07:58:31.770
  Event ID: 4000
  Task: N/A
  Level: Information
  Opcode: Start
  Keyword: N/A
  User: S-1-5-18
  User Name: NT AUTHORITY\SYSTEM
  Computer: Kot
  Description: 
WLAN AutoConfig service has successfully started.


Event[1691]:
  Log Name: System
  Source: Service Control Manager
  Date: 2016-05-11T07:58:31.770
  Event ID: 7036
  Task: N/A
  Level: Information
  Opcode: N/A
  Keyword: Classic
  User: N/A
  User Name: N/A
  Computer: Kot
  Description: 
The WLAN AutoConfig service entered the running state.

Event[1692]:
  Log Name: System
  Source: Service Control Manager
  Date: 2016-05-11T07:58:31.754
  Event ID: 7036
  Task: N/A
  Level: Information
  Opcode: N/A
  Keyword: Classic
  User: N/A
  User Name: N/A
  Computer: Kot
  Description: 
The Wired AutoConfig service entered the running state.

Event[1693]:
  Log Name: System
  Source: Service Control Manager
  Date: 2016-05-11T07:58:31.707
  Event ID: 7036
  Task: N/A
  Level: Information
  Opcode: N/A
  Keyword: Classic
  User: N/A
  User Name: N/A
  Computer: Kot
  Description: 
The DNS Client service entered the running state.

Event[1694]:
  Log Name: System
  Source: Service Control Manager
  Date: 2016-05-11T07:58:31.614
  Event ID: 7036
  Task: N/A
  Level: Information
  Opcode: N/A
  Keyword: Classic
  User: N/A
  User Name: N/A
  Computer: Kot
  Description: 
The DHCP Client service entered the running state.

Event[1695]:
  Log Name: System
  Source: Service Control Manager
  Date: 2016-05-11T07:58:31.598
  Event ID: 7036
  Task: N/A
  Level: Information
  Opcode: N/A
  Keyword: Classic
  User: N/A
  User Name: N/A
  Computer: Kot
  Description: 
The Extensible Authentication Protocol service entered the running state.

Event[1696]:
  Log Name: System
  Source: Microsoft-Windows-DHCPv6-Client
  Date: 2016-05-11T07:58:31.598
  Event ID: 51046
  Task: Service State Event
  Level: Information
  Opcode: ServiceStart
  Keyword: N/A
  User: S-1-5-19
  User Name: NT AUTHORITY\LOCAL SERVICE
  Computer: Kot
  Description: 
DHCPv6 client service is started

Event[1697]:
  Log Name: System
  Source: Microsoft-Windows-Dhcp-Client
  Date: 2016-05-11T07:58:31.598
  Event ID: 50036
  Task: Service State Event
  Level: Information
  Opcode: ServiceStart
  Keyword: N/A
  User: S-1-5-19
  User Name: NT AUTHORITY\LOCAL SERVICE
  Computer: Kot
  Description: 
DHCPv4 client service is started

Event[1698]:
  Log Name: System
  Source: Service Control Manager
  Date: 2016-05-11T07:58:31.582
  Event ID: 7036
  Task: N/A
  Level: Information
  Opcode: N/A
  Keyword: Classic
  User: N/A
  User Name: N/A
  Computer: Kot
  Description: 
The TCP/IP NetBIOS Helper service entered the running state.

Event[1699]:
  Log Name: System
  Source: Service Control Manager
  Date: 2016-05-11T07:58:31.582
  Event ID: 7036
  Task: N/A
  Level: Information
  Opcode: N/A
  Keyword: Classic
  User: N/A
  User Name: N/A
  Computer: Kot
  Description: 
The Network Store Interface Service service entered the running state.

Event[1700]:
  Log Name: System
  Source: Service Control Manager
  Date: 2016-05-11T07:58:31.582
  Event ID: 7036
  Task: N/A
  Level: Information
  Opcode: N/A
  Keyword: Classic
  User: N/A
  User Name: N/A
  Computer: Kot
  Description: 
The CNG Key Isolation service entered the running state.

Event[1701]:
  Log Name: System
  Source: Service Control Manager
  Date: 2016-05-11T07:58:31.395
  Event ID: 7036
  Task: N/A
  Level: Information
  Opcode: N/A
  Keyword: Classic
  User: N/A
  User Name: N/A
  Computer: Kot
  Description: 
The Security Accounts Manager service entered the running state.

Event[1702]:
  Log Name: System
  Source: Service Control Manager
  Date: 2016-05-11T07:58:31.395
  Event ID: 7036
  Task: N/A
  Level: Information
  Opcode: N/A
  Keyword: Classic
  User: N/A
  User Name: N/A
  Computer: Kot
  Description: 
The Desktop Window Manager Session Manager service entered the running state.

Event[1703]:
  Log Name: System
  Source: Service Control Manager
  Date: 2016-05-11T07:58:31.395
  Event ID: 7036
  Task: N/A
  Level: Information
  Opcode: N/A
  Keyword: Classic
  User: N/A
  User Name: N/A
  Computer: Kot
  Description: 
The Windows Modules Installer service entered the running state.

Event[1704]:
  Log Name: System
  Source: Service Control Manager
  Date: 2016-05-11T07:58:30.272
  Event ID: 7036
  Task: N/A
  Level: Information
  Opcode: N/A
  Keyword: Classic
  User: N/A
  User Name: N/A
  Computer: Kot
  Description: 
The System Event Notification Service service entered the running state.

Event[1705]:
  Log Name: System
  Source: Service Control Manager
  Date: 2016-05-11T07:58:30.241
  Event ID: 7036
  Task: N/A
  Level: Information
  Opcode: N/A
  Keyword: Classic
  User: N/A
  User Name: N/A
  Computer: Kot
  Description: 
The COM+ Event System service entered the running state.

Event[1706]:
  Log Name: System
  Source: Service Control Manager
  Date: 2016-05-11T07:58:29.118
  Event ID: 7036
  Task: N/A
  Level: Information
  Opcode: N/A
  Keyword: Classic
  User: N/A
  User Name: N/A
  Computer: Kot
  Description: 
The User Profile Service service entered the running state.

Event[1707]:
  Log Name: System
  Source: Service Control Manager
  Date: 2016-05-11T07:58:29.118
  Event ID: 7036
  Task: N/A
  Level: Information
  Opcode: N/A
  Keyword: Classic
  User: N/A
  User Name: N/A
  Computer: Kot
  Description: 
The Group Policy Client service entered the running state.

Event[1708]:
  Log Name: System
  Source: Service Control Manager
  Date: 2016-05-11T07:58:29.118
  Event ID: 7036
  Task: N/A
  Level: Information
  Opcode: N/A
  Keyword: Classic
  User: N/A
  User Name: N/A
  Computer: Kot
  Description: 
The Themes service entered the running state.

Event[1709]:
  Log Name: System
  Source: Service Control Manager
  Date: 2016-05-11T07:58:29.102
  Event ID: 7036
  Task: N/A
  Level: Information
  Opcode: N/A
  Keyword: Classic
  User: N/A
  User Name: N/A
  Computer: Kot
  Description: 
The Offline Files service entered the running state.

Event[1710]:
  Log Name: System
  Source: Service Control Manager
  Date: 2016-05-11T07:58:29.071
  Event ID: 7036
  Task: N/A
  Level: Information
  Opcode: N/A
  Keyword: Classic
  User: N/A
  User Name: N/A
  Computer: Kot
  Description: 
The Windows Audio service entered the running state.

Event[1711]:
  Log Name: System
  Source: Service Control Manager
  Date: 2016-05-11T07:58:25.108
  Event ID: 7036
  Task: N/A
  Level: Information
  Opcode: N/A
  Keyword: Classic
  User: N/A
  User Name: N/A
  Computer: Kot
  Description: 
The Windows Audio Endpoint Builder service entered the running state.

Event[1712]:
  Log Name: System
  Source: Service Control Manager
  Date: 2016-05-11T07:58:24.703
  Event ID: 7036
  Task: N/A
  Level: Information
  Opcode: N/A
  Keyword: Classic
  User: N/A
  User Name: N/A
  Computer: Kot
  Description: 
The Multimedia Class Scheduler service entered the running state.

Event[1713]:
  Log Name: System
  Source: Service Control Manager
  Date: 2016-05-11T07:58:24.625
  Event ID: 7036
  Task: N/A
  Level: Information
  Opcode: N/A
  Keyword: Classic
  User: N/A
  User Name: N/A
  Computer: Kot
  Description: 
The Windows Font Cache Service service entered the running state.

Event[1714]:
  Log Name: System
  Source: Service Control Manager
  Date: 2016-05-11T07:58:24.453
  Event ID: 7036
  Task: N/A
  Level: Information
  Opcode: N/A
  Keyword: Classic
  User: N/A
  User Name: N/A
  Computer: Kot
  Description: 
The Windows Event Log service entered the running state.

Event[1715]:
  Log Name: System
  Source: Service Control Manager
  Date: 2016-05-11T07:58:24.297
  Event ID: 7036
  Task: N/A
  Level: Information
  Opcode: N/A
  Keyword: Classic
  User: N/A
  User Name: N/A
  Computer: Kot
  Description: 
The Remote Procedure Call (RPC) service entered the running state.

Event[1716]:
  Log Name: System
  Source: Service Control Manager
  Date: 2016-05-11T07:58:24.266
  Event ID: 7036
  Task: N/A
  Level: Information
  Opcode: N/A
  Keyword: Classic
  User: N/A
  User Name: N/A
  Computer: Kot
  Description: 
The RPC Endpoint Mapper service entered the running state.

Event[1717]:
  Log Name: System
  Source: Service Control Manager
  Date: 2016-05-11T07:58:24.219
  Event ID: 7036
  Task: N/A
  Level: Information
  Opcode: N/A
  Keyword: Classic
  User: N/A
  User Name: N/A
  Computer: Kot
  Description: 
The DCOM Server Process Launcher service entered the running state.

Event[1718]:
  Log Name: System
  Source: Microsoft-Windows-FilterManager
  Date: 2016-05-11T07:58:24.172
  Event ID: 6
  Task: N/A
  Level: Information
  Opcode: Info
  Keyword: N/A
  User: S-1-5-18
  User Name: NT AUTHORITY\SYSTEM
  Computer: Kot
  Description: 
File System Filter 'aswMonFlt' (6.0, ?2016?-?04?-?25T13:38:58.000000000Z) has successfully loaded and registered with Filter Manager.

Event[1719]:
  Log Name: System
  Source: Microsoft-Windows-FilterManager
  Date: 2016-05-11T07:58:24.079
  Event ID: 6
  Task: N/A
  Level: Information
  Opcode: Info
  Keyword: N/A
  User: S-1-5-18
  User Name: NT AUTHORITY\SYSTEM
  Computer: Kot
  Description: 
File System Filter 'luafv' (6.1, ?2009?-?07?-?14T01:26:13.000000000Z) has successfully loaded and registered with Filter Manager.

Event[1720]:
  Log Name: System
  Source: Service Control Manager
  Date: 2016-05-11T07:58:24.048
  Event ID: 7036
  Task: N/A
  Level: Information
  Opcode: N/A
  Keyword: Classic
  User: N/A
  User Name: N/A
  Computer: Kot
  Description: 
The Power service entered the running state.

Event[1721]:
  Log Name: System
  Source: Microsoft-Windows-UserPnp
  Date: 2016-05-11T07:58:23.907
  Event ID: 20010
  Task: N/A
  Level: Information
  Opcode: Info
  Keyword: N/A
  User: S-1-5-18
  User Name: NT AUTHORITY\SYSTEM
  Computer: Kot
  Description: 
One or more of the Plug and Play service's subsystems has changed state. 

PlugPlay install subsystem enabled: 'true' 
PlugPlay caching subsystem enabled: 'true' 


Event[1722]:
  Log Name: System
  Source: Service Control Manager
  Date: 2016-05-11T07:58:23.907
  Event ID: 7036
  Task: N/A
  Level: Information
  Opcode: N/A
  Keyword: Classic
  User: N/A
  User Name: N/A
  Computer: Kot
  Description: 
The Plug and Play service entered the running state.

Event[1723]:
  Log Name: System
  Source: Microsoft-Windows-Kernel-Processor-Power
  Date: 2016-05-11T07:57:25.626
  Event ID: 26
  Task: N/A
  Level: Information
  Opcode: Info
  Keyword: N/A
  User: S-1-5-18
  User Name: NT AUTHORITY\SYSTEM
  Computer: Kot
  Description: 
Processor 7 in group 0 exposes the following:

2 idle state(s)
5 performance state(s)
0 throttle state(s)

Event[1724]:
