  Log Name: System
  Source: Service Control Manager
  Date: 2016-05-15T11:33:13.956
  Event ID: 7036
  Task: N/A
  Level: Information
  Opcode: N/A
  Keyword: Classic
  User: N/A
  User Name: N/A
  Computer: Kot
  Description: 
The RPC Endpoint Mapper service entered the running state.

Event[319]:
  Log Name: System
  Source: Service Control Manager
  Date: 2016-05-15T11:33:13.722
  Event ID: 7036
  Task: N/A
  Level: Information
  Opcode: N/A
  Keyword: Classic
  User: N/A
  User Name: N/A
  Computer: Kot
  Description: 
The DCOM Server Process Launcher service entered the running state.

Event[320]:
  Log Name: System
  Source: Microsoft-Windows-FilterManager
  Date: 2016-05-15T11:33:13.722
  Event ID: 6
  Task: N/A
  Level: Information
  Opcode: Info
  Keyword: N/A
  User: S-1-5-18
  User Name: NT AUTHORITY\SYSTEM
  Computer: Kot
  Description: 
File System Filter 'aswMonFlt' (6.0, ?2016?-?04?-?25T13:38:58.000000000Z) has successfully loaded and registered with Filter Manager.

Event[321]:
  Log Name: System
  Source: Microsoft-Windows-FilterManager
  Date: 2016-05-15T11:33:13.488
  Event ID: 6
  Task: N/A
  Level: Information
  Opcode: Info
  Keyword: N/A
  User: S-1-5-18
  User Name: NT AUTHORITY\SYSTEM
  Computer: Kot
  Description: 
File System Filter 'luafv' (6.1, ?2009?-?07?-?14T01:26:13.000000000Z) has successfully loaded and registered with Filter Manager.

Event[322]:
  Log Name: System
  Source: Service Control Manager
  Date: 2016-05-15T11:33:13.472
  Event ID: 7036
  Task: N/A
  Level: Information
  Opcode: N/A
  Keyword: Classic
  User: N/A
  User Name: N/A
  Computer: Kot
  Description: 
The Power service entered the running state.

Event[323]:
  Log Name: System
  Source: Microsoft-Windows-UserPnp
  Date: 2016-05-15T11:33:13.285
  Event ID: 20010
  Task: N/A
  Level: Information
  Opcode: Info
  Keyword: N/A
  User: S-1-5-18
  User Name: NT AUTHORITY\SYSTEM
  Computer: Kot
  Description: 
One or more of the Plug and Play service's subsystems has changed state. 

PlugPlay install subsystem enabled: 'true' 
PlugPlay caching subsystem enabled: 'true' 


Event[324]:
  Log Name: System
  Source: Service Control Manager
  Date: 2016-05-15T11:33:13.285
  Event ID: 7036
  Task: N/A
  Level: Information
  Opcode: N/A
  Keyword: Classic
  User: N/A
  User Name: N/A
  Computer: Kot
  Description: 
The Plug and Play service entered the running state.

Event[325]:
  Log Name: System
  Source: Microsoft-Windows-Kernel-Processor-Power
  Date: 2016-05-15T11:33:06.905
  Event ID: 26
  Task: N/A
  Level: Information
  Opcode: Info
  Keyword: N/A
  User: S-1-5-18
  User Name: NT AUTHORITY\SYSTEM
  Computer: Kot
  Description: 
Processor 7 in group 0 exposes the following:

2 idle state(s)
5 performance state(s)
0 throttle state(s)

Event[326]:
  Log Name: System
  Source: Microsoft-Windows-Kernel-Processor-Power
  Date: 2016-05-15T11:33:06.905
  Event ID: 26
  Task: N/A
  Level: Information
  Opcode: Info
  Keyword: N/A
  User: S-1-5-18
  User Name: NT AUTHORITY\SYSTEM
  Computer: Kot
  Description: 
Processor 6 in group 0 exposes the following:

2 idle state(s)
5 performance state(s)
0 throttle state(s)

Event[327]:
  Log Name: System
  Source: Microsoft-Windows-Kernel-Processor-Power
  Date: 2016-05-15T11:33:06.905
  Event ID: 26
  Task: N/A
  Level: Information
  Opcode: Info
  Keyword: N/A
  User: S-1-5-18
  User Name: NT AUTHORITY\SYSTEM
  Computer: Kot
  Description: 
Processor 5 in group 0 exposes the following:

2 idle state(s)
5 performance state(s)
0 throttle state(s)

Event[328]:
  Log Name: System
  Source: Microsoft-Windows-Kernel-Processor-Power
  Date: 2016-05-15T11:33:06.905
  Event ID: 26
  Task: N/A
  Level: Information
  Opcode: Info
  Keyword: N/A
  User: S-1-5-18
  User Name: NT AUTHORITY\SYSTEM
  Computer: Kot
  Description: 
Processor 4 in group 0 exposes the following:

2 idle state(s)
5 performance state(s)
0 throttle state(s)

Event[329]:
  Log Name: System
  Source: Microsoft-Windows-Kernel-Processor-Power
  Date: 2016-05-15T11:33:06.905
  Event ID: 26
  Task: N/A
  Level: Information
  Opcode: Info
  Keyword: N/A
  User: S-1-5-18
  User Name: NT AUTHORITY\SYSTEM
  Computer: Kot
  Description: 
Processor 3 in group 0 exposes the following:

2 idle state(s)
5 performance state(s)
0 throttle state(s)

Event[330]:
  Log Name: System
  Source: Microsoft-Windows-Kernel-Processor-Power
  Date: 2016-05-15T11:33:06.905
  Event ID: 26
  Task: N/A
  Level: Information
  Opcode: Info
  Keyword: N/A
  User: S-1-5-18
  User Name: NT AUTHORITY\SYSTEM
  Computer: Kot
  Description: 
Processor 2 in group 0 exposes the following:

2 idle state(s)
5 performance state(s)
0 throttle state(s)

Event[331]:
  Log Name: System
  Source: Microsoft-Windows-Kernel-Processor-Power
  Date: 2016-05-15T11:33:06.905
  Event ID: 26
  Task: N/A
  Level: Information
  Opcode: Info
  Keyword: N/A
  User: S-1-5-18
  User Name: NT AUTHORITY\SYSTEM
  Computer: Kot
  Description: 
Processor 1 in group 0 exposes the following:

2 idle state(s)
5 performance state(s)
0 throttle state(s)

Event[332]:
  Log Name: System
  Source: Microsoft-Windows-Kernel-Processor-Power
  Date: 2016-05-15T11:33:06.905
  Event ID: 26
  Task: N/A
  Level: Information
  Opcode: Info
  Keyword: N/A
  User: S-1-5-18
  User Name: NT AUTHORITY\SYSTEM
  Computer: Kot
  Description: 
Processor 0 in group 0 exposes the following:

2 idle state(s)
5 performance state(s)
0 throttle state(s)

Event[333]:
  Log Name: System
  Source: VMnetAdapter
  Date: 2016-05-15T11:33:06.047
  Event ID: 34
  Task: N/A
  Level: Information
  Opcode: N/A
  Keyword: Classic
  User: N/A
  User Name: N/A
  Computer: Kot
  Description: 
() Driver entry successful.

Event[334]:
  Log Name: System
  Source: VMnetAdapter
  Date: 2016-05-15T11:33:06.047
  Event ID: 34
  Task: N/A
  Level: Information
  Opcode: N/A
  Keyword: Classic
  User: N/A
  User Name: N/A
  Computer: Kot
  Description: 
() Starting up: FFFFFA800963D060, \REGISTRY\MACHINE\SYSTEM\ControlSet001\services\VMnetAdapter.

Event[335]:
  Log Name: System
  Source: EventLog
  Date: 2016-05-15T11:33:14.000
  Event ID: 6013
  Task: N/A
  Level: Information
  Opcode: N/A
  Keyword: Classic
  User: N/A
  User Name: N/A
  Computer: Kot
  Description: 
The system uptime is 18 seconds.

Event[336]:
  Log Name: System
  Source: EventLog
  Date: 2016-05-15T11:33:14.000
  Event ID: 6005
  Task: N/A
  Level: Information
  Opcode: N/A
  Keyword: Classic
  User: N/A
  User Name: N/A
  Computer: Kot
  Description: 
The Event log service was started.

Event[337]:
  Log Name: System
  Source: EventLog
  Date: 2016-05-15T11:33:14.000
  Event ID: 6009
  Task: N/A
  Level: Information
  Opcode: N/A
  Keyword: Classic
  User: N/A
  User Name: N/A
  Computer: Kot
  Description: 
Microsoft (R) Windows (R) 6.01. 7601 Service Pack 1 Multiprocessor Free.

Event[338]:
  Log Name: System
  Source: EventLog
  Date: 2016-05-15T11:33:14.000
  Event ID: 6008
  Task: N/A
  Level: Error
  Opcode: N/A
  Keyword: Classic
  User: N/A
  User Name: N/A
  Computer: Kot
  Description: 
The previous system shutdown at 11:31:31 on ?2016-?05-?15 was unexpected.

Event[339]:
  Log Name: System
  Source: Microsoft-Windows-Kernel-Power
  Date: 2016-05-15T11:33:05.672
  Event ID: 41
  Task: N/A
  Level: Critical
  Opcode: Info
  Keyword: N/A
  User: S-1-5-18
  User Name: NT AUTHORITY\SYSTEM
  Computer: Kot
  Description: 
The system has rebooted without cleanly shutting down first. This error could be caused if the system stopped responding, crashed, or lost power unexpectedly.

Event[340]:
  Log Name: System
  Source: Microsoft-Windows-FilterManager
  Date: 2016-05-15T11:33:05.407
  Event ID: 6
  Task: N/A
  Level: Information
  Opcode: Info
  Keyword: N/A
  User: S-1-5-18
  User Name: NT AUTHORITY\SYSTEM
  Computer: Kot
  Description: 
File System Filter 'aswSnx' (6.0, ?2016?-?04?-?25T13:39:31.000000000Z) has successfully loaded and registered with Filter Manager.

Event[341]:
  Log Name: System
  Source: Microsoft-Windows-FilterManager
  Date: 2016-05-15T11:33:05.360
  Event ID: 6
  Task: N/A
  Level: Information
  Opcode: Info
  Keyword: N/A
  User: S-1-5-18
  User Name: NT AUTHORITY\SYSTEM
  Computer: Kot
  Description: 
File System Filter 'aswSP' (6.0, ?2016?-?04?-?25T13:59:07.000000000Z) has successfully loaded and registered with Filter Manager.

Event[342]:
  Log Name: System
  Source: Microsoft-Windows-FilterManager
  Date: 2016-05-15T11:33:00.400
  Event ID: 6
  Task: N/A
  Level: Information
  Opcode: Info
  Keyword: N/A
  User: S-1-5-18
  User Name: NT AUTHORITY\SYSTEM
  Computer: Kot
  Description: 
File System Filter 'FileInfo' (6.1, ?2009?-?07?-?14T01:34:25.000000000Z) has successfully loaded and registered with Filter Manager.

Event[343]:
  Log Name: System
  Source: Microsoft-Windows-Kernel-General
  Date: 2016-05-15T11:32:56.936
  Event ID: 12
  Task: N/A
  Level: Information
  Opcode: Info
  Keyword: N/A
  User: S-1-5-18
  User Name: NT AUTHORITY\SYSTEM
  Computer: Kot
  Description: 
The operating system started at system time ?2016?-?05?-?15T09:32:55.595198400Z.

Event[344]:
  Log Name: System
  Source: Service Control Manager
  Date: 2016-05-15T11:11:30.957
  Event ID: 7036
  Task: N/A
  Level: Information
  Opcode: N/A
  Keyword: Classic
  User: N/A
  User Name: N/A
  Computer: Kot
  Description: 
The Application Experience service entered the stopped state.

Event[345]:
  Log Name: System
  Source: Service Control Manager
  Date: 2016-05-15T11:06:07.866
  Event ID: 7036
  Task: N/A
  Level: Information
  Opcode: N/A
  Keyword: Classic
  User: N/A
  User Name: N/A
  Computer: Kot
  Description: 
The Multimedia Class Scheduler service entered the stopped state.

Event[346]:
  Log Name: System
  Source: Service Control Manager
  Date: 2016-05-15T11:01:30.951
  Event ID: 7036
  Task: N/A
  Level: Information
  Opcode: N/A
  Keyword: Classic
  User: N/A
  User Name: N/A
  Computer: Kot
  Description: 
The Application Experience service entered the running state.

Event[347]:
  Log Name: System
  Source: Service Control Manager
  Date: 2016-05-15T11:00:03.737
  Event ID: 7036
  Task: N/A
  Level: Information
  Opcode: N/A
  Keyword: Classic
  User: N/A
  User Name: N/A
  Computer: Kot
  Description: 
The Multimedia Class Scheduler service entered the running state.

Event[348]:
  Log Name: System
  Source: Service Control Manager
  Date: 2016-05-15T10:52:18.133
  Event ID: 7036
  Task: N/A
  Level: Information
  Opcode: N/A
  Keyword: Classic
  User: N/A
  User Name: N/A
  Computer: Kot
  Description: 
The Service Google Update (gupdate) service entered the stopped state.

Event[349]:
  Log Name: System
  Source: Service Control Manager
  Date: 2016-05-15T10:52:17.428
  Event ID: 7036
  Task: N/A
  Level: Information
  Opcode: N/A
  Keyword: Classic
  User: N/A
  User Name: N/A
  Computer: Kot
  Description: 
The Service Google Update (gupdate) service entered the running state.

Event[350]:
  Log Name: System
  Source: Service Control Manager
  Date: 2016-05-15T10:50:57.731
  Event ID: 7036
  Task: N/A
  Level: Information
  Opcode: N/A
  Keyword: Classic
  User: N/A
  User Name: N/A
  Computer: Kot
  Description: 
The Diagnostic System Host service entered the stopped state.

Event[351]:
  Log Name: System
  Source: Service Control Manager
  Date: 2016-05-15T10:33:25.216
  Event ID: 7036
  Task: N/A
  Level: Information
  Opcode: N/A
  Keyword: Classic
  User: N/A
  User Name: N/A
  Computer: Kot
  Description: 
The Application Experience service entered the stopped state.

Event[352]:
  Log Name: System
  Source: Service Control Manager
  Date: 2016-05-15T10:26:06.227
  Event ID: 7036
  Task: N/A
  Level: Information
  Opcode: N/A
  Keyword: Classic
  User: N/A
  User Name: N/A
  Computer: Kot
  Description: 
The Software Protection service entered the stopped state.

Event[353]:
  Log Name: System
  Source: Service Control Manager
  Date: 2016-05-15T10:25:54.878
  Event ID: 7036
  Task: N/A
  Level: Information
  Opcode: N/A
  Keyword: Classic
  User: N/A
  User Name: N/A
  Computer: Kot
  Description: 
The Office Software Protection Platform service entered the stopped state.

Event[354]:
  Log Name: System
  Source: Service Control Manager
  Date: 2016-05-15T10:24:47.010
  Event ID: 7036
  Task: N/A
  Level: Information
  Opcode: N/A
  Keyword: Classic
  User: N/A
  User Name: N/A
  Computer: Kot
  Description: 
The Windows Modules Installer service entered the stopped state.

Event[355]:
  Log Name: System
  Source: Service Control Manager
  Date: 2016-05-15T10:24:46.791
  Event ID: 7040
  Task: N/A
  Level: Information
  Opcode: N/A
  Keyword: Classic
  User: S-1-5-18
  User Name: NT AUTHORITY\SYSTEM
  Computer: Kot
  Description: 
The start type of the Windows Modules Installer service was changed from auto start to demand start.

Event[356]:
  Log Name: System
  Source: Service Control Manager
  Date: 2016-05-15T10:24:46.089
  Event ID: 7040
  Task: N/A
  Level: Information
  Opcode: N/A
  Keyword: Classic
  User: S-1-5-18
  User Name: NT AUTHORITY\SYSTEM
  Computer: Kot
  Description: 
The start type of the Windows Modules Installer service was changed from demand start to auto start.

Event[357]:
  Log Name: System
  Source: Service Control Manager
  Date: 2016-05-15T10:24:27.657
  Event ID: 7036
  Task: N/A
  Level: Information
  Opcode: N/A
  Keyword: Classic
  User: N/A
  User Name: N/A
  Computer: Kot
  Description: 
The Problem Reports and Solutions Control Panel Support service entered the stopped state.

Event[358]:
  Log Name: System
  Source: Service Control Manager
  Date: 2016-05-15T10:23:52.090
  Event ID: 7036
  Task: N/A
  Level: Information
  Opcode: N/A
  Keyword: Classic
  User: N/A
  User Name: N/A
  Computer: Kot
  Description: 
The Problem Reports and Solutions Control Panel Support service entered the running state.

Event[359]:
  Log Name: System
  Source: Service Control Manager
  Date: 2016-05-15T10:23:45.654
  Event ID: 7036
  Task: N/A
  Level: Information
  Opcode: N/A
  Keyword: Classic
  User: N/A
  User Name: N/A
  Computer: Kot
  Description: 
The Multimedia Class Scheduler service entered the stopped state.

Event[360]:
  Log Name: System
  Source: Service Control Manager
  Date: 2016-05-15T10:21:03.517
  Event ID: 7036
  Task: N/A
  Level: Information
  Opcode: N/A
  Keyword: Classic
  User: N/A
  User Name: N/A
  Computer: Kot
  Description: 
The Software Protection service entered the running state.

Event[361]:
  Log Name: System
  Source: Service Control Manager
  Date: 2016-05-15T10:20:53.628
  Event ID: 7036
  Task: N/A
  Level: Information
  Opcode: N/A
  Keyword: Classic
  User: N/A
  User Name: N/A
  Computer: Kot
  Description: 
The Office Software Protection Platform service entered the running state.

Event[362]:
  Log Name: System
  Source: Service Control Manager
  Date: 2016-05-15T10:18:59.886
  Event ID: 7036
  Task: N/A
  Level: Information
  Opcode: N/A
  Keyword: Classic
  User: N/A
  User Name: N/A
  Computer: Kot
  Description: 
The Software Protection service entered the stopped state.

Event[363]:
  Log Name: System
  Source: Service Control Manager
  Date: 2016-05-15T10:18:30.901
  Event ID: 7036
  Task: N/A
  Level: Information
  Opcode: N/A
  Keyword: Classic
  User: N/A
  User Name: N/A
  Computer: Kot
  Description: 
The Multimedia Class Scheduler service entered the running state.

Event[364]:
  Log Name: System
  Source: Service Control Manager
  Date: 2016-05-15T10:17:27.589
  Event ID: 7036
  Task: N/A
  Level: Information
  Opcode: N/A
  Keyword: Classic
  User: N/A
  User Name: N/A
  Computer: Kot
  Description: 
The Multimedia Class Scheduler service entered the stopped state.

Event[365]:
  Log Name: System
  Source: Service Control Manager
  Date: 2016-05-15T10:16:07.487
  Event ID: 7036
  Task: N/A
  Level: Information
  Opcode: N/A
  Keyword: Classic
  User: N/A
  User Name: N/A
  Computer: Kot
  Description: 
The Windows Time service entered the stopped state.

Event[366]:
  Log Name: System
  Source: Microsoft-Windows-Kernel-General
  Date: 2016-05-15T10:16:07.487
  Event ID: 1
  Task: N/A
  Level: Information
  Opcode: Info
  Keyword: Time
  User: S-1-5-19
  User Name: NT AUTHORITY\LOCAL SERVICE
  Computer: Kot
  Description: 
The system time has changed to ?2016?-?05?-?15T08:16:07.487000000Z from ?2016?-?05?-?15T08:16:07.487405900Z.

Event[367]:
  Log Name: System
  Source: Microsoft-Windows-Time-Service
  Date: 2016-05-15T10:16:07.471
  Event ID: 35
  Task: N/A
  Level: Information
  Opcode: Info
  Keyword: N/A
  User: S-1-5-19
  User Name: NT AUTHORITY\LOCAL SERVICE
  Computer: Kot
  Description: 
The time service is now synchronizing the system time with the time source time.nist.gov,0x9 (ntp.m|0x9|0.0.0.0:123->128.138.141.172:123).

Event[368]:
  Log Name: System
  Source: Microsoft-Windows-Time-Service
  Date: 2016-05-15T10:15:53.153
  Event ID: 37
  Task: N/A
  Level: Information
  Opcode: Info
  Keyword: N/A
  User: S-1-5-19
  User Name: NT AUTHORITY\LOCAL SERVICE
  Computer: Kot
  Description: 
The time provider NtpClient is currently receiving valid time data from time.nist.gov,0x9 (ntp.m|0x9|0.0.0.0:123->128.138.141.172:123).

Event[369]:
  Log Name: System
  Source: Service Control Manager
  Date: 2016-05-15T10:15:51.437
  Event ID: 7036
  Task: N/A
  Level: Information
  Opcode: N/A
  Keyword: Classic
  User: N/A
  User Name: N/A
  Computer: Kot
  Description: 
The Windows Time service entered the running state.

Event[370]:
  Log Name: System
  Source: Microsoft-Windows-Application-Experience
  Date: 2016-05-15T10:15:40.717
  Event ID: 206
  Task: N/A
  Level: Information
  Opcode: Info
  Keyword: N/A
  User: S-1-5-18
  User Name: NT AUTHORITY\SYSTEM
  Computer: Kot
  Description: 
The Program Compatibility Assistant service successfully performed phase two initialization.

Event[371]:
  Log Name: System
  Source: Service Control Manager
  Date: 2016-05-15T10:14:07.132
  Event ID: 7036
  Task: N/A
  Level: Information
  Opcode: N/A
  Keyword: Classic
  User: N/A
  User Name: N/A
  Computer: Kot
  Description: 
The Windows Modules Installer service entered the running state.

Event[372]:
  Log Name: System
  Source: Service Control Manager
  Date: 2016-05-15T10:13:13.702
  Event ID: 7036
  Task: N/A
  Level: Information
  Opcode: N/A
  Keyword: Classic
  User: N/A
  User Name: N/A
  Computer: Kot
  Description: 
The Windows Update service entered the running state.

Event[373]:
  Log Name: System
  Source: Service Control Manager
  Date: 2016-05-15T10:13:12.205
  Event ID: 7036
  Task: N/A
  Level: Information
  Opcode: N/A
  Keyword: Classic
  User: N/A
  User Name: N/A
  Computer: Kot
  Description: 
The Portable Device Enumerator Service service entered the stopped state.

Event[374]:
  Log Name: System
  Source: Service Control Manager
  Date: 2016-05-15T10:13:12.158
  Event ID: 7036
  Task: N/A
  Level: Information
  Opcode: N/A
  Keyword: Classic
  User: N/A
  User Name: N/A
  Computer: Kot
  Description: 
The Windows Defender service entered the running state.

Event[375]:
  Log Name: System
  Source: Service Control Manager
  Date: 2016-05-15T10:13:11.362
  Event ID: 7036
  Task: N/A
  Level: Information
  Opcode: N/A
  Keyword: Classic
  User: N/A
  User Name: N/A
  Computer: Kot
  Description: 
The Windows Error Reporting Service service entered the stopped state.

Event[376]:
  Log Name: System
  Source: Service Control Manager
  Date: 2016-05-15T10:13:11.362
  Event ID: 7036
  Task: N/A
  Level: Information
  Opcode: N/A
  Keyword: Classic
  User: N/A
  User Name: N/A
  Computer: Kot
  Description: 
The Service Google Update (gupdate) service entered the stopped state.

Event[377]:
  Log Name: System
  Source: Service Control Manager
  Date: 2016-05-15T10:13:11.253
  Event ID: 7036
  Task: N/A
  Level: Information
  Opcode: N/A
  Keyword: Classic
  User: N/A
  User Name: N/A
  Computer: Kot
  Description: 
The Service Google Update (gupdate) service entered the running state.

Event[378]:
  Log Name: System
  Source: Service Control Manager
  Date: 2016-05-15T10:13:10.910
  Event ID: 7036
  Task: N/A
  Level: Information
  Opcode: N/A
  Keyword: Classic
  User: N/A
  User Name: N/A
  Computer: Kot
  Description: 
The Microsoft .NET Framework NGEN v4.0.30319_X64 service entered the stopped state.

Event[379]:
  Log Name: System
  Source: Service Control Manager
  Date: 2016-05-15T10:13:10.910
  Event ID: 7036
  Task: N/A
  Level: Information
  Opcode: N/A
  Keyword: Classic
  User: N/A
  User Name: N/A
  Computer: Kot
  Description: 
The Microsoft .NET Framework NGEN v4.0.30319_X64 service entered the running state.

Event[380]:
  Log Name: System
  Source: Service Control Manager
  Date: 2016-05-15T10:13:10.317
  Event ID: 7036
  Task: N/A
  Level: Information
  Opcode: N/A
  Keyword: Classic
  User: N/A
  User Name: N/A
  Computer: Kot
  Description: 
The Microsoft .NET Framework NGEN v4.0.30319_X86 service entered the stopped state.

Event[381]:
  Log Name: System
  Source: Service Control Manager
  Date: 2016-05-15T10:13:10.317
  Event ID: 7036
  Task: N/A
  Level: Information
  Opcode: N/A
  Keyword: Classic
  User: N/A
  User Name: N/A
  Computer: Kot
  Description: 
The Microsoft .NET Framework NGEN v4.0.30319_X86 service entered the running state.

Event[382]:
  Log Name: System
  Source: Service Control Manager
  Date: 2016-05-15T10:13:09.709
  Event ID: 7036
  Task: N/A
  Level: Information
  Opcode: N/A
  Keyword: Classic
  User: N/A
  User Name: N/A
  Computer: Kot
  Description: 
The Background Intelligent Transfer Service service entered the running state.

Event[383]:
  Log Name: System
  Source: Microsoft-Windows-WMPNSS-Service
  Date: 2016-05-15T10:12:39.000
  Event ID: 14206
  Task: N/A
  Level: Information
  Opcode: N/A
  Keyword: Classic
  User: N/A
  User Name: N/A
  Computer: Kot
  Description: 
Media server 'KOT: Kotek:' was successfully initialized and is sharing media with network media devices.

Event[384]:
  Log Name: System
  Source: Service Control Manager
  Date: 2016-05-15T10:12:36.403
  Event ID: 7036
  Task: N/A
  Level: Information
  Opcode: N/A
  Keyword: Classic
  User: N/A
  User Name: N/A
  Computer: Kot
  Description: 
The UPnP Device Host service entered the running state.

Event[385]:
  Log Name: System
  Source: Service Control Manager
  Date: 2016-05-15T10:12:34.968
  Event ID: 7036
  Task: N/A
  Level: Information
  Opcode: N/A
  Keyword: Classic
  User: N/A
  User Name: N/A
  Computer: Kot
  Description: 
The Application Experience service entered the running state.

Event[386]:
  Log Name: System
  Source: Service Control Manager
  Date: 2016-05-15T10:12:33.610
  Event ID: 7036
  Task: N/A
  Level: Information
  Opcode: N/A
  Keyword: Classic
  User: N/A
  User Name: N/A
  Computer: Kot
  Description: 
The SSDP Discovery service entered the running state.

Event[387]:
  Log Name: System
  Source: Service Control Manager
  Date: 2016-05-15T10:12:23.825
  Event ID: 7036
  Task: N/A
  Level: Information
  Opcode: N/A
  Keyword: Classic
  User: N/A
  User Name: N/A
  Computer: Kot
  Description: 
The Steam Client Service service entered the running state.

Event[388]:
  Log Name: System
  Source: Service Control Manager
  Date: 2016-05-15T10:11:49.911
  Event ID: 7036
  Task: N/A
  Level: Information
  Opcode: N/A
  Keyword: Classic
  User: N/A
  User Name: N/A
  Computer: Kot
  Description: 
The Peer Networking Grouping service entered the running state.

Event[389]:
  Log Name: System
  Source: Service Control Manager
  Date: 2016-05-15T10:11:49.911
  Event ID: 7036
  Task: N/A
  Level: Information
  Opcode: N/A
  Keyword: Classic
  User: N/A
  User Name: N/A
  Computer: Kot
  Description: 
The Peer Name Resolution Protocol service entered the running state.

Event[390]:
  Log Name: System
  Source: Service Control Manager
  Date: 2016-05-15T10:11:49.739
  Event ID: 7036
  Task: N/A
  Level: Information
  Opcode: N/A
  Keyword: Classic
  User: N/A
  User Name: N/A
  Computer: Kot
  Description: 
The Peer Networking Identity Manager service entered the running state.

Event[391]:
  Log Name: System
  Source: Service Control Manager
  Date: 2016-05-15T10:11:48.928
  Event ID: 7036
  Task: N/A
  Level: Information
  Opcode: N/A
  Keyword: Classic
  User: N/A
  User Name: N/A
  Computer: Kot
  Description: 
The HomeGroup Listener service entered the running state.

Event[392]:
  Log Name: System
  Source: Service Control Manager
  Date: 2016-05-15T10:11:48.241
  Event ID: 7036
  Task: N/A
  Level: Information
  Opcode: N/A
  Keyword: Classic
  User: N/A
  User Name: N/A
  Computer: Kot
  Description: 
The HomeGroup Provider service entered the running state.

Event[393]:
  Log Name: System
  Source: Service Control Manager
  Date: 2016-05-15T10:11:48.241
  Event ID: 7036
  Task: N/A
  Level: Information
  Opcode: N/A
  Keyword: Classic
  User: N/A
  User Name: N/A
  Computer: Kot
  Description: 
The Function Discovery Resource Publication service entered the running state.

Event[394]:
  Log Name: System
  Source: Service Control Manager
  Date: 2016-05-15T10:11:41.439
  Event ID: 7036
  Task: N/A
  Level: Information
  Opcode: N/A
  Keyword: Classic
  User: N/A
  User Name: N/A
  Computer: Kot
  Description: 
The Function Discovery Provider Host service entered the running state.

Event[395]:
  Log Name: System
  Source: Service Control Manager
  Date: 2016-05-15T10:11:40.893
  Event ID: 7036
  Task: N/A
  Level: Information
  Opcode: N/A
  Keyword: Classic
  User: N/A
  User Name: N/A
  Computer: Kot
  Description: 
The Windows Search service entered the running state.

Event[396]:
  Log Name: System
  Source: Service Control Manager
  Date: 2016-05-15T10:11:28.101
  Event ID: 7036
  Task: N/A
  Level: Information
  Opcode: N/A
  Keyword: Classic
  User: N/A
  User Name: N/A
  Computer: Kot
  Description: 
The Windows Media Player Network Sharing Service service entered the running state.

Event[397]:
  Log Name: System
  Source: Service Control Manager
  Date: 2016-05-15T10:11:28.101
  Event ID: 7036
  Task: N/A
  Level: Information
  Opcode: N/A
  Keyword: Classic
  User: N/A
  User Name: N/A
  Computer: Kot
  Description: 
The Security Center service entered the running state.

Event[398]:
  Log Name: System
  Source: Microsoft-Windows-WMPNSS-Service
  Date: 2016-05-15T10:11:28.000
  Event ID: 14204
  Task: N/A
  Level: Information
  Opcode: N/A
  Keyword: Classic
  User: N/A
  User Name: N/A
  Computer: Kot
  Description: 
Service 'WMPNetworkSvc' started.

Event[399]:
  Log Name: System
  Source: Service Control Manager
  Date: 2016-05-15T10:11:14.966
  Event ID: 7036
  Task: N/A
  Level: Information
  Opcode: N/A
  Keyword: Classic
  User: N/A
  User Name: N/A
  Computer: Kot
  Description: 
The Remote Desktop Services UserMode Port Redirector service entered the running state.

Event[400]:
  Log Name: System
  Source: Service Control Manager
  Date: 2016-05-15T10:11:13.343
  Event ID: 7036
  Task: N/A
  Level: Information
  Opcode: N/A
  Keyword: Classic
  User: N/A
  User Name: N/A
  Computer: Kot
  Description: 
The Remote Desktop Configuration service entered the running state.

Event[401]:
  Log Name: System
  Source: Service Control Manager
  Date: 2016-05-15T10:11:13.296
  Event ID: 7036
  Task: N/A
  Level: Information
  Opcode: N/A
  Keyword: Classic
  User: N/A
  User Name: N/A
  Computer: Kot
  Description: 
The Certificate Propagation service entered the running state.

Event[402]:
  Log Name: System
  Source: Service Control Manager
  Date: 2016-05-15T10:11:11.565
  Event ID: 7036
  Task: N/A
  Level: Information
  Opcode: N/A
  Keyword: Classic
  User: N/A
  User Name: N/A
  Computer: Kot
  Description: 
The Application Information service entered the running state.

Event[403]:
  Log Name: System
  Source: Service Control Manager
  Date: 2016-05-15T10:11:11.346
  Event ID: 7036
  Task: N/A
  Level: Information
  Opcode: N/A
  Keyword: Classic
  User: N/A
  User Name: N/A
  Computer: Kot
  Description: 
The Windows Error Reporting Service service entered the running state.

Event[404]:
  Log Name: System
  Source: Service Control Manager
  Date: 2016-05-15T10:11:11.253
  Event ID: 7036
  Task: N/A
  Level: Information
  Opcode: N/A
  Keyword: Classic
  User: N/A
  User Name: N/A
  Computer: Kot
  Description: 
The Network Connections service entered the running state.

Event[405]:
  Log Name: System
  Source: Service Control Manager
  Date: 2016-05-15T10:11:11.253
  Event ID: 7036
  Task: N/A
  Level: Information
  Opcode: N/A
  Keyword: Classic
  User: N/A
  User Name: N/A
  Computer: Kot
  Description: 
The Diagnostic System Host service entered the running state.

Event[406]:
  Log Name: System
  Source: Service Control Manager
  Date: 2016-05-15T10:11:10.941
  Event ID: 7036
  Task: N/A
  Level: Information
  Opcode: N/A
  Keyword: Classic
  User: N/A
  User Name: N/A
  Computer: Kot
  Description: 
The Network List Service service entered the running state.

Event[407]:
  Log Name: System
  Source: Service Control Manager
  Date: 2016-05-15T10:11:10.878
  Event ID: 7036
  Task: N/A
  Level: Information
  Opcode: N/A
  Keyword: Classic
  User: N/A
  User Name: N/A
  Computer: Kot
  Description: 
The Portable Device Enumerator Service service entered the running state.

Event[408]:
  Log Name: System
  Source: Service Control Manager
  Date: 2016-05-15T10:11:10.598
  Event ID: 7036
  Task: N/A
  Level: Information
  Opcode: N/A
  Keyword: Classic
  User: N/A
  User Name: N/A
  Computer: Kot
  Description: 
The Remote Desktop Services service entered the running state.

Event[409]:
  Log Name: System
  Source: Service Control Manager
  Date: 2016-05-15T10:11:10.598
  Event ID: 7036
  Task: N/A
  Level: Information
  Opcode: N/A
  Keyword: Classic
  User: N/A
  User Name: N/A
  Computer: Kot
  Description: 
The Human Interface Device Access service entered the running state.

Event[410]:
  Log Name: System
  Source: Service Control Manager
  Date: 2016-05-15T10:11:10.598
  Event ID: 7036
  Task: N/A
  Level: Information
  Opcode: N/A
  Keyword: Classic
  User: N/A
  User Name: N/A
  Computer: Kot
  Description: 
The Diagnostic Service Host service entered the running state.

Event[411]:
  Log Name: System
  Source: Service Control Manager
  Date: 2016-05-15T10:11:10.582
  Event ID: 7036
  Task: N/A
  Level: Information
  Opcode: N/A
  Keyword: Classic
  User: N/A
  User Name: N/A
  Computer: Kot
  Description: 
The Software Protection service entered the running state.

Event[412]:
  Log Name: System
  Source: Service Control Manager
  Date: 2016-05-15T10:11:09.662
  Event ID: 7036
  Task: N/A
  Level: Information
  Opcode: N/A
  Keyword: Classic
  User: N/A
  User Name: N/A
  Computer: Kot
  Description: 
The Windows Time service entered the stopped state.

Event[413]:
  Log Name: System
  Source: Service Control Manager
  Date: 2016-05-15T10:11:09.630
  Event ID: 7036
  Task: N/A
  Level: Information
  Opcode: N/A
  Keyword: Classic
  User: N/A
  User Name: N/A
  Computer: Kot
  Description: 
The WinHTTP Web Proxy Auto-Discovery Service service entered the running state.

Event[414]:
  Log Name: System
  Source: Service Control Manager
  Date: 2016-05-15T10:11:09.615
  Event ID: 7042
  Task: N/A
  Level: Information
  Opcode: N/A
  Keyword: Classic
  User: S-1-5-18
  User Name: NT AUTHORITY\SYSTEM
  Computer: Kot
  Description: 
The Windows Time service was successfully sent a stop control.

 The reason specified was: 0x40030011 [Operating System: Network Connectivity (Planned)]

 Comment: None

Event[415]:
  Log Name: System
  Source: Service Control Manager
  Date: 2016-05-15T10:11:09.615
  Event ID: 7026
  Task: N/A
  Level: Error
  Opcode: N/A
  Keyword: Classic
  User: N/A
  User Name: N/A
  Computer: Kot
  Description: 
The following boot-start or system-start driver(s) failed to load: 
VirtDiskBus

Event[416]:
  Log Name: System
  Source: Service Control Manager
  Date: 2016-05-15T10:11:09.615
  Event ID: 7036
  Task: N/A
  Level: Information
  Opcode: N/A
  Keyword: Classic
  User: N/A
  User Name: N/A
  Computer: Kot
  Description: 
The VMware Agent Service service entered the running state.

Event[417]:
  Log Name: System
  Source: Service Control Manager
  Date: 2016-05-15T10:11:09.100
  Event ID: 7036
  Task: N/A
  Level: Information
  Opcode: N/A
  Keyword: Classic
  User: N/A
  User Name: N/A
  Computer: Kot
  Description: 
The Microsoft Office ClickToRun Service service entered the running state.

Event[418]:
  Log Name: System
  Source: Service Control Manager
  Date: 2016-05-15T10:11:08.991
  Event ID: 7036
  Task: N/A
  Level: Information
  Opcode: N/A
  Keyword: Classic
  User: N/A
  User Name: N/A
  Computer: Kot
  Description: 
The VMware Authorization Service service entered the running state.

Event[419]:
  Log Name: System
  Source: Service Control Manager
  Date: 2016-05-15T10:11:04.872
  Event ID: 7036
  Task: N/A
  Level: Information
  Opcode: N/A
  Keyword: Classic
  User: N/A
  User Name: N/A
  Computer: Kot
  Description: 
The IP Helper service entered the running state.

Event[420]:
  Log Name: System
  Source: Service Control Manager
  Date: 2016-05-15T10:11:04.748
  Event ID: 7036
  Task: N/A
  Level: Information
  Opcode: N/A
  Keyword: Classic
  User: N/A
  User Name: N/A
  Computer: Kot
  Description: 
The Windows Time service entered the running state.

Event[421]:
  Log Name: System
  Source: Service Control Manager
  Date: 2016-05-15T10:11:04.638
  Event ID: 7036
  Task: N/A
  Level: Information
  Opcode: N/A
  Keyword: Classic
  User: N/A
  User Name: N/A
  Computer: Kot
  Description: 
The VMware DHCP Service service entered the running state.

Event[422]:
  Log Name: System
  Source: Service Control Manager
  Date: 2016-05-15T10:11:04.467
  Event ID: 7036
  Task: N/A
  Level: Information
  Opcode: N/A
  Keyword: Classic
  User: N/A
  User Name: N/A
  Computer: Kot
  Description: 
The Windows Management Instrumentation service entered the running state.

Event[423]:
  Log Name: System
  Source: Service Control Manager
  Date: 2016-05-15T10:11:04.420
  Event ID: 7036
  Task: N/A
  Level: Information
  Opcode: N/A
  Keyword: Classic
  User: N/A
  User Name: N/A
  Computer: Kot
  Description: 
The VMware NAT Service service entered the running state.

Event[424]:
  Log Name: System
  Source: Service Control Manager
  Date: 2016-05-15T10:11:04.280
  Event ID: 7036
  Task: N/A
  Level: Information
  Opcode: N/A
  Keyword: Classic
  User: N/A
  User Name: N/A
  Computer: Kot
  Description: 
The VMware USB Arbitration Service service entered the running state.

Event[425]:
  Log Name: System
  Source: VMnetuserif
  Date: 2016-05-15T10:11:03.765
  Event ID: 4
  Task: N/A
  Level: Information
  Opcode: N/A
  Keyword: Classic
  User: N/A
  User Name: N/A
  Computer: Kot
  Description: 
(\Device\VMnetUserif) Driver entry exiting with status 0  

Event[426]:
  Log Name: System
  Source: VMnetuserif
  Date: 2016-05-15T10:11:03.765
  Event ID: 1
  Task: N/A
  Level: Information
  Opcode: N/A
  Keyword: Classic
  User: N/A
  User Name: N/A
  Computer: Kot
  Description: 
() Starting up the User Interface Driver for VMware Virtual Networks

Event[427]:
  Log Name: System
  Source: Service Control Manager
  Date: 2016-05-15T10:11:02.002
  Event ID: 7036
  Task: N/A
  Level: Information
  Opcode: N/A
  Keyword: Classic
  User: N/A
  User Name: N/A
  Computer: Kot
  Description: 
The Windows Image Acquisition (WIA) service entered the running state.

Event[428]:
  Log Name: System
  Source: Service Control Manager
  Date: 2016-05-15T10:11:01.955
  Event ID: 7036
  Task: N/A
  Level: Information
  Opcode: N/A
  Keyword: Classic
  User: N/A
  User Name: N/A
  Computer: Kot
  Description: 
The Distributed Link Tracking Client service entered the running state.

Event[429]:
  Log Name: System
  Source: Service Control Manager
  Date: 2016-05-15T10:11:01.955
  Event ID: 7036
  Task: N/A
  Level: Information
  Opcode: N/A
  Keyword: Classic
  User: N/A
  User Name: N/A
  Computer: Kot
  Description: 
The Superfetch service entered the running state.

Event[430]:
  Log Name: System
  Source: Service Control Manager
  Date: 2016-05-15T10:11:01.316
  Event ID: 7036
  Task: N/A
  Level: Information
  Opcode: N/A
  Keyword: Classic
  User: N/A
  User Name: N/A
  Computer: Kot
  Description: 
The Diagnostics Tracking Service service entered the running state.

Event[431]:
  Log Name: System
  Source: Service Control Manager
  Date: 2016-05-15T10:10:59.007
  Event ID: 7036
  Task: N/A
  Level: Information
  Opcode: N/A
  Keyword: Classic
  User: N/A
  User Name: N/A
  Computer: Kot
  Description: 
The Cryptographic Services service entered the running state.

Event[432]:
  Log Name: System
  Source: Service Control Manager
  Date: 2016-05-15T10:10:57.650
  Event ID: 7036
  Task: N/A
  Level: Information
  Opcode: N/A
  Keyword: Classic
  User: N/A
  User Name: N/A
  Computer: Kot
  Description: 
The Diagnostic Policy Service service entered the running state.

Event[433]:
  Log Name: System
  Source: Service Control Manager
  Date: 2016-05-15T10:10:57.634
  Event ID: 7036
  Task: N/A
  Level: Information
  Opcode: N/A
  Keyword: Classic
  User: N/A
  User Name: N/A
  Computer: Kot
  Description: 
The Program Compatibility Assistant Service service entered the running state.

Event[434]:
  Log Name: System
  Source: Microsoft-Windows-Application-Experience
  Date: 2016-05-15T10:10:57.634
  Event ID: 201
  Task: N/A
  Level: Information
  Opcode: Info
  Keyword: N/A
  User: S-1-5-18
  User Name: NT AUTHORITY\SYSTEM
  Computer: Kot
  Description: 
The Program Compatibility Assistant service started successfully.

Event[435]:
  Log Name: System
  Source: Service Control Manager
  Date: 2016-05-15T10:10:57.275
  Event ID: 7036
  Task: N/A
  Level: Information
  Opcode: N/A
  Keyword: Classic
  User: N/A
  User Name: N/A
  Computer: Kot
  Description: 
The Adobe Acrobat Update Service service entered the running state.

Event[436]:
  Log Name: System
  Source: Service Control Manager
  Date: 2016-05-15T10:10:50.817
  Event ID: 7036
  Task: N/A
  Level: Information
  Opcode: N/A
  Keyword: Classic
  User: N/A
  User Name: N/A
  Computer: Kot
  Description: 
The Computer Browser service entered the running state.

Event[437]:
  Log Name: System
  Source: Service Control Manager
  Date: 2016-05-15T10:10:50.817
  Event ID: 7036
  Task: N/A
  Level: Information
  Opcode: N/A
  Keyword: Classic
  User: N/A
  User Name: N/A
  Computer: Kot
  Description: 
The Server service entered the running state.

Event[438]:
  Log Name: System
  Source: Service Control Manager
  Date: 2016-05-15T10:10:50.240
  Event ID: 7036
  Task: N/A
  Level: Information
  Opcode: N/A
  Keyword: Classic
  User: N/A
  User Name: N/A
  Computer: Kot
  Description: 
The WebClient service entered the running state.

Event[439]:
  Log Name: System
  Source: Service Control Manager
  Date: 2016-05-15T10:10:50.224
  Event ID: 7036
  Task: N/A
  Level: Information
  Opcode: N/A
  Keyword: Classic
  User: N/A
  User Name: N/A
  Computer: Kot
  Description: 
The Workstation service entered the running state.

Event[440]:
  Log Name: System
  Source: Service Control Manager
  Date: 2016-05-15T10:10:49.179
  Event ID: 7036
  Task: N/A
  Level: Information
  Opcode: N/A
  Keyword: Classic
  User: N/A
  User Name: N/A
  Computer: Kot
  Description: 
The Windows Firewall service entered the running state.

Event[441]:
  Log Name: System
  Source: Service Control Manager
  Date: 2016-05-15T10:10:49.163
  Event ID: 7036
  Task: N/A
  Level: Information
  Opcode: N/A
  Keyword: Classic
  User: N/A
  User Name: N/A
  Computer: Kot
  Description: 
The Base Filtering Engine service entered the running state.

Event[442]:
  Log Name: System
  Source: Service Control Manager
  Date: 2016-05-15T10:10:49.085
  Event ID: 7036
  Task: N/A
  Level: Information
  Opcode: N/A
  Keyword: Classic
  User: N/A
  User Name: N/A
  Computer: Kot
  Description: 
The Print Spooler service entered the running state.

Event[443]:
  Log Name: System
  Source: Service Control Manager
  Date: 2016-05-15T10:10:48.695
  Event ID: 7036
  Task: N/A
  Level: Information
  Opcode: N/A
  Keyword: Classic
  User: N/A
  User Name: N/A
  Computer: Kot
  Description: 
The Task Scheduler service entered the running state.

Event[444]:
  Log Name: System
  Source: Service Control Manager
  Date: 2016-05-15T10:10:48.555
  Event ID: 7036
  Task: N/A
  Level: Information
  Opcode: N/A
  Keyword: Classic
  User: N/A
  User Name: N/A
  Computer: Kot
  Description: 
The Avast Antivirus service entered the running state.

Event[445]:
  Log Name: System
  Source: Service Control Manager
  Date: 2016-05-15T10:10:48.134
  Event ID: 7036
  Task: N/A
  Level: Information
  Opcode: N/A
  Keyword: Classic
  User: N/A
  User Name: N/A
  Computer: Kot
  Description: 
The Shell Hardware Detection service entered the running state.

Event[446]:
  Log Name: System
  Source: Service Control Manager
  Date: 2016-05-15T10:10:46.230
  Event ID: 7036
  Task: N/A
  Level: Information
  Opcode: N/A
  Keyword: Classic
  User: N/A
  User Name: N/A
  Computer: Kot
  Description: 
The WWAN AutoConfig service entered the running state.

Event[447]:
  Log Name: System
  Source: Microsoft-Windows-Winlogon
  Date: 2016-05-15T10:10:44.936
  Event ID: 7001
  Task: N/A
  Level: Information
  Opcode: Info
  Keyword: N/A
  User: S-1-5-18
  User Name: NT AUTHORITY\SYSTEM
  Computer: Kot
  Description: 
User Logon Notification for Customer Experience Improvement Program

Event[448]:
  Log Name: System
  Source: Service Control Manager
  Date: 2016-05-15T10:10:44.748
  Event ID: 7036
  Task: N/A
  Level: Information
  Opcode: N/A
  Keyword: Classic
  User: N/A
  User Name: N/A
  Computer: Kot
  Description: 
The Network Location Awareness service entered the running state.

Event[449]:
  Log Name: System
  Source: Microsoft-Windows-WLAN-AutoConfig
  Date: 2016-05-15T10:10:44.733
  Event ID: 4000
  Task: N/A
  Level: Information
  Opcode: Start
  Keyword: N/A
  User: S-1-5-18
  User Name: NT AUTHORITY\SYSTEM
  Computer: Kot
  Description: 
WLAN AutoConfig service has successfully started.


Event[450]:
  Log Name: System
  Source: Service Control Manager
  Date: 2016-05-15T10:10:44.733
  Event ID: 7036
  Task: N/A
  Level: Information
  Opcode: N/A
  Keyword: Classic
  User: N/A
  User Name: N/A
  Computer: Kot
  Description: 
The WLAN AutoConfig service entered the running state.

Event[451]:
  Log Name: System
  Source: Service Control Manager
  Date: 2016-05-15T10:10:44.717
  Event ID: 7036
  Task: N/A
  Level: Information
  Opcode: N/A
  Keyword: Classic
  User: N/A
  User Name: N/A
  Computer: Kot
  Description: 
The Wired AutoConfig service entered the running state.

Event[452]:
  Log Name: System
  Source: Service Control Manager
  Date: 2016-05-15T10:10:44.686
  Event ID: 7036
  Task: N/A
  Level: Information
  Opcode: N/A
  Keyword: Classic
  User: N/A
  User Name: N/A
  Computer: Kot
  Description: 
The DNS Client service entered the running state.

Event[453]:
  Log Name: System
  Source: Service Control Manager
  Date: 2016-05-15T10:10:44.670
  Event ID: 7036
  Task: N/A
  Level: Information
  Opcode: N/A
  Keyword: Classic
  User: N/A
  User Name: N/A
  Computer: Kot
  Description: 
The Extensible Authentication Protocol service entered the running state.

Event[454]:
  Log Name: System
  Source: Service Control Manager
  Date: 2016-05-15T10:10:44.655
  Event ID: 7036
  Task: N/A
  Level: Information
  Opcode: N/A
  Keyword: Classic
  User: N/A
  User Name: N/A
  Computer: Kot
  Description: 
The DHCP Client service entered the running state.

Event[455]:
  Log Name: System
  Source: Microsoft-Windows-DHCPv6-Client
  Date: 2016-05-15T10:10:44.639
  Event ID: 51046
  Task: Service State Event
  Level: Information
  Opcode: ServiceStart
  Keyword: N/A
  User: S-1-5-19
  User Name: NT AUTHORITY\LOCAL SERVICE
  Computer: Kot
  Description: 
DHCPv6 client service is started

Event[456]:
  Log Name: System
  Source: Microsoft-Windows-Dhcp-Client
  Date: 2016-05-15T10:10:44.624
  Event ID: 50036
  Task: Service State Event
  Level: Information
  Opcode: ServiceStart
  Keyword: N/A
  User: S-1-5-19
  User Name: NT AUTHORITY\LOCAL SERVICE
  Computer: Kot
  Description: 
DHCPv4 client service is started

Event[457]:
  Log Name: System
  Source: Service Control Manager
  Date: 2016-05-15T10:10:44.624
  Event ID: 7036
  Task: N/A
  Level: Information
  Opcode: N/A
  Keyword: Classic
  User: N/A
  User Name: N/A
  Computer: Kot
  Description: 
The TCP/IP NetBIOS Helper service entered the running state.

Event[458]:
  Log Name: System
  Source: Service Control Manager
  Date: 2016-05-15T10:10:44.624
  Event ID: 7036
  Task: N/A
  Level: Information
  Opcode: N/A
  Keyword: Classic
  User: N/A
  User Name: N/A
  Computer: Kot
  Description: 
The Network Store Interface Service service entered the running state.

Event[459]:
  Log Name: System
  Source: Service Control Manager
  Date: 2016-05-15T10:10:44.624
  Event ID: 7036
  Task: N/A
  Level: Information
  Opcode: N/A
  Keyword: Classic
  User: N/A
  User Name: N/A
  Computer: Kot
  Description: 
The CNG Key Isolation service entered the running state.

Event[460]:
  Log Name: System
  Source: Service Control Manager
  Date: 2016-05-15T10:10:44.592
  Event ID: 7036
  Task: N/A
  Level: Information
  Opcode: N/A
  Keyword: Classic
  User: N/A
  User Name: N/A
  Computer: Kot
  Description: 
The Security Accounts Manager service entered the running state.

Event[461]:
  Log Name: System
  Source: Service Control Manager
  Date: 2016-05-15T10:10:44.592
  Event ID: 7036
  Task: N/A
  Level: Information
  Opcode: N/A
  Keyword: Classic
  User: N/A
  User Name: N/A
  Computer: Kot
  Description: 
The Desktop Window Manager Session Manager service entered the running state.

Event[462]:
  Log Name: System
  Source: Service Control Manager
  Date: 2016-05-15T10:10:44.592
  Event ID: 7036
  Task: N/A
  Level: Information
  Opcode: N/A
  Keyword: Classic
  User: N/A
  User Name: N/A
  Computer: Kot
  Description: 
The System Event Notification Service service entered the running state.

Event[463]:
  Log Name: System
  Source: Service Control Manager
  Date: 2016-05-15T10:10:44.592
  Event ID: 7036
  Task: N/A
  Level: Information
  Opcode: N/A
  Keyword: Classic
  User: N/A
  User Name: N/A
  Computer: Kot
  Description: 
The COM+ Event System service entered the running state.

Event[464]:
  Log Name: System
  Source: Service Control Manager
  Date: 2016-05-15T10:10:44.592
  Event ID: 7036
  Task: N/A
  Level: Information
  Opcode: N/A
  Keyword: Classic
  User: N/A
  User Name: N/A
  Computer: Kot
  Description: 
The User Profile Service service entered the running state.

Event[465]:
  Log Name: System
  Source: Service Control Manager
  Date: 2016-05-15T10:10:44.577
  Event ID: 7036
  Task: N/A
  Level: Information
  Opcode: N/A
  Keyword: Classic
  User: N/A
  User Name: N/A
  Computer: Kot
  Description: 
The Group Policy Client service entered the running state.

Event[466]:
  Log Name: System
  Source: Service Control Manager
  Date: 2016-05-15T10:10:44.577
  Event ID: 7036
  Task: N/A
  Level: Information
  Opcode: N/A
  Keyword: Classic
  User: N/A
  User Name: N/A
  Computer: Kot
  Description: 
The Themes service entered the running state.

Event[467]:
  Log Name: System
  Source: Service Control Manager
  Date: 2016-05-15T10:10:44.561
  Event ID: 7036
  Task: N/A
  Level: Information
  Opcode: N/A
  Keyword: Classic
  User: N/A
  User Name: N/A
  Computer: Kot
  Description: 
The Offline Files service entered the running state.

Event[468]:
  Log Name: System
  Source: Service Control Manager
  Date: 2016-05-15T10:10:44.530
  Event ID: 7036
  Task: N/A
  Level: Information
  Opcode: N/A
  Keyword: Classic
  User: N/A
  User Name: N/A
  Computer: Kot
  Description: 
The Windows Audio service entered the running state.

Event[469]:
  Log Name: System
  Source: Service Control Manager
  Date: 2016-05-15T10:10:44.358
  Event ID: 7036
  Task: N/A
  Level: Information
  Opcode: N/A
  Keyword: Classic
  User: N/A
  User Name: N/A
  Computer: Kot
  Description: 
The Windows Audio Endpoint Builder service entered the running state.

Event[470]:
  Log Name: System
  Source: Service Control Manager
  Date: 2016-05-15T10:10:44.156
  Event ID: 7036
  Task: N/A
  Level: Information
  Opcode: N/A
  Keyword: Classic
  User: N/A
  User Name: N/A
  Computer: Kot
  Description: 
The Multimedia Class Scheduler service entered the running state.

Event[471]:
  Log Name: System
  Source: Service Control Manager
  Date: 2016-05-15T10:10:43.890
  Event ID: 7036
  Task: N/A
  Level: Information
  Opcode: N/A
  Keyword: Classic
  User: N/A
  User Name: N/A
  Computer: Kot
  Description: 
The Windows Font Cache Service service entered the running state.

Event[472]:
  Log Name: System
  Source: Service Control Manager
  Date: 2016-05-15T10:10:43.828
  Event ID: 7036
  Task: N/A
  Level: Information
  Opcode: N/A
  Keyword: Classic
  User: N/A
  User Name: N/A
  Computer: Kot
  Description: 
The Windows Event Log service entered the running state.

Event[473]:
  Log Name: System
  Source: Service Control Manager
  Date: 2016-05-15T10:10:43.750
  Event ID: 7036
  Task: N/A
  Level: Information
  Opcode: N/A
  Keyword: Classic
  User: N/A
  User Name: N/A
  Computer: Kot
  Description: 
The Remote Procedure Call (RPC) service entered the running state.

Event[474]:
  Log Name: System
  Source: Service Control Manager
  Date: 2016-05-15T10:10:43.734
  Event ID: 7036
  Task: N/A
  Level: Information
  Opcode: N/A
  Keyword: Classic
  User: N/A
  User Name: N/A
  Computer: Kot
  Description: 
The RPC Endpoint Mapper service entered the running state.

Event[475]:
