  Log Name: System
  Source: Service Control Manager
  Date: 2016-05-15T15:19:09.546
  Event ID: 7036
  Task: N/A
  Level: Information
  Opcode: N/A
  Keyword: Classic
  User: N/A
  User Name: N/A
  Computer: Kot
  Description: 
The Wired AutoConfig service entered the stopped state.

Event[159]:
  Log Name: System
  Source: Service Control Manager
  Date: 2016-05-15T15:19:09.515
  Event ID: 7036
  Task: N/A
  Level: Information
  Opcode: N/A
  Keyword: Classic
  User: N/A
  User Name: N/A
  Computer: Kot
  Description: 
The Windows Event Log service entered the stopped state.

Event[160]:
  Log Name: System
  Source: Service Control Manager
  Date: 2016-05-15T15:19:09.499
  Event ID: 7036
  Task: N/A
  Level: Information
  Opcode: N/A
  Keyword: Classic
  User: N/A
  User Name: N/A
  Computer: Kot
  Description: 
The Windows Time service entered the stopped state.

Event[161]:
  Log Name: System
  Source: Service Control Manager
  Date: 2016-05-15T15:19:09.499
  Event ID: 7036
  Task: N/A
  Level: Information
  Opcode: N/A
  Keyword: Classic
  User: N/A
  User Name: N/A
  Computer: Kot
  Description: 
The Function Discovery Resource Publication service entered the stopped state.

Event[162]:
  Log Name: System
  Source: Service Control Manager
  Date: 2016-05-15T15:19:09.499
  Event ID: 7036
  Task: N/A
  Level: Information
  Opcode: N/A
  Keyword: Classic
  User: N/A
  User Name: N/A
  Computer: Kot
  Description: 
The DHCP Client service entered the stopped state.

Event[163]:
  Log Name: System
  Source: Microsoft-Windows-Dhcp-Client
  Date: 2016-05-15T15:19:09.483
  Event ID: 50037
  Task: Service State Event
  Level: Information
  Opcode: ServiceStop
  Keyword: N/A
  User: S-1-5-19
  User Name: NT AUTHORITY\LOCAL SERVICE
  Computer: Kot
  Description: 
DHCPv4 client service is stopped. ShutDown Flag value is 1

Event[164]:
  Log Name: System
  Source: Microsoft-Windows-DHCPv6-Client
  Date: 2016-05-15T15:19:09.483
  Event ID: 51047
  Task: Service State Event
  Level: Information
  Opcode: ServiceStop
  Keyword: N/A
  User: S-1-5-19
  User Name: NT AUTHORITY\LOCAL SERVICE
  Computer: Kot
  Description: 
DHCPv6 client service is stopped. ShutDown Flag value is 1

Event[165]:
  Log Name: System
  Source: EventLog
  Date: 2016-05-15T15:51:21.000
  Event ID: 6013
  Task: N/A
  Level: Information
  Opcode: N/A
  Keyword: Classic
  User: N/A
  User Name: N/A
  Computer: Kot
  Description: 
The system uptime is 17 seconds.

Event[166]:
  Log Name: System
  Source: EventLog
  Date: 2016-05-15T15:51:21.000
  Event ID: 6005
  Task: N/A
  Level: Information
  Opcode: N/A
  Keyword: Classic
  User: N/A
  User Name: N/A
  Computer: Kot
  Description: 
The Event log service was started.

Event[167]:
  Log Name: System
  Source: EventLog
  Date: 2016-05-15T15:51:21.000
  Event ID: 6009
  Task: N/A
  Level: Information
  Opcode: N/A
  Keyword: Classic
  User: N/A
  User Name: N/A
  Computer: Kot
  Description: 
Microsoft (R) Windows (R) 6.01. 7601 Service Pack 1 Multiprocessor Free.

Event[168]:
  Log Name: System
  Source: Service Control Manager
  Date: 2016-05-15T15:19:09.483
  Event ID: 7036
  Task: N/A
  Level: Information
  Opcode: N/A
  Keyword: Classic
  User: N/A
  User Name: N/A
  Computer: Kot
  Description: 
The Diagnostic Policy Service service entered the stopped state.

Event[169]:
  Log Name: System
  Source: Service Control Manager
  Date: 2016-05-15T15:19:09.452
  Event ID: 7036
  Task: N/A
  Level: Information
  Opcode: N/A
  Keyword: Classic
  User: N/A
  User Name: N/A
  Computer: Kot
  Description: 
The User Profile Service service entered the stopped state.

Event[170]:
  Log Name: System
  Source: Service Control Manager
  Date: 2016-05-15T15:19:09.437
  Event ID: 7036
  Task: N/A
  Level: Information
  Opcode: N/A
  Keyword: Classic
  User: N/A
  User Name: N/A
  Computer: Kot
  Description: 
The Windows Modules Installer service entered the stopped state.

Event[171]:
  Log Name: System
  Source: Service Control Manager
  Date: 2016-05-15T15:19:09.421
  Event ID: 7036
  Task: N/A
  Level: Information
  Opcode: N/A
  Keyword: Classic
  User: N/A
  User Name: N/A
  Computer: Kot
  Description: 
The Cryptographic Services service entered the stopped state.

Event[172]:
  Log Name: System
  Source: Service Control Manager
  Date: 2016-05-15T15:19:09.405
  Event ID: 7036
  Task: N/A
  Level: Information
  Opcode: N/A
  Keyword: Classic
  User: N/A
  User Name: N/A
  Computer: Kot
  Description: 
The Windows Font Cache Service service entered the stopped state.

Event[173]:
  Log Name: System
  Source: Service Control Manager
  Date: 2016-05-15T15:19:09.405
  Event ID: 7036
  Task: N/A
  Level: Information
  Opcode: N/A
  Keyword: Classic
  User: N/A
  User Name: N/A
  Computer: Kot
  Description: 
The Plug and Play service entered the stopped state.

Event[174]:
  Log Name: System
  Source: Microsoft-Windows-UserPnp
  Date: 2016-05-15T15:19:09.405
  Event ID: 20010
  Task: N/A
  Level: Information
  Opcode: Info
  Keyword: N/A
  User: S-1-5-18
  User Name: NT AUTHORITY\SYSTEM
  Computer: Kot
  Description: 
One or more of the Plug and Play service's subsystems has changed state. 

PlugPlay install subsystem enabled: 'false' 
PlugPlay caching subsystem enabled: 'false' 


Event[175]:
  Log Name: System
  Source: Service Control Manager
  Date: 2016-05-15T15:19:09.343
  Event ID: 7036
  Task: N/A
  Level: Information
  Opcode: N/A
  Keyword: Classic
  User: N/A
  User Name: N/A
  Computer: Kot
  Description: 
The VMware Agent Service service entered the stopped state.

Event[176]:
  Log Name: System
  Source: Service Control Manager
  Date: 2016-05-15T15:19:09.343
  Event ID: 7036
  Task: N/A
  Level: Information
  Opcode: N/A
  Keyword: Classic
  User: N/A
  User Name: N/A
  Computer: Kot
  Description: 
The Distributed Link Tracking Client service entered the stopped state.

Event[177]:
  Log Name: System
  Source: Service Control Manager
  Date: 2016-05-15T15:19:09.343
  Event ID: 7036
  Task: N/A
  Level: Information
  Opcode: N/A
  Keyword: Classic
  User: N/A
  User Name: N/A
  Computer: Kot
  Description: 
The Desktop Window Manager Session Manager service entered the stopped state.

Event[178]:
  Log Name: System
  Source: Service Control Manager
  Date: 2016-05-15T15:19:09.343
  Event ID: 7036
  Task: N/A
  Level: Information
  Opcode: N/A
  Keyword: Classic
  User: N/A
  User Name: N/A
  Computer: Kot
  Description: 
The Remote Desktop Services UserMode Port Redirector service entered the stopped state.

Event[179]:
  Log Name: System
  Source: Service Control Manager
  Date: 2016-05-15T15:19:09.343
  Event ID: 7036
  Task: N/A
  Level: Information
  Opcode: N/A
  Keyword: Classic
  User: N/A
  User Name: N/A
  Computer: Kot
  Description: 
The SSDP Discovery service entered the stopped state.

Event[180]:
  Log Name: System
  Source: Service Control Manager
  Date: 2016-05-15T15:19:09.343
  Event ID: 7036
  Task: N/A
  Level: Information
  Opcode: N/A
  Keyword: Classic
  User: N/A
  User Name: N/A
  Computer: Kot
  Description: 
The Power service entered the stopped state.

Event[181]:
  Log Name: System
  Source: Service Control Manager
  Date: 2016-05-15T15:19:09.343
  Event ID: 7036
  Task: N/A
  Level: Information
  Opcode: N/A
  Keyword: Classic
  User: N/A
  User Name: N/A
  Computer: Kot
  Description: 
The Extensible Authentication Protocol service entered the stopped state.

Event[182]:
  Log Name: System
  Source: Service Control Manager
  Date: 2016-05-15T15:19:09.327
  Event ID: 7036
  Task: N/A
  Level: Information
  Opcode: N/A
  Keyword: Classic
  User: N/A
  User Name: N/A
  Computer: Kot
  Description: 
The Peer Networking Identity Manager service entered the stopped state.

Event[183]:
  Log Name: System
  Source: Service Control Manager
  Date: 2016-05-15T15:19:09.327
  Event ID: 7036
  Task: N/A
  Level: Information
  Opcode: N/A
  Keyword: Classic
  User: N/A
  User Name: N/A
  Computer: Kot
  Description: 
The Diagnostic Service Host service entered the stopped state.

Event[184]:
  Log Name: System
  Source: Service Control Manager
  Date: 2016-05-15T15:19:09.327
  Event ID: 7036
  Task: N/A
  Level: Information
  Opcode: N/A
  Keyword: Classic
  User: N/A
  User Name: N/A
  Computer: Kot
  Description: 
The Human Interface Device Access service entered the stopped state.

Event[185]:
  Log Name: System
  Source: Service Control Manager
  Date: 2016-05-15T15:19:09.312
  Event ID: 7036
  Task: N/A
  Level: Information
  Opcode: N/A
  Keyword: Classic
  User: N/A
  User Name: N/A
  Computer: Kot
  Description: 
The Microsoft Office ClickToRun Service service entered the stopped state.

Event[186]:
  Log Name: System
  Source: Service Control Manager
  Date: 2016-05-15T15:19:09.296
  Event ID: 7036
  Task: N/A
  Level: Information
  Opcode: N/A
  Keyword: Classic
  User: N/A
  User Name: N/A
  Computer: Kot
  Description: 
The Certificate Propagation service entered the stopped state.

Event[187]:
  Log Name: System
  Source: Service Control Manager
  Date: 2016-05-15T15:19:09.156
  Event ID: 7036
  Task: N/A
  Level: Information
  Opcode: N/A
  Keyword: Classic
  User: N/A
  User Name: N/A
  Computer: Kot
  Description: 
The Diagnostics Tracking Service service entered the stopped state.

Event[188]:
  Log Name: System
  Source: Service Control Manager
  Date: 2016-05-15T15:19:09.031
  Event ID: 7036
  Task: N/A
  Level: Information
  Opcode: N/A
  Keyword: Classic
  User: N/A
  User Name: N/A
  Computer: Kot
  Description: 
The Group Policy Client service entered the stopped state.

Event[189]:
  Log Name: System
  Source: Service Control Manager
  Date: 2016-05-15T15:19:08.969
  Event ID: 7036
  Task: N/A
  Level: Information
  Opcode: N/A
  Keyword: Classic
  User: N/A
  User Name: N/A
  Computer: Kot
  Description: 
The Windows Update service entered the stopped state.

Event[190]:
  Log Name: System
  Source: Microsoft-Windows-WindowsUpdateClient
  Date: 2016-05-15T15:19:08.922
  Event ID: 27
  Task: Windows Update Agent
  Level: Information
  Opcode: State Change
  Keyword: State
  User: S-1-5-18
  User Name: NT AUTHORITY\SYSTEM
  Computer: Kot
  Description: 
Automatic Updates is now paused.

Event[191]:
  Log Name: System
  Source: Service Control Manager
  Date: 2016-05-15T15:19:08.891
  Event ID: 7036
  Task: N/A
  Level: Information
  Opcode: N/A
  Keyword: Classic
  User: N/A
  User Name: N/A
  Computer: Kot
  Description: 
The Windows Modules Installer service entered the running state.

Event[192]:
  Log Name: System
  Source: EventLog
  Date: 2016-05-15T15:19:09.000
  Event ID: 6006
  Task: N/A
  Level: Information
  Opcode: N/A
  Keyword: Classic
  User: N/A
  User Name: N/A
  Computer: Kot
  Description: 
The Event log service was stopped.

Event[193]:
  Log Name: System
  Source: Microsoft-Windows-Winlogon
  Date: 2016-05-15T15:19:07.658
  Event ID: 7002
  Task: N/A
  Level: Information
  Opcode: Info
  Keyword: N/A
  User: S-1-5-18
  User Name: NT AUTHORITY\SYSTEM
  Computer: Kot
  Description: 
User Logoff Notification for Customer Experience Improvement Program

Event[194]:
  Log Name: System
  Source: Service Control Manager
  Date: 2016-05-15T15:19:07.050
  Event ID: 7036
  Task: N/A
  Level: Information
  Opcode: N/A
  Keyword: Classic
  User: N/A
  User Name: N/A
  Computer: Kot
  Description: 
The Steam Client Service service entered the stopped state.

Event[195]:
  Log Name: System
  Source: USER32
  Date: 2016-05-15T15:19:07.000
  Event ID: 1074
  Task: N/A
  Level: Information
  Opcode: N/A
  Keyword: Classic
  User: S-1-5-21-1345753643-328560084-4052943262-1000
  User Name: Kot\Kotek
  Computer: Kot
  Description: 
The process C:\Windows\system32\winlogon.exe (KOT) has initiated the power off of computer KOT on behalf of user Kot\Kotek for the following reason: No title for this reason could be found
 Reason Code: 0x500ff
 Shutdown Type: power off
 Comment: 

Event[196]:
  Log Name: System
  Source: Service Control Manager
  Date: 2016-05-15T15:19:05.600
  Event ID: 7036
  Task: N/A
  Level: Information
  Opcode: N/A
  Keyword: Classic
  User: N/A
  User Name: N/A
  Computer: Kot
  Description: 
The Multimedia Class Scheduler service entered the running state.

Event[197]:
  Log Name: System
  Source: USER32
  Date: 2016-05-15T15:19:01.000
  Event ID: 1074
  Task: N/A
  Level: Information
  Opcode: N/A
  Keyword: Classic
  User: S-1-5-21-1345753643-328560084-4052943262-1000
  User Name: Kot\Kotek
  Computer: Kot
  Description: 
The process Explorer.EXE has initiated the power off of computer KOT on behalf of user Kot\Kotek for the following reason: Other (Unplanned)
 Reason Code: 0x0
 Shutdown Type: power off
 Comment: 

Event[198]:
  Log Name: System
  Source: Service Control Manager
  Date: 2016-05-15T15:18:17.787
  Event ID: 7036
  Task: N/A
  Level: Information
  Opcode: N/A
  Keyword: Classic
  User: N/A
  User Name: N/A
  Computer: Kot
  Description: 
The Multimedia Class Scheduler service entered the stopped state.

Event[199]:
  Log Name: System
  Source: Service Control Manager
  Date: 2016-05-15T15:13:02.889
  Event ID: 7036
  Task: N/A
  Level: Information
  Opcode: N/A
  Keyword: Classic
  User: N/A
  User Name: N/A
  Computer: Kot
  Description: 
The Multimedia Class Scheduler service entered the running state.

Event[200]:
  Log Name: System
  Source: Service Control Manager
  Date: 2016-05-15T14:52:09.894
  Event ID: 7036
  Task: N/A
  Level: Information
  Opcode: N/A
  Keyword: Classic
  User: N/A
  User Name: N/A
  Computer: Kot
  Description: 
The Multimedia Class Scheduler service entered the stopped state.

Event[201]:
  Log Name: System
  Source: Service Control Manager
  Date: 2016-05-15T14:47:09.366
  Event ID: 7036
  Task: N/A
  Level: Information
  Opcode: N/A
  Keyword: Classic
  User: N/A
  User Name: N/A
  Computer: Kot
  Description: 
The Multimedia Class Scheduler service entered the running state.

Event[202]:
  Log Name: System
  Source: Service Control Manager
  Date: 2016-05-15T13:28:40.929
  Event ID: 7036
  Task: N/A
  Level: Information
  Opcode: N/A
  Keyword: Classic
  User: N/A
  User Name: N/A
  Computer: Kot
  Description: 
The Multimedia Class Scheduler service entered the stopped state.

Event[203]:
  Log Name: System
  Source: Service Control Manager
  Date: 2016-05-15T13:23:39.194
  Event ID: 7036
  Task: N/A
  Level: Information
  Opcode: N/A
  Keyword: Classic
  User: N/A
  User Name: N/A
  Computer: Kot
  Description: 
The Multimedia Class Scheduler service entered the running state.

Event[204]:
  Log Name: System
  Source: Service Control Manager
  Date: 2016-05-15T12:45:47.845
  Event ID: 7036
  Task: N/A
  Level: Information
  Opcode: N/A
  Keyword: Classic
  User: N/A
  User Name: N/A
  Computer: Kot
  Description: 
The Application Experience service entered the stopped state.

Event[205]:
  Log Name: System
  Source: Service Control Manager
  Date: 2016-05-15T12:35:47.834
  Event ID: 7036
  Task: N/A
  Level: Information
  Opcode: N/A
  Keyword: Classic
  User: N/A
  User Name: N/A
  Computer: Kot
  Description: 
The Application Experience service entered the running state.

Event[206]:
  Log Name: System
  Source: Service Control Manager
  Date: 2016-05-15T12:13:37.581
  Event ID: 7036
  Task: N/A
  Level: Information
  Opcode: N/A
  Keyword: Classic
  User: N/A
  User Name: N/A
  Computer: Kot
  Description: 
The Diagnostic System Host service entered the stopped state.

Event[207]:
  Log Name: System
  Source: EventLog
  Date: 2016-05-15T12:00:05.000
  Event ID: 6013
  Task: N/A
  Level: Information
  Opcode: N/A
  Keyword: Classic
  User: N/A
  User Name: N/A
  Computer: Kot
  Description: 
The system uptime is 1630 seconds.

Event[208]:
  Log Name: System
  Source: Service Control Manager
  Date: 2016-05-15T11:55:29.202
  Event ID: 7036
  Task: N/A
  Level: Information
  Opcode: N/A
  Keyword: Classic
  User: N/A
  User Name: N/A
  Computer: Kot
  Description: 
The Application Experience service entered the stopped state.

Event[209]:
  Log Name: System
  Source: Service Control Manager
  Date: 2016-05-15T11:46:53.958
  Event ID: 7036
  Task: N/A
  Level: Information
  Opcode: N/A
  Keyword: Classic
  User: N/A
  User Name: N/A
  Computer: Kot
  Description: 
The Problem Reports and Solutions Control Panel Support service entered the stopped state.

Event[210]:
  Log Name: System
  Source: Service Control Manager
  Date: 2016-05-15T11:46:28.246
  Event ID: 7036
  Task: N/A
  Level: Information
  Opcode: N/A
  Keyword: Classic
  User: N/A
  User Name: N/A
  Computer: Kot
  Description: 
The Problem Reports and Solutions Control Panel Support service entered the running state.

Event[211]:
  Log Name: System
  Source: Service Control Manager
  Date: 2016-05-15T11:43:11.424
  Event ID: 7036
  Task: N/A
  Level: Information
  Opcode: N/A
  Keyword: Classic
  User: N/A
  User Name: N/A
  Computer: Kot
  Description: 
The Software Protection service entered the stopped state.

Event[212]:
  Log Name: System
  Source: Service Control Manager
  Date: 2016-05-15T11:40:43.512
  Event ID: 7036
  Task: N/A
  Level: Information
  Opcode: N/A
  Keyword: Classic
  User: N/A
  User Name: N/A
  Computer: Kot
  Description: 
The Multimedia Class Scheduler service entered the stopped state.

Event[213]:
  Log Name: System
  Source: Service Control Manager
  Date: 2016-05-15T11:40:26.929
  Event ID: 7036
  Task: N/A
  Level: Information
  Opcode: N/A
  Keyword: Classic
  User: N/A
  User Name: N/A
  Computer: Kot
  Description: 
The Windows Time service entered the running state.

Event[214]:
  Log Name: System
  Source: Service Control Manager
  Date: 2016-05-15T11:37:25.810
  Event ID: 7036
  Task: N/A
  Level: Information
  Opcode: N/A
  Keyword: Classic
  User: N/A
  User Name: N/A
  Computer: Kot
  Description: 
The Windows Update service entered the running state.

Event[215]:
  Log Name: System
  Source: Service Control Manager
  Date: 2016-05-15T11:37:09.450
  Event ID: 7036
  Task: N/A
  Level: Information
  Opcode: N/A
  Keyword: Classic
  User: N/A
  User Name: N/A
  Computer: Kot
  Description: 
The Windows Defender service entered the running state.

Event[216]:
  Log Name: System
  Source: Service Control Manager
  Date: 2016-05-15T11:37:00.049
  Event ID: 7036
  Task: N/A
  Level: Information
  Opcode: N/A
  Keyword: Classic
  User: N/A
  User Name: N/A
  Computer: Kot
  Description: 
The Windows Error Reporting Service service entered the stopped state.

Event[217]:
  Log Name: System
  Source: Service Control Manager
  Date: 2016-05-15T11:36:13.125
  Event ID: 7036
  Task: N/A
  Level: Information
  Opcode: N/A
  Keyword: Classic
  User: N/A
  User Name: N/A
  Computer: Kot
  Description: 
The Portable Device Enumerator Service service entered the stopped state.

Event[218]:
  Log Name: System
  Source: Service Control Manager
  Date: 2016-05-15T11:36:03.834
  Event ID: 7036
  Task: N/A
  Level: Information
  Opcode: N/A
  Keyword: Classic
  User: N/A
  User Name: N/A
  Computer: Kot
  Description: 
The Service Google Update (gupdate) service entered the stopped state.

Event[219]:
  Log Name: System
  Source: Service Control Manager
  Date: 2016-05-15T11:36:03.632
  Event ID: 7036
  Task: N/A
  Level: Information
  Opcode: N/A
  Keyword: Classic
  User: N/A
  User Name: N/A
  Computer: Kot
  Description: 
The Service Google Update (gupdate) service entered the running state.

Event[220]:
  Log Name: System
  Source: Service Control Manager
  Date: 2016-05-15T11:36:03.057
  Event ID: 7036
  Task: N/A
  Level: Information
  Opcode: N/A
  Keyword: Classic
  User: N/A
  User Name: N/A
  Computer: Kot
  Description: 
The Microsoft .NET Framework NGEN v4.0.30319_X64 service entered the stopped state.

Event[221]:
  Log Name: System
  Source: Service Control Manager
  Date: 2016-05-15T11:36:03.057
  Event ID: 7036
  Task: N/A
  Level: Information
  Opcode: N/A
  Keyword: Classic
  User: N/A
  User Name: N/A
  Computer: Kot
  Description: 
The Microsoft .NET Framework NGEN v4.0.30319_X64 service entered the running state.

Event[222]:
  Log Name: System
  Source: Service Control Manager
  Date: 2016-05-15T11:36:02.031
  Event ID: 7036
  Task: N/A
  Level: Information
  Opcode: N/A
  Keyword: Classic
  User: N/A
  User Name: N/A
  Computer: Kot
  Description: 
The Microsoft .NET Framework NGEN v4.0.30319_X86 service entered the stopped state.

Event[223]:
  Log Name: System
  Source: Service Control Manager
  Date: 2016-05-15T11:36:02.031
  Event ID: 7036
  Task: N/A
  Level: Information
  Opcode: N/A
  Keyword: Classic
  User: N/A
  User Name: N/A
  Computer: Kot
  Description: 
The Microsoft .NET Framework NGEN v4.0.30319_X86 service entered the running state.

Event[224]:
  Log Name: System
  Source: Service Control Manager
  Date: 2016-05-15T11:35:52.125
  Event ID: 7036
  Task: N/A
  Level: Information
  Opcode: N/A
  Keyword: Classic
  User: N/A
  User Name: N/A
  Computer: Kot
  Description: 
The Application Experience service entered the running state.

Event[225]:
  Log Name: System
  Source: Service Control Manager
  Date: 2016-05-15T11:35:37.774
  Event ID: 7036
  Task: N/A
  Level: Information
  Opcode: N/A
  Keyword: Classic
  User: N/A
  User Name: N/A
  Computer: Kot
  Description: 
The Steam Client Service service entered the running state.

Event[226]:
  Log Name: System
  Source: Microsoft-Windows-WMPNSS-Service
  Date: 2016-05-15T11:35:03.000
  Event ID: 14206
  Task: N/A
  Level: Information
  Opcode: N/A
  Keyword: Classic
  User: N/A
  User Name: N/A
  Computer: Kot
  Description: 
Media server 'KOT: Kotek:' was successfully initialized and is sharing media with network media devices.

Event[227]:
  Log Name: System
  Source: Service Control Manager
  Date: 2016-05-15T11:35:01.717
  Event ID: 7036
  Task: N/A
  Level: Information
  Opcode: N/A
  Keyword: Classic
  User: N/A
  User Name: N/A
  Computer: Kot
  Description: 
The UPnP Device Host service entered the running state.

Event[228]:
  Log Name: System
  Source: Service Control Manager
  Date: 2016-05-15T11:35:00.038
  Event ID: 7036
  Task: N/A
  Level: Information
  Opcode: N/A
  Keyword: Classic
  User: N/A
  User Name: N/A
  Computer: Kot
  Description: 
The Windows Error Reporting Service service entered the running state.

Event[229]:
  Log Name: System
  Source: Microsoft-Windows-DistributedCOM
  Date: 2016-05-15T11:34:35.000
  Event ID: 10010
  Task: N/A
  Level: Error
  Opcode: N/A
  Keyword: Classic
  User: N/A
  User Name: N/A
  Computer: Kot
  Description: 
The server {995C996E-D918-4A8C-A302-45719A6F4EA7} did not register with DCOM within the required timeout.

Event[230]:
  Log Name: System
  Source: Service Control Manager
  Date: 2016-05-15T11:34:27.967
  Event ID: 7036
  Task: N/A
  Level: Information
  Opcode: N/A
  Keyword: Classic
  User: N/A
  User Name: N/A
  Computer: Kot
  Description: 
The Peer Networking Grouping service entered the running state.

Event[231]:
  Log Name: System
  Source: Service Control Manager
  Date: 2016-05-15T11:34:27.952
  Event ID: 7036
  Task: N/A
  Level: Information
  Opcode: N/A
  Keyword: Classic
  User: N/A
  User Name: N/A
  Computer: Kot
  Description: 
The Peer Name Resolution Protocol service entered the running state.

Event[232]:
  Log Name: System
  Source: Service Control Manager
  Date: 2016-05-15T11:34:27.843
  Event ID: 7036
  Task: N/A
  Level: Information
  Opcode: N/A
  Keyword: Classic
  User: N/A
  User Name: N/A
  Computer: Kot
  Description: 
The Peer Networking Identity Manager service entered the running state.

Event[233]:
  Log Name: System
  Source: Service Control Manager
  Date: 2016-05-15T11:34:25.409
  Event ID: 7036
  Task: N/A
  Level: Information
  Opcode: N/A
  Keyword: Classic
  User: N/A
  User Name: N/A
  Computer: Kot
  Description: 
The HomeGroup Listener service entered the running state.

Event[234]:
  Log Name: System
  Source: Service Control Manager
  Date: 2016-05-15T11:34:25.191
  Event ID: 7036
  Task: N/A
  Level: Information
  Opcode: N/A
  Keyword: Classic
  User: N/A
  User Name: N/A
  Computer: Kot
  Description: 
The HomeGroup Provider service entered the running state.

Event[235]:
  Log Name: System
  Source: Service Control Manager
  Date: 2016-05-15T11:34:25.175
  Event ID: 7036
  Task: N/A
  Level: Information
  Opcode: N/A
  Keyword: Classic
  User: N/A
  User Name: N/A
  Computer: Kot
  Description: 
The Function Discovery Resource Publication service entered the running state.

Event[236]:
  Log Name: System
  Source: Service Control Manager
  Date: 2016-05-15T11:34:24.504
  Event ID: 7036
  Task: N/A
  Level: Information
  Opcode: N/A
  Keyword: Classic
  User: N/A
  User Name: N/A
  Computer: Kot
  Description: 
The Function Discovery Provider Host service entered the running state.

Event[237]:
  Log Name: System
  Source: Service Control Manager
  Date: 2016-05-15T11:34:24.005
  Event ID: 7036
  Task: N/A
  Level: Information
  Opcode: N/A
  Keyword: Classic
  User: N/A
  User Name: N/A
  Computer: Kot
  Description: 
The Windows Search service entered the running state.

Event[238]:
  Log Name: System
  Source: Microsoft-Windows-Application-Experience
  Date: 2016-05-15T11:34:16.173
  Event ID: 206
  Task: N/A
  Level: Information
  Opcode: Info
  Keyword: N/A
  User: S-1-5-18
  User Name: NT AUTHORITY\SYSTEM
  Computer: Kot
  Description: 
The Program Compatibility Assistant service successfully performed phase two initialization.

Event[239]:
  Log Name: System
  Source: Service Control Manager
  Date: 2016-05-15T11:34:16.153
  Event ID: 7036
  Task: N/A
  Level: Information
  Opcode: N/A
  Keyword: Classic
  User: N/A
  User Name: N/A
  Computer: Kot
  Description: 
The Windows Media Player Network Sharing Service service entered the running state.

Event[240]:
  Log Name: System
  Source: Microsoft-Windows-WMPNSS-Service
  Date: 2016-05-15T11:34:16.000
  Event ID: 14204
  Task: N/A
  Level: Information
  Opcode: N/A
  Keyword: Classic
  User: N/A
  User Name: N/A
  Computer: Kot
  Description: 
Service 'WMPNetworkSvc' started.

Event[241]:
  Log Name: System
  Source: Service Control Manager
  Date: 2016-05-15T11:34:14.653
  Event ID: 7036
  Task: N/A
  Level: Information
  Opcode: N/A
  Keyword: Classic
  User: N/A
  User Name: N/A
  Computer: Kot
  Description: 
The Remote Desktop Services UserMode Port Redirector service entered the running state.

Event[242]:
  Log Name: System
  Source: Service Control Manager
  Date: 2016-05-15T11:34:13.113
  Event ID: 7036
  Task: N/A
  Level: Information
  Opcode: N/A
  Keyword: Classic
  User: N/A
  User Name: N/A
  Computer: Kot
  Description: 
The Portable Device Enumerator Service service entered the running state.

Event[243]:
  Log Name: System
  Source: Service Control Manager
  Date: 2016-05-15T11:34:05.643
  Event ID: 7036
  Task: N/A
  Level: Information
  Opcode: N/A
  Keyword: Classic
  User: N/A
  User Name: N/A
  Computer: Kot
  Description: 
The Remote Desktop Configuration service entered the running state.

Event[244]:
  Log Name: System
  Source: Service Control Manager
  Date: 2016-05-15T11:34:05.603
  Event ID: 7036
  Task: N/A
  Level: Information
  Opcode: N/A
  Keyword: Classic
  User: N/A
  User Name: N/A
  Computer: Kot
  Description: 
The Certificate Propagation service entered the running state.

Event[245]:
  Log Name: System
  Source: Service Control Manager
  Date: 2016-05-15T11:34:05.493
  Event ID: 7036
  Task: N/A
  Level: Information
  Opcode: N/A
  Keyword: Classic
  User: N/A
  User Name: N/A
  Computer: Kot
  Description: 
The SSDP Discovery service entered the running state.

Event[246]:
  Log Name: System
  Source: Service Control Manager
  Date: 2016-05-15T11:34:04.823
  Event ID: 7036
  Task: N/A
  Level: Information
  Opcode: N/A
  Keyword: Classic
  User: N/A
  User Name: N/A
  Computer: Kot
  Description: 
The Diagnostic System Host service entered the running state.

Event[247]:
  Log Name: System
  Source: Service Control Manager
  Date: 2016-05-15T11:34:04.793
  Event ID: 7036
  Task: N/A
  Level: Information
  Opcode: N/A
  Keyword: Classic
  User: N/A
  User Name: N/A
  Computer: Kot
  Description: 
The Background Intelligent Transfer Service service entered the running state.

Event[248]:
  Log Name: System
  Source: Service Control Manager
  Date: 2016-05-15T11:34:04.633
  Event ID: 7036
  Task: N/A
  Level: Information
  Opcode: N/A
  Keyword: Classic
  User: N/A
  User Name: N/A
  Computer: Kot
  Description: 
The Network Connections service entered the running state.

Event[249]:
  Log Name: System
  Source: Service Control Manager
  Date: 2016-05-15T11:34:04.613
  Event ID: 7036
  Task: N/A
  Level: Information
  Opcode: N/A
  Keyword: Classic
  User: N/A
  User Name: N/A
  Computer: Kot
  Description: 
The Network List Service service entered the running state.

Event[250]:
  Log Name: System
  Source: Service Control Manager
  Date: 2016-05-15T11:34:04.603
  Event ID: 7036
  Task: N/A
  Level: Information
  Opcode: N/A
  Keyword: Classic
  User: N/A
  User Name: N/A
  Computer: Kot
  Description: 
The Human Interface Device Access service entered the running state.

Event[251]:
  Log Name: System
  Source: Service Control Manager
  Date: 2016-05-15T11:34:04.603
  Event ID: 7036
  Task: N/A
  Level: Information
  Opcode: N/A
  Keyword: Classic
  User: N/A
  User Name: N/A
  Computer: Kot
  Description: 
The Remote Desktop Services service entered the running state.

Event[252]:
  Log Name: System
  Source: Service Control Manager
  Date: 2016-05-15T11:34:04.603
  Event ID: 7036
  Task: N/A
  Level: Information
  Opcode: N/A
  Keyword: Classic
  User: N/A
  User Name: N/A
  Computer: Kot
  Description: 
The Software Protection service entered the running state.

Event[253]:
  Log Name: System
  Source: Service Control Manager
  Date: 2016-05-15T11:34:04.603
  Event ID: 7036
  Task: N/A
  Level: Information
  Opcode: N/A
  Keyword: Classic
  User: N/A
  User Name: N/A
  Computer: Kot
  Description: 
The Security Center service entered the running state.

Event[254]:
  Log Name: System
  Source: Service Control Manager
  Date: 2016-05-15T11:34:00.463
  Event ID: 7036
  Task: N/A
  Level: Information
  Opcode: N/A
  Keyword: Classic
  User: N/A
  User Name: N/A
  Computer: Kot
  Description: 
The Application Information service entered the running state.

Event[255]:
  Log Name: System
  Source: Service Control Manager
  Date: 2016-05-15T11:34:00.463
  Event ID: 7036
  Task: N/A
  Level: Information
  Opcode: N/A
  Keyword: Classic
  User: N/A
  User Name: N/A
  Computer: Kot
  Description: 
The Diagnostic Service Host service entered the running state.

Event[256]:
  Log Name: System
  Source: Service Control Manager
  Date: 2016-05-15T11:34:00.453
  Event ID: 7036
  Task: N/A
  Level: Information
  Opcode: N/A
  Keyword: Classic
  User: N/A
  User Name: N/A
  Computer: Kot
  Description: 
The Windows Time service entered the stopped state.

Event[257]:
  Log Name: System
  Source: Service Control Manager
  Date: 2016-05-15T11:34:00.453
  Event ID: 7036
  Task: N/A
  Level: Information
  Opcode: N/A
  Keyword: Classic
  User: N/A
  User Name: N/A
  Computer: Kot
  Description: 
The WinHTTP Web Proxy Auto-Discovery Service service entered the running state.

Event[258]:
  Log Name: System
  Source: Service Control Manager
  Date: 2016-05-15T11:34:00.443
  Event ID: 7042
  Task: N/A
  Level: Information
  Opcode: N/A
  Keyword: Classic
  User: S-1-5-18
  User Name: NT AUTHORITY\SYSTEM
  Computer: Kot
  Description: 
The Windows Time service was successfully sent a stop control.

 The reason specified was: 0x40030011 [Operating System: Network Connectivity (Planned)]

 Comment: None

Event[259]:
  Log Name: System
  Source: Service Control Manager
  Date: 2016-05-15T11:34:00.443
  Event ID: 7026
  Task: N/A
  Level: Error
  Opcode: N/A
  Keyword: Classic
  User: N/A
  User Name: N/A
  Computer: Kot
  Description: 
The following boot-start or system-start driver(s) failed to load: 
VirtDiskBus

Event[260]:
  Log Name: System
  Source: Service Control Manager
  Date: 2016-05-15T11:34:00.433
  Event ID: 7036
  Task: N/A
  Level: Information
  Opcode: N/A
  Keyword: Classic
  User: N/A
  User Name: N/A
  Computer: Kot
  Description: 
The VMware Agent Service service entered the running state.

Event[261]:
  Log Name: System
  Source: Service Control Manager
  Date: 2016-05-15T11:33:54.847
  Event ID: 7036
  Task: N/A
  Level: Information
  Opcode: N/A
  Keyword: Classic
  User: N/A
  User Name: N/A
  Computer: Kot
  Description: 
The VMware Authorization Service service entered the running state.

Event[262]:
  Log Name: System
  Source: Service Control Manager
  Date: 2016-05-15T11:33:48.107
  Event ID: 7036
  Task: N/A
  Level: Information
  Opcode: N/A
  Keyword: Classic
  User: N/A
  User Name: N/A
  Computer: Kot
  Description: 
The IP Helper service entered the running state.

Event[263]:
  Log Name: System
  Source: Service Control Manager
  Date: 2016-05-15T11:33:47.951
  Event ID: 7036
  Task: N/A
  Level: Information
  Opcode: N/A
  Keyword: Classic
  User: N/A
  User Name: N/A
  Computer: Kot
  Description: 
The VMware DHCP Service service entered the running state.

Event[264]:
  Log Name: System
  Source: Service Control Manager
  Date: 2016-05-15T11:33:47.858
  Event ID: 7036
  Task: N/A
  Level: Information
  Opcode: N/A
  Keyword: Classic
  User: N/A
  User Name: N/A
  Computer: Kot
  Description: 
The Windows Management Instrumentation service entered the running state.

Event[265]:
  Log Name: System
  Source: Service Control Manager
  Date: 2016-05-15T11:33:47.795
  Event ID: 7036
  Task: N/A
  Level: Information
  Opcode: N/A
  Keyword: Classic
  User: N/A
  User Name: N/A
  Computer: Kot
  Description: 
The Windows Time service entered the running state.

Event[266]:
  Log Name: System
  Source: Service Control Manager
  Date: 2016-05-15T11:33:47.764
  Event ID: 7036
  Task: N/A
  Level: Information
  Opcode: N/A
  Keyword: Classic
  User: N/A
  User Name: N/A
  Computer: Kot
  Description: 
The Microsoft Office ClickToRun Service service entered the running state.

Event[267]:
  Log Name: System
  Source: Service Control Manager
  Date: 2016-05-15T11:33:47.655
  Event ID: 7036
  Task: N/A
  Level: Information
  Opcode: N/A
  Keyword: Classic
  User: N/A
  User Name: N/A
  Computer: Kot
  Description: 
The VMware NAT Service service entered the running state.

Event[268]:
  Log Name: System
  Source: Service Control Manager
  Date: 2016-05-15T11:33:47.468
  Event ID: 7036
  Task: N/A
  Level: Information
  Opcode: N/A
  Keyword: Classic
  User: N/A
  User Name: N/A
  Computer: Kot
  Description: 
The VMware USB Arbitration Service service entered the running state.

Event[269]:
  Log Name: System
  Source: VMnetuserif
  Date: 2016-05-15T11:33:46.282
  Event ID: 4
  Task: N/A
  Level: Information
  Opcode: N/A
  Keyword: Classic
  User: N/A
  User Name: N/A
  Computer: Kot
  Description: 
(\Device\VMnetUserif) Driver entry exiting with status 0  

Event[270]:
  Log Name: System
  Source: VMnetuserif
  Date: 2016-05-15T11:33:46.282
  Event ID: 1
  Task: N/A
  Level: Information
  Opcode: N/A
  Keyword: Classic
  User: N/A
  User Name: N/A
  Computer: Kot
  Description: 
() Starting up the User Interface Driver for VMware Virtual Networks

Event[271]:
  Log Name: System
  Source: Service Control Manager
  Date: 2016-05-15T11:33:44.488
  Event ID: 7036
  Task: N/A
  Level: Information
  Opcode: N/A
  Keyword: Classic
  User: N/A
  User Name: N/A
  Computer: Kot
  Description: 
The Windows Image Acquisition (WIA) service entered the running state.

Event[272]:
  Log Name: System
  Source: Service Control Manager
  Date: 2016-05-15T11:33:44.426
  Event ID: 7036
  Task: N/A
  Level: Information
  Opcode: N/A
  Keyword: Classic
  User: N/A
  User Name: N/A
  Computer: Kot
  Description: 
The Distributed Link Tracking Client service entered the running state.

Event[273]:
  Log Name: System
  Source: Service Control Manager
  Date: 2016-05-15T11:33:44.426
  Event ID: 7036
  Task: N/A
  Level: Information
  Opcode: N/A
  Keyword: Classic
  User: N/A
  User Name: N/A
  Computer: Kot
  Description: 
The Superfetch service entered the running state.

Event[274]:
  Log Name: System
  Source: Service Control Manager
  Date: 2016-05-15T11:33:39.665
  Event ID: 7036
  Task: N/A
  Level: Information
  Opcode: N/A
  Keyword: Classic
  User: N/A
  User Name: N/A
  Computer: Kot
  Description: 
The Diagnostics Tracking Service service entered the running state.

Event[275]:
  Log Name: System
  Source: Service Control Manager
  Date: 2016-05-15T11:33:37.559
  Event ID: 7036
  Task: N/A
  Level: Information
  Opcode: N/A
  Keyword: Classic
  User: N/A
  User Name: N/A
  Computer: Kot
  Description: 
The Diagnostic Policy Service service entered the running state.

Event[276]:
  Log Name: System
  Source: Service Control Manager
  Date: 2016-05-15T11:33:37.559
  Event ID: 7036
  Task: N/A
  Level: Information
  Opcode: N/A
  Keyword: Classic
  User: N/A
  User Name: N/A
  Computer: Kot
  Description: 
The Program Compatibility Assistant Service service entered the running state.

Event[277]:
  Log Name: System
  Source: Microsoft-Windows-Application-Experience
  Date: 2016-05-15T11:33:37.559
  Event ID: 201
  Task: N/A
  Level: Information
  Opcode: Info
  Keyword: N/A
  User: S-1-5-18
  User Name: NT AUTHORITY\SYSTEM
  Computer: Kot
  Description: 
The Program Compatibility Assistant service started successfully.

Event[278]:
  Log Name: System
  Source: Service Control Manager
  Date: 2016-05-15T11:33:37.496
  Event ID: 7036
  Task: N/A
  Level: Information
  Opcode: N/A
  Keyword: Classic
  User: N/A
  User Name: N/A
  Computer: Kot
  Description: 
The Cryptographic Services service entered the running state.

Event[279]:
  Log Name: System
  Source: Service Control Manager
  Date: 2016-05-15T11:33:36.966
  Event ID: 7036
  Task: N/A
  Level: Information
  Opcode: N/A
  Keyword: Classic
  User: N/A
  User Name: N/A
  Computer: Kot
  Description: 
The Adobe Acrobat Update Service service entered the running state.

Event[280]:
  Log Name: System
  Source: Service Control Manager
  Date: 2016-05-15T11:33:28.994
  Event ID: 7036
  Task: N/A
  Level: Information
  Opcode: N/A
  Keyword: Classic
  User: N/A
  User Name: N/A
  Computer: Kot
  Description: 
The Computer Browser service entered the running state.

Event[281]:
  Log Name: System
  Source: Service Control Manager
  Date: 2016-05-15T11:33:28.994
  Event ID: 7036
  Task: N/A
  Level: Information
  Opcode: N/A
  Keyword: Classic
  User: N/A
  User Name: N/A
  Computer: Kot
  Description: 
The Server service entered the running state.

Event[282]:
  Log Name: System
  Source: Service Control Manager
  Date: 2016-05-15T11:33:28.417
  Event ID: 7036
  Task: N/A
  Level: Information
  Opcode: N/A
  Keyword: Classic
  User: N/A
  User Name: N/A
  Computer: Kot
  Description: 
The WebClient service entered the running state.

Event[283]:
  Log Name: System
  Source: Service Control Manager
  Date: 2016-05-15T11:33:27.388
  Event ID: 7036
  Task: N/A
  Level: Information
  Opcode: N/A
  Keyword: Classic
  User: N/A
  User Name: N/A
  Computer: Kot
  Description: 
The Workstation service entered the running state.

Event[284]:
  Log Name: System
  Source: Service Control Manager
  Date: 2016-05-15T11:33:27.294
  Event ID: 7036
  Task: N/A
  Level: Information
  Opcode: N/A
  Keyword: Classic
  User: N/A
  User Name: N/A
  Computer: Kot
  Description: 
The Windows Firewall service entered the running state.

Event[285]:
  Log Name: System
  Source: Service Control Manager
  Date: 2016-05-15T11:33:26.935
  Event ID: 7036
  Task: N/A
  Level: Information
  Opcode: N/A
  Keyword: Classic
  User: N/A
  User Name: N/A
  Computer: Kot
  Description: 
The Base Filtering Engine service entered the running state.

Event[286]:
  Log Name: System
  Source: Service Control Manager
  Date: 2016-05-15T11:33:26.857
  Event ID: 7036
  Task: N/A
  Level: Information
  Opcode: N/A
  Keyword: Classic
  User: N/A
  User Name: N/A
  Computer: Kot
  Description: 
The Print Spooler service entered the running state.

Event[287]:
  Log Name: System
  Source: Service Control Manager
  Date: 2016-05-15T11:33:26.608
  Event ID: 7036
  Task: N/A
  Level: Information
  Opcode: N/A
  Keyword: Classic
  User: N/A
  User Name: N/A
  Computer: Kot
  Description: 
The Task Scheduler service entered the running state.

Event[288]:
  Log Name: System
  Source: Service Control Manager
  Date: 2016-05-15T11:33:25.952
  Event ID: 7036
  Task: N/A
  Level: Information
  Opcode: N/A
  Keyword: Classic
  User: N/A
  User Name: N/A
  Computer: Kot
  Description: 
The Avast Antivirus service entered the running state.

Event[289]:
  Log Name: System
  Source: Service Control Manager
  Date: 2016-05-15T11:33:25.406
  Event ID: 7036
  Task: N/A
  Level: Information
  Opcode: N/A
  Keyword: Classic
  User: N/A
  User Name: N/A
  Computer: Kot
  Description: 
The Shell Hardware Detection service entered the running state.

Event[290]:
  Log Name: System
  Source: Microsoft-Windows-Winlogon
  Date: 2016-05-15T11:33:22.661
  Event ID: 7001
  Task: N/A
  Level: Information
  Opcode: Info
  Keyword: N/A
  User: S-1-5-18
  User Name: NT AUTHORITY\SYSTEM
  Computer: Kot
  Description: 
User Logon Notification for Customer Experience Improvement Program

Event[291]:
  Log Name: System
  Source: Microsoft-Windows-WLAN-AutoConfig
  Date: 2016-05-15T11:33:22.458
  Event ID: 4000
  Task: N/A
  Level: Information
  Opcode: Start
  Keyword: N/A
  User: S-1-5-18
  User Name: NT AUTHORITY\SYSTEM
  Computer: Kot
  Description: 
WLAN AutoConfig service has successfully started.


Event[292]:
  Log Name: System
  Source: Service Control Manager
  Date: 2016-05-15T11:33:22.458
  Event ID: 7036
  Task: N/A
  Level: Information
  Opcode: N/A
  Keyword: Classic
  User: N/A
  User Name: N/A
  Computer: Kot
  Description: 
The WLAN AutoConfig service entered the running state.

Event[293]:
  Log Name: System
  Source: Service Control Manager
  Date: 2016-05-15T11:33:22.115
  Event ID: 7036
  Task: N/A
  Level: Information
  Opcode: N/A
  Keyword: Classic
  User: N/A
  User Name: N/A
  Computer: Kot
  Description: 
The Wired AutoConfig service entered the running state.

Event[294]:
  Log Name: System
  Source: Service Control Manager
  Date: 2016-05-15T11:33:22.115
  Event ID: 7036
  Task: N/A
  Level: Information
  Opcode: N/A
  Keyword: Classic
  User: N/A
  User Name: N/A
  Computer: Kot
  Description: 
The WWAN AutoConfig service entered the running state.

Event[295]:
  Log Name: System
  Source: Service Control Manager
  Date: 2016-05-15T11:33:21.475
  Event ID: 7036
  Task: N/A
  Level: Information
  Opcode: N/A
  Keyword: Classic
  User: N/A
  User Name: N/A
  Computer: Kot
  Description: 
The Network Location Awareness service entered the running state.

Event[296]:
  Log Name: System
  Source: Service Control Manager
  Date: 2016-05-15T11:33:21.428
  Event ID: 7036
  Task: N/A
  Level: Information
  Opcode: N/A
  Keyword: Classic
  User: N/A
  User Name: N/A
  Computer: Kot
  Description: 
The DNS Client service entered the running state.

Event[297]:
  Log Name: System
  Source: Service Control Manager
  Date: 2016-05-15T11:33:21.257
  Event ID: 7036
  Task: N/A
  Level: Information
  Opcode: N/A
  Keyword: Classic
  User: N/A
  User Name: N/A
  Computer: Kot
  Description: 
The Extensible Authentication Protocol service entered the running state.

Event[298]:
  Log Name: System
  Source: Service Control Manager
  Date: 2016-05-15T11:33:21.257
  Event ID: 7036
  Task: N/A
  Level: Information
  Opcode: N/A
  Keyword: Classic
  User: N/A
  User Name: N/A
  Computer: Kot
  Description: 
The DHCP Client service entered the running state.

Event[299]:
  Log Name: System
  Source: Microsoft-Windows-DHCPv6-Client
  Date: 2016-05-15T11:33:21.241
  Event ID: 51046
  Task: Service State Event
  Level: Information
  Opcode: ServiceStart
  Keyword: N/A
  User: S-1-5-19
  User Name: NT AUTHORITY\LOCAL SERVICE
  Computer: Kot
  Description: 
DHCPv6 client service is started

Event[300]:
  Log Name: System
  Source: Microsoft-Windows-Dhcp-Client
  Date: 2016-05-15T11:33:21.116
  Event ID: 50036
  Task: Service State Event
  Level: Information
  Opcode: ServiceStart
  Keyword: N/A
  User: S-1-5-19
  User Name: NT AUTHORITY\LOCAL SERVICE
  Computer: Kot
  Description: 
DHCPv4 client service is started

Event[301]:
  Log Name: System
  Source: Service Control Manager
  Date: 2016-05-15T11:33:21.116
  Event ID: 7036
  Task: N/A
  Level: Information
  Opcode: N/A
  Keyword: Classic
  User: N/A
  User Name: N/A
  Computer: Kot
  Description: 
The TCP/IP NetBIOS Helper service entered the running state.

Event[302]:
  Log Name: System
  Source: Service Control Manager
  Date: 2016-05-15T11:33:21.070
  Event ID: 7036
  Task: N/A
  Level: Information
  Opcode: N/A
  Keyword: Classic
  User: N/A
  User Name: N/A
  Computer: Kot
  Description: 
The Network Store Interface Service service entered the running state.

Event[303]:
  Log Name: System
  Source: Service Control Manager
  Date: 2016-05-15T11:33:21.070
  Event ID: 7036
  Task: N/A
  Level: Information
  Opcode: N/A
  Keyword: Classic
  User: N/A
  User Name: N/A
  Computer: Kot
  Description: 
The CNG Key Isolation service entered the running state.

Event[304]:
  Log Name: System
  Source: Service Control Manager
  Date: 2016-05-15T11:33:21.023
  Event ID: 7036
  Task: N/A
  Level: Information
  Opcode: N/A
  Keyword: Classic
  User: N/A
  User Name: N/A
  Computer: Kot
  Description: 
The Security Accounts Manager service entered the running state.

Event[305]:
  Log Name: System
  Source: Service Control Manager
  Date: 2016-05-15T11:33:21.023
  Event ID: 7036
  Task: N/A
  Level: Information
  Opcode: N/A
  Keyword: Classic
  User: N/A
  User Name: N/A
  Computer: Kot
  Description: 
The Desktop Window Manager Session Manager service entered the running state.

Event[306]:
  Log Name: System
  Source: Service Control Manager
  Date: 2016-05-15T11:33:21.023
  Event ID: 7036
  Task: N/A
  Level: Information
  Opcode: N/A
  Keyword: Classic
  User: N/A
  User Name: N/A
  Computer: Kot
  Description: 
The System Event Notification Service service entered the running state.

Event[307]:
  Log Name: System
  Source: Service Control Manager
  Date: 2016-05-15T11:33:21.023
  Event ID: 7036
  Task: N/A
  Level: Information
  Opcode: N/A
  Keyword: Classic
  User: N/A
  User Name: N/A
  Computer: Kot
  Description: 
The COM+ Event System service entered the running state.

Event[308]:
  Log Name: System
  Source: Service Control Manager
  Date: 2016-05-15T11:33:20.992
  Event ID: 7036
  Task: N/A
  Level: Information
  Opcode: N/A
  Keyword: Classic
  User: N/A
  User Name: N/A
  Computer: Kot
  Description: 
The Group Policy Client service entered the running state.

Event[309]:
  Log Name: System
  Source: Service Control Manager
  Date: 2016-05-15T11:33:20.992
  Event ID: 7036
  Task: N/A
  Level: Information
  Opcode: N/A
  Keyword: Classic
  User: N/A
  User Name: N/A
  Computer: Kot
  Description: 
The User Profile Service service entered the running state.

Event[310]:
  Log Name: System
  Source: Service Control Manager
  Date: 2016-05-15T11:33:20.976
  Event ID: 7036
  Task: N/A
  Level: Information
  Opcode: N/A
  Keyword: Classic
  User: N/A
  User Name: N/A
  Computer: Kot
  Description: 
The Themes service entered the running state.

Event[311]:
  Log Name: System
  Source: Service Control Manager
  Date: 2016-05-15T11:33:20.976
  Event ID: 7036
  Task: N/A
  Level: Information
  Opcode: N/A
  Keyword: Classic
  User: N/A
  User Name: N/A
  Computer: Kot
  Description: 
The Offline Files service entered the running state.

Event[312]:
  Log Name: System
  Source: Service Control Manager
  Date: 2016-05-15T11:33:20.929
  Event ID: 7036
  Task: N/A
  Level: Information
  Opcode: N/A
  Keyword: Classic
  User: N/A
  User Name: N/A
  Computer: Kot
  Description: 
The Windows Audio service entered the running state.

Event[313]:
  Log Name: System
  Source: Service Control Manager
  Date: 2016-05-15T11:33:20.804
  Event ID: 7036
  Task: N/A
  Level: Information
  Opcode: N/A
  Keyword: Classic
  User: N/A
  User Name: N/A
  Computer: Kot
  Description: 
The Windows Audio Endpoint Builder service entered the running state.

Event[314]:
  Log Name: System
  Source: Service Control Manager
  Date: 2016-05-15T11:33:14.221
  Event ID: 7036
  Task: N/A
  Level: Information
  Opcode: N/A
  Keyword: Classic
  User: N/A
  User Name: N/A
  Computer: Kot
  Description: 
The Multimedia Class Scheduler service entered the running state.

Event[315]:
  Log Name: System
  Source: Service Control Manager
  Date: 2016-05-15T11:33:14.174
  Event ID: 7036
  Task: N/A
  Level: Information
  Opcode: N/A
  Keyword: Classic
  User: N/A
  User Name: N/A
  Computer: Kot
  Description: 
The Windows Font Cache Service service entered the running state.

Event[316]:
  Log Name: System
  Source: Service Control Manager
  Date: 2016-05-15T11:33:14.096
  Event ID: 7036
  Task: N/A
  Level: Information
  Opcode: N/A
  Keyword: Classic
  User: N/A
  User Name: N/A
  Computer: Kot
  Description: 
The Windows Event Log service entered the running state.

Event[317]:
  Log Name: System
  Source: Service Control Manager
  Date: 2016-05-15T11:33:13.972
  Event ID: 7036
  Task: N/A
  Level: Information
  Opcode: N/A
  Keyword: Classic
  User: N/A
  User Name: N/A
  Computer: Kot
  Description: 
The Remote Procedure Call (RPC) service entered the running state.

Event[318]:
