  Log Name: System
  Source: Microsoft-Windows-Kernel-Processor-Power
  Date: 2016-05-11T07:57:25.626
  Event ID: 26
  Task: N/A
  Level: Information
  Opcode: Info
  Keyword: N/A
  User: S-1-5-18
  User Name: NT AUTHORITY\SYSTEM
  Computer: Kot
  Description: 
Processor 6 in group 0 exposes the following:

2 idle state(s)
5 performance state(s)
0 throttle state(s)

Event[1725]:
  Log Name: System
  Source: Microsoft-Windows-Kernel-Processor-Power
  Date: 2016-05-11T07:57:25.626
  Event ID: 26
  Task: N/A
  Level: Information
  Opcode: Info
  Keyword: N/A
  User: S-1-5-18
  User Name: NT AUTHORITY\SYSTEM
  Computer: Kot
  Description: 
Processor 5 in group 0 exposes the following:

2 idle state(s)
5 performance state(s)
0 throttle state(s)

Event[1726]:
  Log Name: System
  Source: Microsoft-Windows-Kernel-Processor-Power
  Date: 2016-05-11T07:57:25.626
  Event ID: 26
  Task: N/A
  Level: Information
  Opcode: Info
  Keyword: N/A
  User: S-1-5-18
  User Name: NT AUTHORITY\SYSTEM
  Computer: Kot
  Description: 
Processor 4 in group 0 exposes the following:

2 idle state(s)
5 performance state(s)
0 throttle state(s)

Event[1727]:
  Log Name: System
  Source: Microsoft-Windows-Kernel-Processor-Power
  Date: 2016-05-11T07:57:25.626
  Event ID: 26
  Task: N/A
  Level: Information
  Opcode: Info
  Keyword: N/A
  User: S-1-5-18
  User Name: NT AUTHORITY\SYSTEM
  Computer: Kot
  Description: 
Processor 3 in group 0 exposes the following:

2 idle state(s)
5 performance state(s)
0 throttle state(s)

Event[1728]:
  Log Name: System
  Source: Microsoft-Windows-Kernel-Processor-Power
  Date: 2016-05-11T07:57:25.626
  Event ID: 26
  Task: N/A
  Level: Information
  Opcode: Info
  Keyword: N/A
  User: S-1-5-18
  User Name: NT AUTHORITY\SYSTEM
  Computer: Kot
  Description: 
Processor 2 in group 0 exposes the following:

2 idle state(s)
5 performance state(s)
0 throttle state(s)

Event[1729]:
  Log Name: System
  Source: Microsoft-Windows-Kernel-Processor-Power
  Date: 2016-05-11T07:57:25.626
  Event ID: 26
  Task: N/A
  Level: Information
  Opcode: Info
  Keyword: N/A
  User: S-1-5-18
  User Name: NT AUTHORITY\SYSTEM
  Computer: Kot
  Description: 
Processor 1 in group 0 exposes the following:

2 idle state(s)
5 performance state(s)
0 throttle state(s)

Event[1730]:
  Log Name: System
  Source: Microsoft-Windows-Kernel-Processor-Power
  Date: 2016-05-11T07:57:25.626
  Event ID: 26
  Task: N/A
  Level: Information
  Opcode: Info
  Keyword: N/A
  User: S-1-5-18
  User Name: NT AUTHORITY\SYSTEM
  Computer: Kot
  Description: 
Processor 0 in group 0 exposes the following:

2 idle state(s)
5 performance state(s)
0 throttle state(s)

Event[1731]:
  Log Name: System
  Source: VMnetAdapter
  Date: 2016-05-11T07:57:24.830
  Event ID: 34
  Task: N/A
  Level: Information
  Opcode: N/A
  Keyword: Classic
  User: N/A
  User Name: N/A
  Computer: Kot
  Description: 
() Driver entry successful.

Event[1732]:
  Log Name: System
  Source: VMnetAdapter
  Date: 2016-05-11T07:57:24.830
  Event ID: 34
  Task: N/A
  Level: Information
  Opcode: N/A
  Keyword: Classic
  User: N/A
  User Name: N/A
  Computer: Kot
  Description: 
() Starting up: FFFFFA80095E2AE0, \REGISTRY\MACHINE\SYSTEM\ControlSet001\services\VMnetAdapter.

Event[1733]:
  Log Name: System
  Source: Microsoft-Windows-FilterManager
  Date: 2016-05-11T07:57:23.660
  Event ID: 6
  Task: N/A
  Level: Information
  Opcode: Info
  Keyword: N/A
  User: S-1-5-18
  User Name: NT AUTHORITY\SYSTEM
  Computer: Kot
  Description: 
File System Filter 'aswSnx' (6.0, ?2016?-?04?-?25T13:39:31.000000000Z) has successfully loaded and registered with Filter Manager.

Event[1734]:
  Log Name: System
  Source: Microsoft-Windows-FilterManager
  Date: 2016-05-11T07:57:23.379
  Event ID: 6
  Task: N/A
  Level: Information
  Opcode: Info
  Keyword: N/A
  User: S-1-5-18
  User Name: NT AUTHORITY\SYSTEM
  Computer: Kot
  Description: 
File System Filter 'aswSP' (6.0, ?2016?-?04?-?25T13:59:07.000000000Z) has successfully loaded and registered with Filter Manager.

Event[1735]:
  Log Name: System
  Source: Microsoft-Windows-FilterManager
  Date: 2016-05-11T07:57:20.400
  Event ID: 6
  Task: N/A
  Level: Information
  Opcode: Info
  Keyword: N/A
  User: S-1-5-18
  User Name: NT AUTHORITY\SYSTEM
  Computer: Kot
  Description: 
File System Filter 'FileInfo' (6.1, ?2009?-?07?-?14T01:34:25.000000000Z) has successfully loaded and registered with Filter Manager.

Event[1736]:
  Log Name: System
  Source: Microsoft-Windows-Kernel-General
  Date: 2016-05-11T07:57:16.921
  Event ID: 12
  Task: N/A
  Level: Information
  Opcode: Info
  Keyword: N/A
  User: S-1-5-18
  User Name: NT AUTHORITY\SYSTEM
  Computer: Kot
  Description: 
The operating system started at system time ?2016?-?05?-?11T05:57:15.595198400Z.

Event[1737]:
  Log Name: System
  Source: Microsoft-Windows-Kernel-General
  Date: 2016-05-11T07:56:53.356
  Event ID: 13
  Task: N/A
  Level: Information
  Opcode: Info
  Keyword: N/A
  User: N/A
  User Name: N/A
  Computer: Kot
  Description: 
The operating system is shutting down at system time ?2016?-?05?-?11T05:56:53.356471200Z.

Event[1738]:
  Log Name: System
  Source: Microsoft-Windows-Kernel-Power
  Date: 2016-05-11T07:56:51.359
  Event ID: 109
  Task: N/A
  Level: Information
  Opcode: Info
  Keyword: N/A
  User: N/A
  User Name: N/A
  Computer: Kot
  Description: 
The kernel power manager has initiated a shutdown transition.

Event[1739]:
  Log Name: System
  Source: Microsoft-Windows-Kernel-Processor-Power
  Date: 2016-05-11T07:56:21.579
  Event ID: 26
  Task: N/A
  Level: Information
  Opcode: Info
  Keyword: N/A
  User: S-1-5-18
  User Name: NT AUTHORITY\SYSTEM
  Computer: Kot
  Description: 
Processor 7 in group 0 exposes the following:

2 idle state(s)
5 performance state(s)
0 throttle state(s)

Event[1740]:
  Log Name: System
  Source: Microsoft-Windows-Kernel-Processor-Power
  Date: 2016-05-11T07:56:21.579
  Event ID: 26
  Task: N/A
  Level: Information
  Opcode: Info
  Keyword: N/A
  User: S-1-5-18
  User Name: NT AUTHORITY\SYSTEM
  Computer: Kot
  Description: 
Processor 6 in group 0 exposes the following:

2 idle state(s)
5 performance state(s)
0 throttle state(s)

Event[1741]:
  Log Name: System
  Source: Microsoft-Windows-Kernel-Processor-Power
  Date: 2016-05-11T07:56:21.579
  Event ID: 26
  Task: N/A
  Level: Information
  Opcode: Info
  Keyword: N/A
  User: S-1-5-18
  User Name: NT AUTHORITY\SYSTEM
  Computer: Kot
  Description: 
Processor 5 in group 0 exposes the following:

2 idle state(s)
5 performance state(s)
0 throttle state(s)

Event[1742]:
  Log Name: System
  Source: Microsoft-Windows-Kernel-Processor-Power
  Date: 2016-05-11T07:56:21.579
  Event ID: 26
  Task: N/A
  Level: Information
  Opcode: Info
  Keyword: N/A
  User: S-1-5-18
  User Name: NT AUTHORITY\SYSTEM
  Computer: Kot
  Description: 
Processor 4 in group 0 exposes the following:

2 idle state(s)
5 performance state(s)
0 throttle state(s)

Event[1743]:
  Log Name: System
  Source: Microsoft-Windows-Kernel-Processor-Power
  Date: 2016-05-11T07:56:21.579
  Event ID: 26
  Task: N/A
  Level: Information
  Opcode: Info
  Keyword: N/A
  User: S-1-5-18
  User Name: NT AUTHORITY\SYSTEM
  Computer: Kot
  Description: 
Processor 3 in group 0 exposes the following:

2 idle state(s)
5 performance state(s)
0 throttle state(s)

Event[1744]:
  Log Name: System
  Source: Microsoft-Windows-Kernel-Processor-Power
  Date: 2016-05-11T07:56:21.579
  Event ID: 26
  Task: N/A
  Level: Information
  Opcode: Info
  Keyword: N/A
  User: S-1-5-18
  User Name: NT AUTHORITY\SYSTEM
  Computer: Kot
  Description: 
Processor 2 in group 0 exposes the following:

2 idle state(s)
5 performance state(s)
0 throttle state(s)

Event[1745]:
  Log Name: System
  Source: Microsoft-Windows-Kernel-Processor-Power
  Date: 2016-05-11T07:56:21.579
  Event ID: 26
  Task: N/A
  Level: Information
  Opcode: Info
  Keyword: N/A
  User: S-1-5-18
  User Name: NT AUTHORITY\SYSTEM
  Computer: Kot
  Description: 
Processor 1 in group 0 exposes the following:

2 idle state(s)
5 performance state(s)
0 throttle state(s)

Event[1746]:
  Log Name: System
  Source: Microsoft-Windows-Kernel-Processor-Power
  Date: 2016-05-11T07:56:21.579
  Event ID: 26
  Task: N/A
  Level: Information
  Opcode: Info
  Keyword: N/A
  User: S-1-5-18
  User Name: NT AUTHORITY\SYSTEM
  Computer: Kot
  Description: 
Processor 0 in group 0 exposes the following:

2 idle state(s)
5 performance state(s)
0 throttle state(s)

Event[1747]:
  Log Name: System
  Source: VMnetAdapter
  Date: 2016-05-11T07:56:20.768
  Event ID: 34
  Task: N/A
  Level: Information
  Opcode: N/A
  Keyword: Classic
  User: N/A
  User Name: N/A
  Computer: Kot
  Description: 
() Driver entry successful.

Event[1748]:
  Log Name: System
  Source: VMnetAdapter
  Date: 2016-05-11T07:56:20.768
  Event ID: 34
  Task: N/A
  Level: Information
  Opcode: N/A
  Keyword: Classic
  User: N/A
  User Name: N/A
  Computer: Kot
  Description: 
() Starting up: FFFFFA80095E0490, \REGISTRY\MACHINE\SYSTEM\ControlSet001\services\VMnetAdapter.

Event[1749]:
  Log Name: System
  Source: Microsoft-Windows-FilterManager
  Date: 2016-05-11T07:56:19.816
  Event ID: 6
  Task: N/A
  Level: Information
  Opcode: Info
  Keyword: N/A
  User: S-1-5-18
  User Name: NT AUTHORITY\SYSTEM
  Computer: Kot
  Description: 
File System Filter 'aswSnx' (6.0, ?2016?-?04?-?25T13:39:31.000000000Z) has successfully loaded and registered with Filter Manager.

Event[1750]:
  Log Name: System
  Source: Microsoft-Windows-FilterManager
  Date: 2016-05-11T07:56:19.535
  Event ID: 6
  Task: N/A
  Level: Information
  Opcode: Info
  Keyword: N/A
  User: S-1-5-18
  User Name: NT AUTHORITY\SYSTEM
  Computer: Kot
  Description: 
File System Filter 'aswSP' (6.0, ?2016?-?04?-?25T13:59:07.000000000Z) has successfully loaded and registered with Filter Manager.

Event[1751]:
  Log Name: System
  Source: Microsoft-Windows-FilterManager
  Date: 2016-05-11T07:56:16.556
  Event ID: 6
  Task: N/A
  Level: Information
  Opcode: Info
  Keyword: N/A
  User: S-1-5-18
  User Name: NT AUTHORITY\SYSTEM
  Computer: Kot
  Description: 
File System Filter 'FileInfo' (6.1, ?2009?-?07?-?14T01:34:25.000000000Z) has successfully loaded and registered with Filter Manager.

Event[1752]:
  Log Name: System
  Source: Microsoft-Windows-Kernel-General
  Date: 2016-05-11T07:56:13.077
  Event ID: 12
  Task: N/A
  Level: Information
  Opcode: Info
  Keyword: N/A
  User: S-1-5-18
  User Name: NT AUTHORITY\SYSTEM
  Computer: Kot
  Description: 
The operating system started at system time ?2016?-?05?-?11T05:56:11.595198400Z.

Event[1753]:
  Log Name: System
  Source: Microsoft-Windows-Kernel-General
  Date: 2016-05-11T00:54:55.347
  Event ID: 13
  Task: N/A
  Level: Information
  Opcode: Info
  Keyword: N/A
  User: N/A
  User Name: N/A
  Computer: Kot
  Description: 
The operating system is shutting down at system time ?2016?-?05?-?10T22:54:55.347859900Z.

Event[1754]:
  Log Name: System
  Source: Microsoft-Windows-Kernel-Power
  Date: 2016-05-11T00:54:50.433
  Event ID: 109
  Task: N/A
  Level: Information
  Opcode: Info
  Keyword: N/A
  User: N/A
  User Name: N/A
  Computer: Kot
  Description: 
The kernel power manager has initiated a shutdown transition.

Event[1755]:
  Log Name: System
  Source: Service Control Manager
  Date: 2016-05-11T00:54:50.012
  Event ID: 7036
  Task: N/A
  Level: Information
  Opcode: N/A
  Keyword: Classic
  User: N/A
  User Name: N/A
  Computer: Kot
  Description: 
The Avast Antivirus service entered the stopped state.

Event[1756]:
  Log Name: System
  Source: Service Control Manager
  Date: 2016-05-11T00:54:49.373
  Event ID: 7036
  Task: N/A
  Level: Information
  Opcode: N/A
  Keyword: Classic
  User: N/A
  User Name: N/A
  Computer: Kot
  Description: 
The Windows Search service entered the stopped state.

Event[1757]:
  Log Name: System
  Source: Service Control Manager
  Date: 2016-05-11T00:54:47.844
  Event ID: 7036
  Task: N/A
  Level: Information
  Opcode: N/A
  Keyword: Classic
  User: N/A
  User Name: N/A
  Computer: Kot
  Description: 
The UPnP Device Host service entered the stopped state.

Event[1758]:
  Log Name: System
  Source: Service Control Manager
  Date: 2016-05-11T00:54:47.688
  Event ID: 7036
  Task: N/A
  Level: Information
  Opcode: N/A
  Keyword: Classic
  User: N/A
  User Name: N/A
  Computer: Kot
  Description: 
The Windows Font Cache Service service entered the stopped state.

Event[1759]:
  Log Name: System
  Source: Service Control Manager
  Date: 2016-05-11T00:54:47.501
  Event ID: 7036
  Task: N/A
  Level: Information
  Opcode: N/A
  Keyword: Classic
  User: N/A
  User Name: N/A
  Computer: Kot
  Description: 
The Superfetch service entered the stopped state.

Event[1760]:
  Log Name: System
  Source: Service Control Manager
  Date: 2016-05-11T00:54:47.485
  Event ID: 7036
  Task: N/A
  Level: Information
  Opcode: N/A
  Keyword: Classic
  User: N/A
  User Name: N/A
  Computer: Kot
  Description: 
The Windows Defender service entered the stopped state.

Event[1761]:
  Log Name: System
  Source: Service Control Manager
  Date: 2016-05-11T00:54:47.360
  Event ID: 7036
  Task: N/A
  Level: Information
  Opcode: N/A
  Keyword: Classic
  User: N/A
  User Name: N/A
  Computer: Kot
  Description: 
The Cryptographic Services service entered the stopped state.

Event[1762]:
  Log Name: System
  Source: Service Control Manager
  Date: 2016-05-11T00:54:47.329
  Event ID: 7036
  Task: N/A
  Level: Information
  Opcode: N/A
  Keyword: Classic
  User: N/A
  User Name: N/A
  Computer: Kot
  Description: 
The Windows Event Log service entered the stopped state.

Event[1763]:
  Log Name: System
  Source: Service Control Manager
  Date: 2016-05-11T00:54:47.142
  Event ID: 7036
  Task: N/A
  Level: Information
  Opcode: N/A
  Keyword: Classic
  User: N/A
  User Name: N/A
  Computer: Kot
  Description: 
The WLAN AutoConfig service entered the stopped state.

Event[1764]:
  Log Name: System
  Source: Microsoft-Windows-WLAN-AutoConfig
  Date: 2016-05-11T00:54:47.142
  Event ID: 4001
  Task: N/A
  Level: Warning
  Opcode: Stop
  Keyword: N/A
  User: S-1-5-18
  User Name: NT AUTHORITY\SYSTEM
  Computer: Kot
  Description: 
WLAN AutoConfig service has successfully stopped.


Event[1765]:
  Log Name: System
  Source: EventLog
  Date: 2016-05-11T07:58:24.000
  Event ID: 6013
  Task: N/A
  Level: Information
  Opcode: N/A
  Keyword: Classic
  User: N/A
  User Name: N/A
  Computer: Kot
  Description: 
The system uptime is 68 seconds.

Event[1766]:
  Log Name: System
  Source: EventLog
  Date: 2016-05-11T07:58:24.000
  Event ID: 6005
  Task: N/A
  Level: Information
  Opcode: N/A
  Keyword: Classic
  User: N/A
  User Name: N/A
  Computer: Kot
  Description: 
The Event log service was started.

Event[1767]:
  Log Name: System
  Source: EventLog
  Date: 2016-05-11T07:58:24.000
  Event ID: 6009
  Task: N/A
  Level: Information
  Opcode: N/A
  Keyword: Classic
  User: N/A
  User Name: N/A
  Computer: Kot
  Description: 
Microsoft (R) Windows (R) 6.01. 7601 Service Pack 1 Multiprocessor Free.

Event[1768]:
  Log Name: System
  Source: Service Control Manager
  Date: 2016-05-11T00:54:47.142
  Event ID: 7036
  Task: N/A
  Level: Information
  Opcode: N/A
  Keyword: Classic
  User: N/A
  User Name: N/A
  Computer: Kot
  Description: 
The WWAN AutoConfig service entered the stopped state.

Event[1769]:
  Log Name: System
  Source: Service Control Manager
  Date: 2016-05-11T00:54:47.095
  Event ID: 7036
  Task: N/A
  Level: Information
  Opcode: N/A
  Keyword: Classic
  User: N/A
  User Name: N/A
  Computer: Kot
  Description: 
The Remote Desktop Services service entered the stopped state.

Event[1770]:
  Log Name: System
  Source: Service Control Manager
  Date: 2016-05-11T00:54:47.048
  Event ID: 7036
  Task: N/A
  Level: Information
  Opcode: N/A
  Keyword: Classic
  User: N/A
  User Name: N/A
  Computer: Kot
  Description: 
The VMware Agent Service service entered the stopped state.

Event[1771]:
  Log Name: System
  Source: Service Control Manager
  Date: 2016-05-11T00:54:47.033
  Event ID: 7036
  Task: N/A
  Level: Information
  Opcode: N/A
  Keyword: Classic
  User: N/A
  User Name: N/A
  Computer: Kot
  Description: 
The Distributed Link Tracking Client service entered the stopped state.

Event[1772]:
  Log Name: System
  Source: Service Control Manager
  Date: 2016-05-11T00:54:47.017
  Event ID: 7036
  Task: N/A
  Level: Information
  Opcode: N/A
  Keyword: Classic
  User: N/A
  User Name: N/A
  Computer: Kot
  Description: 
The Wired AutoConfig service entered the stopped state.

Event[1773]:
  Log Name: System
  Source: Service Control Manager
  Date: 2016-05-11T00:54:47.017
  Event ID: 7036
  Task: N/A
  Level: Information
  Opcode: N/A
  Keyword: Classic
  User: N/A
  User Name: N/A
  Computer: Kot
  Description: 
The Windows Management Instrumentation service entered the stopped state.

Event[1774]:
  Log Name: System
  Source: Service Control Manager
  Date: 2016-05-11T00:54:46.986
  Event ID: 7036
  Task: N/A
  Level: Information
  Opcode: N/A
  Keyword: Classic
  User: N/A
  User Name: N/A
  Computer: Kot
  Description: 
The Volume Shadow Copy service entered the stopped state.

Event[1775]:
  Log Name: System
  Source: Service Control Manager
  Date: 2016-05-11T00:54:46.892
  Event ID: 7036
  Task: N/A
  Level: Information
  Opcode: N/A
  Keyword: Classic
  User: N/A
  User Name: N/A
  Computer: Kot
  Description: 
The Function Discovery Resource Publication service entered the stopped state.

Event[1776]:
  Log Name: System
  Source: Service Control Manager
  Date: 2016-05-11T00:54:46.845
  Event ID: 7036
  Task: N/A
  Level: Information
  Opcode: N/A
  Keyword: Classic
  User: N/A
  User Name: N/A
  Computer: Kot
  Description: 
The Microsoft Software Shadow Copy Provider service entered the stopped state.

Event[1777]:
  Log Name: System
  Source: Service Control Manager
  Date: 2016-05-11T00:54:46.830
  Event ID: 7036
  Task: N/A
  Level: Information
  Opcode: N/A
  Keyword: Classic
  User: N/A
  User Name: N/A
  Computer: Kot
  Description: 
The Security Center service entered the stopped state.

Event[1778]:
  Log Name: System
  Source: Service Control Manager
  Date: 2016-05-11T00:54:46.830
  Event ID: 7036
  Task: N/A
  Level: Information
  Opcode: N/A
  Keyword: Classic
  User: N/A
  User Name: N/A
  Computer: Kot
  Description: 
The Desktop Window Manager Session Manager service entered the stopped state.

Event[1779]:
  Log Name: System
  Source: Service Control Manager
  Date: 2016-05-11T00:54:46.830
  Event ID: 7036
  Task: N/A
  Level: Information
  Opcode: N/A
  Keyword: Classic
  User: N/A
  User Name: N/A
  Computer: Kot
  Description: 
The SSDP Discovery service entered the stopped state.

Event[1780]:
  Log Name: System
  Source: Service Control Manager
  Date: 2016-05-11T00:54:46.830
  Event ID: 7036
  Task: N/A
  Level: Information
  Opcode: N/A
  Keyword: Classic
  User: N/A
  User Name: N/A
  Computer: Kot
  Description: 
The Remote Desktop Services UserMode Port Redirector service entered the stopped state.

Event[1781]:
  Log Name: System
  Source: Service Control Manager
  Date: 2016-05-11T00:54:46.830
  Event ID: 7036
  Task: N/A
  Level: Information
  Opcode: N/A
  Keyword: Classic
  User: N/A
  User Name: N/A
  Computer: Kot
  Description: 
The Peer Name Resolution Protocol service entered the stopped state.

Event[1782]:
  Log Name: System
  Source: Service Control Manager
  Date: 2016-05-11T00:54:46.814
  Event ID: 7036
  Task: N/A
  Level: Information
  Opcode: N/A
  Keyword: Classic
  User: N/A
  User Name: N/A
  Computer: Kot
  Description: 
The User Profile Service service entered the stopped state.

Event[1783]:
  Log Name: System
  Source: Service Control Manager
  Date: 2016-05-11T00:54:46.814
  Event ID: 7036
  Task: N/A
  Level: Information
  Opcode: N/A
  Keyword: Classic
  User: N/A
  User Name: N/A
  Computer: Kot
  Description: 
The Plug and Play service entered the stopped state.

Event[1784]:
  Log Name: System
  Source: Microsoft-Windows-UserPnp
  Date: 2016-05-11T00:54:46.814
  Event ID: 20010
  Task: N/A
  Level: Information
  Opcode: Info
  Keyword: N/A
  User: S-1-5-18
  User Name: NT AUTHORITY\SYSTEM
  Computer: Kot
  Description: 
One or more of the Plug and Play service's subsystems has changed state. 

PlugPlay install subsystem enabled: 'false' 
PlugPlay caching subsystem enabled: 'false' 


Event[1785]:
  Log Name: System
  Source: Service Control Manager
  Date: 2016-05-11T00:54:46.814
  Event ID: 7036
  Task: N/A
  Level: Information
  Opcode: N/A
  Keyword: Classic
  User: N/A
  User Name: N/A
  Computer: Kot
  Description: 
The Extensible Authentication Protocol service entered the stopped state.

Event[1786]:
  Log Name: System
  Source: Service Control Manager
  Date: 2016-05-11T00:54:46.814
  Event ID: 7036
  Task: N/A
  Level: Information
  Opcode: N/A
  Keyword: Classic
  User: N/A
  User Name: N/A
  Computer: Kot
  Description: 
The Power service entered the stopped state.

Event[1787]:
  Log Name: System
  Source: Service Control Manager
  Date: 2016-05-11T00:54:46.814
  Event ID: 7036
  Task: N/A
  Level: Information
  Opcode: N/A
  Keyword: Classic
  User: N/A
  User Name: N/A
  Computer: Kot
  Description: 
The Peer Networking Grouping service entered the stopped state.

Event[1788]:
  Log Name: System
  Source: Service Control Manager
  Date: 2016-05-11T00:54:46.814
  Event ID: 7036
  Task: N/A
  Level: Information
  Opcode: N/A
  Keyword: Classic
  User: N/A
  User Name: N/A
  Computer: Kot
  Description: 
The Peer Networking Identity Manager service entered the stopped state.

Event[1789]:
  Log Name: System
  Source: Service Control Manager
  Date: 2016-05-11T00:54:46.814
  Event ID: 7036
  Task: N/A
  Level: Information
  Opcode: N/A
  Keyword: Classic
  User: N/A
  User Name: N/A
  Computer: Kot
  Description: 
The Diagnostic Service Host service entered the stopped state.

Event[1790]:
  Log Name: System
  Source: Service Control Manager
  Date: 2016-05-11T00:54:46.814
  Event ID: 7036
  Task: N/A
  Level: Information
  Opcode: N/A
  Keyword: Classic
  User: N/A
  User Name: N/A
  Computer: Kot
  Description: 
The Human Interface Device Access service entered the stopped state.

Event[1791]:
  Log Name: System
  Source: Service Control Manager
  Date: 2016-05-11T00:54:46.814
  Event ID: 7036
  Task: N/A
  Level: Information
  Opcode: N/A
  Keyword: Classic
  User: N/A
  User Name: N/A
  Computer: Kot
  Description: 
The DHCP Client service entered the stopped state.

Event[1792]:
  Log Name: System
  Source: Microsoft-Windows-Dhcp-Client
  Date: 2016-05-11T00:54:46.814
  Event ID: 50037
  Task: Service State Event
  Level: Information
  Opcode: ServiceStop
  Keyword: N/A
  User: S-1-5-19
  User Name: NT AUTHORITY\LOCAL SERVICE
  Computer: Kot
  Description: 
DHCPv4 client service is stopped. ShutDown Flag value is 1

Event[1793]:
  Log Name: System
  Source: Microsoft-Windows-DHCPv6-Client
  Date: 2016-05-11T00:54:46.814
  Event ID: 51047
  Task: Service State Event
  Level: Information
  Opcode: ServiceStop
  Keyword: N/A
  User: S-1-5-19
  User Name: NT AUTHORITY\LOCAL SERVICE
  Computer: Kot
  Description: 
DHCPv6 client service is stopped. ShutDown Flag value is 1

Event[1794]:
  Log Name: System
  Source: Service Control Manager
  Date: 2016-05-11T00:54:46.814
  Event ID: 7036
  Task: N/A
  Level: Information
  Opcode: N/A
  Keyword: Classic
  User: N/A
  User Name: N/A
  Computer: Kot
  Description: 
The Diagnostic Policy Service service entered the stopped state.

Event[1795]:
  Log Name: System
  Source: Service Control Manager
  Date: 2016-05-11T00:54:46.799
  Event ID: 7036
  Task: N/A
  Level: Information
  Opcode: N/A
  Keyword: Classic
  User: N/A
  User Name: N/A
  Computer: Kot
  Description: 
The Microsoft Office ClickToRun Service service entered the stopped state.

Event[1796]:
  Log Name: System
  Source: Service Control Manager
  Date: 2016-05-11T00:54:46.611
  Event ID: 7036
  Task: N/A
  Level: Information
  Opcode: N/A
  Keyword: Classic
  User: N/A
  User Name: N/A
  Computer: Kot
  Description: 
The Certificate Propagation service entered the stopped state.

Event[1797]:
  Log Name: System
  Source: Service Control Manager
  Date: 2016-05-11T00:54:46.533
  Event ID: 7036
  Task: N/A
  Level: Information
  Opcode: N/A
  Keyword: Classic
  User: N/A
  User Name: N/A
  Computer: Kot
  Description: 
The Diagnostics Tracking Service service entered the stopped state.

Event[1798]:
  Log Name: System
  Source: Service Control Manager
  Date: 2016-05-11T00:54:46.221
  Event ID: 7036
  Task: N/A
  Level: Information
  Opcode: N/A
  Keyword: Classic
  User: N/A
  User Name: N/A
  Computer: Kot
  Description: 
The Group Policy Client service entered the stopped state.

Event[1799]:
  Log Name: System
  Source: Service Control Manager
  Date: 2016-05-11T00:54:46.159
  Event ID: 7036
  Task: N/A
  Level: Information
  Opcode: N/A
  Keyword: Classic
  User: N/A
  User Name: N/A
  Computer: Kot
  Description: 
The Windows Update service entered the stopped state.

Event[1800]:
  Log Name: System
  Source: Microsoft-Windows-WindowsUpdateClient
  Date: 2016-05-11T00:54:46.097
  Event ID: 27
  Task: Windows Update Agent
  Level: Information
  Opcode: State Change
  Keyword: State
  User: S-1-5-18
  User Name: NT AUTHORITY\SYSTEM
  Computer: Kot
  Description: 
Automatic Updates is now paused.

Event[1801]:
  Log Name: System
  Source: Microsoft-Windows-WindowsUpdateClient
  Date: 2016-05-11T00:54:46.097
  Event ID: 21
  Task: Automatic Updates
  Level: Information
  Opcode: Reboot
  Keyword: Reboot
  User: S-1-5-18
  User Name: NT AUTHORITY\SYSTEM
  Computer: Kot
  Description: 
Restart Required: To complete the installation of the following updates, the computer must be restarted. Until this computer has been restarted, Windows cannot search for or download new updates: 
- Security Update for Windows 7 for x64-based Systems (KB3156019)
- Windows Malicious Software Removal Tool x64 - May 2016 (KB890830)
- Security Update for Windows 7 for x64-based Systems (KB3153171)
- Cumulative Security Update for Internet Explorer 11 for Windows 7 for x64-based Systems (KB3154070)
- Security Update for Windows 7 for x64-based Systems (KB3155178)
- Security Update for Microsoft .NET Framework 3.5.1 on Windows 7 and Windows Server 2008 R2 SP1 for x64 (KB3142024)
- Security Update for Windows 7 for x64-based Systems (KB3156013)
- Security Update for Windows 7 for x64-based Systems (KB3156016)
- Security Update for Windows 7 for x64-based Systems (KB3150220)
- Security Update for Windows 7 for x64-based Systems (KB3156017)
- Update for Windows 7 for x64-based Systems (KB3153731)
- Security Update for Windows 7 for x64-based Systems (KB3153199)

Event[1802]:
  Log Name: System
  Source: EventLog
  Date: 2016-05-11T00:54:46.000
  Event ID: 6006
  Task: N/A
  Level: Information
  Opcode: N/A
  Keyword: Classic
  User: N/A
  User Name: N/A
  Computer: Kot
  Description: 
The Event log service was stopped.

Event[1803]:
  Log Name: System
  Source: Service Control Manager
  Date: 2016-05-11T00:54:14.631
  Event ID: 7036
  Task: N/A
  Level: Information
  Opcode: N/A
  Keyword: Classic
  User: N/A
  User Name: N/A
  Computer: Kot
  Description: 
The WMI Performance Adapter service entered the running state.

Event[1804]:
  Log Name: System
  Source: Service Control Manager
  Date: 2016-05-11T00:54:14.460
  Event ID: 7036
  Task: N/A
  Level: Information
  Opcode: N/A
  Keyword: Classic
  User: N/A
  User Name: N/A
  Computer: Kot
  Description: 
The WMI Performance Adapter service entered the stopped state.

Event[1805]:
  Log Name: System
  Source: Service Control Manager
  Date: 2016-05-11T00:53:44.539
  Event ID: 7036
  Task: N/A
  Level: Information
  Opcode: N/A
  Keyword: Classic
  User: N/A
  User Name: N/A
  Computer: Kot
  Description: 
The Application Experience service entered the stopped state.

Event[1806]:
  Log Name: System
  Source: Service Control Manager
  Date: 2016-05-11T00:52:48.566
  Event ID: 7036
  Task: N/A
  Level: Information
  Opcode: N/A
  Keyword: Classic
  User: N/A
  User Name: N/A
  Computer: Kot
  Description: 
The Microsoft Software Shadow Copy Provider service entered the running state.

Event[1807]:
  Log Name: System
  Source: Service Control Manager
  Date: 2016-05-11T00:52:48.519
  Event ID: 7036
  Task: N/A
  Level: Information
  Opcode: N/A
  Keyword: Classic
  User: N/A
  User Name: N/A
  Computer: Kot
  Description: 
The Volume Shadow Copy service entered the running state.

Event[1808]:
  Log Name: System
  Source: Microsoft-Windows-WindowsUpdateClient
  Date: 2016-05-11T00:52:22.264
  Event ID: 19
  Task: Windows Update Agent
  Level: Information
  Opcode: Installation
  Keyword: Installation,Success
  User: S-1-5-18
  User Name: NT AUTHORITY\SYSTEM
  Computer: Kot
  Description: 
Installation Successful: Windows successfully installed the following update: Windows Malicious Software Removal Tool x64 - May 2016 (KB890830)

Event[1809]:
  Log Name: System
  Source: Service Control Manager
  Date: 2016-05-11T00:52:11.282
  Event ID: 7036
  Task: N/A
  Level: Information
  Opcode: N/A
  Keyword: Classic
  User: N/A
  User Name: N/A
  Computer: Kot
  Description: 
The WMI Performance Adapter service entered the running state.

Event[1810]:
  Log Name: System
  Source: Service Control Manager
  Date: 2016-05-11T00:50:03.455
  Event ID: 7036
  Task: N/A
  Level: Information
  Opcode: N/A
  Keyword: Classic
  User: N/A
  User Name: N/A
  Computer: Kot
  Description: 
The Microsoft Software Shadow Copy Provider service entered the stopped state.

Event[1811]:
  Log Name: System
  Source: Service Control Manager
  Date: 2016-05-11T00:48:07.251
  Event ID: 7036
  Task: N/A
  Level: Information
  Opcode: N/A
  Keyword: Classic
  User: N/A
  User Name: N/A
  Computer: Kot
  Description: 
The Multimedia Class Scheduler service entered the stopped state.

Event[1812]:
  Log Name: System
  Source: Service Control Manager
  Date: 2016-05-11T00:47:03.447
  Event ID: 7036
  Task: N/A
  Level: Information
  Opcode: N/A
  Keyword: Classic
  User: N/A
  User Name: N/A
  Computer: Kot
  Description: 
The Volume Shadow Copy service entered the stopped state.

Event[1813]:
  Log Name: System
  Source: Service Control Manager
  Date: 2016-05-11T00:45:08.864
  Event ID: 7036
  Task: N/A
  Level: Information
  Opcode: N/A
  Keyword: Classic
  User: N/A
  User Name: N/A
  Computer: Kot
  Description: 
The Shell Hardware Detection service entered the stopped state.

Event[1814]:
  Log Name: System
  Source: Service Control Manager
  Date: 2016-05-11T00:45:08.864
  Event ID: 7036
  Task: N/A
  Level: Information
  Opcode: N/A
  Keyword: Classic
  User: N/A
  User Name: N/A
  Computer: Kot
  Description: 
The Windows Image Acquisition (WIA) service entered the stopped state.

Event[1815]:
  Log Name: System
  Source: volsnap
  Date: 2016-05-11T00:43:23.876
  Event ID: 33
  Task: N/A
  Level: Information
  Opcode: N/A
  Keyword: Classic
  User: N/A
  User Name: N/A
  Computer: Kot
  Description: 
The oldest shadow copy of volume C: was deleted to keep disk space usage for shadow copies of volume C: below the user defined limit.

Event[1816]:
  Log Name: System
  Source: Service Control Manager
  Date: 2016-05-11T00:43:23.642
  Event ID: 7040
  Task: N/A
  Level: Information
  Opcode: N/A
  Keyword: Classic
  User: S-1-5-18
  User Name: NT AUTHORITY\SYSTEM
  Computer: Kot
  Description: 
The start type of the Windows Modules Installer service was changed from demand start to auto start.

Event[1817]:
  Log Name: System
  Source: Service Control Manager
  Date: 2016-05-11T00:43:10.975
  Event ID: 7036
  Task: N/A
  Level: Information
  Opcode: N/A
  Keyword: Classic
  User: N/A
  User Name: N/A
  Computer: Kot
  Description: 
The Microsoft Software Shadow Copy Provider service entered the running state.

Event[1818]:
  Log Name: System
  Source: Service Control Manager
  Date: 2016-05-11T00:43:10.881
  Event ID: 7036
  Task: N/A
  Level: Information
  Opcode: N/A
  Keyword: Classic
  User: N/A
  User Name: N/A
  Computer: Kot
  Description: 
The Volume Shadow Copy service entered the running state.

Event[1819]:
  Log Name: System
  Source: Microsoft-Windows-Winlogon
  Date: 2016-05-11T00:43:08.245
  Event ID: 7002
  Task: N/A
  Level: Information
  Opcode: Info
  Keyword: N/A
  User: S-1-5-18
  User Name: NT AUTHORITY\SYSTEM
  Computer: Kot
  Description: 
User Logoff Notification for Customer Experience Improvement Program

Event[1820]:
  Log Name: System
  Source: USER32
  Date: 2016-05-11T00:43:08.000
  Event ID: 1074
  Task: N/A
  Level: Information
  Opcode: N/A
  Keyword: Classic
  User: S-1-5-21-1345753643-328560084-4052943262-1000
  User Name: Kot\Kotek
  Computer: Kot
  Description: 
The process C:\Windows\system32\winlogon.exe (KOT) has initiated the shutdown of computer KOT on behalf of user Kot\Kotek for the following reason: No title for this reason could be found
 Reason Code: 0x500ff
 Shutdown Type: shutdown
 Comment: 

Event[1821]:
  Log Name: System
  Source: Service Control Manager
  Date: 2016-05-11T00:43:07.088
  Event ID: 7036
  Task: N/A
  Level: Information
  Opcode: N/A
  Keyword: Classic
  User: N/A
  User Name: N/A
  Computer: Kot
  Description: 
The Steam Client Service service entered the stopped state.

Event[1822]:
  Log Name: System
  Source: Service Control Manager
  Date: 2016-05-11T00:43:06.838
  Event ID: 7036
  Task: N/A
  Level: Information
  Opcode: N/A
  Keyword: Classic
  User: N/A
  User Name: N/A
  Computer: Kot
  Description: 
The Application Experience service entered the running state.

Event[1823]:
  Log Name: System
  Source: USER32
  Date: 2016-05-11T00:43:02.000
  Event ID: 1074
  Task: N/A
  Level: Information
  Opcode: N/A
  Keyword: Classic
  User: S-1-5-21-1345753643-328560084-4052943262-1000
  User Name: Kot\Kotek
  Computer: Kot
  Description: 
The process Explorer.EXE has initiated the shutdown of computer KOT on behalf of user Kot\Kotek for the following reason: Other (Unplanned)
 Reason Code: 0x0
 Shutdown Type: shutdown
 Comment: 

Event[1824]:
  Log Name: System
  Source: Service Control Manager
  Date: 2016-05-11T00:38:04.761
  Event ID: 7036
  Task: N/A
  Level: Information
  Opcode: N/A
  Keyword: Classic
  User: N/A
  User Name: N/A
  Computer: Kot
  Description: 
The Multimedia Class Scheduler service entered the running state.

Event[1825]:
  Log Name: System
  Source: Service Control Manager
  Date: 2016-05-11T00:35:28.513
  Event ID: 7036
  Task: N/A
  Level: Information
  Opcode: N/A
  Keyword: Classic
  User: N/A
  User Name: N/A
  Computer: Kot
  Description: 
The Multimedia Class Scheduler service entered the stopped state.

Event[1826]:
  Log Name: System
  Source: Service Control Manager
  Date: 2016-05-11T00:26:58.930
  Event ID: 7036
  Task: N/A
  Level: Information
  Opcode: N/A
  Keyword: Classic
  User: N/A
  User Name: N/A
  Computer: Kot
  Description: 
The Multimedia Class Scheduler service entered the running state.

Event[1827]:
  Log Name: System
  Source: Service Control Manager
  Date: 2016-05-11T00:04:55.044
  Event ID: 7036
  Task: N/A
  Level: Information
  Opcode: N/A
  Keyword: Classic
  User: N/A
  User Name: N/A
  Computer: Kot
  Description: 
The Multimedia Class Scheduler service entered the stopped state.

Event[1828]:
  Log Name: System
  Source: Microsoft-Windows-WindowsUpdateClient
  Date: 2016-05-10T23:08:28.835
  Event ID: 18
  Task: Automatic Updates
  Level: Information
  Opcode: Download
  Keyword: Download,Success
  User: S-1-5-18
  User Name: NT AUTHORITY\SYSTEM
  Computer: Kot
  Description: 
Installation Ready: The following updates are downloaded and ready for installation. This computer is currently scheduled to install these updates on ?11 ?maja ?2016 at 03:00: 
- Security Update for Windows 7 for x64-based Systems (KB3156019)
- Windows Malicious Software Removal Tool x64 - May 2016 (KB890830)
- Security Update for Windows 7 for x64-based Systems (KB3153171)
- Cumulative Security Update for Internet Explorer 11 for Windows 7 for x64-based Systems (KB3154070)
- Security Update for Windows 7 for x64-based Systems (KB3155178)
- Security Update for Microsoft .NET Framework 3.5.1 on Windows 7 and Windows Server 2008 R2 SP1 for x64 (KB3142024)
- Security Update for Windows 7 for x64-based Systems (KB3156013)
- Security Update for Windows 7 for x64-based Systems (KB3156016)
- Security Update for Windows 7 for x64-based Systems (KB3150220)
- Security Update for Windows 7 for x64-based Systems (KB3156017)
- Update for Windows 7 for x64-based Systems (KB3153731)
- Security Update for Windows 7 for x64-based Systems (KB3153199)

Event[1829]:
  Log Name: System
  Source: Microsoft-Windows-WindowsUpdateClient
  Date: 2016-05-10T23:08:28.835
  Event ID: 19
  Task: Windows Update Agent
  Level: Information
  Opcode: Installation
  Keyword: Installation,Success
  User: S-1-5-18
  User Name: NT AUTHORITY\SYSTEM
  Computer: Kot
  Description: 
Installation Successful: Windows successfully installed the following update: Update for Windows (KB2999226)

Event[1830]:
  Log Name: System
  Source: Service Control Manager
  Date: 2016-05-10T22:57:28.962
  Event ID: 7036
  Task: N/A
  Level: Information
  Opcode: N/A
  Keyword: Classic
  User: N/A
  User Name: N/A
  Computer: Kot
  Description: 
The Diagnostic System Host service entered the stopped state.

Event[1831]:
  Log Name: System
  Source: Service Control Manager
  Date: 2016-05-10T22:31:31.290
  Event ID: 7036
  Task: N/A
  Level: Information
  Opcode: N/A
  Keyword: Classic
  User: N/A
  User Name: N/A
  Computer: Kot
  Description: 
The Problem Reports and Solutions Control Panel Support service entered the stopped state.

Event[1832]:
  Log Name: System
  Source: Service Control Manager
  Date: 2016-05-10T22:30:59.944
  Event ID: 7036
  Task: N/A
  Level: Information
  Opcode: N/A
  Keyword: Classic
  User: N/A
  User Name: N/A
  Computer: Kot
  Description: 
The Problem Reports and Solutions Control Panel Support service entered the running state.

Event[1833]:
  Log Name: System
  Source: Service Control Manager
  Date: 2016-05-10T22:28:41.952
  Event ID: 7036
  Task: N/A
  Level: Information
  Opcode: N/A
  Keyword: Classic
  User: N/A
  User Name: N/A
  Computer: Kot
  Description: 
The Application Experience service entered the stopped state.

Event[1834]:
  Log Name: System
  Source: Service Control Manager
  Date: 2016-05-10T22:26:15.139
  Event ID: 7036
  Task: N/A
  Level: Information
  Opcode: N/A
  Keyword: Classic
  User: N/A
  User Name: N/A
  Computer: Kot
  Description: 
The Software Protection service entered the stopped state.

Event[1835]:
  Log Name: System
  Source: Service Control Manager
  Date: 2016-05-10T22:20:30.061
  Event ID: 7036
  Task: N/A
  Level: Information
  Opcode: N/A
  Keyword: Classic
  User: N/A
  User Name: N/A
  Computer: Kot
  Description: 
The Windows Update service entered the running state.

Event[1836]:
  Log Name: System
  Source: Service Control Manager
  Date: 2016-05-10T22:20:18.162
  Event ID: 7036
  Task: N/A
  Level: Information
  Opcode: N/A
  Keyword: Classic
  User: N/A
  User Name: N/A
  Computer: Kot
  Description: 
The Windows Defender service entered the running state.

Event[1837]:
  Log Name: System
  Source: Service Control Manager
  Date: 2016-05-10T22:19:59.114
  Event ID: 7036
  Task: N/A
  Level: Information
  Opcode: N/A
  Keyword: Classic
  User: N/A
  User Name: N/A
  Computer: Kot
  Description: 
The Portable Device Enumerator Service service entered the stopped state.

Event[1838]:
  Log Name: System
  Source: Service Control Manager
  Date: 2016-05-10T22:19:57.632
  Event ID: 7036
  Task: N/A
  Level: Information
  Opcode: N/A
  Keyword: Classic
  User: N/A
  User Name: N/A
  Computer: Kot
  Description: 
The Microsoft .NET Framework NGEN v4.0.30319_X64 service entered the stopped state.

Event[1839]:
  Log Name: System
  Source: Service Control Manager
  Date: 2016-05-10T22:19:57.632
  Event ID: 7036
  Task: N/A
  Level: Information
  Opcode: N/A
  Keyword: Classic
  User: N/A
  User Name: N/A
  Computer: Kot
  Description: 
The Microsoft .NET Framework NGEN v4.0.30319_X64 service entered the running state.

Event[1840]:
  Log Name: System
  Source: Service Control Manager
  Date: 2016-05-10T22:19:56.946
  Event ID: 7036
  Task: N/A
  Level: Information
  Opcode: N/A
  Keyword: Classic
  User: N/A
  User Name: N/A
  Computer: Kot
  Description: 
The Microsoft .NET Framework NGEN v4.0.30319_X86 service entered the stopped state.

Event[1841]:
  Log Name: System
  Source: Service Control Manager
  Date: 2016-05-10T22:19:56.946
  Event ID: 7036
  Task: N/A
  Level: Information
  Opcode: N/A
  Keyword: Classic
  User: N/A
  User Name: N/A
  Computer: Kot
  Description: 
The Microsoft .NET Framework NGEN v4.0.30319_X86 service entered the running state.

Event[1842]:
  Log Name: System
  Source: Service Control Manager
  Date: 2016-05-10T22:19:56.182
  Event ID: 7036
  Task: N/A
  Level: Information
  Opcode: N/A
  Keyword: Classic
  User: N/A
  User Name: N/A
  Computer: Kot
  Description: 
The Background Intelligent Transfer Service service entered the running state.

Event[1843]:
  Log Name: System
  Source: Microsoft-Windows-Application-Experience
  Date: 2016-05-10T22:19:37.508
  Event ID: 206
  Task: N/A
  Level: Information
  Opcode: Info
  Keyword: N/A
  User: S-1-5-18
  User Name: NT AUTHORITY\SYSTEM
  Computer: Kot
  Description: 
The Program Compatibility Assistant service successfully performed phase two initialization.

Event[1844]:
  Log Name: System
  Source: Microsoft-Windows-WMPNSS-Service
  Date: 2016-05-10T22:19:26.000
  Event ID: 14206
  Task: N/A
  Level: Information
  Opcode: N/A
  Keyword: Classic
  User: N/A
  User Name: N/A
  Computer: Kot
  Description: 
Media server 'KOT: Kotek:' was successfully initialized and is sharing media with network media devices.

Event[1845]:
  Log Name: System
  Source: Service Control Manager
  Date: 2016-05-10T22:19:25.372
  Event ID: 7036
  Task: N/A
  Level: Information
  Opcode: N/A
  Keyword: Classic
  User: N/A
  User Name: N/A
  Computer: Kot
  Description: 
The UPnP Device Host service entered the running state.

Event[1846]:
  Log Name: System
  Source: Service Control Manager
  Date: 2016-05-10T22:19:24.248
  Event ID: 7036
  Task: N/A
  Level: Information
  Opcode: N/A
  Keyword: Classic
  User: N/A
  User Name: N/A
  Computer: Kot
  Description: 
The SSDP Discovery service entered the running state.

Event[1847]:
  Log Name: System
  Source: Service Control Manager
  Date: 2016-05-10T22:18:41.951
  Event ID: 7036
  Task: N/A
  Level: Information
  Opcode: N/A
  Keyword: Classic
  User: N/A
  User Name: N/A
  Computer: Kot
  Description: 
The Application Experience service entered the running state.

Event[1848]:
  Log Name: System
  Source: Service Control Manager
  Date: 2016-05-10T22:18:39.252
  Event ID: 7036
  Task: N/A
  Level: Information
  Opcode: N/A
  Keyword: Classic
  User: N/A
  User Name: N/A
  Computer: Kot
  Description: 
The Peer Networking Grouping service entered the running state.

Event[1849]:
  Log Name: System
  Source: Service Control Manager
  Date: 2016-05-10T22:18:38.581
  Event ID: 7036
  Task: N/A
  Level: Information
  Opcode: N/A
  Keyword: Classic
  User: N/A
  User Name: N/A
  Computer: Kot
  Description: 
The Peer Name Resolution Protocol service entered the running state.

Event[1850]:
  Log Name: System
  Source: Service Control Manager
  Date: 2016-05-10T22:18:38.301
  Event ID: 7036
  Task: N/A
  Level: Information
  Opcode: N/A
  Keyword: Classic
  User: N/A
  User Name: N/A
  Computer: Kot
  Description: 
The Peer Networking Identity Manager service entered the running state.

Event[1851]:
  Log Name: System
  Source: Service Control Manager
  Date: 2016-05-10T22:18:37.115
  Event ID: 7036
  Task: N/A
  Level: Information
  Opcode: N/A
  Keyword: Classic
  User: N/A
  User Name: N/A
  Computer: Kot
  Description: 
The HomeGroup Listener service entered the running state.

Event[1852]:
  Log Name: System
  Source: Service Control Manager
  Date: 2016-05-10T22:18:36.741
  Event ID: 7036
  Task: N/A
  Level: Information
  Opcode: N/A
  Keyword: Classic
  User: N/A
  User Name: N/A
  Computer: Kot
  Description: 
The HomeGroup Provider service entered the running state.

Event[1853]:
  Log Name: System
  Source: Service Control Manager
  Date: 2016-05-10T22:18:36.709
  Event ID: 7036
  Task: N/A
  Level: Information
  Opcode: N/A
  Keyword: Classic
  User: N/A
  User Name: N/A
  Computer: Kot
  Description: 
The Function Discovery Resource Publication service entered the running state.

Event[1854]:
  Log Name: System
  Source: Service Control Manager
  Date: 2016-05-10T22:18:35.539
  Event ID: 7036
  Task: N/A
  Level: Information
  Opcode: N/A
  Keyword: Classic
  User: N/A
  User Name: N/A
  Computer: Kot
  Description: 
The Function Discovery Provider Host service entered the running state.

Event[1855]:
  Log Name: System
  Source: Service Control Manager
  Date: 2016-05-10T22:18:32.295
  Event ID: 7036
  Task: N/A
  Level: Information
  Opcode: N/A
  Keyword: Classic
  User: N/A
  User Name: N/A
  Computer: Kot
  Description: 
The Windows Search service entered the running state.

Event[1856]:
  Log Name: System
  Source: Service Control Manager
  Date: 2016-05-10T22:18:24.179
  Event ID: 7036
  Task: N/A
  Level: Information
  Opcode: N/A
  Keyword: Classic
  User: N/A
  User Name: N/A
  Computer: Kot
  Description: 
The Software Protection service entered the running state.

Event[1857]:
  Log Name: System
  Source: Service Control Manager
  Date: 2016-05-10T22:18:23.509
  Event ID: 7036
  Task: N/A
  Level: Information
  Opcode: N/A
  Keyword: Classic
  User: N/A
  User Name: N/A
  Computer: Kot
  Description: 
The Windows Media Player Network Sharing Service service entered the running state.

Event[1858]:
  Log Name: System
  Source: Service Control Manager
  Date: 2016-05-10T22:18:22.900
  Event ID: 7036
  Task: N/A
  Level: Information
  Opcode: N/A
  Keyword: Classic
  User: N/A
  User Name: N/A
  Computer: Kot
  Description: 
The Application Information service entered the running state.

Event[1859]:
  Log Name: System
  Source: Service Control Manager
  Date: 2016-05-10T22:18:22.807
  Event ID: 7036
  Task: N/A
  Level: Information
  Opcode: N/A
  Keyword: Classic
  User: N/A
  User Name: N/A
  Computer: Kot
  Description: 
The Steam Client Service service entered the running state.

Event[1860]:
  Log Name: System
  Source: Microsoft-Windows-WMPNSS-Service
  Date: 2016-05-10T22:18:23.000
  Event ID: 14204
  Task: N/A
  Level: Information
  Opcode: N/A
  Keyword: Classic
  User: N/A
  User Name: N/A
  Computer: Kot
  Description: 
Service 'WMPNetworkSvc' started.

Event[1861]:
  Log Name: System
  Source: Service Control Manager
  Date: 2016-05-10T22:17:59.095
  Event ID: 7036
  Task: N/A
  Level: Information
  Opcode: N/A
  Keyword: Classic
  User: N/A
  User Name: N/A
  Computer: Kot
  Description: 
The Remote Desktop Services UserMode Port Redirector service entered the running state.

Event[1862]:
  Log Name: System
  Source: Service Control Manager
  Date: 2016-05-10T22:17:58.939
  Event ID: 7036
  Task: N/A
  Level: Information
  Opcode: N/A
  Keyword: Classic
  User: N/A
  User Name: N/A
  Computer: Kot
  Description: 
The Certificate Propagation service entered the running state.

Event[1863]:
  Log Name: System
  Source: Service Control Manager
  Date: 2016-05-10T22:17:58.845
  Event ID: 7036
  Task: N/A
  Level: Information
  Opcode: N/A
  Keyword: Classic
  User: N/A
  User Name: N/A
  Computer: Kot
  Description: 
The Remote Desktop Configuration service entered the running state.

Event[1864]:
  Log Name: System
  Source: Service Control Manager
  Date: 2016-05-10T22:17:58.658
  Event ID: 7040
  Task: N/A
  Level: Information
  Opcode: N/A
  Keyword: Classic
  User: S-1-5-18
  User Name: NT AUTHORITY\SYSTEM
  Computer: Kot
  Description: 
The start type of the Windows Modules Installer service was changed from auto start to demand start.

Event[1865]:
  Log Name: System
  Source: Microsoft-Windows-Winlogon
  Date: 2016-05-10T22:17:56.302
  Event ID: 7001
  Task: N/A
  Level: Information
  Opcode: Info
  Keyword: N/A
  User: S-1-5-18
  User Name: NT AUTHORITY\SYSTEM
  Computer: Kot
  Description: 
User Logon Notification for Customer Experience Improvement Program

Event[1866]:
  Log Name: System
  Source: Service Control Manager
  Date: 2016-05-10T22:17:55.163
  Event ID: 7036
  Task: N/A
  Level: Information
  Opcode: N/A
  Keyword: Classic
  User: N/A
  User Name: N/A
  Computer: Kot
  Description: 
The Portable Device Enumerator Service service entered the running state.

Event[1867]:
  Log Name: System
  Source: Service Control Manager
  Date: 2016-05-10T22:17:55.148
  Event ID: 7036
  Task: N/A
  Level: Information
  Opcode: N/A
  Keyword: Classic
  User: N/A
  User Name: N/A
  Computer: Kot
  Description: 
The Network Connections service entered the running state.

Event[1868]:
  Log Name: System
  Source: Service Control Manager
  Date: 2016-05-10T22:17:55.132
  Event ID: 7036
  Task: N/A
  Level: Information
  Opcode: N/A
  Keyword: Classic
  User: N/A
  User Name: N/A
  Computer: Kot
  Description: 
The Security Center service entered the running state.

Event[1869]:
  Log Name: System
  Source: Service Control Manager
  Date: 2016-05-10T22:17:55.132
  Event ID: 7036
  Task: N/A
  Level: Information
  Opcode: N/A
  Keyword: Classic
  User: N/A
  User Name: N/A
  Computer: Kot
  Description: 
The Diagnostic Service Host service entered the running state.

Event[1870]:
