  Log Name: System
  Source: Service Control Manager
  Date: 2016-05-10T22:17:55.117
  Event ID: 7036
  Task: N/A
  Level: Information
  Opcode: N/A
  Keyword: Classic
  User: N/A
  User Name: N/A
  Computer: Kot
  Description: 
The Network List Service service entered the running state.

Event[1871]:
  Log Name: System
  Source: Service Control Manager
  Date: 2016-05-10T22:17:55.117
  Event ID: 7036
  Task: N/A
  Level: Information
  Opcode: N/A
  Keyword: Classic
  User: N/A
  User Name: N/A
  Computer: Kot
  Description: 
The Diagnostic System Host service entered the running state.

Event[1872]:
  Log Name: System
  Source: Service Control Manager
  Date: 2016-05-10T22:17:55.101
  Event ID: 7036
  Task: N/A
  Level: Information
  Opcode: N/A
  Keyword: Classic
  User: N/A
  User Name: N/A
  Computer: Kot
  Description: 
The Human Interface Device Access service entered the running state.

Event[1873]:
  Log Name: System
  Source: Service Control Manager
  Date: 2016-05-10T22:17:55.101
  Event ID: 7036
  Task: N/A
  Level: Information
  Opcode: N/A
  Keyword: Classic
  User: N/A
  User Name: N/A
  Computer: Kot
  Description: 
The Remote Desktop Services service entered the running state.

Event[1874]:
  Log Name: System
  Source: Service Control Manager
  Date: 2016-05-10T22:17:55.101
  Event ID: 7036
  Task: N/A
  Level: Information
  Opcode: N/A
  Keyword: Classic
  User: N/A
  User Name: N/A
  Computer: Kot
  Description: 
The WinHTTP Web Proxy Auto-Discovery Service service entered the running state.

Event[1875]:
  Log Name: System
  Source: Service Control Manager
  Date: 2016-05-10T22:17:55.101
  Event ID: 7036
  Task: N/A
  Level: Information
  Opcode: N/A
  Keyword: Classic
  User: N/A
  User Name: N/A
  Computer: Kot
  Description: 
The Windows Time service entered the stopped state.

Event[1876]:
  Log Name: System
  Source: Service Control Manager
  Date: 2016-05-10T22:17:55.085
  Event ID: 7042
  Task: N/A
  Level: Information
  Opcode: N/A
  Keyword: Classic
  User: S-1-5-18
  User Name: NT AUTHORITY\SYSTEM
  Computer: Kot
  Description: 
The Windows Time service was successfully sent a stop control.

 The reason specified was: 0x40030011 [Operating System: Network Connectivity (Planned)]

 Comment: None

Event[1877]:
  Log Name: System
  Source: Service Control Manager
  Date: 2016-05-10T22:17:55.085
  Event ID: 7026
  Task: N/A
  Level: Error
  Opcode: N/A
  Keyword: Classic
  User: N/A
  User Name: N/A
  Computer: Kot
  Description: 
The following boot-start or system-start driver(s) failed to load: 
VirtDiskBus

Event[1878]:
  Log Name: System
  Source: Service Control Manager
  Date: 2016-05-10T22:17:55.085
  Event ID: 7036
  Task: N/A
  Level: Information
  Opcode: N/A
  Keyword: Classic
  User: N/A
  User Name: N/A
  Computer: Kot
  Description: 
The VMware Agent Service service entered the running state.

Event[1879]:
  Log Name: System
  Source: Service Control Manager
  Date: 2016-05-10T22:17:54.649
  Event ID: 7036
  Task: N/A
  Level: Information
  Opcode: N/A
  Keyword: Classic
  User: N/A
  User Name: N/A
  Computer: Kot
  Description: 
The VMware Authorization Service service entered the running state.

Event[1880]:
  Log Name: System
  Source: Service Control Manager
  Date: 2016-05-10T22:17:53.026
  Event ID: 7036
  Task: N/A
  Level: Information
  Opcode: N/A
  Keyword: Classic
  User: N/A
  User Name: N/A
  Computer: Kot
  Description: 
The VMware DHCP Service service entered the running state.

Event[1881]:
  Log Name: System
  Source: Service Control Manager
  Date: 2016-05-10T22:17:53.011
  Event ID: 7036
  Task: N/A
  Level: Information
  Opcode: N/A
  Keyword: Classic
  User: N/A
  User Name: N/A
  Computer: Kot
  Description: 
The IP Helper service entered the running state.

Event[1882]:
  Log Name: System
  Source: Service Control Manager
  Date: 2016-05-10T22:17:52.808
  Event ID: 7036
  Task: N/A
  Level: Information
  Opcode: N/A
  Keyword: Classic
  User: N/A
  User Name: N/A
  Computer: Kot
  Description: 
The Windows Time service entered the running state.

Event[1883]:
  Log Name: System
  Source: Service Control Manager
  Date: 2016-05-10T22:17:52.808
  Event ID: 7036
  Task: N/A
  Level: Information
  Opcode: N/A
  Keyword: Classic
  User: N/A
  User Name: N/A
  Computer: Kot
  Description: 
The Windows Management Instrumentation service entered the running state.

Event[1884]:
  Log Name: System
  Source: Service Control Manager
  Date: 2016-05-10T22:17:52.792
  Event ID: 7036
  Task: N/A
  Level: Information
  Opcode: N/A
  Keyword: Classic
  User: N/A
  User Name: N/A
  Computer: Kot
  Description: 
The VMware NAT Service service entered the running state.

Event[1885]:
  Log Name: System
  Source: Service Control Manager
  Date: 2016-05-10T22:17:52.558
  Event ID: 7036
  Task: N/A
  Level: Information
  Opcode: N/A
  Keyword: Classic
  User: N/A
  User Name: N/A
  Computer: Kot
  Description: 
The VMware USB Arbitration Service service entered the running state.

Event[1886]:
  Log Name: System
  Source: VMnetuserif
  Date: 2016-05-10T22:17:52.137
  Event ID: 4
  Task: N/A
  Level: Information
  Opcode: N/A
  Keyword: Classic
  User: N/A
  User Name: N/A
  Computer: Kot
  Description: 
(\Device\VMnetUserif) Driver entry exiting with status 0  

Event[1887]:
  Log Name: System
  Source: VMnetuserif
  Date: 2016-05-10T22:17:52.137
  Event ID: 1
  Task: N/A
  Level: Information
  Opcode: N/A
  Keyword: Classic
  User: N/A
  User Name: N/A
  Computer: Kot
  Description: 
() Starting up the User Interface Driver for VMware Virtual Networks

Event[1888]:
  Log Name: System
  Source: Service Control Manager
  Date: 2016-05-10T22:17:32.478
  Event ID: 7036
  Task: N/A
  Level: Information
  Opcode: N/A
  Keyword: Classic
  User: N/A
  User Name: N/A
  Computer: Kot
  Description: 
The Microsoft Office ClickToRun Service service entered the running state.

Event[1889]:
  Log Name: System
  Source: Service Control Manager
  Date: 2016-05-10T22:17:29.015
  Event ID: 7036
  Task: N/A
  Level: Information
  Opcode: N/A
  Keyword: Classic
  User: N/A
  User Name: N/A
  Computer: Kot
  Description: 
The Windows Image Acquisition (WIA) service entered the running state.

Event[1890]:
  Log Name: System
  Source: Service Control Manager
  Date: 2016-05-10T22:17:28.968
  Event ID: 7036
  Task: N/A
  Level: Information
  Opcode: N/A
  Keyword: Classic
  User: N/A
  User Name: N/A
  Computer: Kot
  Description: 
The Distributed Link Tracking Client service entered the running state.

Event[1891]:
  Log Name: System
  Source: Service Control Manager
  Date: 2016-05-10T22:17:28.952
  Event ID: 7036
  Task: N/A
  Level: Information
  Opcode: N/A
  Keyword: Classic
  User: N/A
  User Name: N/A
  Computer: Kot
  Description: 
The Diagnostics Tracking Service service entered the running state.

Event[1892]:
  Log Name: System
  Source: Service Control Manager
  Date: 2016-05-10T22:17:28.952
  Event ID: 7036
  Task: N/A
  Level: Information
  Opcode: N/A
  Keyword: Classic
  User: N/A
  User Name: N/A
  Computer: Kot
  Description: 
The Superfetch service entered the running state.

Event[1893]:
  Log Name: System
  Source: Service Control Manager
  Date: 2016-05-10T22:17:28.921
  Event ID: 7036
  Task: N/A
  Level: Information
  Opcode: N/A
  Keyword: Classic
  User: N/A
  User Name: N/A
  Computer: Kot
  Description: 
The Diagnostic Policy Service service entered the running state.

Event[1894]:
  Log Name: System
  Source: Service Control Manager
  Date: 2016-05-10T22:17:28.921
  Event ID: 7036
  Task: N/A
  Level: Information
  Opcode: N/A
  Keyword: Classic
  User: N/A
  User Name: N/A
  Computer: Kot
  Description: 
The Program Compatibility Assistant Service service entered the running state.

Event[1895]:
  Log Name: System
  Source: Microsoft-Windows-Application-Experience
  Date: 2016-05-10T22:17:28.921
  Event ID: 201
  Task: N/A
  Level: Information
  Opcode: Info
  Keyword: N/A
  User: S-1-5-18
  User Name: NT AUTHORITY\SYSTEM
  Computer: Kot
  Description: 
The Program Compatibility Assistant service started successfully.

Event[1896]:
  Log Name: System
  Source: Service Control Manager
  Date: 2016-05-10T22:17:28.859
  Event ID: 7036
  Task: N/A
  Level: Information
  Opcode: N/A
  Keyword: Classic
  User: N/A
  User Name: N/A
  Computer: Kot
  Description: 
The Cryptographic Services service entered the running state.

Event[1897]:
  Log Name: System
  Source: Service Control Manager
  Date: 2016-05-10T22:17:28.656
  Event ID: 7036
  Task: N/A
  Level: Information
  Opcode: N/A
  Keyword: Classic
  User: N/A
  User Name: N/A
  Computer: Kot
  Description: 
The Computer Browser service entered the running state.

Event[1898]:
  Log Name: System
  Source: Service Control Manager
  Date: 2016-05-10T22:17:28.656
  Event ID: 7036
  Task: N/A
  Level: Information
  Opcode: N/A
  Keyword: Classic
  User: N/A
  User Name: N/A
  Computer: Kot
  Description: 
The Server service entered the running state.

Event[1899]:
  Log Name: System
  Source: Service Control Manager
  Date: 2016-05-10T22:17:28.094
  Event ID: 7036
  Task: N/A
  Level: Information
  Opcode: N/A
  Keyword: Classic
  User: N/A
  User Name: N/A
  Computer: Kot
  Description: 
The WebClient service entered the running state.

Event[1900]:
  Log Name: System
  Source: Service Control Manager
  Date: 2016-05-10T22:17:28.094
  Event ID: 7036
  Task: N/A
  Level: Information
  Opcode: N/A
  Keyword: Classic
  User: N/A
  User Name: N/A
  Computer: Kot
  Description: 
The Workstation service entered the running state.

Event[1901]:
  Log Name: System
  Source: Service Control Manager
  Date: 2016-05-10T22:17:28.063
  Event ID: 7036
  Task: N/A
  Level: Information
  Opcode: N/A
  Keyword: Classic
  User: N/A
  User Name: N/A
  Computer: Kot
  Description: 
The Windows Firewall service entered the running state.

Event[1902]:
  Log Name: System
  Source: Service Control Manager
  Date: 2016-05-10T22:17:28.048
  Event ID: 7036
  Task: N/A
  Level: Information
  Opcode: N/A
  Keyword: Classic
  User: N/A
  User Name: N/A
  Computer: Kot
  Description: 
The Base Filtering Engine service entered the running state.

Event[1903]:
  Log Name: System
  Source: Service Control Manager
  Date: 2016-05-10T22:17:27.985
  Event ID: 7036
  Task: N/A
  Level: Information
  Opcode: N/A
  Keyword: Classic
  User: N/A
  User Name: N/A
  Computer: Kot
  Description: 
The Print Spooler service entered the running state.

Event[1904]:
  Log Name: System
  Source: Service Control Manager
  Date: 2016-05-10T22:17:27.907
  Event ID: 7036
  Task: N/A
  Level: Information
  Opcode: N/A
  Keyword: Classic
  User: N/A
  User Name: N/A
  Computer: Kot
  Description: 
The Task Scheduler service entered the running state.

Event[1905]:
  Log Name: System
  Source: Service Control Manager
  Date: 2016-05-10T22:17:27.767
  Event ID: 7036
  Task: N/A
  Level: Information
  Opcode: N/A
  Keyword: Classic
  User: N/A
  User Name: N/A
  Computer: Kot
  Description: 
The Avast Antivirus service entered the running state.

Event[1906]:
  Log Name: System
  Source: Service Control Manager
  Date: 2016-05-10T22:17:27.236
  Event ID: 7036
  Task: N/A
  Level: Information
  Opcode: N/A
  Keyword: Classic
  User: N/A
  User Name: N/A
  Computer: Kot
  Description: 
The Shell Hardware Detection service entered the running state.

Event[1907]:
  Log Name: System
  Source: Service Control Manager
  Date: 2016-05-10T22:17:23.602
  Event ID: 7036
  Task: N/A
  Level: Information
  Opcode: N/A
  Keyword: Classic
  User: N/A
  User Name: N/A
  Computer: Kot
  Description: 
The WWAN AutoConfig service entered the running state.

Event[1908]:
  Log Name: System
  Source: Microsoft-Windows-WLAN-AutoConfig
  Date: 2016-05-10T22:17:23.586
  Event ID: 4000
  Task: N/A
  Level: Information
  Opcode: Start
  Keyword: N/A
  User: S-1-5-18
  User Name: NT AUTHORITY\SYSTEM
  Computer: Kot
  Description: 
WLAN AutoConfig service has successfully started.


Event[1909]:
  Log Name: System
  Source: Service Control Manager
  Date: 2016-05-10T22:17:23.570
  Event ID: 7036
  Task: N/A
  Level: Information
  Opcode: N/A
  Keyword: Classic
  User: N/A
  User Name: N/A
  Computer: Kot
  Description: 
The WLAN AutoConfig service entered the running state.

Event[1910]:
  Log Name: System
  Source: Service Control Manager
  Date: 2016-05-10T22:17:23.570
  Event ID: 7036
  Task: N/A
  Level: Information
  Opcode: N/A
  Keyword: Classic
  User: N/A
  User Name: N/A
  Computer: Kot
  Description: 
The Wired AutoConfig service entered the running state.

Event[1911]:
  Log Name: System
  Source: Service Control Manager
  Date: 2016-05-10T22:17:23.524
  Event ID: 7036
  Task: N/A
  Level: Information
  Opcode: N/A
  Keyword: Classic
  User: N/A
  User Name: N/A
  Computer: Kot
  Description: 
The Network Location Awareness service entered the running state.

Event[1912]:
  Log Name: System
  Source: Service Control Manager
  Date: 2016-05-10T22:17:23.524
  Event ID: 7036
  Task: N/A
  Level: Information
  Opcode: N/A
  Keyword: Classic
  User: N/A
  User Name: N/A
  Computer: Kot
  Description: 
The Extensible Authentication Protocol service entered the running state.

Event[1913]:
  Log Name: System
  Source: Service Control Manager
  Date: 2016-05-10T22:17:23.492
  Event ID: 7036
  Task: N/A
  Level: Information
  Opcode: N/A
  Keyword: Classic
  User: N/A
  User Name: N/A
  Computer: Kot
  Description: 
The DNS Client service entered the running state.

Event[1914]:
  Log Name: System
  Source: Service Control Manager
  Date: 2016-05-10T22:17:23.461
  Event ID: 7036
  Task: N/A
  Level: Information
  Opcode: N/A
  Keyword: Classic
  User: N/A
  User Name: N/A
  Computer: Kot
  Description: 
The DHCP Client service entered the running state.

Event[1915]:
  Log Name: System
  Source: Microsoft-Windows-DHCPv6-Client
  Date: 2016-05-10T22:17:23.446
  Event ID: 51046
  Task: Service State Event
  Level: Information
  Opcode: ServiceStart
  Keyword: N/A
  User: S-1-5-19
  User Name: NT AUTHORITY\LOCAL SERVICE
  Computer: Kot
  Description: 
DHCPv6 client service is started

Event[1916]:
  Log Name: System
  Source: Microsoft-Windows-Dhcp-Client
  Date: 2016-05-10T22:17:23.446
  Event ID: 50036
  Task: Service State Event
  Level: Information
  Opcode: ServiceStart
  Keyword: N/A
  User: S-1-5-19
  User Name: NT AUTHORITY\LOCAL SERVICE
  Computer: Kot
  Description: 
DHCPv4 client service is started

Event[1917]:
  Log Name: System
  Source: Service Control Manager
  Date: 2016-05-10T22:17:23.446
  Event ID: 7036
  Task: N/A
  Level: Information
  Opcode: N/A
  Keyword: Classic
  User: N/A
  User Name: N/A
  Computer: Kot
  Description: 
The TCP/IP NetBIOS Helper service entered the running state.

Event[1918]:
  Log Name: System
  Source: Service Control Manager
  Date: 2016-05-10T22:17:23.446
  Event ID: 7036
  Task: N/A
  Level: Information
  Opcode: N/A
  Keyword: Classic
  User: N/A
  User Name: N/A
  Computer: Kot
  Description: 
The Network Store Interface Service service entered the running state.

Event[1919]:
  Log Name: System
  Source: Service Control Manager
  Date: 2016-05-10T22:17:23.430
  Event ID: 7036
  Task: N/A
  Level: Information
  Opcode: N/A
  Keyword: Classic
  User: N/A
  User Name: N/A
  Computer: Kot
  Description: 
The CNG Key Isolation service entered the running state.

Event[1920]:
  Log Name: System
  Source: Service Control Manager
  Date: 2016-05-10T22:17:23.321
  Event ID: 7036
  Task: N/A
  Level: Information
  Opcode: N/A
  Keyword: Classic
  User: N/A
  User Name: N/A
  Computer: Kot
  Description: 
The Security Accounts Manager service entered the running state.

Event[1921]:
  Log Name: System
  Source: Service Control Manager
  Date: 2016-05-10T22:17:23.321
  Event ID: 7036
  Task: N/A
  Level: Information
  Opcode: N/A
  Keyword: Classic
  User: N/A
  User Name: N/A
  Computer: Kot
  Description: 
The Desktop Window Manager Session Manager service entered the running state.

Event[1922]:
  Log Name: System
  Source: Service Control Manager
  Date: 2016-05-10T22:17:23.321
  Event ID: 7036
  Task: N/A
  Level: Information
  Opcode: N/A
  Keyword: Classic
  User: N/A
  User Name: N/A
  Computer: Kot
  Description: 
The Windows Modules Installer service entered the running state.

Event[1923]:
  Log Name: System
  Source: Service Control Manager
  Date: 2016-05-10T22:17:21.683
  Event ID: 7036
  Task: N/A
  Level: Information
  Opcode: N/A
  Keyword: Classic
  User: N/A
  User Name: N/A
  Computer: Kot
  Description: 
The System Event Notification Service service entered the running state.

Event[1924]:
  Log Name: System
  Source: Service Control Manager
  Date: 2016-05-10T22:17:21.683
  Event ID: 7036
  Task: N/A
  Level: Information
  Opcode: N/A
  Keyword: Classic
  User: N/A
  User Name: N/A
  Computer: Kot
  Description: 
The COM+ Event System service entered the running state.

Event[1925]:
  Log Name: System
  Source: Service Control Manager
  Date: 2016-05-10T22:17:21.542
  Event ID: 7036
  Task: N/A
  Level: Information
  Opcode: N/A
  Keyword: Classic
  User: N/A
  User Name: N/A
  Computer: Kot
  Description: 
The User Profile Service service entered the running state.

Event[1926]:
  Log Name: System
  Source: Service Control Manager
  Date: 2016-05-10T22:17:21.542
  Event ID: 7036
  Task: N/A
  Level: Information
  Opcode: N/A
  Keyword: Classic
  User: N/A
  User Name: N/A
  Computer: Kot
  Description: 
The Group Policy Client service entered the running state.

Event[1927]:
  Log Name: System
  Source: Service Control Manager
  Date: 2016-05-10T22:17:21.542
  Event ID: 7036
  Task: N/A
  Level: Information
  Opcode: N/A
  Keyword: Classic
  User: N/A
  User Name: N/A
  Computer: Kot
  Description: 
The Themes service entered the running state.

Event[1928]:
  Log Name: System
  Source: Service Control Manager
  Date: 2016-05-10T22:17:21.527
  Event ID: 7036
  Task: N/A
  Level: Information
  Opcode: N/A
  Keyword: Classic
  User: N/A
  User Name: N/A
  Computer: Kot
  Description: 
The Offline Files service entered the running state.

Event[1929]:
  Log Name: System
  Source: Service Control Manager
  Date: 2016-05-10T22:17:21.496
  Event ID: 7036
  Task: N/A
  Level: Information
  Opcode: N/A
  Keyword: Classic
  User: N/A
  User Name: N/A
  Computer: Kot
  Description: 
The Windows Audio service entered the running state.

Event[1930]:
  Log Name: System
  Source: Service Control Manager
  Date: 2016-05-10T22:17:21.324
  Event ID: 7036
  Task: N/A
  Level: Information
  Opcode: N/A
  Keyword: Classic
  User: N/A
  User Name: N/A
  Computer: Kot
  Description: 
The Windows Audio Endpoint Builder service entered the running state.

Event[1931]:
  Log Name: System
  Source: Service Control Manager
  Date: 2016-05-10T22:17:20.918
  Event ID: 7036
  Task: N/A
  Level: Information
  Opcode: N/A
  Keyword: Classic
  User: N/A
  User Name: N/A
  Computer: Kot
  Description: 
The Multimedia Class Scheduler service entered the running state.

Event[1932]:
  Log Name: System
  Source: Service Control Manager
  Date: 2016-05-10T22:17:20.872
  Event ID: 7036
  Task: N/A
  Level: Information
  Opcode: N/A
  Keyword: Classic
  User: N/A
  User Name: N/A
  Computer: Kot
  Description: 
The Windows Font Cache Service service entered the running state.

Event[1933]:
  Log Name: System
  Source: Service Control Manager
  Date: 2016-05-10T22:17:20.809
  Event ID: 7036
  Task: N/A
  Level: Information
  Opcode: N/A
  Keyword: Classic
  User: N/A
  User Name: N/A
  Computer: Kot
  Description: 
The Windows Event Log service entered the running state.

Event[1934]:
  Log Name: System
  Source: Service Control Manager
  Date: 2016-05-10T22:17:20.731
  Event ID: 7036
  Task: N/A
  Level: Information
  Opcode: N/A
  Keyword: Classic
  User: N/A
  User Name: N/A
  Computer: Kot
  Description: 
The Remote Procedure Call (RPC) service entered the running state.

Event[1935]:
  Log Name: System
  Source: Service Control Manager
  Date: 2016-05-10T22:17:20.716
  Event ID: 7036
  Task: N/A
  Level: Information
  Opcode: N/A
  Keyword: Classic
  User: N/A
  User Name: N/A
  Computer: Kot
  Description: 
The RPC Endpoint Mapper service entered the running state.

Event[1936]:
  Log Name: System
  Source: Service Control Manager
  Date: 2016-05-10T22:17:20.684
  Event ID: 7036
  Task: N/A
  Level: Information
  Opcode: N/A
  Keyword: Classic
  User: N/A
  User Name: N/A
  Computer: Kot
  Description: 
The DCOM Server Process Launcher service entered the running state.

Event[1937]:
  Log Name: System
  Source: Microsoft-Windows-FilterManager
  Date: 2016-05-10T22:17:20.638
  Event ID: 6
  Task: N/A
  Level: Information
  Opcode: Info
  Keyword: N/A
  User: S-1-5-18
  User Name: NT AUTHORITY\SYSTEM
  Computer: Kot
  Description: 
File System Filter 'aswMonFlt' (6.0, ?2016?-?04?-?25T13:38:58.000000000Z) has successfully loaded and registered with Filter Manager.

Event[1938]:
  Log Name: System
  Source: Microsoft-Windows-FilterManager
  Date: 2016-05-10T22:17:20.606
  Event ID: 6
  Task: N/A
  Level: Information
  Opcode: Info
  Keyword: N/A
  User: S-1-5-18
  User Name: NT AUTHORITY\SYSTEM
  Computer: Kot
  Description: 
File System Filter 'luafv' (6.1, ?2009?-?07?-?14T01:26:13.000000000Z) has successfully loaded and registered with Filter Manager.

Event[1939]:
  Log Name: System
  Source: Service Control Manager
  Date: 2016-05-10T22:17:20.575
  Event ID: 7036
  Task: N/A
  Level: Information
  Opcode: N/A
  Keyword: Classic
  User: N/A
  User Name: N/A
  Computer: Kot
  Description: 
The Power service entered the running state.

Event[1940]:
  Log Name: System
  Source: Microsoft-Windows-UserPnp
  Date: 2016-05-10T22:17:20.435
  Event ID: 20010
  Task: N/A
  Level: Information
  Opcode: Info
  Keyword: N/A
  User: S-1-5-18
  User Name: NT AUTHORITY\SYSTEM
  Computer: Kot
  Description: 
One or more of the Plug and Play service's subsystems has changed state. 

PlugPlay install subsystem enabled: 'true' 
PlugPlay caching subsystem enabled: 'true' 


Event[1941]:
  Log Name: System
  Source: Service Control Manager
  Date: 2016-05-10T22:17:20.435
  Event ID: 7036
  Task: N/A
  Level: Information
  Opcode: N/A
  Keyword: Classic
  User: N/A
  User Name: N/A
  Computer: Kot
  Description: 
The Plug and Play service entered the running state.

Event[1942]:
  Log Name: System
  Source: Microsoft-Windows-Kernel-Processor-Power
  Date: 2016-05-10T22:17:09.718
  Event ID: 26
  Task: N/A
  Level: Information
  Opcode: Info
  Keyword: N/A
  User: S-1-5-18
  User Name: NT AUTHORITY\SYSTEM
  Computer: Kot
  Description: 
Processor 7 in group 0 exposes the following:

2 idle state(s)
5 performance state(s)
0 throttle state(s)

Event[1943]:
  Log Name: System
  Source: Microsoft-Windows-Kernel-Processor-Power
  Date: 2016-05-10T22:17:09.718
  Event ID: 26
  Task: N/A
  Level: Information
  Opcode: Info
  Keyword: N/A
  User: S-1-5-18
  User Name: NT AUTHORITY\SYSTEM
  Computer: Kot
  Description: 
Processor 6 in group 0 exposes the following:

2 idle state(s)
5 performance state(s)
0 throttle state(s)

Event[1944]:
  Log Name: System
  Source: Microsoft-Windows-Kernel-Processor-Power
  Date: 2016-05-10T22:17:09.718
  Event ID: 26
  Task: N/A
  Level: Information
  Opcode: Info
  Keyword: N/A
  User: S-1-5-18
  User Name: NT AUTHORITY\SYSTEM
  Computer: Kot
  Description: 
Processor 5 in group 0 exposes the following:

2 idle state(s)
5 performance state(s)
0 throttle state(s)

Event[1945]:
  Log Name: System
  Source: Microsoft-Windows-Kernel-Processor-Power
  Date: 2016-05-10T22:17:09.718
  Event ID: 26
  Task: N/A
  Level: Information
  Opcode: Info
  Keyword: N/A
  User: S-1-5-18
  User Name: NT AUTHORITY\SYSTEM
  Computer: Kot
  Description: 
Processor 4 in group 0 exposes the following:

2 idle state(s)
5 performance state(s)
0 throttle state(s)

Event[1946]:
  Log Name: System
  Source: Microsoft-Windows-Kernel-Processor-Power
  Date: 2016-05-10T22:17:09.718
  Event ID: 26
  Task: N/A
  Level: Information
  Opcode: Info
  Keyword: N/A
  User: S-1-5-18
  User Name: NT AUTHORITY\SYSTEM
  Computer: Kot
  Description: 
Processor 3 in group 0 exposes the following:

2 idle state(s)
5 performance state(s)
0 throttle state(s)

Event[1947]:
  Log Name: System
  Source: Microsoft-Windows-Kernel-Processor-Power
  Date: 2016-05-10T22:17:09.718
  Event ID: 26
  Task: N/A
  Level: Information
  Opcode: Info
  Keyword: N/A
  User: S-1-5-18
  User Name: NT AUTHORITY\SYSTEM
  Computer: Kot
  Description: 
Processor 2 in group 0 exposes the following:

2 idle state(s)
5 performance state(s)
0 throttle state(s)

Event[1948]:
  Log Name: System
  Source: Microsoft-Windows-Kernel-Processor-Power
  Date: 2016-05-10T22:17:09.718
  Event ID: 26
  Task: N/A
  Level: Information
  Opcode: Info
  Keyword: N/A
  User: S-1-5-18
  User Name: NT AUTHORITY\SYSTEM
  Computer: Kot
  Description: 
Processor 1 in group 0 exposes the following:

2 idle state(s)
5 performance state(s)
0 throttle state(s)

Event[1949]:
  Log Name: System
  Source: Microsoft-Windows-Kernel-Processor-Power
  Date: 2016-05-10T22:17:09.718
  Event ID: 26
  Task: N/A
  Level: Information
  Opcode: Info
  Keyword: N/A
  User: S-1-5-18
  User Name: NT AUTHORITY\SYSTEM
  Computer: Kot
  Description: 
Processor 0 in group 0 exposes the following:

2 idle state(s)
5 performance state(s)
0 throttle state(s)

Event[1950]:
  Log Name: System
  Source: VMnetAdapter
  Date: 2016-05-10T22:17:08.891
  Event ID: 34
  Task: N/A
  Level: Information
  Opcode: N/A
  Keyword: Classic
  User: N/A
  User Name: N/A
  Computer: Kot
  Description: 
() Driver entry successful.

Event[1951]:
  Log Name: System
  Source: VMnetAdapter
  Date: 2016-05-10T22:17:08.891
  Event ID: 34
  Task: N/A
  Level: Information
  Opcode: N/A
  Keyword: Classic
  User: N/A
  User Name: N/A
  Computer: Kot
  Description: 
() Starting up: FFFFFA8009641530, \REGISTRY\MACHINE\SYSTEM\ControlSet001\services\VMnetAdapter.

Event[1952]:
  Log Name: System
  Source: Microsoft-Windows-FilterManager
  Date: 2016-05-10T22:17:07.237
  Event ID: 6
  Task: N/A
  Level: Information
  Opcode: Info
  Keyword: N/A
  User: S-1-5-18
  User Name: NT AUTHORITY\SYSTEM
  Computer: Kot
  Description: 
File System Filter 'aswSnx' (6.0, ?2016?-?04?-?25T13:39:31.000000000Z) has successfully loaded and registered with Filter Manager.

Event[1953]:
  Log Name: System
  Source: Microsoft-Windows-FilterManager
  Date: 2016-05-10T22:17:07.159
  Event ID: 6
  Task: N/A
  Level: Information
  Opcode: Info
  Keyword: N/A
  User: S-1-5-18
  User Name: NT AUTHORITY\SYSTEM
  Computer: Kot
  Description: 
File System Filter 'aswSP' (6.0, ?2016?-?04?-?25T13:59:07.000000000Z) has successfully loaded and registered with Filter Manager.

Event[1954]:
  Log Name: System
  Source: Microsoft-Windows-FilterManager
  Date: 2016-05-10T22:17:03.524
  Event ID: 6
  Task: N/A
  Level: Information
  Opcode: Info
  Keyword: N/A
  User: S-1-5-18
  User Name: NT AUTHORITY\SYSTEM
  Computer: Kot
  Description: 
File System Filter 'FileInfo' (6.1, ?2009?-?07?-?14T01:34:25.000000000Z) has successfully loaded and registered with Filter Manager.

Event[1955]:
  Log Name: System
  Source: Microsoft-Windows-Kernel-General
  Date: 2016-05-10T22:17:00.061
  Event ID: 12
  Task: N/A
  Level: Information
  Opcode: Info
  Keyword: N/A
  User: S-1-5-18
  User Name: NT AUTHORITY\SYSTEM
  Computer: Kot
  Description: 
The operating system started at system time ?2016?-?05?-?10T20:16:58.595198400Z.

Event[1956]:
  Log Name: System
  Source: Microsoft-Windows-Kernel-General
  Date: 2016-05-10T22:16:08.762
  Event ID: 13
  Task: N/A
  Level: Information
  Opcode: Info
  Keyword: N/A
  User: N/A
  User Name: N/A
  Computer: Kot
  Description: 
The operating system is shutting down at system time ?2016?-?05?-?10T20:16:08.762957800Z.

Event[1957]:
  Log Name: System
  Source: Microsoft-Windows-Kernel-Power
  Date: 2016-05-10T22:16:05.611
  Event ID: 109
  Task: N/A
  Level: Information
  Opcode: Info
  Keyword: N/A
  User: N/A
  User Name: N/A
  Computer: Kot
  Description: 
The kernel power manager has initiated a shutdown transition.

Event[1958]:
  Log Name: System
  Source: Service Control Manager
  Date: 2016-05-10T22:16:04.550
  Event ID: 7036
  Task: N/A
  Level: Information
  Opcode: N/A
  Keyword: Classic
  User: N/A
  User Name: N/A
  Computer: Kot
  Description: 
The Windows Search service entered the stopped state.

Event[1959]:
  Log Name: System
  Source: Service Control Manager
  Date: 2016-05-10T22:15:59.090
  Event ID: 7036
  Task: N/A
  Level: Information
  Opcode: N/A
  Keyword: Classic
  User: N/A
  User Name: N/A
  Computer: Kot
  Description: 
The Windows Defender service entered the stopped state.

Event[1960]:
  Log Name: System
  Source: Service Control Manager
  Date: 2016-05-10T22:15:56.002
  Event ID: 7036
  Task: N/A
  Level: Information
  Opcode: N/A
  Keyword: Classic
  User: N/A
  User Name: N/A
  Computer: Kot
  Description: 
The Diagnostic Service Host service entered the stopped state.

Event[1961]:
  Log Name: System
  Source: Service Control Manager
  Date: 2016-05-10T22:15:55.908
  Event ID: 7036
  Task: N/A
  Level: Information
  Opcode: N/A
  Keyword: Classic
  User: N/A
  User Name: N/A
  Computer: Kot
  Description: 
The Windows Font Cache Service service entered the stopped state.

Event[1962]:
  Log Name: System
  Source: Service Control Manager
  Date: 2016-05-10T22:15:55.768
  Event ID: 7036
  Task: N/A
  Level: Information
  Opcode: N/A
  Keyword: Classic
  User: N/A
  User Name: N/A
  Computer: Kot
  Description: 
The UPnP Device Host service entered the stopped state.

Event[1963]:
  Log Name: System
  Source: Service Control Manager
  Date: 2016-05-10T22:15:55.580
  Event ID: 7036
  Task: N/A
  Level: Information
  Opcode: N/A
  Keyword: Classic
  User: N/A
  User Name: N/A
  Computer: Kot
  Description: 
The Cryptographic Services service entered the stopped state.

Event[1964]:
  Log Name: System
  Source: Service Control Manager
  Date: 2016-05-10T22:15:55.534
  Event ID: 7036
  Task: N/A
  Level: Information
  Opcode: N/A
  Keyword: Classic
  User: N/A
  User Name: N/A
  Computer: Kot
  Description: 
The Remote Desktop Services service entered the stopped state.

Event[1965]:
  Log Name: System
  Source: Service Control Manager
  Date: 2016-05-10T22:15:55.471
  Event ID: 7036
  Task: N/A
  Level: Information
  Opcode: N/A
  Keyword: Classic
  User: N/A
  User Name: N/A
  Computer: Kot
  Description: 
The Superfetch service entered the stopped state.

Event[1966]:
  Log Name: System
  Source: Service Control Manager
  Date: 2016-05-10T22:15:55.440
  Event ID: 7036
  Task: N/A
  Level: Information
  Opcode: N/A
  Keyword: Classic
  User: N/A
  User Name: N/A
  Computer: Kot
  Description: 
The Windows Management Instrumentation service entered the stopped state.

Event[1967]:
  Log Name: System
  Source: Service Control Manager
  Date: 2016-05-10T22:15:55.253
  Event ID: 7036
  Task: N/A
  Level: Information
  Opcode: N/A
  Keyword: Classic
  User: N/A
  User Name: N/A
  Computer: Kot
  Description: 
The Windows Event Log service entered the stopped state.

Event[1968]:
  Log Name: System
  Source: Service Control Manager
  Date: 2016-05-10T22:15:55.066
  Event ID: 7036
  Task: N/A
  Level: Information
  Opcode: N/A
  Keyword: Classic
  User: N/A
  User Name: N/A
  Computer: Kot
  Description: 
The Peer Name Resolution Protocol service entered the stopped state.

Event[1969]:
  Log Name: System
  Source: Service Control Manager
  Date: 2016-05-10T22:15:54.956
  Event ID: 7036
  Task: N/A
  Level: Information
  Opcode: N/A
  Keyword: Classic
  User: N/A
  User Name: N/A
  Computer: Kot
  Description: 
The WWAN AutoConfig service entered the stopped state.

Event[1970]:
  Log Name: System
  Source: Service Control Manager
  Date: 2016-05-10T22:15:54.785
  Event ID: 7036
  Task: N/A
  Level: Information
  Opcode: N/A
  Keyword: Classic
  User: N/A
  User Name: N/A
  Computer: Kot
  Description: 
The WLAN AutoConfig service entered the stopped state.

Event[1971]:
  Log Name: System
  Source: EventLog
  Date: 2016-05-10T22:17:20.000
  Event ID: 6013
  Task: N/A
  Level: Information
  Opcode: N/A
  Keyword: Classic
  User: N/A
  User Name: N/A
  Computer: Kot
  Description: 
The system uptime is 22 seconds.

Event[1972]:
  Log Name: System
  Source: EventLog
  Date: 2016-05-10T22:17:20.000
  Event ID: 6005
  Task: N/A
  Level: Information
  Opcode: N/A
  Keyword: Classic
  User: N/A
  User Name: N/A
  Computer: Kot
  Description: 
The Event log service was started.

Event[1973]:
  Log Name: System
  Source: EventLog
  Date: 2016-05-10T22:17:20.000
  Event ID: 6009
  Task: N/A
  Level: Information
  Opcode: N/A
  Keyword: Classic
  User: N/A
  User Name: N/A
  Computer: Kot
  Description: 
Microsoft (R) Windows (R) 6.01. 7601 Service Pack 1 Multiprocessor Free.

Event[1974]:
  Log Name: System
  Source: Microsoft-Windows-WLAN-AutoConfig
  Date: 2016-05-10T22:15:54.785
  Event ID: 4001
  Task: N/A
  Level: Warning
  Opcode: Stop
  Keyword: N/A
  User: S-1-5-18
  User Name: NT AUTHORITY\SYSTEM
  Computer: Kot
  Description: 
WLAN AutoConfig service has successfully stopped.


Event[1975]:
  Log Name: System
  Source: Service Control Manager
  Date: 2016-05-10T22:15:54.535
  Event ID: 7036
  Task: N/A
  Level: Information
  Opcode: N/A
  Keyword: Classic
  User: N/A
  User Name: N/A
  Computer: Kot
  Description: 
The Security Center service entered the stopped state.

Event[1976]:
  Log Name: System
  Source: Service Control Manager
  Date: 2016-05-10T22:15:54.535
  Event ID: 7036
  Task: N/A
  Level: Information
  Opcode: N/A
  Keyword: Classic
  User: N/A
  User Name: N/A
  Computer: Kot
  Description: 
The Wired AutoConfig service entered the stopped state.

Event[1977]:
  Log Name: System
  Source: Service Control Manager
  Date: 2016-05-10T22:15:54.473
  Event ID: 7036
  Task: N/A
  Level: Information
  Opcode: N/A
  Keyword: Classic
  User: N/A
  User Name: N/A
  Computer: Kot
  Description: 
The Windows Image Acquisition (WIA) service entered the stopped state.

Event[1978]:
  Log Name: System
  Source: Service Control Manager
  Date: 2016-05-10T22:15:54.426
  Event ID: 7036
  Task: N/A
  Level: Information
  Opcode: N/A
  Keyword: Classic
  User: N/A
  User Name: N/A
  Computer: Kot
  Description: 
The Peer Networking Grouping service entered the stopped state.

Event[1979]:
  Log Name: System
  Source: Service Control Manager
  Date: 2016-05-10T22:15:54.410
  Event ID: 7036
  Task: N/A
  Level: Information
  Opcode: N/A
  Keyword: Classic
  User: N/A
  User Name: N/A
  Computer: Kot
  Description: 
The Function Discovery Resource Publication service entered the stopped state.

Event[1980]:
  Log Name: System
  Source: Service Control Manager
  Date: 2016-05-10T22:15:54.364
  Event ID: 7036
  Task: N/A
  Level: Information
  Opcode: N/A
  Keyword: Classic
  User: N/A
  User Name: N/A
  Computer: Kot
  Description: 
The User Profile Service service entered the stopped state.

Event[1981]:
  Log Name: System
  Source: Service Control Manager
  Date: 2016-05-10T22:15:54.364
  Event ID: 7036
  Task: N/A
  Level: Information
  Opcode: N/A
  Keyword: Classic
  User: N/A
  User Name: N/A
  Computer: Kot
  Description: 
The Extensible Authentication Protocol service entered the stopped state.

Event[1982]:
  Log Name: System
  Source: Service Control Manager
  Date: 2016-05-10T22:15:54.348
  Event ID: 7036
  Task: N/A
  Level: Information
  Opcode: N/A
  Keyword: Classic
  User: N/A
  User Name: N/A
  Computer: Kot
  Description: 
The DHCP Client service entered the stopped state.

Event[1983]:
  Log Name: System
  Source: Microsoft-Windows-Dhcp-Client
  Date: 2016-05-10T22:15:54.348
  Event ID: 50037
  Task: Service State Event
  Level: Information
  Opcode: ServiceStop
  Keyword: N/A
  User: S-1-5-19
  User Name: NT AUTHORITY\LOCAL SERVICE
  Computer: Kot
  Description: 
DHCPv4 client service is stopped. ShutDown Flag value is 1

Event[1984]:
  Log Name: System
  Source: Service Control Manager
  Date: 2016-05-10T22:15:54.348
  Event ID: 7036
  Task: N/A
  Level: Information
  Opcode: N/A
  Keyword: Classic
  User: N/A
  User Name: N/A
  Computer: Kot
  Description: 
The VMware Agent Service service entered the stopped state.

Event[1985]:
  Log Name: System
  Source: Service Control Manager
  Date: 2016-05-10T22:15:54.332
  Event ID: 7036
  Task: N/A
  Level: Information
  Opcode: N/A
  Keyword: Classic
  User: N/A
  User Name: N/A
  Computer: Kot
  Description: 
The SSDP Discovery service entered the stopped state.

Event[1986]:
  Log Name: System
  Source: Service Control Manager
  Date: 2016-05-10T22:15:54.270
  Event ID: 7036
  Task: N/A
  Level: Information
  Opcode: N/A
  Keyword: Classic
  User: N/A
  User Name: N/A
  Computer: Kot
  Description: 
The Desktop Window Manager Session Manager service entered the stopped state.

Event[1987]:
  Log Name: System
  Source: Service Control Manager
  Date: 2016-05-10T22:15:54.254
  Event ID: 7036
  Task: N/A
  Level: Information
  Opcode: N/A
  Keyword: Classic
  User: N/A
  User Name: N/A
  Computer: Kot
  Description: 
The Plug and Play service entered the stopped state.

Event[1988]:
  Log Name: System
  Source: Microsoft-Windows-UserPnp
  Date: 2016-05-10T22:15:54.254
  Event ID: 20010
  Task: N/A
  Level: Information
  Opcode: Info
  Keyword: N/A
  User: S-1-5-18
  User Name: NT AUTHORITY\SYSTEM
  Computer: Kot
  Description: 
One or more of the Plug and Play service's subsystems has changed state. 

PlugPlay install subsystem enabled: 'false' 
PlugPlay caching subsystem enabled: 'false' 


Event[1989]:
  Log Name: System
  Source: Microsoft-Windows-DHCPv6-Client
  Date: 2016-05-10T22:15:54.239
  Event ID: 51047
  Task: Service State Event
  Level: Information
  Opcode: ServiceStop
  Keyword: N/A
  User: S-1-5-19
  User Name: NT AUTHORITY\LOCAL SERVICE
  Computer: Kot
  Description: 
DHCPv6 client service is stopped. ShutDown Flag value is 1

Event[1990]:
  Log Name: System
  Source: Service Control Manager
  Date: 2016-05-10T22:15:54.223
  Event ID: 7036
  Task: N/A
  Level: Information
  Opcode: N/A
  Keyword: Classic
  User: N/A
  User Name: N/A
  Computer: Kot
  Description: 
The Distributed Link Tracking Client service entered the stopped state.

Event[1991]:
  Log Name: System
  Source: Service Control Manager
  Date: 2016-05-10T22:15:54.223
  Event ID: 7036
  Task: N/A
  Level: Information
  Opcode: N/A
  Keyword: Classic
  User: N/A
  User Name: N/A
  Computer: Kot
  Description: 
The Remote Desktop Services UserMode Port Redirector service entered the stopped state.

Event[1992]:
  Log Name: System
  Source: Service Control Manager
  Date: 2016-05-10T22:15:54.208
  Event ID: 7036
  Task: N/A
  Level: Information
  Opcode: N/A
  Keyword: Classic
  User: N/A
  User Name: N/A
  Computer: Kot
  Description: 
The Diagnostic Policy Service service entered the stopped state.

Event[1993]:
  Log Name: System
  Source: Service Control Manager
  Date: 2016-05-10T22:15:54.208
  Event ID: 7036
  Task: N/A
  Level: Information
  Opcode: N/A
  Keyword: Classic
  User: N/A
  User Name: N/A
  Computer: Kot
  Description: 
The Microsoft Software Shadow Copy Provider service entered the stopped state.

Event[1994]:
  Log Name: System
  Source: Service Control Manager
  Date: 2016-05-10T22:15:54.192
  Event ID: 7036
  Task: N/A
  Level: Information
  Opcode: N/A
  Keyword: Classic
  User: N/A
  User Name: N/A
  Computer: Kot
  Description: 
The Power service entered the stopped state.

Event[1995]:
  Log Name: System
  Source: Service Control Manager
  Date: 2016-05-10T22:15:54.114
  Event ID: 7036
  Task: N/A
  Level: Information
  Opcode: N/A
  Keyword: Classic
  User: N/A
  User Name: N/A
  Computer: Kot
  Description: 
The Peer Networking Identity Manager service entered the stopped state.

Event[1996]:
  Log Name: System
  Source: Service Control Manager
  Date: 2016-05-10T22:15:54.114
  Event ID: 7036
  Task: N/A
  Level: Information
  Opcode: N/A
  Keyword: Classic
  User: N/A
  User Name: N/A
  Computer: Kot
  Description: 
The Human Interface Device Access service entered the stopped state.

Event[1997]:
  Log Name: System
  Source: Service Control Manager
  Date: 2016-05-10T22:15:54.098
  Event ID: 7036
  Task: N/A
  Level: Information
  Opcode: N/A
  Keyword: Classic
  User: N/A
  User Name: N/A
  Computer: Kot
  Description: 
The Microsoft Office ClickToRun Service service entered the stopped state.

Event[1998]:
  Log Name: System
  Source: EventLog
  Date: 2016-05-10T22:15:54.000
  Event ID: 6006
  Task: N/A
  Level: Information
  Opcode: N/A
  Keyword: Classic
  User: N/A
  User Name: N/A
  Computer: Kot
  Description: 
The Event log service was stopped.

Event[1999]:
  Log Name: System
  Source: Service Control Manager
  Date: 2016-05-10T22:15:53.646
  Event ID: 7036
  Task: N/A
  Level: Information
  Opcode: N/A
  Keyword: Classic
  User: N/A
  User Name: N/A
  Computer: Kot
  Description: 
The Certificate Propagation service entered the stopped state.
