  Log Name: System
  Source: Service Control Manager
  Date: 2016-05-14T00:30:05.408
  Event ID: 7036
  Task: N/A
  Level: Information
  Opcode: N/A
  Keyword: Classic
  User: N/A
  User Name: N/A
  Computer: Kot
  Description: 
The Cryptographic Services service entered the stopped state.

Event[946]:
  Log Name: System
  Source: Service Control Manager
  Date: 2016-05-14T00:30:05.408
  Event ID: 7036
  Task: N/A
  Level: Information
  Opcode: N/A
  Keyword: Classic
  User: N/A
  User Name: N/A
  Computer: Kot
  Description: 
The Remote Desktop Services service entered the stopped state.

Event[947]:
  Log Name: System
  Source: Service Control Manager
  Date: 2016-05-14T00:30:05.377
  Event ID: 7036
  Task: N/A
  Level: Information
  Opcode: N/A
  Keyword: Classic
  User: N/A
  User Name: N/A
  Computer: Kot
  Description: 
The Peer Name Resolution Protocol service entered the stopped state.

Event[948]:
  Log Name: System
  Source: Service Control Manager
  Date: 2016-05-14T00:30:05.377
  Event ID: 7036
  Task: N/A
  Level: Information
  Opcode: N/A
  Keyword: Classic
  User: N/A
  User Name: N/A
  Computer: Kot
  Description: 
The VMware Agent Service service entered the stopped state.

Event[949]:
  Log Name: System
  Source: Service Control Manager
  Date: 2016-05-14T00:30:05.345
  Event ID: 7036
  Task: N/A
  Level: Information
  Opcode: N/A
  Keyword: Classic
  User: N/A
  User Name: N/A
  Computer: Kot
  Description: 
The WWAN AutoConfig service entered the stopped state.

Event[950]:
  Log Name: System
  Source: Service Control Manager
  Date: 2016-05-14T00:30:05.267
  Event ID: 7036
  Task: N/A
  Level: Information
  Opcode: N/A
  Keyword: Classic
  User: N/A
  User Name: N/A
  Computer: Kot
  Description: 
The Windows Image Acquisition (WIA) service entered the stopped state.

Event[951]:
  Log Name: System
  Source: Service Control Manager
  Date: 2016-05-14T00:30:05.236
  Event ID: 7036
  Task: N/A
  Level: Information
  Opcode: N/A
  Keyword: Classic
  User: N/A
  User Name: N/A
  Computer: Kot
  Description: 
The Windows Modules Installer service entered the stopped state.

Event[952]:
  Log Name: System
  Source: Service Control Manager
  Date: 2016-05-14T00:30:05.205
  Event ID: 7036
  Task: N/A
  Level: Information
  Opcode: N/A
  Keyword: Classic
  User: N/A
  User Name: N/A
  Computer: Kot
  Description: 
The Security Center service entered the stopped state.

Event[953]:
  Log Name: System
  Source: Service Control Manager
  Date: 2016-05-14T00:30:05.143
  Event ID: 7036
  Task: N/A
  Level: Information
  Opcode: N/A
  Keyword: Classic
  User: N/A
  User Name: N/A
  Computer: Kot
  Description: 
The Wired AutoConfig service entered the stopped state.

Event[954]:
  Log Name: System
  Source: Service Control Manager
  Date: 2016-05-14T00:30:05.127
  Event ID: 7036
  Task: N/A
  Level: Information
  Opcode: N/A
  Keyword: Classic
  User: N/A
  User Name: N/A
  Computer: Kot
  Description: 
The DHCP Client service entered the stopped state.

Event[955]:
  Log Name: System
  Source: Microsoft-Windows-Dhcp-Client
  Date: 2016-05-14T00:30:05.127
  Event ID: 50037
  Task: Service State Event
  Level: Information
  Opcode: ServiceStop
  Keyword: N/A
  User: S-1-5-19
  User Name: NT AUTHORITY\LOCAL SERVICE
  Computer: Kot
  Description: 
DHCPv4 client service is stopped. ShutDown Flag value is 1

Event[956]:
  Log Name: System
  Source: Microsoft-Windows-DHCPv6-Client
  Date: 2016-05-14T00:30:05.111
  Event ID: 51047
  Task: Service State Event
  Level: Information
  Opcode: ServiceStop
  Keyword: N/A
  User: S-1-5-19
  User Name: NT AUTHORITY\LOCAL SERVICE
  Computer: Kot
  Description: 
DHCPv6 client service is stopped. ShutDown Flag value is 1

Event[957]:
  Log Name: System
  Source: Service Control Manager
  Date: 2016-05-14T00:30:05.002
  Event ID: 7036
  Task: N/A
  Level: Information
  Opcode: N/A
  Keyword: Classic
  User: N/A
  User Name: N/A
  Computer: Kot
  Description: 
The Desktop Window Manager Session Manager service entered the stopped state.

Event[958]:
  Log Name: System
  Source: Service Control Manager
  Date: 2016-05-14T00:30:05.002
  Event ID: 7036
  Task: N/A
  Level: Information
  Opcode: N/A
  Keyword: Classic
  User: N/A
  User Name: N/A
  Computer: Kot
  Description: 
The Distributed Link Tracking Client service entered the stopped state.

Event[959]:
  Log Name: System
  Source: Service Control Manager
  Date: 2016-05-14T00:30:04.971
  Event ID: 7036
  Task: N/A
  Level: Information
  Opcode: N/A
  Keyword: Classic
  User: N/A
  User Name: N/A
  Computer: Kot
  Description: 
The Function Discovery Resource Publication service entered the stopped state.

Event[960]:
  Log Name: System
  Source: Service Control Manager
  Date: 2016-05-14T00:30:04.971
  Event ID: 7036
  Task: N/A
  Level: Information
  Opcode: N/A
  Keyword: Classic
  User: N/A
  User Name: N/A
  Computer: Kot
  Description: 
The SSDP Discovery service entered the stopped state.

Event[961]:
  Log Name: System
  Source: Service Control Manager
  Date: 2016-05-14T00:30:04.971
  Event ID: 7036
  Task: N/A
  Level: Information
  Opcode: N/A
  Keyword: Classic
  User: N/A
  User Name: N/A
  Computer: Kot
  Description: 
The Remote Desktop Services UserMode Port Redirector service entered the stopped state.

Event[962]:
  Log Name: System
  Source: Service Control Manager
  Date: 2016-05-14T00:30:04.924
  Event ID: 7036
  Task: N/A
  Level: Information
  Opcode: N/A
  Keyword: Classic
  User: N/A
  User Name: N/A
  Computer: Kot
  Description: 
The Diagnostic Policy Service service entered the stopped state.

Event[963]:
  Log Name: System
  Source: Service Control Manager
  Date: 2016-05-14T00:30:04.924
  Event ID: 7036
  Task: N/A
  Level: Information
  Opcode: N/A
  Keyword: Classic
  User: N/A
  User Name: N/A
  Computer: Kot
  Description: 
The User Profile Service service entered the stopped state.

Event[964]:
  Log Name: System
  Source: Service Control Manager
  Date: 2016-05-14T00:30:04.924
  Event ID: 7036
  Task: N/A
  Level: Information
  Opcode: N/A
  Keyword: Classic
  User: N/A
  User Name: N/A
  Computer: Kot
  Description: 
The Power service entered the stopped state.

Event[965]:
  Log Name: System
  Source: Service Control Manager
  Date: 2016-05-14T00:30:04.909
  Event ID: 7036
  Task: N/A
  Level: Information
  Opcode: N/A
  Keyword: Classic
  User: N/A
  User Name: N/A
  Computer: Kot
  Description: 
The Extensible Authentication Protocol service entered the stopped state.

Event[966]:
  Log Name: System
  Source: Service Control Manager
  Date: 2016-05-14T00:30:04.909
  Event ID: 7036
  Task: N/A
  Level: Information
  Opcode: N/A
  Keyword: Classic
  User: N/A
  User Name: N/A
  Computer: Kot
  Description: 
The Plug and Play service entered the stopped state.

Event[967]:
  Log Name: System
  Source: Microsoft-Windows-UserPnp
  Date: 2016-05-14T00:30:04.909
  Event ID: 20010
  Task: N/A
  Level: Information
  Opcode: Info
  Keyword: N/A
  User: S-1-5-18
  User Name: NT AUTHORITY\SYSTEM
  Computer: Kot
  Description: 
One or more of the Plug and Play service's subsystems has changed state. 

PlugPlay install subsystem enabled: 'false' 
PlugPlay caching subsystem enabled: 'false' 


Event[968]:
  Log Name: System
  Source: Service Control Manager
  Date: 2016-05-14T00:30:04.799
  Event ID: 7036
  Task: N/A
  Level: Information
  Opcode: N/A
  Keyword: Classic
  User: N/A
  User Name: N/A
  Computer: Kot
  Description: 
The Peer Networking Grouping service entered the stopped state.

Event[969]:
  Log Name: System
  Source: Service Control Manager
  Date: 2016-05-14T00:30:04.768
  Event ID: 7036
  Task: N/A
  Level: Information
  Opcode: N/A
  Keyword: Classic
  User: N/A
  User Name: N/A
  Computer: Kot
  Description: 
The Windows Font Cache Service service entered the stopped state.

Event[970]:
  Log Name: System
  Source: Service Control Manager
  Date: 2016-05-14T00:30:04.753
  Event ID: 7036
  Task: N/A
  Level: Information
  Opcode: N/A
  Keyword: Classic
  User: N/A
  User Name: N/A
  Computer: Kot
  Description: 
The Peer Networking Identity Manager service entered the stopped state.

Event[971]:
  Log Name: System
  Source: Service Control Manager
  Date: 2016-05-14T00:30:04.753
  Event ID: 7036
  Task: N/A
  Level: Information
  Opcode: N/A
  Keyword: Classic
  User: N/A
  User Name: N/A
  Computer: Kot
  Description: 
The Human Interface Device Access service entered the stopped state.

Event[972]:
  Log Name: System
  Source: Service Control Manager
  Date: 2016-05-14T00:30:04.737
  Event ID: 7036
  Task: N/A
  Level: Information
  Opcode: N/A
  Keyword: Classic
  User: N/A
  User Name: N/A
  Computer: Kot
  Description: 
The Microsoft Office ClickToRun Service service entered the stopped state.

Event[973]:
  Log Name: System
  Source: Service Control Manager
  Date: 2016-05-14T00:30:04.612
  Event ID: 7036
  Task: N/A
  Level: Information
  Opcode: N/A
  Keyword: Classic
  User: N/A
  User Name: N/A
  Computer: Kot
  Description: 
The Certificate Propagation service entered the stopped state.

Event[974]:
  Log Name: System
  Source: Service Control Manager
  Date: 2016-05-14T00:30:04.487
  Event ID: 7036
  Task: N/A
  Level: Information
  Opcode: N/A
  Keyword: Classic
  User: N/A
  User Name: N/A
  Computer: Kot
  Description: 
The Diagnostics Tracking Service service entered the stopped state.

Event[975]:
  Log Name: System
  Source: Service Control Manager
  Date: 2016-05-14T00:30:04.378
  Event ID: 7036
  Task: N/A
  Level: Information
  Opcode: N/A
  Keyword: Classic
  User: N/A
  User Name: N/A
  Computer: Kot
  Description: 
The Group Policy Client service entered the stopped state.

Event[976]:
  Log Name: System
  Source: Service Control Manager
  Date: 2016-05-14T00:30:04.207
  Event ID: 7036
  Task: N/A
  Level: Information
  Opcode: N/A
  Keyword: Classic
  User: N/A
  User Name: N/A
  Computer: Kot
  Description: 
The Windows Update service entered the stopped state.

Event[977]:
  Log Name: System
  Source: Microsoft-Windows-WindowsUpdateClient
  Date: 2016-05-14T00:30:04.160
  Event ID: 27
  Task: Windows Update Agent
  Level: Information
  Opcode: State Change
  Keyword: State
  User: S-1-5-18
  User Name: NT AUTHORITY\SYSTEM
  Computer: Kot
  Description: 
Automatic Updates is now paused.

Event[978]:
  Log Name: System
  Source: EventLog
  Date: 2016-05-14T00:30:05.000
  Event ID: 6006
  Task: N/A
  Level: Information
  Opcode: N/A
  Keyword: Classic
  User: N/A
  User Name: N/A
  Computer: Kot
  Description: 
The Event log service was stopped.

Event[979]:
  Log Name: System
  Source: Microsoft-Windows-Winlogon
  Date: 2016-05-14T00:30:03.692
  Event ID: 7002
  Task: N/A
  Level: Information
  Opcode: Info
  Keyword: N/A
  User: S-1-5-18
  User Name: NT AUTHORITY\SYSTEM
  Computer: Kot
  Description: 
User Logoff Notification for Customer Experience Improvement Program

Event[980]:
  Log Name: System
  Source: Service Control Manager
  Date: 2016-05-14T00:30:03.005
  Event ID: 7036
  Task: N/A
  Level: Information
  Opcode: N/A
  Keyword: Classic
  User: N/A
  User Name: N/A
  Computer: Kot
  Description: 
The Steam Client Service service entered the stopped state.

Event[981]:
  Log Name: System
  Source: USER32
  Date: 2016-05-14T00:30:03.000
  Event ID: 1074
  Task: N/A
  Level: Information
  Opcode: N/A
  Keyword: Classic
  User: S-1-5-21-1345753643-328560084-4052943262-1000
  User Name: Kot\Kotek
  Computer: Kot
  Description: 
The process C:\Windows\system32\winlogon.exe (KOT) has initiated the power off of computer KOT on behalf of user Kot\Kotek for the following reason: No title for this reason could be found
 Reason Code: 0x500ff
 Shutdown Type: power off
 Comment: 

Event[982]:
  Log Name: System
  Source: USER32
  Date: 2016-05-14T00:29:55.000
  Event ID: 1074
  Task: N/A
  Level: Information
  Opcode: N/A
  Keyword: Classic
  User: S-1-5-21-1345753643-328560084-4052943262-1000
  User Name: Kot\Kotek
  Computer: Kot
  Description: 
The process Explorer.EXE has initiated the power off of computer KOT on behalf of user Kot\Kotek for the following reason: Other (Unplanned)
 Reason Code: 0x0
 Shutdown Type: power off
 Comment: 

Event[983]:
  Log Name: System
  Source: Service Control Manager
  Date: 2016-05-14T00:29:49.841
  Event ID: 7036
  Task: N/A
  Level: Information
  Opcode: N/A
  Keyword: Classic
  User: N/A
  User Name: N/A
  Computer: Kot
  Description: 
The Application Experience service entered the running state.

Event[984]:
  Log Name: System
  Source: Service Control Manager
  Date: 2016-05-14T00:29:49.062
  Event ID: 7036
  Task: N/A
  Level: Information
  Opcode: N/A
  Keyword: Classic
  User: N/A
  User Name: N/A
  Computer: Kot
  Description: 
The Service Google Update (gupdatem) service entered the stopped state.

Event[985]:
  Log Name: System
  Source: Service Control Manager
  Date: 2016-05-14T00:29:48.672
  Event ID: 7036
  Task: N/A
  Level: Information
  Opcode: N/A
  Keyword: Classic
  User: N/A
  User Name: N/A
  Computer: Kot
  Description: 
The Service Google Update (gupdatem) service entered the running state.

Event[986]:
  Log Name: System
  Source: Service Control Manager
  Date: 2016-05-13T23:52:49.577
  Event ID: 7036
  Task: N/A
  Level: Information
  Opcode: N/A
  Keyword: Classic
  User: N/A
  User Name: N/A
  Computer: Kot
  Description: 
The Service Google Update (gupdate) service entered the stopped state.

Event[987]:
  Log Name: System
  Source: Service Control Manager
  Date: 2016-05-13T23:52:48.864
  Event ID: 7036
  Task: N/A
  Level: Information
  Opcode: N/A
  Keyword: Classic
  User: N/A
  User Name: N/A
  Computer: Kot
  Description: 
The Service Google Update (gupdate) service entered the running state.

Event[988]:
  Log Name: System
  Source: Service Control Manager
  Date: 2016-05-13T23:26:58.943
  Event ID: 7036
  Task: N/A
  Level: Information
  Opcode: N/A
  Keyword: Classic
  User: N/A
  User Name: N/A
  Computer: Kot
  Description: 
The Software Protection service entered the stopped state.

Event[989]:
  Log Name: System
  Source: Service Control Manager
  Date: 2016-05-13T23:21:57.053
  Event ID: 7036
  Task: N/A
  Level: Information
  Opcode: N/A
  Keyword: Classic
  User: N/A
  User Name: N/A
  Computer: Kot
  Description: 
The Software Protection service entered the running state.

Event[990]:
  Log Name: System
  Source: Service Control Manager
  Date: 2016-05-13T23:05:49.869
  Event ID: 7036
  Task: N/A
  Level: Information
  Opcode: N/A
  Keyword: Classic
  User: N/A
  User Name: N/A
  Computer: Kot
  Description: 
The WinHTTP Web Proxy Auto-Discovery Service service entered the running state.

Event[991]:
  Log Name: System
  Source: Service Control Manager
  Date: 2016-05-13T23:05:40.020
  Event ID: 7036
  Task: N/A
  Level: Information
  Opcode: N/A
  Keyword: Classic
  User: N/A
  User Name: N/A
  Computer: Kot
  Description: 
The WinHTTP Web Proxy Auto-Discovery Service service entered the stopped state.

Event[992]:
  Log Name: System
  Source: Service Control Manager
  Date: 2016-05-13T21:28:55.841
  Event ID: 7036
  Task: N/A
  Level: Information
  Opcode: N/A
  Keyword: Classic
  User: N/A
  User Name: N/A
  Computer: Kot
  Description: 
The Application Experience service entered the stopped state.

Event[993]:
  Log Name: System
  Source: Service Control Manager
  Date: 2016-05-13T21:18:55.838
  Event ID: 7036
  Task: N/A
  Level: Information
  Opcode: N/A
  Keyword: Classic
  User: N/A
  User Name: N/A
  Computer: Kot
  Description: 
The Application Experience service entered the running state.

Event[994]:
  Log Name: System
  Source: Service Control Manager
  Date: 2016-05-13T20:13:53.589
  Event ID: 7036
  Task: N/A
  Level: Information
  Opcode: N/A
  Keyword: Classic
  User: N/A
  User Name: N/A
  Computer: Kot
  Description: 
The Disk Defragmenter service entered the stopped state.

Event[995]:
  Log Name: System
  Source: volsnap
  Date: 2016-05-13T19:35:10.618
  Event ID: 36
  Task: N/A
  Level: Error
  Opcode: N/A
  Keyword: Classic
  User: N/A
  User Name: N/A
  Computer: Kot
  Description: 
The shadow copies of volume C: were aborted because the shadow copy storage could not grow due to a user imposed limit.

Event[996]:
  Log Name: System
  Source: Service Control Manager
  Date: 2016-05-13T19:34:04.586
  Event ID: 7036
  Task: N/A
  Level: Information
  Opcode: N/A
  Keyword: Classic
  User: N/A
  User Name: N/A
  Computer: Kot
  Description: 
The Software Protection service entered the stopped state.

Event[997]:
  Log Name: System
  Source: Service Control Manager
  Date: 2016-05-13T19:29:33.815
  Event ID: 7036
  Task: N/A
  Level: Information
  Opcode: N/A
  Keyword: Classic
  User: N/A
  User Name: N/A
  Computer: Kot
  Description: 
The Disk Defragmenter service entered the running state.

Event[998]:
  Log Name: System
  Source: Service Control Manager
  Date: 2016-05-13T19:29:02.617
  Event ID: 7036
  Task: N/A
  Level: Information
  Opcode: N/A
  Keyword: Classic
  User: N/A
  User Name: N/A
  Computer: Kot
  Description: 
The Software Protection service entered the running state.

Event[999]:
  Log Name: System
  Source: Service Control Manager
  Date: 2016-05-13T19:20:18.842
  Event ID: 7036
  Task: N/A
  Level: Information
  Opcode: N/A
  Keyword: Classic
  User: N/A
  User Name: N/A
  Computer: Kot
  Description: 
The Application Experience service entered the stopped state.

Event[1000]:
  Log Name: System
  Source: Service Control Manager
  Date: 2016-05-13T19:10:18.836
  Event ID: 7036
  Task: N/A
  Level: Information
  Opcode: N/A
  Keyword: Classic
  User: N/A
  User Name: N/A
  Computer: Kot
  Description: 
The Application Experience service entered the running state.

Event[1001]:
  Log Name: System
  Source: Service Control Manager
  Date: 2016-05-13T19:02:55.843
  Event ID: 7036
  Task: N/A
  Level: Information
  Opcode: N/A
  Keyword: Classic
  User: N/A
  User Name: N/A
  Computer: Kot
  Description: 
The Application Experience service entered the stopped state.

Event[1002]:
  Log Name: System
  Source: Service Control Manager
  Date: 2016-05-13T18:58:00.159
  Event ID: 7036
  Task: N/A
  Level: Information
  Opcode: N/A
  Keyword: Classic
  User: N/A
  User Name: N/A
  Computer: Kot
  Description: 
The Disk Defragmenter service entered the stopped state.

Event[1003]:
  Log Name: System
  Source: Service Control Manager
  Date: 2016-05-13T18:56:11.889
  Event ID: 7036
  Task: N/A
  Level: Information
  Opcode: N/A
  Keyword: Classic
  User: N/A
  User Name: N/A
  Computer: Kot
  Description: 
The Microsoft Software Shadow Copy Provider service entered the stopped state.

Event[1004]:
  Log Name: System
  Source: Service Control Manager
  Date: 2016-05-13T18:53:49.227
  Event ID: 7036
  Task: N/A
  Level: Information
  Opcode: N/A
  Keyword: Classic
  User: N/A
  User Name: N/A
  Computer: Kot
  Description: 
The Service Google Update (gupdate) service entered the stopped state.

Event[1005]:
  Log Name: System
  Source: Service Control Manager
  Date: 2016-05-13T18:53:11.885
  Event ID: 7036
  Task: N/A
  Level: Information
  Opcode: N/A
  Keyword: Classic
  User: N/A
  User Name: N/A
  Computer: Kot
  Description: 
The Volume Shadow Copy service entered the stopped state.

Event[1006]:
  Log Name: System
  Source: Service Control Manager
  Date: 2016-05-13T18:52:55.836
  Event ID: 7036
  Task: N/A
  Level: Information
  Opcode: N/A
  Keyword: Classic
  User: N/A
  User Name: N/A
  Computer: Kot
  Description: 
The Application Experience service entered the running state.

Event[1007]:
  Log Name: System
  Source: Service Control Manager
  Date: 2016-05-13T18:52:22.177
  Event ID: 7036
  Task: N/A
  Level: Information
  Opcode: N/A
  Keyword: Classic
  User: N/A
  User Name: N/A
  Computer: Kot
  Description: 
The Service Google Update (gupdate) service entered the running state.

Event[1008]:
  Log Name: System
  Source: Service Control Manager
  Date: 2016-05-13T18:52:06.670
  Event ID: 7036
  Task: N/A
  Level: Information
  Opcode: N/A
  Keyword: Classic
  User: N/A
  User Name: N/A
  Computer: Kot
  Description: 
The Windows Modules Installer service entered the running state.

Event[1009]:
  Log Name: System
  Source: Service Control Manager
  Date: 2016-05-13T18:49:35.988
  Event ID: 7036
  Task: N/A
  Level: Information
  Opcode: N/A
  Keyword: Classic
  User: N/A
  User Name: N/A
  Computer: Kot
  Description: 
The Microsoft Software Shadow Copy Provider service entered the running state.

Event[1010]:
  Log Name: System
  Source: Service Control Manager
  Date: 2016-05-13T18:49:35.283
  Event ID: 7036
  Task: N/A
  Level: Information
  Opcode: N/A
  Keyword: Classic
  User: N/A
  User Name: N/A
  Computer: Kot
  Description: 
The Volume Shadow Copy service entered the running state.

Event[1011]:
  Log Name: System
  Source: Service Control Manager
  Date: 2016-05-13T18:46:45.165
  Event ID: 7036
  Task: N/A
  Level: Information
  Opcode: N/A
  Keyword: Classic
  User: N/A
  User Name: N/A
  Computer: Kot
  Description: 
The Diagnostic System Host service entered the stopped state.

Event[1012]:
  Log Name: System
  Source: Service Control Manager
  Date: 2016-05-13T18:44:32.541
  Event ID: 7036
  Task: N/A
  Level: Information
  Opcode: N/A
  Keyword: Classic
  User: N/A
  User Name: N/A
  Computer: Kot
  Description: 
The Software Protection service entered the stopped state.

Event[1013]:
  Log Name: System
  Source: Service Control Manager
  Date: 2016-05-13T18:39:42.609
  Event ID: 7036
  Task: N/A
  Level: Information
  Opcode: N/A
  Keyword: Classic
  User: N/A
  User Name: N/A
  Computer: Kot
  Description: 
The Disk Defragmenter service entered the running state.

Event[1014]:
  Log Name: System
  Source: Service Control Manager
  Date: 2016-05-13T18:39:30.671
  Event ID: 7036
  Task: N/A
  Level: Information
  Opcode: N/A
  Keyword: Classic
  User: N/A
  User Name: N/A
  Computer: Kot
  Description: 
The Software Protection service entered the running state.

Event[1015]:
  Log Name: System
  Source: Service Control Manager
  Date: 2016-05-13T18:28:46.344
  Event ID: 7036
  Task: N/A
  Level: Information
  Opcode: N/A
  Keyword: Classic
  User: N/A
  User Name: N/A
  Computer: Kot
  Description: 
The Windows Installer service entered the stopped state.

Event[1016]:
  Log Name: System
  Source: Service Control Manager
  Date: 2016-05-13T18:23:23.286
  Event ID: 7036
  Task: N/A
  Level: Information
  Opcode: N/A
  Keyword: Classic
  User: N/A
  User Name: N/A
  Computer: Kot
  Description: 
The Windows Modules Installer service entered the stopped state.

Event[1017]:
  Log Name: System
  Source: Service Control Manager
  Date: 2016-05-13T18:23:23.141
  Event ID: 7040
  Task: N/A
  Level: Information
  Opcode: N/A
  Keyword: Classic
  User: S-1-5-18
  User Name: NT AUTHORITY\SYSTEM
  Computer: Kot
  Description: 
The start type of the Windows Modules Installer service was changed from auto start to demand start.

Event[1018]:
  Log Name: System
  Source: Service Control Manager
  Date: 2016-05-13T18:23:22.216
  Event ID: 7040
  Task: N/A
  Level: Information
  Opcode: N/A
  Keyword: Classic
  User: S-1-5-18
  User Name: NT AUTHORITY\SYSTEM
  Computer: Kot
  Description: 
The start type of the Windows Modules Installer service was changed from demand start to auto start.

Event[1019]:
  Log Name: System
  Source: Service Control Manager
  Date: 2016-05-13T18:22:51.606
  Event ID: 7036
  Task: N/A
  Level: Information
  Opcode: N/A
  Keyword: Classic
  User: N/A
  User Name: N/A
  Computer: Kot
  Description: 
The Application Experience service entered the stopped state.

Event[1020]:
  Log Name: System
  Source: Service Control Manager
  Date: 2016-05-13T18:21:48.687
  Event ID: 7036
  Task: N/A
  Level: Information
  Opcode: N/A
  Keyword: Classic
  User: N/A
  User Name: N/A
  Computer: Kot
  Description: 
The Software Protection service entered the stopped state.

Event[1021]:
  Log Name: System
  Source: Service Control Manager
  Date: 2016-05-13T18:21:36.332
  Event ID: 7036
  Task: N/A
  Level: Information
  Opcode: N/A
  Keyword: Classic
  User: N/A
  User Name: N/A
  Computer: Kot
  Description: 
The Office Software Protection Platform service entered the stopped state.

Event[1022]:
  Log Name: System
  Source: Service Control Manager
  Date: 2016-05-13T18:19:50.806
  Event ID: 7036
  Task: N/A
  Level: Information
  Opcode: N/A
  Keyword: Classic
  User: N/A
  User Name: N/A
  Computer: Kot
  Description: 
The Problem Reports and Solutions Control Panel Support service entered the stopped state.

Event[1023]:
  Log Name: System
  Source: Service Control Manager
  Date: 2016-05-13T18:19:24.249
  Event ID: 7036
  Task: N/A
  Level: Information
  Opcode: N/A
  Keyword: Classic
  User: N/A
  User Name: N/A
  Computer: Kot
  Description: 
The Problem Reports and Solutions Control Panel Support service entered the running state.

Event[1024]:
  Log Name: System
  Source: Service Control Manager
  Date: 2016-05-13T18:18:44.253
  Event ID: 7036
  Task: N/A
  Level: Information
  Opcode: N/A
  Keyword: Classic
  User: N/A
  User Name: N/A
  Computer: Kot
  Description: 
The Windows Installer service entered the running state.

Event[1025]:
  Log Name: System
  Source: Service Control Manager
  Date: 2016-05-13T18:16:47.138
  Event ID: 7036
  Task: N/A
  Level: Information
  Opcode: N/A
  Keyword: Classic
  User: N/A
  User Name: N/A
  Computer: Kot
  Description: 
The Software Protection service entered the running state.

Event[1026]:
  Log Name: System
  Source: Service Control Manager
  Date: 2016-05-13T18:16:34.935
  Event ID: 7036
  Task: N/A
  Level: Information
  Opcode: N/A
  Keyword: Classic
  User: N/A
  User Name: N/A
  Computer: Kot
  Description: 
The Office Software Protection Platform service entered the running state.

Event[1027]:
  Log Name: System
  Source: Service Control Manager
  Date: 2016-05-13T18:16:05.197
  Event ID: 7036
  Task: N/A
  Level: Information
  Opcode: N/A
  Keyword: Classic
  User: N/A
  User Name: N/A
  Computer: Kot
  Description: 
The Software Protection service entered the stopped state.

Event[1028]:
  Log Name: System
  Source: Microsoft-Windows-WindowsUpdateClient
  Date: 2016-05-13T18:13:22.260
  Event ID: 19
  Task: Windows Update Agent
  Level: Information
  Opcode: Installation
  Keyword: Installation,Success
  User: S-1-5-18
  User Name: NT AUTHORITY\SYSTEM
  Computer: Kot
  Description: 
Installation Successful: Windows successfully installed the following update: Definition Update for Windows Defender - KB915597 (Definition 1.219.1665.0)

Event[1029]:
  Log Name: System
  Source: Microsoft-Windows-WindowsUpdateClient
  Date: 2016-05-13T18:12:56.205
  Event ID: 18
  Task: Automatic Updates
  Level: Information
  Opcode: Download
  Keyword: Download,Success
  User: S-1-5-18
  User Name: NT AUTHORITY\SYSTEM
  Computer: Kot
  Description: 
Installation Ready: The following updates are downloaded and ready for installation. This computer is currently scheduled to install these updates on ?14 ?maja ?2016 at 03:00: 
- Definition Update for Windows Defender - KB915597 (Definition 1.219.1665.0)

Event[1030]:
  Log Name: System
  Source: Service Control Manager
  Date: 2016-05-13T18:11:07.532
  Event ID: 7036
  Task: N/A
  Level: Information
  Opcode: N/A
  Keyword: Classic
  User: N/A
  User Name: N/A
  Computer: Kot
  Description: 
The Windows Modules Installer service entered the running state.

Event[1031]:
  Log Name: System
  Source: Service Control Manager
  Date: 2016-05-13T18:10:19.316
  Event ID: 7036
  Task: N/A
  Level: Information
  Opcode: N/A
  Keyword: Classic
  User: N/A
  User Name: N/A
  Computer: Kot
  Description: 
The Windows Update service entered the running state.

Event[1032]:
  Log Name: System
  Source: Service Control Manager
  Date: 2016-05-13T18:09:32.707
  Event ID: 7036
  Task: N/A
  Level: Information
  Opcode: N/A
  Keyword: Classic
  User: N/A
  User Name: N/A
  Computer: Kot
  Description: 
The Windows Defender service entered the running state.

Event[1033]:
  Log Name: System
  Source: Service Control Manager
  Date: 2016-05-13T18:09:15.243
  Event ID: 7036
  Task: N/A
  Level: Information
  Opcode: N/A
  Keyword: Classic
  User: N/A
  User Name: N/A
  Computer: Kot
  Description: 
The Service Google Update (gupdate) service entered the stopped state.

Event[1034]:
  Log Name: System
  Source: Service Control Manager
  Date: 2016-05-13T18:09:15.199
  Event ID: 7036
  Task: N/A
  Level: Information
  Opcode: N/A
  Keyword: Classic
  User: N/A
  User Name: N/A
  Computer: Kot
  Description: 
The Service Google Update (gupdate) service entered the running state.

Event[1035]:
  Log Name: System
  Source: Service Control Manager
  Date: 2016-05-13T18:09:14.809
  Event ID: 7036
  Task: N/A
  Level: Information
  Opcode: N/A
  Keyword: Classic
  User: N/A
  User Name: N/A
  Computer: Kot
  Description: 
The Microsoft .NET Framework NGEN v4.0.30319_X64 service entered the stopped state.

Event[1036]:
  Log Name: System
  Source: Service Control Manager
  Date: 2016-05-13T18:09:14.809
  Event ID: 7036
  Task: N/A
  Level: Information
  Opcode: N/A
  Keyword: Classic
  User: N/A
  User Name: N/A
  Computer: Kot
  Description: 
The Microsoft .NET Framework NGEN v4.0.30319_X64 service entered the running state.

Event[1037]:
  Log Name: System
  Source: Service Control Manager
  Date: 2016-05-13T18:09:14.088
  Event ID: 7036
  Task: N/A
  Level: Information
  Opcode: N/A
  Keyword: Classic
  User: N/A
  User Name: N/A
  Computer: Kot
  Description: 
The Microsoft .NET Framework NGEN v4.0.30319_X86 service entered the stopped state.

Event[1038]:
  Log Name: System
  Source: Service Control Manager
  Date: 2016-05-13T18:09:14.088
  Event ID: 7036
  Task: N/A
  Level: Information
  Opcode: N/A
  Keyword: Classic
  User: N/A
  User Name: N/A
  Computer: Kot
  Description: 
The Microsoft .NET Framework NGEN v4.0.30319_X86 service entered the running state.

Event[1039]:
  Log Name: System
  Source: Service Control Manager
  Date: 2016-05-13T18:09:13.211
  Event ID: 7036
  Task: N/A
  Level: Information
  Opcode: N/A
  Keyword: Classic
  User: N/A
  User Name: N/A
  Computer: Kot
  Description: 
The Background Intelligent Transfer Service service entered the running state.

Event[1040]:
  Log Name: System
  Source: Service Control Manager
  Date: 2016-05-13T18:09:12.563
  Event ID: 7036
  Task: N/A
  Level: Information
  Opcode: N/A
  Keyword: Classic
  User: N/A
  User Name: N/A
  Computer: Kot
  Description: 
The Portable Device Enumerator Service service entered the stopped state.

Event[1041]:
  Log Name: System
  Source: Microsoft-Windows-Application-Experience
  Date: 2016-05-13T18:07:38.675
  Event ID: 206
  Task: N/A
  Level: Information
  Opcode: Info
  Keyword: N/A
  User: S-1-5-18
  User Name: NT AUTHORITY\SYSTEM
  Computer: Kot
  Description: 
The Program Compatibility Assistant service successfully performed phase two initialization.

Event[1042]:
  Log Name: System
  Source: Service Control Manager
  Date: 2016-05-13T18:07:26.429
  Event ID: 7036
  Task: N/A
  Level: Information
  Opcode: N/A
  Keyword: Classic
  User: N/A
  User Name: N/A
  Computer: Kot
  Description: 
The Peer Networking Grouping service entered the running state.

Event[1043]:
  Log Name: System
  Source: Service Control Manager
  Date: 2016-05-13T18:07:26.414
  Event ID: 7036
  Task: N/A
  Level: Information
  Opcode: N/A
  Keyword: Classic
  User: N/A
  User Name: N/A
  Computer: Kot
  Description: 
The Peer Name Resolution Protocol service entered the running state.

Event[1044]:
  Log Name: System
  Source: Service Control Manager
  Date: 2016-05-13T18:07:26.164
  Event ID: 7036
  Task: N/A
  Level: Information
  Opcode: N/A
  Keyword: Classic
  User: N/A
  User Name: N/A
  Computer: Kot
  Description: 
The Peer Networking Identity Manager service entered the running state.

Event[1045]:
  Log Name: System
  Source: Microsoft-Windows-WMPNSS-Service
  Date: 2016-05-13T18:07:27.000
  Event ID: 14206
  Task: N/A
  Level: Information
  Opcode: N/A
  Keyword: Classic
  User: N/A
  User Name: N/A
  Computer: Kot
  Description: 
Media server 'KOT: Kotek:' was successfully initialized and is sharing media with network media devices.

Event[1046]:
  Log Name: System
  Source: Service Control Manager
  Date: 2016-05-13T18:07:25.665
  Event ID: 7036
  Task: N/A
  Level: Information
  Opcode: N/A
  Keyword: Classic
  User: N/A
  User Name: N/A
  Computer: Kot
  Description: 
The HomeGroup Listener service entered the running state.

Event[1047]:
  Log Name: System
  Source: Service Control Manager
  Date: 2016-05-13T18:07:25.384
  Event ID: 7036
  Task: N/A
  Level: Information
  Opcode: N/A
  Keyword: Classic
  User: N/A
  User Name: N/A
  Computer: Kot
  Description: 
The HomeGroup Provider service entered the running state.

Event[1048]:
  Log Name: System
  Source: Service Control Manager
  Date: 2016-05-13T18:07:25.384
  Event ID: 7036
  Task: N/A
  Level: Information
  Opcode: N/A
  Keyword: Classic
  User: N/A
  User Name: N/A
  Computer: Kot
  Description: 
The Function Discovery Resource Publication service entered the running state.

Event[1049]:
  Log Name: System
  Source: Service Control Manager
  Date: 2016-05-13T18:07:25.306
  Event ID: 7036
  Task: N/A
  Level: Information
  Opcode: N/A
  Keyword: Classic
  User: N/A
  User Name: N/A
  Computer: Kot
  Description: 
The Function Discovery Provider Host service entered the running state.

Event[1050]:
  Log Name: System
  Source: Service Control Manager
  Date: 2016-05-13T18:07:23.855
  Event ID: 7036
  Task: N/A
  Level: Information
  Opcode: N/A
  Keyword: Classic
  User: N/A
  User Name: N/A
  Computer: Kot
  Description: 
The Windows Search service entered the running state.

Event[1051]:
  Log Name: System
  Source: Service Control Manager
  Date: 2016-05-13T18:07:23.434
  Event ID: 7036
  Task: N/A
  Level: Information
  Opcode: N/A
  Keyword: Classic
  User: N/A
  User Name: N/A
  Computer: Kot
  Description: 
The UPnP Device Host service entered the running state.

Event[1052]:
  Log Name: System
  Source: Service Control Manager
  Date: 2016-05-13T18:07:22.436
  Event ID: 7036
  Task: N/A
  Level: Information
  Opcode: N/A
  Keyword: Classic
  User: N/A
  User Name: N/A
  Computer: Kot
  Description: 
The SSDP Discovery service entered the running state.

Event[1053]:
  Log Name: System
  Source: Service Control Manager
  Date: 2016-05-13T18:07:15.011
  Event ID: 7036
  Task: N/A
  Level: Information
  Opcode: N/A
  Keyword: Classic
  User: N/A
  User Name: N/A
  Computer: Kot
  Description: 
The Remote Desktop Services UserMode Port Redirector service entered the running state.

Event[1054]:
  Log Name: System
  Source: Service Control Manager
  Date: 2016-05-13T18:07:14.480
  Event ID: 7036
  Task: N/A
  Level: Information
  Opcode: N/A
  Keyword: Classic
  User: N/A
  User Name: N/A
  Computer: Kot
  Description: 
The Remote Desktop Configuration service entered the running state.

Event[1055]:
  Log Name: System
  Source: Service Control Manager
  Date: 2016-05-13T18:07:14.449
  Event ID: 7036
  Task: N/A
  Level: Information
  Opcode: N/A
  Keyword: Classic
  User: N/A
  User Name: N/A
  Computer: Kot
  Description: 
The Certificate Propagation service entered the running state.

Event[1056]:
  Log Name: System
  Source: Service Control Manager
  Date: 2016-05-13T18:07:13.919
  Event ID: 7036
  Task: N/A
  Level: Information
  Opcode: N/A
  Keyword: Classic
  User: N/A
  User Name: N/A
  Computer: Kot
  Description: 
The Windows Media Player Network Sharing Service service entered the running state.

Event[1057]:
  Log Name: System
  Source: Microsoft-Windows-WMPNSS-Service
  Date: 2016-05-13T18:07:13.000
  Event ID: 14204
  Task: N/A
  Level: Information
  Opcode: N/A
  Keyword: Classic
  User: N/A
  User Name: N/A
  Computer: Kot
  Description: 
Service 'WMPNetworkSvc' started.

Event[1058]:
  Log Name: System
  Source: Service Control Manager
  Date: 2016-05-13T18:07:12.530
  Event ID: 7036
  Task: N/A
  Level: Information
  Opcode: N/A
  Keyword: Classic
  User: N/A
  User Name: N/A
  Computer: Kot
  Description: 
The Portable Device Enumerator Service service entered the running state.

Event[1059]:
  Log Name: System
  Source: Service Control Manager
  Date: 2016-05-13T18:07:12.515
  Event ID: 7036
  Task: N/A
  Level: Information
  Opcode: N/A
  Keyword: Classic
  User: N/A
  User Name: N/A
  Computer: Kot
  Description: 
The Application Experience service entered the running state.

Event[1060]:
  Log Name: System
  Source: Service Control Manager
  Date: 2016-05-13T18:07:12.499
  Event ID: 7036
  Task: N/A
  Level: Information
  Opcode: N/A
  Keyword: Classic
  User: N/A
  User Name: N/A
  Computer: Kot
  Description: 
The Diagnostic System Host service entered the running state.

Event[1061]:
  Log Name: System
  Source: Service Control Manager
  Date: 2016-05-13T18:07:12.483
  Event ID: 7036
  Task: N/A
  Level: Information
  Opcode: N/A
  Keyword: Classic
  User: N/A
  User Name: N/A
  Computer: Kot
  Description: 
The Human Interface Device Access service entered the running state.

Event[1062]:
  Log Name: System
  Source: Service Control Manager
  Date: 2016-05-13T18:07:10.783
  Event ID: 7036
  Task: N/A
  Level: Information
  Opcode: N/A
  Keyword: Classic
  User: N/A
  User Name: N/A
  Computer: Kot
  Description: 
The Remote Desktop Services service entered the running state.

Event[1063]:
  Log Name: System
  Source: Service Control Manager
  Date: 2016-05-13T18:07:10.783
  Event ID: 7036
  Task: N/A
  Level: Information
  Opcode: N/A
  Keyword: Classic
  User: N/A
  User Name: N/A
  Computer: Kot
  Description: 
The Software Protection service entered the running state.

Event[1064]:
  Log Name: System
  Source: Service Control Manager
  Date: 2016-05-13T18:07:10.377
  Event ID: 7036
  Task: N/A
  Level: Information
  Opcode: N/A
  Keyword: Classic
  User: N/A
  User Name: N/A
  Computer: Kot
  Description: 
The Network Connections service entered the running state.

Event[1065]:
  Log Name: System
  Source: Service Control Manager
  Date: 2016-05-13T18:07:10.377
  Event ID: 7036
  Task: N/A
  Level: Information
  Opcode: N/A
  Keyword: Classic
  User: N/A
  User Name: N/A
  Computer: Kot
  Description: 
The Application Information service entered the running state.

Event[1066]:
  Log Name: System
  Source: Service Control Manager
  Date: 2016-05-13T18:07:10.377
  Event ID: 7036
  Task: N/A
  Level: Information
  Opcode: N/A
  Keyword: Classic
  User: N/A
  User Name: N/A
  Computer: Kot
  Description: 
The Diagnostic Service Host service entered the running state.

Event[1067]:
  Log Name: System
  Source: Service Control Manager
  Date: 2016-05-13T18:07:10.362
  Event ID: 7036
  Task: N/A
  Level: Information
  Opcode: N/A
  Keyword: Classic
  User: N/A
  User Name: N/A
  Computer: Kot
  Description: 
The Steam Client Service service entered the running state.

Event[1068]:
  Log Name: System
  Source: Service Control Manager
  Date: 2016-05-13T18:07:10.034
  Event ID: 7036
  Task: N/A
  Level: Information
  Opcode: N/A
  Keyword: Classic
  User: N/A
  User Name: N/A
  Computer: Kot
  Description: 
The Network List Service service entered the running state.

Event[1069]:
  Log Name: System
  Source: Service Control Manager
  Date: 2016-05-13T18:07:10.019
  Event ID: 7036
  Task: N/A
  Level: Information
  Opcode: N/A
  Keyword: Classic
  User: N/A
  User Name: N/A
  Computer: Kot
  Description: 
The Security Center service entered the running state.

Event[1070]:
  Log Name: System
  Source: Service Control Manager
  Date: 2016-05-13T18:07:10.019
  Event ID: 7036
  Task: N/A
  Level: Information
  Opcode: N/A
  Keyword: Classic
  User: N/A
  User Name: N/A
  Computer: Kot
  Description: 
The WinHTTP Web Proxy Auto-Discovery Service service entered the running state.

Event[1071]:
  Log Name: System
  Source: Service Control Manager
  Date: 2016-05-13T18:07:10.019
  Event ID: 7036
  Task: N/A
  Level: Information
  Opcode: N/A
  Keyword: Classic
  User: N/A
  User Name: N/A
  Computer: Kot
  Description: 
The Windows Time service entered the stopped state.

Event[1072]:
  Log Name: System
  Source: Service Control Manager
  Date: 2016-05-13T18:07:10.019
  Event ID: 7042
  Task: N/A
  Level: Information
  Opcode: N/A
  Keyword: Classic
  User: S-1-5-18
  User Name: NT AUTHORITY\SYSTEM
  Computer: Kot
  Description: 
The Windows Time service was successfully sent a stop control.

 The reason specified was: 0x40030011 [Operating System: Network Connectivity (Planned)]

 Comment: None

Event[1073]:
  Log Name: System
  Source: Service Control Manager
  Date: 2016-05-13T18:07:10.003
  Event ID: 7026
  Task: N/A
  Level: Error
  Opcode: N/A
  Keyword: Classic
  User: N/A
  User Name: N/A
  Computer: Kot
  Description: 
The following boot-start or system-start driver(s) failed to load: 
VirtDiskBus

Event[1074]:
  Log Name: System
  Source: Service Control Manager
  Date: 2016-05-13T18:07:10.003
  Event ID: 7036
  Task: N/A
  Level: Information
  Opcode: N/A
  Keyword: Classic
  User: N/A
  User Name: N/A
  Computer: Kot
  Description: 
The VMware Authorization Service service entered the running state.

Event[1075]:
  Log Name: System
  Source: Service Control Manager
  Date: 2016-05-13T18:07:08.724
  Event ID: 7036
  Task: N/A
  Level: Information
  Opcode: N/A
  Keyword: Classic
  User: N/A
  User Name: N/A
  Computer: Kot
  Description: 
The VMware DHCP Service service entered the running state.

Event[1076]:
  Log Name: System
  Source: Service Control Manager
  Date: 2016-05-13T18:07:08.693
  Event ID: 7036
  Task: N/A
  Level: Information
  Opcode: N/A
  Keyword: Classic
  User: N/A
  User Name: N/A
  Computer: Kot
  Description: 
The IP Helper service entered the running state.

Event[1077]:
  Log Name: System
  Source: Service Control Manager
  Date: 2016-05-13T18:07:07.257
  Event ID: 7036
  Task: N/A
  Level: Information
  Opcode: N/A
  Keyword: Classic
  User: N/A
  User Name: N/A
  Computer: Kot
  Description: 
The VMware Agent Service service entered the running state.

Event[1078]:
  Log Name: System
  Source: Service Control Manager
  Date: 2016-05-13T18:07:06.743
  Event ID: 7036
  Task: N/A
  Level: Information
  Opcode: N/A
  Keyword: Classic
  User: N/A
  User Name: N/A
  Computer: Kot
  Description: 
The Windows Management Instrumentation service entered the running state.

Event[1079]:
  Log Name: System
  Source: Service Control Manager
  Date: 2016-05-13T18:07:06.618
  Event ID: 7036
  Task: N/A
  Level: Information
  Opcode: N/A
  Keyword: Classic
  User: N/A
  User Name: N/A
  Computer: Kot
  Description: 
The Windows Time service entered the running state.

Event[1080]:
  Log Name: System
  Source: Service Control Manager
  Date: 2016-05-13T18:07:06.555
  Event ID: 7036
  Task: N/A
  Level: Information
  Opcode: N/A
  Keyword: Classic
  User: N/A
  User Name: N/A
  Computer: Kot
  Description: 
The VMware NAT Service service entered the running state.

Event[1081]:
  Log Name: System
  Source: Service Control Manager
  Date: 2016-05-13T18:07:04.917
  Event ID: 7036
  Task: N/A
  Level: Information
  Opcode: N/A
  Keyword: Classic
  User: N/A
  User Name: N/A
  Computer: Kot
  Description: 
The VMware USB Arbitration Service service entered the running state.

Event[1082]:
  Log Name: System
  Source: VMnetuserif
  Date: 2016-05-13T18:07:03.123
  Event ID: 4
  Task: N/A
  Level: Information
  Opcode: N/A
  Keyword: Classic
  User: N/A
  User Name: N/A
  Computer: Kot
  Description: 
(\Device\VMnetUserif) Driver entry exiting with status 0  

Event[1083]:
  Log Name: System
  Source: VMnetuserif
  Date: 2016-05-13T18:07:03.123
  Event ID: 1
  Task: N/A
  Level: Information
  Opcode: N/A
  Keyword: Classic
  User: N/A
  User Name: N/A
  Computer: Kot
  Description: 
() Starting up the User Interface Driver for VMware Virtual Networks

Event[1084]:
  Log Name: System
  Source: Service Control Manager
  Date: 2016-05-13T18:07:01.236
  Event ID: 7036
  Task: N/A
  Level: Information
  Opcode: N/A
  Keyword: Classic
  User: N/A
  User Name: N/A
  Computer: Kot
  Description: 
The Microsoft Office ClickToRun Service service entered the running state.

Event[1085]:
  Log Name: System
  Source: Service Control Manager
  Date: 2016-05-13T18:06:57.975
  Event ID: 7036
  Task: N/A
  Level: Information
  Opcode: N/A
  Keyword: Classic
  User: N/A
  User Name: N/A
  Computer: Kot
  Description: 
The Diagnostics Tracking Service service entered the running state.

Event[1086]:
  Log Name: System
  Source: Service Control Manager
  Date: 2016-05-13T18:06:45.772
  Event ID: 7036
  Task: N/A
  Level: Information
  Opcode: N/A
  Keyword: Classic
  User: N/A
  User Name: N/A
  Computer: Kot
  Description: 
The Windows Image Acquisition (WIA) service entered the running state.

Event[1087]:
  Log Name: System
  Source: Service Control Manager
  Date: 2016-05-13T18:06:45.164
  Event ID: 7036
  Task: N/A
  Level: Information
  Opcode: N/A
  Keyword: Classic
  User: N/A
  User Name: N/A
  Computer: Kot
  Description: 
The Distributed Link Tracking Client service entered the running state.

Event[1088]:
  Log Name: System
  Source: Service Control Manager
  Date: 2016-05-13T18:06:45.164
  Event ID: 7036
  Task: N/A
  Level: Information
  Opcode: N/A
  Keyword: Classic
  User: N/A
  User Name: N/A
  Computer: Kot
  Description: 
The Superfetch service entered the running state.

Event[1089]:
  Log Name: System
  Source: Service Control Manager
  Date: 2016-05-13T18:06:45.117
  Event ID: 7036
  Task: N/A
  Level: Information
  Opcode: N/A
  Keyword: Classic
  User: N/A
  User Name: N/A
  Computer: Kot
  Description: 
The Diagnostic Policy Service service entered the running state.

Event[1090]:
  Log Name: System
  Source: Service Control Manager
  Date: 2016-05-13T18:06:45.101
  Event ID: 7036
  Task: N/A
  Level: Information
  Opcode: N/A
  Keyword: Classic
  User: N/A
  User Name: N/A
  Computer: Kot
  Description: 
The Program Compatibility Assistant Service service entered the running state.

Event[1091]:
  Log Name: System
  Source: Microsoft-Windows-Application-Experience
  Date: 2016-05-13T18:06:45.101
  Event ID: 201
  Task: N/A
  Level: Information
  Opcode: Info
  Keyword: N/A
  User: S-1-5-18
  User Name: NT AUTHORITY\SYSTEM
  Computer: Kot
  Description: 
The Program Compatibility Assistant service started successfully.

Event[1092]:
  Log Name: System
  Source: Service Control Manager
  Date: 2016-05-13T18:06:45.054
  Event ID: 7036
  Task: N/A
  Level: Information
  Opcode: N/A
  Keyword: Classic
  User: N/A
  User Name: N/A
  Computer: Kot
  Description: 
The Cryptographic Services service entered the running state.

Event[1093]:
  Log Name: System
  Source: Service Control Manager
  Date: 2016-05-13T18:06:26.490
  Event ID: 7036
  Task: N/A
  Level: Information
  Opcode: N/A
  Keyword: Classic
  User: N/A
  User Name: N/A
  Computer: Kot
  Description: 
The Computer Browser service entered the running state.

Event[1094]:
  Log Name: System
  Source: Service Control Manager
  Date: 2016-05-13T18:06:26.490
  Event ID: 7036
  Task: N/A
  Level: Information
  Opcode: N/A
  Keyword: Classic
  User: N/A
  User Name: N/A
  Computer: Kot
  Description: 
The Server service entered the running state.

Event[1095]:
  Log Name: System
  Source: Service Control Manager
  Date: 2016-05-13T18:06:25.274
  Event ID: 7036
  Task: N/A
  Level: Information
  Opcode: N/A
  Keyword: Classic
  User: N/A
  User Name: N/A
  Computer: Kot
  Description: 
The WebClient service entered the running state.

Event[1096]:
  Log Name: System
  Source: Service Control Manager
  Date: 2016-05-13T18:06:24.681
  Event ID: 7036
  Task: N/A
  Level: Information
  Opcode: N/A
  Keyword: Classic
  User: N/A
  User Name: N/A
  Computer: Kot
  Description: 
The Workstation service entered the running state.

Event[1097]:
  Log Name: System
  Source: Service Control Manager
  Date: 2016-05-13T18:06:22.544
  Event ID: 7036
  Task: N/A
  Level: Information
  Opcode: N/A
  Keyword: Classic
  User: N/A
  User Name: N/A
  Computer: Kot
  Description: 
The Windows Firewall service entered the running state.

Event[1098]:
  Log Name: System
  Source: Service Control Manager
  Date: 2016-05-13T18:06:22.403
  Event ID: 7036
  Task: N/A
  Level: Information
  Opcode: N/A
  Keyword: Classic
  User: N/A
  User Name: N/A
  Computer: Kot
  Description: 
The Base Filtering Engine service entered the running state.

Event[1099]:
  Log Name: System
  Source: Service Control Manager
  Date: 2016-05-13T18:06:22.325
  Event ID: 7036
  Task: N/A
  Level: Information
  Opcode: N/A
  Keyword: Classic
  User: N/A
  User Name: N/A
  Computer: Kot
  Description: 
The Print Spooler service entered the running state.

Event[1100]:
  Log Name: System
  Source: Service Control Manager
  Date: 2016-05-13T18:06:19.299
  Event ID: 7036
  Task: N/A
  Level: Information
  Opcode: N/A
  Keyword: Classic
  User: N/A
  User Name: N/A
  Computer: Kot
  Description: 
The Task Scheduler service entered the running state.

Event[1101]:
  Log Name: System
  Source: Service Control Manager
  Date: 2016-05-13T18:06:18.706
  Event ID: 7036
  Task: N/A
  Level: Information
  Opcode: N/A
  Keyword: Classic
  User: N/A
  User Name: N/A
  Computer: Kot
  Description: 
The Avast Antivirus service entered the running state.

Event[1102]:
  Log Name: System
  Source: Service Control Manager
  Date: 2016-05-13T18:06:17.988
  Event ID: 7036
  Task: N/A
  Level: Information
  Opcode: N/A
  Keyword: Classic
  User: N/A
  User Name: N/A
  Computer: Kot
  Description: 
The Shell Hardware Detection service entered the running state.

Event[1103]:
