  Log Name: System
  Source: Service Control Manager
  Date: 2016-05-15T10:10:43.703
  Event ID: 7036
  Task: N/A
  Level: Information
  Opcode: N/A
  Keyword: Classic
  User: N/A
  User Name: N/A
  Computer: Kot
  Description: 
The DCOM Server Process Launcher service entered the running state.

Event[476]:
  Log Name: System
  Source: Microsoft-Windows-FilterManager
  Date: 2016-05-15T10:10:43.672
  Event ID: 6
  Task: N/A
  Level: Information
  Opcode: Info
  Keyword: N/A
  User: S-1-5-18
  User Name: NT AUTHORITY\SYSTEM
  Computer: Kot
  Description: 
File System Filter 'aswMonFlt' (6.0, ?2016?-?04?-?25T13:38:58.000000000Z) has successfully loaded and registered with Filter Manager.

Event[477]:
  Log Name: System
  Source: Microsoft-Windows-FilterManager
  Date: 2016-05-15T10:10:43.641
  Event ID: 6
  Task: N/A
  Level: Information
  Opcode: Info
  Keyword: N/A
  User: S-1-5-18
  User Name: NT AUTHORITY\SYSTEM
  Computer: Kot
  Description: 
File System Filter 'luafv' (6.1, ?2009?-?07?-?14T01:26:13.000000000Z) has successfully loaded and registered with Filter Manager.

Event[478]:
  Log Name: System
  Source: Service Control Manager
  Date: 2016-05-15T10:10:43.625
  Event ID: 7036
  Task: N/A
  Level: Information
  Opcode: N/A
  Keyword: Classic
  User: N/A
  User Name: N/A
  Computer: Kot
  Description: 
The Power service entered the running state.

Event[479]:
  Log Name: System
  Source: Microsoft-Windows-UserPnp
  Date: 2016-05-15T10:10:43.485
  Event ID: 20010
  Task: N/A
  Level: Information
  Opcode: Info
  Keyword: N/A
  User: S-1-5-18
  User Name: NT AUTHORITY\SYSTEM
  Computer: Kot
  Description: 
One or more of the Plug and Play service's subsystems has changed state. 

PlugPlay install subsystem enabled: 'true' 
PlugPlay caching subsystem enabled: 'true' 


Event[480]:
  Log Name: System
  Source: Service Control Manager
  Date: 2016-05-15T10:10:43.485
  Event ID: 7036
  Task: N/A
  Level: Information
  Opcode: N/A
  Keyword: Classic
  User: N/A
  User Name: N/A
  Computer: Kot
  Description: 
The Plug and Play service entered the running state.

Event[481]:
  Log Name: System
  Source: Microsoft-Windows-Kernel-Processor-Power
  Date: 2016-05-15T10:10:33.704
  Event ID: 26
  Task: N/A
  Level: Information
  Opcode: Info
  Keyword: N/A
  User: S-1-5-18
  User Name: NT AUTHORITY\SYSTEM
  Computer: Kot
  Description: 
Processor 7 in group 0 exposes the following:

2 idle state(s)
5 performance state(s)
0 throttle state(s)

Event[482]:
  Log Name: System
  Source: Microsoft-Windows-Kernel-Processor-Power
  Date: 2016-05-15T10:10:33.704
  Event ID: 26
  Task: N/A
  Level: Information
  Opcode: Info
  Keyword: N/A
  User: S-1-5-18
  User Name: NT AUTHORITY\SYSTEM
  Computer: Kot
  Description: 
Processor 6 in group 0 exposes the following:

2 idle state(s)
5 performance state(s)
0 throttle state(s)

Event[483]:
  Log Name: System
  Source: Microsoft-Windows-Kernel-Processor-Power
  Date: 2016-05-15T10:10:33.704
  Event ID: 26
  Task: N/A
  Level: Information
  Opcode: Info
  Keyword: N/A
  User: S-1-5-18
  User Name: NT AUTHORITY\SYSTEM
  Computer: Kot
  Description: 
Processor 5 in group 0 exposes the following:

2 idle state(s)
5 performance state(s)
0 throttle state(s)

Event[484]:
  Log Name: System
  Source: Microsoft-Windows-Kernel-Processor-Power
  Date: 2016-05-15T10:10:33.704
  Event ID: 26
  Task: N/A
  Level: Information
  Opcode: Info
  Keyword: N/A
  User: S-1-5-18
  User Name: NT AUTHORITY\SYSTEM
  Computer: Kot
  Description: 
Processor 4 in group 0 exposes the following:

2 idle state(s)
5 performance state(s)
0 throttle state(s)

Event[485]:
  Log Name: System
  Source: Microsoft-Windows-Kernel-Processor-Power
  Date: 2016-05-15T10:10:33.704
  Event ID: 26
  Task: N/A
  Level: Information
  Opcode: Info
  Keyword: N/A
  User: S-1-5-18
  User Name: NT AUTHORITY\SYSTEM
  Computer: Kot
  Description: 
Processor 3 in group 0 exposes the following:

2 idle state(s)
5 performance state(s)
0 throttle state(s)

Event[486]:
  Log Name: System
  Source: Microsoft-Windows-Kernel-Processor-Power
  Date: 2016-05-15T10:10:33.704
  Event ID: 26
  Task: N/A
  Level: Information
  Opcode: Info
  Keyword: N/A
  User: S-1-5-18
  User Name: NT AUTHORITY\SYSTEM
  Computer: Kot
  Description: 
Processor 2 in group 0 exposes the following:

2 idle state(s)
5 performance state(s)
0 throttle state(s)

Event[487]:
  Log Name: System
  Source: Microsoft-Windows-Kernel-Processor-Power
  Date: 2016-05-15T10:10:33.704
  Event ID: 26
  Task: N/A
  Level: Information
  Opcode: Info
  Keyword: N/A
  User: S-1-5-18
  User Name: NT AUTHORITY\SYSTEM
  Computer: Kot
  Description: 
Processor 1 in group 0 exposes the following:

2 idle state(s)
5 performance state(s)
0 throttle state(s)

Event[488]:
  Log Name: System
  Source: Microsoft-Windows-Kernel-Processor-Power
  Date: 2016-05-15T10:10:33.704
  Event ID: 26
  Task: N/A
  Level: Information
  Opcode: Info
  Keyword: N/A
  User: S-1-5-18
  User Name: NT AUTHORITY\SYSTEM
  Computer: Kot
  Description: 
Processor 0 in group 0 exposes the following:

2 idle state(s)
5 performance state(s)
0 throttle state(s)

Event[489]:
  Log Name: System
  Source: VMnetAdapter
  Date: 2016-05-15T10:10:32.690
  Event ID: 34
  Task: N/A
  Level: Information
  Opcode: N/A
  Keyword: Classic
  User: N/A
  User Name: N/A
  Computer: Kot
  Description: 
() Driver entry successful.

Event[490]:
  Log Name: System
  Source: VMnetAdapter
  Date: 2016-05-15T10:10:32.690
  Event ID: 34
  Task: N/A
  Level: Information
  Opcode: N/A
  Keyword: Classic
  User: N/A
  User Name: N/A
  Computer: Kot
  Description: 
() Starting up: FFFFFA8009642D10, \REGISTRY\MACHINE\SYSTEM\ControlSet001\services\VMnetAdapter.

Event[491]:
  Log Name: System
  Source: Microsoft-Windows-FilterManager
  Date: 2016-05-15T10:10:30.381
  Event ID: 6
  Task: N/A
  Level: Information
  Opcode: Info
  Keyword: N/A
  User: S-1-5-18
  User Name: NT AUTHORITY\SYSTEM
  Computer: Kot
  Description: 
File System Filter 'aswSnx' (6.0, ?2016?-?04?-?25T13:39:31.000000000Z) has successfully loaded and registered with Filter Manager.

Event[492]:
  Log Name: System
  Source: Microsoft-Windows-FilterManager
  Date: 2016-05-15T10:10:30.334
  Event ID: 6
  Task: N/A
  Level: Information
  Opcode: Info
  Keyword: N/A
  User: S-1-5-18
  User Name: NT AUTHORITY\SYSTEM
  Computer: Kot
  Description: 
File System Filter 'aswSP' (6.0, ?2016?-?04?-?25T13:59:07.000000000Z) has successfully loaded and registered with Filter Manager.

Event[493]:
  Log Name: System
  Source: Microsoft-Windows-FilterManager
  Date: 2016-05-15T10:10:28.415
  Event ID: 6
  Task: N/A
  Level: Information
  Opcode: Info
  Keyword: N/A
  User: S-1-5-18
  User Name: NT AUTHORITY\SYSTEM
  Computer: Kot
  Description: 
File System Filter 'FileInfo' (6.1, ?2009?-?07?-?14T01:34:25.000000000Z) has successfully loaded and registered with Filter Manager.

Event[494]:
  Log Name: System
  Source: Microsoft-Windows-Kernel-General
  Date: 2016-05-15T10:10:24.952
  Event ID: 12
  Task: N/A
  Level: Information
  Opcode: Info
  Keyword: N/A
  User: S-1-5-18
  User Name: NT AUTHORITY\SYSTEM
  Computer: Kot
  Description: 
The operating system started at system time ?2016?-?05?-?15T08:10:23.595198400Z.

Event[495]:
  Log Name: System
  Source: Microsoft-Windows-Kernel-General
  Date: 2016-05-15T01:32:42.248
  Event ID: 13
  Task: N/A
  Level: Information
  Opcode: Info
  Keyword: N/A
  User: N/A
  User Name: N/A
  Computer: Kot
  Description: 
The operating system is shutting down at system time ?2016?-?05?-?14T23:32:42.248414400Z.

Event[496]:
  Log Name: System
  Source: Microsoft-Windows-Kernel-Power
  Date: 2016-05-15T01:32:37.911
  Event ID: 109
  Task: N/A
  Level: Information
  Opcode: Info
  Keyword: N/A
  User: N/A
  User Name: N/A
  Computer: Kot
  Description: 
The kernel power manager has initiated a shutdown transition.

Event[497]:
  Log Name: System
  Source: Service Control Manager
  Date: 2016-05-15T01:32:37.521
  Event ID: 7036
  Task: N/A
  Level: Information
  Opcode: N/A
  Keyword: Classic
  User: N/A
  User Name: N/A
  Computer: Kot
  Description: 
The Avast Antivirus service entered the stopped state.

Event[498]:
  Log Name: System
  Source: Service Control Manager
  Date: 2016-05-15T01:32:35.446
  Event ID: 7036
  Task: N/A
  Level: Information
  Opcode: N/A
  Keyword: Classic
  User: N/A
  User Name: N/A
  Computer: Kot
  Description: 
The Windows Search service entered the stopped state.

Event[499]:
  Log Name: System
  Source: Service Control Manager
  Date: 2016-05-15T01:32:34.495
  Event ID: 7036
  Task: N/A
  Level: Information
  Opcode: N/A
  Keyword: Classic
  User: N/A
  User Name: N/A
  Computer: Kot
  Description: 
The Windows Defender service entered the stopped state.

Event[500]:
  Log Name: System
  Source: Service Control Manager
  Date: 2016-05-15T01:32:34.120
  Event ID: 7036
  Task: N/A
  Level: Information
  Opcode: N/A
  Keyword: Classic
  User: N/A
  User Name: N/A
  Computer: Kot
  Description: 
The Remote Desktop Services service entered the stopped state.

Event[501]:
  Log Name: System
  Source: Service Control Manager
  Date: 2016-05-15T01:32:33.917
  Event ID: 7036
  Task: N/A
  Level: Information
  Opcode: N/A
  Keyword: Classic
  User: N/A
  User Name: N/A
  Computer: Kot
  Description: 
The Windows Event Log service entered the stopped state.

Event[502]:
  Log Name: System
  Source: Service Control Manager
  Date: 2016-05-15T01:32:33.730
  Event ID: 7036
  Task: N/A
  Level: Information
  Opcode: N/A
  Keyword: Classic
  User: N/A
  User Name: N/A
  Computer: Kot
  Description: 
The WLAN AutoConfig service entered the stopped state.

Event[503]:
  Log Name: System
  Source: Microsoft-Windows-WLAN-AutoConfig
  Date: 2016-05-15T01:32:33.730
  Event ID: 4001
  Task: N/A
  Level: Warning
  Opcode: Stop
  Keyword: N/A
  User: S-1-5-18
  User Name: NT AUTHORITY\SYSTEM
  Computer: Kot
  Description: 
WLAN AutoConfig service has successfully stopped.


Event[504]:
  Log Name: System
  Source: EventLog
  Date: 2016-05-15T10:10:43.000
  Event ID: 6013
  Task: N/A
  Level: Information
  Opcode: N/A
  Keyword: Classic
  User: N/A
  User Name: N/A
  Computer: Kot
  Description: 
The system uptime is 20 seconds.

Event[505]:
  Log Name: System
  Source: EventLog
  Date: 2016-05-15T10:10:43.000
  Event ID: 6005
  Task: N/A
  Level: Information
  Opcode: N/A
  Keyword: Classic
  User: N/A
  User Name: N/A
  Computer: Kot
  Description: 
The Event log service was started.

Event[506]:
  Log Name: System
  Source: EventLog
  Date: 2016-05-15T10:10:43.000
  Event ID: 6009
  Task: N/A
  Level: Information
  Opcode: N/A
  Keyword: Classic
  User: N/A
  User Name: N/A
  Computer: Kot
  Description: 
Microsoft (R) Windows (R) 6.01. 7601 Service Pack 1 Multiprocessor Free.

Event[507]:
  Log Name: System
  Source: Service Control Manager
  Date: 2016-05-15T01:32:33.543
  Event ID: 7036
  Task: N/A
  Level: Information
  Opcode: N/A
  Keyword: Classic
  User: N/A
  User Name: N/A
  Computer: Kot
  Description: 
The UPnP Device Host service entered the stopped state.

Event[508]:
  Log Name: System
  Source: Service Control Manager
  Date: 2016-05-15T01:32:33.215
  Event ID: 7036
  Task: N/A
  Level: Information
  Opcode: N/A
  Keyword: Classic
  User: N/A
  User Name: N/A
  Computer: Kot
  Description: 
The Superfetch service entered the stopped state.

Event[509]:
  Log Name: System
  Source: Service Control Manager
  Date: 2016-05-15T01:32:32.716
  Event ID: 7036
  Task: N/A
  Level: Information
  Opcode: N/A
  Keyword: Classic
  User: N/A
  User Name: N/A
  Computer: Kot
  Description: 
The WWAN AutoConfig service entered the stopped state.

Event[510]:
  Log Name: System
  Source: Service Control Manager
  Date: 2016-05-15T01:32:32.701
  Event ID: 7036
  Task: N/A
  Level: Information
  Opcode: N/A
  Keyword: Classic
  User: N/A
  User Name: N/A
  Computer: Kot
  Description: 
The Windows Font Cache Service service entered the stopped state.

Event[511]:
  Log Name: System
  Source: Service Control Manager
  Date: 2016-05-15T01:32:32.701
  Event ID: 7036
  Task: N/A
  Level: Information
  Opcode: N/A
  Keyword: Classic
  User: N/A
  User Name: N/A
  Computer: Kot
  Description: 
The VMware Agent Service service entered the stopped state.

Event[512]:
  Log Name: System
  Source: Service Control Manager
  Date: 2016-05-15T01:32:32.467
  Event ID: 7036
  Task: N/A
  Level: Information
  Opcode: N/A
  Keyword: Classic
  User: N/A
  User Name: N/A
  Computer: Kot
  Description: 
The SSDP Discovery service entered the stopped state.

Event[513]:
  Log Name: System
  Source: Service Control Manager
  Date: 2016-05-15T01:32:32.389
  Event ID: 7036
  Task: N/A
  Level: Information
  Opcode: N/A
  Keyword: Classic
  User: N/A
  User Name: N/A
  Computer: Kot
  Description: 
The Windows Management Instrumentation service entered the stopped state.

Event[514]:
  Log Name: System
  Source: Service Control Manager
  Date: 2016-05-15T01:32:32.311
  Event ID: 7036
  Task: N/A
  Level: Information
  Opcode: N/A
  Keyword: Classic
  User: N/A
  User Name: N/A
  Computer: Kot
  Description: 
The Windows Image Acquisition (WIA) service entered the stopped state.

Event[515]:
  Log Name: System
  Source: Service Control Manager
  Date: 2016-05-15T01:32:32.248
  Event ID: 7036
  Task: N/A
  Level: Information
  Opcode: N/A
  Keyword: Classic
  User: N/A
  User Name: N/A
  Computer: Kot
  Description: 
The Security Center service entered the stopped state.

Event[516]:
  Log Name: System
  Source: Service Control Manager
  Date: 2016-05-15T01:32:32.045
  Event ID: 7036
  Task: N/A
  Level: Information
  Opcode: N/A
  Keyword: Classic
  User: N/A
  User Name: N/A
  Computer: Kot
  Description: 
The Distributed Link Tracking Client service entered the stopped state.

Event[517]:
  Log Name: System
  Source: Service Control Manager
  Date: 2016-05-15T01:32:32.014
  Event ID: 7036
  Task: N/A
  Level: Information
  Opcode: N/A
  Keyword: Classic
  User: N/A
  User Name: N/A
  Computer: Kot
  Description: 
The Desktop Window Manager Session Manager service entered the stopped state.

Event[518]:
  Log Name: System
  Source: Service Control Manager
  Date: 2016-05-15T01:32:32.014
  Event ID: 7036
  Task: N/A
  Level: Information
  Opcode: N/A
  Keyword: Classic
  User: N/A
  User Name: N/A
  Computer: Kot
  Description: 
The User Profile Service service entered the stopped state.

Event[519]:
  Log Name: System
  Source: Service Control Manager
  Date: 2016-05-15T01:32:31.999
  Event ID: 7036
  Task: N/A
  Level: Information
  Opcode: N/A
  Keyword: Classic
  User: N/A
  User Name: N/A
  Computer: Kot
  Description: 
The Peer Name Resolution Protocol service entered the stopped state.

Event[520]:
  Log Name: System
  Source: Service Control Manager
  Date: 2016-05-15T01:32:31.967
  Event ID: 7036
  Task: N/A
  Level: Information
  Opcode: N/A
  Keyword: Classic
  User: N/A
  User Name: N/A
  Computer: Kot
  Description: 
The Function Discovery Resource Publication service entered the stopped state.

Event[521]:
  Log Name: System
  Source: Service Control Manager
  Date: 2016-05-15T01:32:31.967
  Event ID: 7036
  Task: N/A
  Level: Information
  Opcode: N/A
  Keyword: Classic
  User: N/A
  User Name: N/A
  Computer: Kot
  Description: 
The Windows Modules Installer service entered the stopped state.

Event[522]:
  Log Name: System
  Source: Service Control Manager
  Date: 2016-05-15T01:32:31.921
  Event ID: 7036
  Task: N/A
  Level: Information
  Opcode: N/A
  Keyword: Classic
  User: N/A
  User Name: N/A
  Computer: Kot
  Description: 
The Wired AutoConfig service entered the stopped state.

Event[523]:
  Log Name: System
  Source: Service Control Manager
  Date: 2016-05-15T01:32:31.905
  Event ID: 7036
  Task: N/A
  Level: Information
  Opcode: N/A
  Keyword: Classic
  User: N/A
  User Name: N/A
  Computer: Kot
  Description: 
The Remote Desktop Services UserMode Port Redirector service entered the stopped state.

Event[524]:
  Log Name: System
  Source: Service Control Manager
  Date: 2016-05-15T01:32:31.858
  Event ID: 7036
  Task: N/A
  Level: Information
  Opcode: N/A
  Keyword: Classic
  User: N/A
  User Name: N/A
  Computer: Kot
  Description: 
The Extensible Authentication Protocol service entered the stopped state.

Event[525]:
  Log Name: System
  Source: Service Control Manager
  Date: 2016-05-15T01:32:31.827
  Event ID: 7036
  Task: N/A
  Level: Information
  Opcode: N/A
  Keyword: Classic
  User: N/A
  User Name: N/A
  Computer: Kot
  Description: 
The Diagnostic Service Host service entered the stopped state.

Event[526]:
  Log Name: System
  Source: Service Control Manager
  Date: 2016-05-15T01:32:31.827
  Event ID: 7036
  Task: N/A
  Level: Information
  Opcode: N/A
  Keyword: Classic
  User: N/A
  User Name: N/A
  Computer: Kot
  Description: 
The Plug and Play service entered the stopped state.

Event[527]:
  Log Name: System
  Source: Microsoft-Windows-UserPnp
  Date: 2016-05-15T01:32:31.827
  Event ID: 20010
  Task: N/A
  Level: Information
  Opcode: Info
  Keyword: N/A
  User: S-1-5-18
  User Name: NT AUTHORITY\SYSTEM
  Computer: Kot
  Description: 
One or more of the Plug and Play service's subsystems has changed state. 

PlugPlay install subsystem enabled: 'false' 
PlugPlay caching subsystem enabled: 'false' 


Event[528]:
  Log Name: System
  Source: Service Control Manager
  Date: 2016-05-15T01:32:31.796
  Event ID: 7036
  Task: N/A
  Level: Information
  Opcode: N/A
  Keyword: Classic
  User: N/A
  User Name: N/A
  Computer: Kot
  Description: 
The Peer Networking Grouping service entered the stopped state.

Event[529]:
  Log Name: System
  Source: Service Control Manager
  Date: 2016-05-15T01:32:31.765
  Event ID: 7036
  Task: N/A
  Level: Information
  Opcode: N/A
  Keyword: Classic
  User: N/A
  User Name: N/A
  Computer: Kot
  Description: 
The Power service entered the stopped state.

Event[530]:
  Log Name: System
  Source: Service Control Manager
  Date: 2016-05-15T01:32:31.733
  Event ID: 7036
  Task: N/A
  Level: Information
  Opcode: N/A
  Keyword: Classic
  User: N/A
  User Name: N/A
  Computer: Kot
  Description: 
The Peer Networking Identity Manager service entered the stopped state.

Event[531]:
  Log Name: System
  Source: Service Control Manager
  Date: 2016-05-15T01:32:31.702
  Event ID: 7036
  Task: N/A
  Level: Information
  Opcode: N/A
  Keyword: Classic
  User: N/A
  User Name: N/A
  Computer: Kot
  Description: 
The Cryptographic Services service entered the stopped state.

Event[532]:
  Log Name: System
  Source: Service Control Manager
  Date: 2016-05-15T01:32:31.671
  Event ID: 7036
  Task: N/A
  Level: Information
  Opcode: N/A
  Keyword: Classic
  User: N/A
  User Name: N/A
  Computer: Kot
  Description: 
The Human Interface Device Access service entered the stopped state.

Event[533]:
  Log Name: System
  Source: Service Control Manager
  Date: 2016-05-15T01:32:31.671
  Event ID: 7036
  Task: N/A
  Level: Information
  Opcode: N/A
  Keyword: Classic
  User: N/A
  User Name: N/A
  Computer: Kot
  Description: 
The Diagnostic Policy Service service entered the stopped state.

Event[534]:
  Log Name: System
  Source: Service Control Manager
  Date: 2016-05-15T01:32:31.609
  Event ID: 7036
  Task: N/A
  Level: Information
  Opcode: N/A
  Keyword: Classic
  User: N/A
  User Name: N/A
  Computer: Kot
  Description: 
The DHCP Client service entered the stopped state.

Event[535]:
  Log Name: System
  Source: Microsoft-Windows-Dhcp-Client
  Date: 2016-05-15T01:32:31.609
  Event ID: 50037
  Task: Service State Event
  Level: Information
  Opcode: ServiceStop
  Keyword: N/A
  User: S-1-5-19
  User Name: NT AUTHORITY\LOCAL SERVICE
  Computer: Kot
  Description: 
DHCPv4 client service is stopped. ShutDown Flag value is 1

Event[536]:
  Log Name: System
  Source: Microsoft-Windows-DHCPv6-Client
  Date: 2016-05-15T01:32:31.546
  Event ID: 51047
  Task: Service State Event
  Level: Information
  Opcode: ServiceStop
  Keyword: N/A
  User: S-1-5-19
  User Name: NT AUTHORITY\LOCAL SERVICE
  Computer: Kot
  Description: 
DHCPv6 client service is stopped. ShutDown Flag value is 1

Event[537]:
  Log Name: System
  Source: Service Control Manager
  Date: 2016-05-15T01:32:31.531
  Event ID: 7036
  Task: N/A
  Level: Information
  Opcode: N/A
  Keyword: Classic
  User: N/A
  User Name: N/A
  Computer: Kot
  Description: 
The Microsoft Office ClickToRun Service service entered the stopped state.

Event[538]:
  Log Name: System
  Source: Service Control Manager
  Date: 2016-05-15T01:32:31.390
  Event ID: 7036
  Task: N/A
  Level: Information
  Opcode: N/A
  Keyword: Classic
  User: N/A
  User Name: N/A
  Computer: Kot
  Description: 
The Certificate Propagation service entered the stopped state.

Event[539]:
  Log Name: System
  Source: Service Control Manager
  Date: 2016-05-15T01:32:31.172
  Event ID: 7036
  Task: N/A
  Level: Information
  Opcode: N/A
  Keyword: Classic
  User: N/A
  User Name: N/A
  Computer: Kot
  Description: 
The Diagnostics Tracking Service service entered the stopped state.

Event[540]:
  Log Name: System
  Source: Service Control Manager
  Date: 2016-05-15T01:32:30.953
  Event ID: 7036
  Task: N/A
  Level: Information
  Opcode: N/A
  Keyword: Classic
  User: N/A
  User Name: N/A
  Computer: Kot
  Description: 
The Group Policy Client service entered the stopped state.

Event[541]:
  Log Name: System
  Source: Service Control Manager
  Date: 2016-05-15T01:32:30.797
  Event ID: 7036
  Task: N/A
  Level: Information
  Opcode: N/A
  Keyword: Classic
  User: N/A
  User Name: N/A
  Computer: Kot
  Description: 
The Windows Update service entered the stopped state.

Event[542]:
  Log Name: System
  Source: Microsoft-Windows-WindowsUpdateClient
  Date: 2016-05-15T01:32:30.719
  Event ID: 27
  Task: Windows Update Agent
  Level: Information
  Opcode: State Change
  Keyword: State
  User: S-1-5-18
  User Name: NT AUTHORITY\SYSTEM
  Computer: Kot
  Description: 
Automatic Updates is now paused.

Event[543]:
  Log Name: System
  Source: EventLog
  Date: 2016-05-15T01:32:32.000
  Event ID: 6006
  Task: N/A
  Level: Information
  Opcode: N/A
  Keyword: Classic
  User: N/A
  User Name: N/A
  Computer: Kot
  Description: 
The Event log service was stopped.

Event[544]:
  Log Name: System
  Source: Microsoft-Windows-Winlogon
  Date: 2016-05-15T01:32:30.142
  Event ID: 7002
  Task: N/A
  Level: Information
  Opcode: Info
  Keyword: N/A
  User: S-1-5-18
  User Name: NT AUTHORITY\SYSTEM
  Computer: Kot
  Description: 
User Logoff Notification for Customer Experience Improvement Program

Event[545]:
  Log Name: System
  Source: Service Control Manager
  Date: 2016-05-15T01:32:29.128
  Event ID: 7036
  Task: N/A
  Level: Information
  Opcode: N/A
  Keyword: Classic
  User: N/A
  User Name: N/A
  Computer: Kot
  Description: 
The Steam Client Service service entered the stopped state.

Event[546]:
  Log Name: System
  Source: USER32
  Date: 2016-05-15T01:32:30.000
  Event ID: 1074
  Task: N/A
  Level: Information
  Opcode: N/A
  Keyword: Classic
  User: S-1-5-21-1345753643-328560084-4052943262-1000
  User Name: Kot\Kotek
  Computer: Kot
  Description: 
The process C:\Windows\system32\winlogon.exe (KOT) has initiated the power off of computer KOT on behalf of user Kot\Kotek for the following reason: No title for this reason could be found
 Reason Code: 0x500ff
 Shutdown Type: power off
 Comment: 

Event[547]:
  Log Name: System
  Source: USER32
  Date: 2016-05-15T01:32:23.000
  Event ID: 1074
  Task: N/A
  Level: Information
  Opcode: N/A
  Keyword: Classic
  User: S-1-5-21-1345753643-328560084-4052943262-1000
  User Name: Kot\Kotek
  Computer: Kot
  Description: 
The process Explorer.EXE has initiated the power off of computer KOT on behalf of user Kot\Kotek for the following reason: Other (Unplanned)
 Reason Code: 0x0
 Shutdown Type: power off
 Comment: 

Event[548]:
  Log Name: System
  Source: Service Control Manager
  Date: 2016-05-15T01:31:00.031
  Event ID: 7036
  Task: N/A
  Level: Information
  Opcode: N/A
  Keyword: Classic
  User: N/A
  User Name: N/A
  Computer: Kot
  Description: 
The Multimedia Class Scheduler service entered the running state.

Event[549]:
  Log Name: System
  Source: Service Control Manager
  Date: 2016-05-15T01:27:09.191
  Event ID: 7036
  Task: N/A
  Level: Information
  Opcode: N/A
  Keyword: Classic
  User: N/A
  User Name: N/A
  Computer: Kot
  Description: 
The Microsoft Software Shadow Copy Provider service entered the stopped state.

Event[550]:
  Log Name: System
  Source: Service Control Manager
  Date: 2016-05-15T01:24:24.611
  Event ID: 7036
  Task: N/A
  Level: Information
  Opcode: N/A
  Keyword: Classic
  User: N/A
  User Name: N/A
  Computer: Kot
  Description: 
The Application Experience service entered the running state.

Event[551]:
  Log Name: System
  Source: Service Control Manager
  Date: 2016-05-15T01:24:09.190
  Event ID: 7036
  Task: N/A
  Level: Information
  Opcode: N/A
  Keyword: Classic
  User: N/A
  User Name: N/A
  Computer: Kot
  Description: 
The Volume Shadow Copy service entered the stopped state.

Event[552]:
  Log Name: System
  Source: Service Control Manager
  Date: 2016-05-15T01:21:41.198
  Event ID: 7036
  Task: N/A
  Level: Information
  Opcode: N/A
  Keyword: Classic
  User: N/A
  User Name: N/A
  Computer: Kot
  Description: 
The Windows Modules Installer service entered the running state.

Event[553]:
  Log Name: System
  Source: Service Control Manager
  Date: 2016-05-15T01:20:49.236
  Event ID: 7036
  Task: N/A
  Level: Information
  Opcode: N/A
  Keyword: Classic
  User: N/A
  User Name: N/A
  Computer: Kot
  Description: 
The Windows Time service entered the stopped state.

Event[554]:
  Log Name: System
  Source: Service Control Manager
  Date: 2016-05-15T01:20:39.703
  Event ID: 7036
  Task: N/A
  Level: Information
  Opcode: N/A
  Keyword: Classic
  User: N/A
  User Name: N/A
  Computer: Kot
  Description: 
The Windows Time service entered the running state.

Event[555]:
  Log Name: System
  Source: Service Control Manager
  Date: 2016-05-15T01:20:31.840
  Event ID: 7036
  Task: N/A
  Level: Information
  Opcode: N/A
  Keyword: Classic
  User: N/A
  User Name: N/A
  Computer: Kot
  Description: 
The Microsoft Software Shadow Copy Provider service entered the running state.

Event[556]:
  Log Name: System
  Source: Service Control Manager
  Date: 2016-05-15T01:20:30.839
  Event ID: 7036
  Task: N/A
  Level: Information
  Opcode: N/A
  Keyword: Classic
  User: N/A
  User Name: N/A
  Computer: Kot
  Description: 
The Volume Shadow Copy service entered the running state.

Event[557]:
  Log Name: System
  Source: Service Control Manager
  Date: 2016-05-15T01:15:29.382
  Event ID: 7036
  Task: N/A
  Level: Information
  Opcode: N/A
  Keyword: Classic
  User: N/A
  User Name: N/A
  Computer: Kot
  Description: 
The Software Protection service entered the stopped state.

Event[558]:
  Log Name: System
  Source: Service Control Manager
  Date: 2016-05-15T01:10:27.507
  Event ID: 7036
  Task: N/A
  Level: Information
  Opcode: N/A
  Keyword: Classic
  User: N/A
  User Name: N/A
  Computer: Kot
  Description: 
The Software Protection service entered the running state.

Event[559]:
  Log Name: System
  Source: Service Control Manager
  Date: 2016-05-15T01:00:37.601
  Event ID: 7036
  Task: N/A
  Level: Information
  Opcode: N/A
  Keyword: Classic
  User: N/A
  User Name: N/A
  Computer: Kot
  Description: 
The Multimedia Class Scheduler service entered the stopped state.

Event[560]:
  Log Name: System
  Source: Service Control Manager
  Date: 2016-05-15T01:00:09.637
  Event ID: 7036
  Task: N/A
  Level: Information
  Opcode: N/A
  Keyword: Classic
  User: N/A
  User Name: N/A
  Computer: Kot
  Description: 
The Windows Time service entered the stopped state.

Event[561]:
  Log Name: System
  Source: Microsoft-Windows-Kernel-General
  Date: 2016-05-15T01:00:09.637
  Event ID: 1
  Task: N/A
  Level: Information
  Opcode: Info
  Keyword: Time
  User: S-1-5-19
  User Name: NT AUTHORITY\LOCAL SERVICE
  Computer: Kot
  Description: 
The system time has changed to ?2016?-?05?-?14T23:00:09.637000000Z from ?2016?-?05?-?14T23:00:09.637000000Z.

Event[562]:
  Log Name: System
  Source: Microsoft-Windows-Kernel-General
  Date: 2016-05-15T01:00:09.637
  Event ID: 1
  Task: N/A
  Level: Information
  Opcode: Info
  Keyword: Time
  User: S-1-5-19
  User Name: NT AUTHORITY\LOCAL SERVICE
  Computer: Kot
  Description: 
The system time has changed to ?2016?-?05?-?14T23:00:09.637000000Z from ?2016?-?05?-?14T23:00:09.637293900Z.

Event[563]:
  Log Name: System
  Source: Microsoft-Windows-Time-Service
  Date: 2016-05-15T01:00:09.636
  Event ID: 35
  Task: N/A
  Level: Information
  Opcode: Info
  Keyword: N/A
  User: S-1-5-19
  User Name: NT AUTHORITY\LOCAL SERVICE
  Computer: Kot
  Description: 
The time service is now synchronizing the system time with the time source time.nist.gov,0x9 (ntp.m|0x9|0.0.0.0:123->24.56.178.140:123).

Event[564]:
  Log Name: System
  Source: Microsoft-Windows-Kernel-General
  Date: 2016-05-15T01:00:09.636
  Event ID: 1
  Task: N/A
  Level: Information
  Opcode: Info
  Keyword: Time
  User: S-1-5-19
  User Name: NT AUTHORITY\LOCAL SERVICE
  Computer: Kot
  Description: 
The system time has changed to ?2016?-?05?-?14T23:00:09.636293900Z from ?2016?-?05?-?14T23:00:16.841980500Z.

Event[565]:
  Log Name: System
  Source: Microsoft-Windows-Time-Service
  Date: 2016-05-15T01:00:02.524
  Event ID: 37
  Task: N/A
  Level: Information
  Opcode: Info
  Keyword: N/A
  User: S-1-5-19
  User Name: NT AUTHORITY\LOCAL SERVICE
  Computer: Kot
  Description: 
The time provider NtpClient is currently receiving valid time data from time.nist.gov,0x9 (ntp.m|0x9|0.0.0.0:123->24.56.178.140:123).

Event[566]:
  Log Name: System
  Source: Service Control Manager
  Date: 2016-05-15T01:00:00.786
  Event ID: 7036
  Task: N/A
  Level: Information
  Opcode: N/A
  Keyword: Classic
  User: N/A
  User Name: N/A
  Computer: Kot
  Description: 
The Windows Time service entered the running state.

Event[567]:
  Log Name: System
  Source: Service Control Manager
  Date: 2016-05-15T00:14:18.407
  Event ID: 7036
  Task: N/A
  Level: Information
  Opcode: N/A
  Keyword: Classic
  User: N/A
  User Name: N/A
  Computer: Kot
  Description: 
The Windows Error Reporting Service service entered the stopped state.

Event[568]:
  Log Name: System
  Source: Service Control Manager
  Date: 2016-05-15T00:12:18.406
  Event ID: 7036
  Task: N/A
  Level: Information
  Opcode: N/A
  Keyword: Classic
  User: N/A
  User Name: N/A
  Computer: Kot
  Description: 
The Windows Error Reporting Service service entered the running state.

Event[569]:
  Log Name: System
  Source: Service Control Manager
  Date: 2016-05-14T22:53:01.422
  Event ID: 7036
  Task: N/A
  Level: Information
  Opcode: N/A
  Keyword: Classic
  User: N/A
  User Name: N/A
  Computer: Kot
  Description: 
The Service Google Update (gupdate) service entered the stopped state.

Event[570]:
  Log Name: System
  Source: Service Control Manager
  Date: 2016-05-14T22:53:00.461
  Event ID: 7036
  Task: N/A
  Level: Information
  Opcode: N/A
  Keyword: Classic
  User: N/A
  User Name: N/A
  Computer: Kot
  Description: 
The Service Google Update (gupdate) service entered the running state.

Event[571]:
  Log Name: System
  Source: Service Control Manager
  Date: 2016-05-14T21:56:15.789
  Event ID: 7036
  Task: N/A
  Level: Information
  Opcode: N/A
  Keyword: Classic
  User: N/A
  User Name: N/A
  Computer: Kot
  Description: 
The Software Protection service entered the stopped state.

Event[572]:
  Log Name: System
  Source: Service Control Manager
  Date: 2016-05-14T21:51:12.740
  Event ID: 7036
  Task: N/A
  Level: Information
  Opcode: N/A
  Keyword: Classic
  User: N/A
  User Name: N/A
  Computer: Kot
  Description: 
The Software Protection service entered the running state.

Event[573]:
  Log Name: System
  Source: Service Control Manager
  Date: 2016-05-14T21:38:53.832
  Event ID: 7036
  Task: N/A
  Level: Information
  Opcode: N/A
  Keyword: Classic
  User: N/A
  User Name: N/A
  Computer: Kot
  Description: 
The Application Experience service entered the stopped state.

Event[574]:
  Log Name: System
  Source: Service Control Manager
  Date: 2016-05-14T21:28:53.831
  Event ID: 7036
  Task: N/A
  Level: Information
  Opcode: N/A
  Keyword: Classic
  User: N/A
  User Name: N/A
  Computer: Kot
  Description: 
The Application Experience service entered the running state.

Event[575]:
  Log Name: System
  Source: Service Control Manager
  Date: 2016-05-14T21:14:23.448
  Event ID: 7036
  Task: N/A
  Level: Information
  Opcode: N/A
  Keyword: Classic
  User: N/A
  User Name: N/A
  Computer: Kot
  Description: 
The Software Protection service entered the stopped state.

Event[576]:
  Log Name: System
  Source: Service Control Manager
  Date: 2016-05-14T21:09:21.240
  Event ID: 7036
  Task: N/A
  Level: Information
  Opcode: N/A
  Keyword: Classic
  User: N/A
  User Name: N/A
  Computer: Kot
  Description: 
The Software Protection service entered the running state.

Event[577]:
  Log Name: System
  Source: Service Control Manager
  Date: 2016-05-14T21:00:02.117
  Event ID: 7036
  Task: N/A
  Level: Information
  Opcode: N/A
  Keyword: Classic
  User: N/A
  User Name: N/A
  Computer: Kot
  Description: 
The Application Experience service entered the stopped state.

Event[578]:
  Log Name: System
  Source: Service Control Manager
  Date: 2016-05-14T20:54:40.610
  Event ID: 7036
  Task: N/A
  Level: Information
  Opcode: N/A
  Keyword: Classic
  User: N/A
  User Name: N/A
  Computer: Kot
  Description: 
The Windows Installer service entered the stopped state.

Event[579]:
  Log Name: System
  Source: Service Control Manager
  Date: 2016-05-14T20:54:24.530
  Event ID: 7036
  Task: N/A
  Level: Information
  Opcode: N/A
  Keyword: Classic
  User: N/A
  User Name: N/A
  Computer: Kot
  Description: 
The Windows Search service entered the running state.

Event[580]:
  Log Name: System
  Source: Service Control Manager
  Date: 2016-05-14T20:45:10.967
  Event ID: 7036
  Task: N/A
  Level: Information
  Opcode: N/A
  Keyword: Classic
  User: N/A
  User Name: N/A
  Computer: Kot
  Description: 
The Secondary Logon service entered the running state.

Event[581]:
  Log Name: System
  Source: Service Control Manager
  Date: 2016-05-14T20:44:39.966
  Event ID: 7036
  Task: N/A
  Level: Information
  Opcode: N/A
  Keyword: Classic
  User: N/A
  User Name: N/A
  Computer: Kot
  Description: 
The Adobe Acrobat Update Service service entered the running state.

Event[582]:
  Log Name: System
  Source: Service Control Manager
  Date: 2016-05-14T20:44:20.099
  Event ID: 7036
  Task: N/A
  Level: Information
  Opcode: N/A
  Keyword: Classic
  User: N/A
  User Name: N/A
  Computer: Kot
  Description: 
The Windows Search service entered the stopped state.

Event[583]:
  Log Name: System
  Source: Service Control Manager
  Date: 2016-05-14T20:44:19.408
  Event ID: 7036
  Task: N/A
  Level: Information
  Opcode: N/A
  Keyword: Classic
  User: N/A
  User Name: N/A
  Computer: Kot
  Description: 
The Adobe Acrobat Update Service service entered the stopped state.

Event[584]:
  Log Name: System
  Source: Service Control Manager
  Date: 2016-05-14T20:44:07.688
  Event ID: 7036
  Task: N/A
  Level: Information
  Opcode: N/A
  Keyword: Classic
  User: N/A
  User Name: N/A
  Computer: Kot
  Description: 
The Adobe Acrobat Update Service service entered the running state.

Event[585]:
  Log Name: System
  Source: Service Control Manager
  Date: 2016-05-14T20:44:07.428
  Event ID: 7040
  Task: N/A
  Level: Information
  Opcode: N/A
  Keyword: Classic
  User: S-1-5-18
  User Name: NT AUTHORITY\SYSTEM
  Computer: Kot
  Description: 
The start type of the Adobe Acrobat Update Service service was changed from disabled to auto start.

Event[586]:
  Log Name: System
  Source: Service Control Manager
  Date: 2016-05-14T20:44:05.988
  Event ID: 7036
  Task: N/A
  Level: Information
  Opcode: N/A
  Keyword: Classic
  User: N/A
  User Name: N/A
  Computer: Kot
  Description: 
The Windows Installer service entered the running state.

Event[587]:
  Log Name: System
  Source: Service Control Manager
  Date: 2016-05-14T20:44:03.838
  Event ID: 7036
  Task: N/A
  Level: Information
  Opcode: N/A
  Keyword: Classic
  User: N/A
  User Name: N/A
  Computer: Kot
  Description: 
The Application Experience service entered the running state.

Event[588]:
  Log Name: System
  Source: Service Control Manager
  Date: 2016-05-14T20:00:44.687
  Event ID: 7036
  Task: N/A
  Level: Information
  Opcode: N/A
  Keyword: Classic
  User: N/A
  User Name: N/A
  Computer: Kot
  Description: 
The Software Protection service entered the stopped state.

Event[589]:
  Log Name: System
  Source: Service Control Manager
  Date: 2016-05-14T19:55:42.830
  Event ID: 7036
  Task: N/A
  Level: Information
  Opcode: N/A
  Keyword: Classic
  User: N/A
  User Name: N/A
  Computer: Kot
  Description: 
The Software Protection service entered the running state.

Event[590]:
  Log Name: System
  Source: Service Control Manager
  Date: 2016-05-14T18:01:15.208
  Event ID: 7036
  Task: N/A
  Level: Information
  Opcode: N/A
  Keyword: Classic
  User: N/A
  User Name: N/A
  Computer: Kot
  Description: 
The Diagnostic System Host service entered the stopped state.

Event[591]:
  Log Name: System
  Source: Service Control Manager
  Date: 2016-05-14T17:52:32.724
  Event ID: 7036
  Task: N/A
  Level: Information
  Opcode: N/A
  Keyword: Classic
  User: N/A
  User Name: N/A
  Computer: Kot
  Description: 
The Service Google Update (gupdate) service entered the stopped state.

Event[592]:
  Log Name: System
  Source: Service Control Manager
  Date: 2016-05-14T17:52:31.855
  Event ID: 7036
  Task: N/A
  Level: Information
  Opcode: N/A
  Keyword: Classic
  User: N/A
  User Name: N/A
  Computer: Kot
  Description: 
The Service Google Update (gupdate) service entered the running state.

Event[593]:
  Log Name: System
  Source: Service Control Manager
  Date: 2016-05-14T17:43:57.594
  Event ID: 7036
  Task: N/A
  Level: Information
  Opcode: N/A
  Keyword: Classic
  User: N/A
  User Name: N/A
  Computer: Kot
  Description: 
The Windows Installer service entered the stopped state.

Event[594]:
  Log Name: System
  Source: Service Control Manager
  Date: 2016-05-14T17:36:36.276
  Event ID: 7036
  Task: N/A
  Level: Information
  Opcode: N/A
  Keyword: Classic
  User: N/A
  User Name: N/A
  Computer: Kot
  Description: 
The Office Software Protection Platform service entered the stopped state.

Event[595]:
  Log Name: System
  Source: Service Control Manager
  Date: 2016-05-14T17:34:49.417
  Event ID: 7036
  Task: N/A
  Level: Information
  Opcode: N/A
  Keyword: Classic
  User: N/A
  User Name: N/A
  Computer: Kot
  Description: 
The Problem Reports and Solutions Control Panel Support service entered the stopped state.

Event[596]:
  Log Name: System
  Source: Service Control Manager
  Date: 2016-05-14T17:34:14.142
  Event ID: 7036
  Task: N/A
  Level: Information
  Opcode: N/A
  Keyword: Classic
  User: N/A
  User Name: N/A
  Computer: Kot
  Description: 
The Problem Reports and Solutions Control Panel Support service entered the running state.

Event[597]:
  Log Name: System
  Source: Service Control Manager
  Date: 2016-05-14T17:33:55.495
  Event ID: 7036
  Task: N/A
  Level: Information
  Opcode: N/A
  Keyword: Classic
  User: N/A
  User Name: N/A
  Computer: Kot
  Description: 
The Windows Installer service entered the running state.

Event[598]:
  Log Name: System
  Source: Service Control Manager
  Date: 2016-05-14T17:32:57.850
  Event ID: 7036
  Task: N/A
  Level: Information
  Opcode: N/A
  Keyword: Classic
  User: N/A
  User Name: N/A
  Computer: Kot
  Description: 
The Application Experience service entered the stopped state.

Event[599]:
  Log Name: System
  Source: Service Control Manager
  Date: 2016-05-14T17:31:16.383
  Event ID: 7036
  Task: N/A
  Level: Information
  Opcode: N/A
  Keyword: Classic
  User: N/A
  User Name: N/A
  Computer: Kot
  Description: 
The Office Software Protection Platform service entered the running state.

Event[600]:
  Log Name: System
  Source: Service Control Manager
  Date: 2016-05-14T17:29:20.551
  Event ID: 7036
  Task: N/A
  Level: Information
  Opcode: N/A
  Keyword: Classic
  User: N/A
  User Name: N/A
  Computer: Kot
  Description: 
The Software Protection service entered the stopped state.

Event[601]:
  Log Name: System
  Source: Service Control Manager
  Date: 2016-05-14T17:29:09.340
  Event ID: 7036
  Task: N/A
  Level: Information
  Opcode: N/A
  Keyword: Classic
  User: N/A
  User Name: N/A
  Computer: Kot
  Description: 
The Multimedia Class Scheduler service entered the running state.

Event[602]:
  Log Name: System
  Source: Microsoft-Windows-Application-Experience
  Date: 2016-05-14T17:28:57.616
  Event ID: 206
  Task: N/A
  Level: Information
  Opcode: Info
  Keyword: N/A
  User: S-1-5-18
  User Name: NT AUTHORITY\SYSTEM
  Computer: Kot
  Description: 
The Program Compatibility Assistant service successfully performed phase two initialization.

Event[603]:
  Log Name: System
  Source: Service Control Manager
  Date: 2016-05-14T17:27:52.813
  Event ID: 7036
  Task: N/A
  Level: Information
  Opcode: N/A
  Keyword: Classic
  User: N/A
  User Name: N/A
  Computer: Kot
  Description: 
The Multimedia Class Scheduler service entered the stopped state.

Event[604]:
  Log Name: System
  Source: Service Control Manager
  Date: 2016-05-14T17:23:48.439
  Event ID: 7036
  Task: N/A
  Level: Information
  Opcode: N/A
  Keyword: Classic
  User: N/A
  User Name: N/A
  Computer: Kot
  Description: 
The Windows Error Reporting Service service entered the stopped state.

Event[605]:
  Log Name: System
  Source: Service Control Manager
  Date: 2016-05-14T17:23:34.539
  Event ID: 7036
  Task: N/A
  Level: Information
  Opcode: N/A
  Keyword: Classic
  User: N/A
  User Name: N/A
  Computer: Kot
  Description: 
The Windows Update service entered the running state.

Event[606]:
  Log Name: System
  Source: Service Control Manager
  Date: 2016-05-14T17:23:30.717
  Event ID: 7036
  Task: N/A
  Level: Information
  Opcode: N/A
  Keyword: Classic
  User: N/A
  User Name: N/A
  Computer: Kot
  Description: 
The Windows Defender service entered the running state.

Event[607]:
  Log Name: System
  Source: Service Control Manager
  Date: 2016-05-14T17:23:29.812
  Event ID: 7036
  Task: N/A
  Level: Information
  Opcode: N/A
  Keyword: Classic
  User: N/A
  User Name: N/A
  Computer: Kot
  Description: 
The Service Google Update (gupdate) service entered the stopped state.

Event[608]:
  Log Name: System
  Source: Service Control Manager
  Date: 2016-05-14T17:23:29.750
  Event ID: 7036
  Task: N/A
  Level: Information
  Opcode: N/A
  Keyword: Classic
  User: N/A
  User Name: N/A
  Computer: Kot
  Description: 
The Service Google Update (gupdate) service entered the running state.

Event[609]:
  Log Name: System
  Source: Service Control Manager
  Date: 2016-05-14T17:23:29.376
  Event ID: 7036
  Task: N/A
  Level: Information
  Opcode: N/A
  Keyword: Classic
  User: N/A
  User Name: N/A
  Computer: Kot
  Description: 
The Microsoft .NET Framework NGEN v4.0.30319_X64 service entered the stopped state.

Event[610]:
  Log Name: System
  Source: Service Control Manager
  Date: 2016-05-14T17:23:29.376
  Event ID: 7036
  Task: N/A
  Level: Information
  Opcode: N/A
  Keyword: Classic
  User: N/A
  User Name: N/A
  Computer: Kot
  Description: 
The Microsoft .NET Framework NGEN v4.0.30319_X64 service entered the running state.

Event[611]:
  Log Name: System
  Source: Service Control Manager
  Date: 2016-05-14T17:23:28.876
  Event ID: 7036
  Task: N/A
  Level: Information
  Opcode: N/A
  Keyword: Classic
  User: N/A
  User Name: N/A
  Computer: Kot
  Description: 
The Microsoft .NET Framework NGEN v4.0.30319_X86 service entered the stopped state.

Event[612]:
  Log Name: System
  Source: Service Control Manager
  Date: 2016-05-14T17:23:28.876
  Event ID: 7036
  Task: N/A
  Level: Information
  Opcode: N/A
  Keyword: Classic
  User: N/A
  User Name: N/A
  Computer: Kot
  Description: 
The Microsoft .NET Framework NGEN v4.0.30319_X86 service entered the running state.

Event[613]:
  Log Name: System
  Source: Service Control Manager
  Date: 2016-05-14T17:23:28.689
  Event ID: 7036
  Task: N/A
  Level: Information
  Opcode: N/A
  Keyword: Classic
  User: N/A
  User Name: N/A
  Computer: Kot
  Description: 
The Portable Device Enumerator Service service entered the stopped state.

Event[614]:
  Log Name: System
  Source: Service Control Manager
  Date: 2016-05-14T17:23:28.393
  Event ID: 7036
  Task: N/A
  Level: Information
  Opcode: N/A
  Keyword: Classic
  User: N/A
  User Name: N/A
  Computer: Kot
  Description: 
The Background Intelligent Transfer Service service entered the running state.

Event[615]:
  Log Name: System
  Source: Service Control Manager
  Date: 2016-05-14T17:22:57.848
  Event ID: 7036
  Task: N/A
  Level: Information
  Opcode: N/A
  Keyword: Classic
  User: N/A
  User Name: N/A
  Computer: Kot
  Description: 
The Application Experience service entered the running state.

Event[616]:
  Log Name: System
  Source: Service Control Manager
  Date: 2016-05-14T17:22:50.226
  Event ID: 7036
  Task: N/A
  Level: Information
  Opcode: N/A
  Keyword: Classic
  User: N/A
  User Name: N/A
  Computer: Kot
  Description: 
The UPnP Device Host service entered the running state.

Event[617]:
  Log Name: System
  Source: Microsoft-Windows-WMPNSS-Service
  Date: 2016-05-14T17:22:51.000
  Event ID: 14206
  Task: N/A
  Level: Information
  Opcode: N/A
  Keyword: Classic
  User: N/A
  User Name: N/A
  Computer: Kot
  Description: 
Media server 'KOT: Kotek:' was successfully initialized and is sharing media with network media devices.

Event[618]:
  Log Name: System
  Source: Service Control Manager
  Date: 2016-05-14T17:22:47.511
  Event ID: 7036
  Task: N/A
  Level: Information
  Opcode: N/A
  Keyword: Classic
  User: N/A
  User Name: N/A
  Computer: Kot
  Description: 
The Steam Client Service service entered the running state.

Event[619]:
  Log Name: System
  Source: Service Control Manager
  Date: 2016-05-14T17:22:45.374
  Event ID: 7036
  Task: N/A
  Level: Information
  Opcode: N/A
  Keyword: Classic
  User: N/A
  User Name: N/A
  Computer: Kot
  Description: 
The SSDP Discovery service entered the running state.

Event[620]:
  Log Name: System
  Source: Service Control Manager
  Date: 2016-05-14T17:22:36.794
  Event ID: 7036
  Task: N/A
  Level: Information
  Opcode: N/A
  Keyword: Classic
  User: N/A
  User Name: N/A
  Computer: Kot
  Description: 
The Peer Networking Grouping service entered the running state.

Event[621]:
  Log Name: System
  Source: Service Control Manager
  Date: 2016-05-14T17:22:35.827
  Event ID: 7036
  Task: N/A
  Level: Information
  Opcode: N/A
  Keyword: Classic
  User: N/A
  User Name: N/A
  Computer: Kot
  Description: 
The Peer Name Resolution Protocol service entered the running state.

Event[622]:
  Log Name: System
  Source: Service Control Manager
  Date: 2016-05-14T17:22:33.611
  Event ID: 7036
  Task: N/A
  Level: Information
  Opcode: N/A
  Keyword: Classic
  User: N/A
  User Name: N/A
  Computer: Kot
  Description: 
The Peer Networking Identity Manager service entered the running state.

Event[623]:
  Log Name: System
  Source: Service Control Manager
  Date: 2016-05-14T17:22:33.362
  Event ID: 7036
  Task: N/A
  Level: Information
  Opcode: N/A
  Keyword: Classic
  User: N/A
  User Name: N/A
  Computer: Kot
  Description: 
The HomeGroup Listener service entered the running state.

Event[624]:
  Log Name: System
  Source: Service Control Manager
  Date: 2016-05-14T17:22:32.441
  Event ID: 7036
  Task: N/A
  Level: Information
  Opcode: N/A
  Keyword: Classic
  User: N/A
  User Name: N/A
  Computer: Kot
  Description: 
The HomeGroup Provider service entered the running state.

Event[625]:
  Log Name: System
  Source: Service Control Manager
  Date: 2016-05-14T17:22:32.410
  Event ID: 7036
  Task: N/A
  Level: Information
  Opcode: N/A
  Keyword: Classic
  User: N/A
  User Name: N/A
  Computer: Kot
  Description: 
The Function Discovery Resource Publication service entered the running state.

Event[626]:
  Log Name: System
  Source: Service Control Manager
  Date: 2016-05-14T17:22:31.583
  Event ID: 7036
  Task: N/A
  Level: Information
  Opcode: N/A
  Keyword: Classic
  User: N/A
  User Name: N/A
  Computer: Kot
  Description: 
The Function Discovery Provider Host service entered the running state.

Event[627]:
  Log Name: System
  Source: Service Control Manager
  Date: 2016-05-14T17:22:30.257
  Event ID: 7036
  Task: N/A
  Level: Information
  Opcode: N/A
  Keyword: Classic
  User: N/A
  User Name: N/A
  Computer: Kot
  Description: 
The Windows Search service entered the running state.

Event[628]:
  Log Name: System
  Source: Service Control Manager
  Date: 2016-05-14T17:22:19.428
  Event ID: 7036
  Task: N/A
  Level: Information
  Opcode: N/A
  Keyword: Classic
  User: N/A
  User Name: N/A
  Computer: Kot
  Description: 
The Windows Media Player Network Sharing Service service entered the running state.

Event[629]:
  Log Name: System
  Source: Microsoft-Windows-WMPNSS-Service
  Date: 2016-05-14T17:22:19.000
  Event ID: 14204
  Task: N/A
  Level: Information
  Opcode: N/A
  Keyword: Classic
  User: N/A
  User Name: N/A
  Computer: Kot
  Description: 
Service 'WMPNetworkSvc' started.

Event[630]:
