  Log Name: System
  Source: Service Control Manager
  Date: 2016-05-12T19:53:43.068
  Event ID: 7036
  Task: N/A
  Level: Information
  Opcode: N/A
  Keyword: Classic
  User: N/A
  User Name: N/A
  Computer: Kot
  Description: 
The Portable Device Enumerator Service service entered the running state.

Event[1260]:
  Log Name: System
  Source: Service Control Manager
  Date: 2016-05-12T19:53:43.068
  Event ID: 7036
  Task: N/A
  Level: Information
  Opcode: N/A
  Keyword: Classic
  User: N/A
  User Name: N/A
  Computer: Kot
  Description: 
The Diagnostic System Host service entered the running state.

Event[1261]:
  Log Name: System
  Source: Service Control Manager
  Date: 2016-05-12T19:53:41.570
  Event ID: 7036
  Task: N/A
  Level: Information
  Opcode: N/A
  Keyword: Classic
  User: N/A
  User Name: N/A
  Computer: Kot
  Description: 
The Network List Service service entered the running state.

Event[1262]:
  Log Name: System
  Source: Service Control Manager
  Date: 2016-05-12T19:53:41.555
  Event ID: 7036
  Task: N/A
  Level: Information
  Opcode: N/A
  Keyword: Classic
  User: N/A
  User Name: N/A
  Computer: Kot
  Description: 
The Remote Desktop Services service entered the running state.

Event[1263]:
  Log Name: System
  Source: Service Control Manager
  Date: 2016-05-12T19:53:41.555
  Event ID: 7036
  Task: N/A
  Level: Information
  Opcode: N/A
  Keyword: Classic
  User: N/A
  User Name: N/A
  Computer: Kot
  Description: 
The Human Interface Device Access service entered the running state.

Event[1264]:
  Log Name: System
  Source: Service Control Manager
  Date: 2016-05-12T19:53:41.555
  Event ID: 7036
  Task: N/A
  Level: Information
  Opcode: N/A
  Keyword: Classic
  User: N/A
  User Name: N/A
  Computer: Kot
  Description: 
The WinHTTP Web Proxy Auto-Discovery Service service entered the running state.

Event[1265]:
  Log Name: System
  Source: Service Control Manager
  Date: 2016-05-12T19:53:40.962
  Event ID: 7036
  Task: N/A
  Level: Information
  Opcode: N/A
  Keyword: Classic
  User: N/A
  User Name: N/A
  Computer: Kot
  Description: 
The Software Protection service entered the running state.

Event[1266]:
  Log Name: System
  Source: Service Control Manager
  Date: 2016-05-12T19:53:40.868
  Event ID: 7036
  Task: N/A
  Level: Information
  Opcode: N/A
  Keyword: Classic
  User: N/A
  User Name: N/A
  Computer: Kot
  Description: 
The Diagnostic Service Host service entered the running state.

Event[1267]:
  Log Name: System
  Source: Service Control Manager
  Date: 2016-05-12T19:53:38.712
  Event ID: 7036
  Task: N/A
  Level: Information
  Opcode: N/A
  Keyword: Classic
  User: N/A
  User Name: N/A
  Computer: Kot
  Description: 
The Network Connections service entered the running state.

Event[1268]:
  Log Name: System
  Source: Service Control Manager
  Date: 2016-05-12T19:53:38.702
  Event ID: 7036
  Task: N/A
  Level: Information
  Opcode: N/A
  Keyword: Classic
  User: N/A
  User Name: N/A
  Computer: Kot
  Description: 
The Windows Time service entered the stopped state.

Event[1269]:
  Log Name: System
  Source: Service Control Manager
  Date: 2016-05-12T19:53:38.702
  Event ID: 7042
  Task: N/A
  Level: Information
  Opcode: N/A
  Keyword: Classic
  User: S-1-5-18
  User Name: NT AUTHORITY\SYSTEM
  Computer: Kot
  Description: 
The Windows Time service was successfully sent a stop control.

 The reason specified was: 0x40030011 [Operating System: Network Connectivity (Planned)]

 Comment: None

Event[1270]:
  Log Name: System
  Source: Service Control Manager
  Date: 2016-05-12T19:53:38.682
  Event ID: 7026
  Task: N/A
  Level: Error
  Opcode: N/A
  Keyword: Classic
  User: N/A
  User Name: N/A
  Computer: Kot
  Description: 
The following boot-start or system-start driver(s) failed to load: 
VirtDiskBus

Event[1271]:
  Log Name: System
  Source: Service Control Manager
  Date: 2016-05-12T19:53:38.672
  Event ID: 7036
  Task: N/A
  Level: Information
  Opcode: N/A
  Keyword: Classic
  User: N/A
  User Name: N/A
  Computer: Kot
  Description: 
The VMware Agent Service service entered the running state.

Event[1272]:
  Log Name: System
  Source: Service Control Manager
  Date: 2016-05-12T19:53:35.172
  Event ID: 7036
  Task: N/A
  Level: Information
  Opcode: N/A
  Keyword: Classic
  User: N/A
  User Name: N/A
  Computer: Kot
  Description: 
The VMware Authorization Service service entered the running state.

Event[1273]:
  Log Name: System
  Source: Service Control Manager
  Date: 2016-05-12T19:53:27.560
  Event ID: 7036
  Task: N/A
  Level: Information
  Opcode: N/A
  Keyword: Classic
  User: N/A
  User Name: N/A
  Computer: Kot
  Description: 
The IP Helper service entered the running state.

Event[1274]:
  Log Name: System
  Source: Service Control Manager
  Date: 2016-05-12T19:53:27.545
  Event ID: 7036
  Task: N/A
  Level: Information
  Opcode: N/A
  Keyword: Classic
  User: N/A
  User Name: N/A
  Computer: Kot
  Description: 
The Windows Management Instrumentation service entered the running state.

Event[1275]:
  Log Name: System
  Source: Service Control Manager
  Date: 2016-05-12T19:53:27.529
  Event ID: 7036
  Task: N/A
  Level: Information
  Opcode: N/A
  Keyword: Classic
  User: N/A
  User Name: N/A
  Computer: Kot
  Description: 
The VMware DHCP Service service entered the running state.

Event[1276]:
  Log Name: System
  Source: Service Control Manager
  Date: 2016-05-12T19:53:27.264
  Event ID: 7036
  Task: N/A
  Level: Information
  Opcode: N/A
  Keyword: Classic
  User: N/A
  User Name: N/A
  Computer: Kot
  Description: 
The Windows Time service entered the running state.

Event[1277]:
  Log Name: System
  Source: Service Control Manager
  Date: 2016-05-12T19:53:27.124
  Event ID: 7036
  Task: N/A
  Level: Information
  Opcode: N/A
  Keyword: Classic
  User: N/A
  User Name: N/A
  Computer: Kot
  Description: 
The VMware NAT Service service entered the running state.

Event[1278]:
  Log Name: System
  Source: Service Control Manager
  Date: 2016-05-12T19:53:26.640
  Event ID: 7036
  Task: N/A
  Level: Information
  Opcode: N/A
  Keyword: Classic
  User: N/A
  User Name: N/A
  Computer: Kot
  Description: 
The VMware USB Arbitration Service service entered the running state.

Event[1279]:
  Log Name: System
  Source: VMnetuserif
  Date: 2016-05-12T19:53:25.657
  Event ID: 4
  Task: N/A
  Level: Information
  Opcode: N/A
  Keyword: Classic
  User: N/A
  User Name: N/A
  Computer: Kot
  Description: 
(\Device\VMnetUserif) Driver entry exiting with status 0  

Event[1280]:
  Log Name: System
  Source: VMnetuserif
  Date: 2016-05-12T19:53:25.657
  Event ID: 1
  Task: N/A
  Level: Information
  Opcode: N/A
  Keyword: Classic
  User: N/A
  User Name: N/A
  Computer: Kot
  Description: 
() Starting up the User Interface Driver for VMware Virtual Networks

Event[1281]:
  Log Name: System
  Source: Service Control Manager
  Date: 2016-05-12T19:53:22.444
  Event ID: 7036
  Task: N/A
  Level: Information
  Opcode: N/A
  Keyword: Classic
  User: N/A
  User Name: N/A
  Computer: Kot
  Description: 
The Microsoft Office ClickToRun Service service entered the running state.

Event[1282]:
  Log Name: System
  Source: Service Control Manager
  Date: 2016-05-12T19:53:21.086
  Event ID: 7036
  Task: N/A
  Level: Information
  Opcode: N/A
  Keyword: Classic
  User: N/A
  User Name: N/A
  Computer: Kot
  Description: 
The Windows Image Acquisition (WIA) service entered the running state.

Event[1283]:
  Log Name: System
  Source: Service Control Manager
  Date: 2016-05-12T19:53:21.040
  Event ID: 7036
  Task: N/A
  Level: Information
  Opcode: N/A
  Keyword: Classic
  User: N/A
  User Name: N/A
  Computer: Kot
  Description: 
The Distributed Link Tracking Client service entered the running state.

Event[1284]:
  Log Name: System
  Source: Service Control Manager
  Date: 2016-05-12T19:53:21.024
  Event ID: 7036
  Task: N/A
  Level: Information
  Opcode: N/A
  Keyword: Classic
  User: N/A
  User Name: N/A
  Computer: Kot
  Description: 
The Superfetch service entered the running state.

Event[1285]:
  Log Name: System
  Source: Service Control Manager
  Date: 2016-05-12T19:53:21.008
  Event ID: 7036
  Task: N/A
  Level: Information
  Opcode: N/A
  Keyword: Classic
  User: N/A
  User Name: N/A
  Computer: Kot
  Description: 
The Diagnostics Tracking Service service entered the running state.

Event[1286]:
  Log Name: System
  Source: Service Control Manager
  Date: 2016-05-12T19:53:20.993
  Event ID: 7036
  Task: N/A
  Level: Information
  Opcode: N/A
  Keyword: Classic
  User: N/A
  User Name: N/A
  Computer: Kot
  Description: 
The Diagnostic Policy Service service entered the running state.

Event[1287]:
  Log Name: System
  Source: Service Control Manager
  Date: 2016-05-12T19:53:20.977
  Event ID: 7036
  Task: N/A
  Level: Information
  Opcode: N/A
  Keyword: Classic
  User: N/A
  User Name: N/A
  Computer: Kot
  Description: 
The Program Compatibility Assistant Service service entered the running state.

Event[1288]:
  Log Name: System
  Source: Microsoft-Windows-Application-Experience
  Date: 2016-05-12T19:53:20.977
  Event ID: 201
  Task: N/A
  Level: Information
  Opcode: Info
  Keyword: N/A
  User: S-1-5-18
  User Name: NT AUTHORITY\SYSTEM
  Computer: Kot
  Description: 
The Program Compatibility Assistant service started successfully.

Event[1289]:
  Log Name: System
  Source: Service Control Manager
  Date: 2016-05-12T19:53:20.930
  Event ID: 7036
  Task: N/A
  Level: Information
  Opcode: N/A
  Keyword: Classic
  User: N/A
  User Name: N/A
  Computer: Kot
  Description: 
The Cryptographic Services service entered the running state.

Event[1290]:
  Log Name: System
  Source: Service Control Manager
  Date: 2016-05-12T19:53:20.572
  Event ID: 7036
  Task: N/A
  Level: Information
  Opcode: N/A
  Keyword: Classic
  User: N/A
  User Name: N/A
  Computer: Kot
  Description: 
The Computer Browser service entered the running state.

Event[1291]:
  Log Name: System
  Source: Service Control Manager
  Date: 2016-05-12T19:53:20.572
  Event ID: 7036
  Task: N/A
  Level: Information
  Opcode: N/A
  Keyword: Classic
  User: N/A
  User Name: N/A
  Computer: Kot
  Description: 
The Server service entered the running state.

Event[1292]:
  Log Name: System
  Source: Service Control Manager
  Date: 2016-05-12T19:53:19.870
  Event ID: 7036
  Task: N/A
  Level: Information
  Opcode: N/A
  Keyword: Classic
  User: N/A
  User Name: N/A
  Computer: Kot
  Description: 
The WebClient service entered the running state.

Event[1293]:
  Log Name: System
  Source: Service Control Manager
  Date: 2016-05-12T19:53:19.870
  Event ID: 7036
  Task: N/A
  Level: Information
  Opcode: N/A
  Keyword: Classic
  User: N/A
  User Name: N/A
  Computer: Kot
  Description: 
The Workstation service entered the running state.

Event[1294]:
  Log Name: System
  Source: Service Control Manager
  Date: 2016-05-12T19:53:19.823
  Event ID: 7036
  Task: N/A
  Level: Information
  Opcode: N/A
  Keyword: Classic
  User: N/A
  User Name: N/A
  Computer: Kot
  Description: 
The Windows Firewall service entered the running state.

Event[1295]:
  Log Name: System
  Source: Service Control Manager
  Date: 2016-05-12T19:53:19.807
  Event ID: 7036
  Task: N/A
  Level: Information
  Opcode: N/A
  Keyword: Classic
  User: N/A
  User Name: N/A
  Computer: Kot
  Description: 
The Base Filtering Engine service entered the running state.

Event[1296]:
  Log Name: System
  Source: Service Control Manager
  Date: 2016-05-12T19:53:19.729
  Event ID: 7036
  Task: N/A
  Level: Information
  Opcode: N/A
  Keyword: Classic
  User: N/A
  User Name: N/A
  Computer: Kot
  Description: 
The Print Spooler service entered the running state.

Event[1297]:
  Log Name: System
  Source: Service Control Manager
  Date: 2016-05-12T19:53:19.636
  Event ID: 7036
  Task: N/A
  Level: Information
  Opcode: N/A
  Keyword: Classic
  User: N/A
  User Name: N/A
  Computer: Kot
  Description: 
The Task Scheduler service entered the running state.

Event[1298]:
  Log Name: System
  Source: Service Control Manager
  Date: 2016-05-12T19:53:19.090
  Event ID: 7036
  Task: N/A
  Level: Information
  Opcode: N/A
  Keyword: Classic
  User: N/A
  User Name: N/A
  Computer: Kot
  Description: 
The Avast Antivirus service entered the running state.

Event[1299]:
  Log Name: System
  Source: Service Control Manager
  Date: 2016-05-12T19:53:19.043
  Event ID: 7036
  Task: N/A
  Level: Information
  Opcode: N/A
  Keyword: Classic
  User: N/A
  User Name: N/A
  Computer: Kot
  Description: 
The Shell Hardware Detection service entered the running state.

Event[1300]:
  Log Name: System
  Source: Microsoft-Windows-Winlogon
  Date: 2016-05-12T19:53:18.902
  Event ID: 7001
  Task: N/A
  Level: Information
  Opcode: Info
  Keyword: N/A
  User: S-1-5-18
  User Name: NT AUTHORITY\SYSTEM
  Computer: Kot
  Description: 
User Logon Notification for Customer Experience Improvement Program

Event[1301]:
  Log Name: System
  Source: Service Control Manager
  Date: 2016-05-12T19:53:18.778
  Event ID: 7036
  Task: N/A
  Level: Information
  Opcode: N/A
  Keyword: Classic
  User: N/A
  User Name: N/A
  Computer: Kot
  Description: 
The WWAN AutoConfig service entered the running state.

Event[1302]:
  Log Name: System
  Source: Service Control Manager
  Date: 2016-05-12T19:53:18.700
  Event ID: 7036
  Task: N/A
  Level: Information
  Opcode: N/A
  Keyword: Classic
  User: N/A
  User Name: N/A
  Computer: Kot
  Description: 
The Network Location Awareness service entered the running state.

Event[1303]:
  Log Name: System
  Source: Microsoft-Windows-WLAN-AutoConfig
  Date: 2016-05-12T19:53:18.700
  Event ID: 4000
  Task: N/A
  Level: Information
  Opcode: Start
  Keyword: N/A
  User: S-1-5-18
  User Name: NT AUTHORITY\SYSTEM
  Computer: Kot
  Description: 
WLAN AutoConfig service has successfully started.


Event[1304]:
  Log Name: System
  Source: Service Control Manager
  Date: 2016-05-12T19:53:18.700
  Event ID: 7036
  Task: N/A
  Level: Information
  Opcode: N/A
  Keyword: Classic
  User: N/A
  User Name: N/A
  Computer: Kot
  Description: 
The WLAN AutoConfig service entered the running state.

Event[1305]:
  Log Name: System
  Source: Service Control Manager
  Date: 2016-05-12T19:53:18.700
  Event ID: 7036
  Task: N/A
  Level: Information
  Opcode: N/A
  Keyword: Classic
  User: N/A
  User Name: N/A
  Computer: Kot
  Description: 
The Wired AutoConfig service entered the running state.

Event[1306]:
  Log Name: System
  Source: Service Control Manager
  Date: 2016-05-12T19:53:18.653
  Event ID: 7036
  Task: N/A
  Level: Information
  Opcode: N/A
  Keyword: Classic
  User: N/A
  User Name: N/A
  Computer: Kot
  Description: 
The DNS Client service entered the running state.

Event[1307]:
  Log Name: System
  Source: Service Control Manager
  Date: 2016-05-12T19:53:18.637
  Event ID: 7036
  Task: N/A
  Level: Information
  Opcode: N/A
  Keyword: Classic
  User: N/A
  User Name: N/A
  Computer: Kot
  Description: 
The Extensible Authentication Protocol service entered the running state.

Event[1308]:
  Log Name: System
  Source: Service Control Manager
  Date: 2016-05-12T19:53:18.606
  Event ID: 7036
  Task: N/A
  Level: Information
  Opcode: N/A
  Keyword: Classic
  User: N/A
  User Name: N/A
  Computer: Kot
  Description: 
The DHCP Client service entered the running state.

Event[1309]:
  Log Name: System
  Source: Microsoft-Windows-DHCPv6-Client
  Date: 2016-05-12T19:53:18.590
  Event ID: 51046
  Task: Service State Event
  Level: Information
  Opcode: ServiceStart
  Keyword: N/A
  User: S-1-5-19
  User Name: NT AUTHORITY\LOCAL SERVICE
  Computer: Kot
  Description: 
DHCPv6 client service is started

Event[1310]:
  Log Name: System
  Source: Microsoft-Windows-Dhcp-Client
  Date: 2016-05-12T19:53:18.575
  Event ID: 50036
  Task: Service State Event
  Level: Information
  Opcode: ServiceStart
  Keyword: N/A
  User: S-1-5-19
  User Name: NT AUTHORITY\LOCAL SERVICE
  Computer: Kot
  Description: 
DHCPv4 client service is started

Event[1311]:
  Log Name: System
  Source: Service Control Manager
  Date: 2016-05-12T19:53:18.575
  Event ID: 7036
  Task: N/A
  Level: Information
  Opcode: N/A
  Keyword: Classic
  User: N/A
  User Name: N/A
  Computer: Kot
  Description: 
The TCP/IP NetBIOS Helper service entered the running state.

Event[1312]:
  Log Name: System
  Source: Service Control Manager
  Date: 2016-05-12T19:53:18.575
  Event ID: 7036
  Task: N/A
  Level: Information
  Opcode: N/A
  Keyword: Classic
  User: N/A
  User Name: N/A
  Computer: Kot
  Description: 
The Network Store Interface Service service entered the running state.

Event[1313]:
  Log Name: System
  Source: Service Control Manager
  Date: 2016-05-12T19:53:18.575
  Event ID: 7036
  Task: N/A
  Level: Information
  Opcode: N/A
  Keyword: Classic
  User: N/A
  User Name: N/A
  Computer: Kot
  Description: 
The CNG Key Isolation service entered the running state.

Event[1314]:
  Log Name: System
  Source: Service Control Manager
  Date: 2016-05-12T19:53:18.559
  Event ID: 7036
  Task: N/A
  Level: Information
  Opcode: N/A
  Keyword: Classic
  User: N/A
  User Name: N/A
  Computer: Kot
  Description: 
The Security Accounts Manager service entered the running state.

Event[1315]:
  Log Name: System
  Source: Service Control Manager
  Date: 2016-05-12T19:53:18.559
  Event ID: 7036
  Task: N/A
  Level: Information
  Opcode: N/A
  Keyword: Classic
  User: N/A
  User Name: N/A
  Computer: Kot
  Description: 
The Desktop Window Manager Session Manager service entered the running state.

Event[1316]:
  Log Name: System
  Source: Service Control Manager
  Date: 2016-05-12T19:53:18.559
  Event ID: 7036
  Task: N/A
  Level: Information
  Opcode: N/A
  Keyword: Classic
  User: N/A
  User Name: N/A
  Computer: Kot
  Description: 
The System Event Notification Service service entered the running state.

Event[1317]:
  Log Name: System
  Source: Service Control Manager
  Date: 2016-05-12T19:53:18.544
  Event ID: 7036
  Task: N/A
  Level: Information
  Opcode: N/A
  Keyword: Classic
  User: N/A
  User Name: N/A
  Computer: Kot
  Description: 
The COM+ Event System service entered the running state.

Event[1318]:
  Log Name: System
  Source: Service Control Manager
  Date: 2016-05-12T19:53:18.544
  Event ID: 7036
  Task: N/A
  Level: Information
  Opcode: N/A
  Keyword: Classic
  User: N/A
  User Name: N/A
  Computer: Kot
  Description: 
The User Profile Service service entered the running state.

Event[1319]:
  Log Name: System
  Source: Service Control Manager
  Date: 2016-05-12T19:53:18.528
  Event ID: 7036
  Task: N/A
  Level: Information
  Opcode: N/A
  Keyword: Classic
  User: N/A
  User Name: N/A
  Computer: Kot
  Description: 
The Group Policy Client service entered the running state.

Event[1320]:
  Log Name: System
  Source: Service Control Manager
  Date: 2016-05-12T19:53:18.528
  Event ID: 7036
  Task: N/A
  Level: Information
  Opcode: N/A
  Keyword: Classic
  User: N/A
  User Name: N/A
  Computer: Kot
  Description: 
The Themes service entered the running state.

Event[1321]:
  Log Name: System
  Source: Service Control Manager
  Date: 2016-05-12T19:53:18.528
  Event ID: 7036
  Task: N/A
  Level: Information
  Opcode: N/A
  Keyword: Classic
  User: N/A
  User Name: N/A
  Computer: Kot
  Description: 
The Offline Files service entered the running state.

Event[1322]:
  Log Name: System
  Source: Service Control Manager
  Date: 2016-05-12T19:53:18.481
  Event ID: 7036
  Task: N/A
  Level: Information
  Opcode: N/A
  Keyword: Classic
  User: N/A
  User Name: N/A
  Computer: Kot
  Description: 
The Windows Audio service entered the running state.

Event[1323]:
  Log Name: System
  Source: Service Control Manager
  Date: 2016-05-12T19:53:18.310
  Event ID: 7036
  Task: N/A
  Level: Information
  Opcode: N/A
  Keyword: Classic
  User: N/A
  User Name: N/A
  Computer: Kot
  Description: 
The Windows Audio Endpoint Builder service entered the running state.

Event[1324]:
  Log Name: System
  Source: Service Control Manager
  Date: 2016-05-12T19:53:17.904
  Event ID: 7036
  Task: N/A
  Level: Information
  Opcode: N/A
  Keyword: Classic
  User: N/A
  User Name: N/A
  Computer: Kot
  Description: 
The Multimedia Class Scheduler service entered the running state.

Event[1325]:
  Log Name: System
  Source: Service Control Manager
  Date: 2016-05-12T19:53:17.873
  Event ID: 7036
  Task: N/A
  Level: Information
  Opcode: N/A
  Keyword: Classic
  User: N/A
  User Name: N/A
  Computer: Kot
  Description: 
The Windows Font Cache Service service entered the running state.

Event[1326]:
  Log Name: System
  Source: Service Control Manager
  Date: 2016-05-12T19:53:17.748
  Event ID: 7036
  Task: N/A
  Level: Information
  Opcode: N/A
  Keyword: Classic
  User: N/A
  User Name: N/A
  Computer: Kot
  Description: 
The Windows Event Log service entered the running state.

Event[1327]:
  Log Name: System
  Source: Service Control Manager
  Date: 2016-05-12T19:53:17.670
  Event ID: 7036
  Task: N/A
  Level: Information
  Opcode: N/A
  Keyword: Classic
  User: N/A
  User Name: N/A
  Computer: Kot
  Description: 
The Remote Procedure Call (RPC) service entered the running state.

Event[1328]:
  Log Name: System
  Source: Service Control Manager
  Date: 2016-05-12T19:53:17.639
  Event ID: 7036
  Task: N/A
  Level: Information
  Opcode: N/A
  Keyword: Classic
  User: N/A
  User Name: N/A
  Computer: Kot
  Description: 
The RPC Endpoint Mapper service entered the running state.

Event[1329]:
  Log Name: System
  Source: Service Control Manager
  Date: 2016-05-12T19:53:17.592
  Event ID: 7036
  Task: N/A
  Level: Information
  Opcode: N/A
  Keyword: Classic
  User: N/A
  User Name: N/A
  Computer: Kot
  Description: 
The DCOM Server Process Launcher service entered the running state.

Event[1330]:
  Log Name: System
  Source: Microsoft-Windows-FilterManager
  Date: 2016-05-12T19:53:17.576
  Event ID: 6
  Task: N/A
  Level: Information
  Opcode: Info
  Keyword: N/A
  User: S-1-5-18
  User Name: NT AUTHORITY\SYSTEM
  Computer: Kot
  Description: 
File System Filter 'aswMonFlt' (6.0, ?2016?-?04?-?25T13:38:58.000000000Z) has successfully loaded and registered with Filter Manager.

Event[1331]:
  Log Name: System
  Source: Microsoft-Windows-FilterManager
  Date: 2016-05-12T19:53:17.576
  Event ID: 6
  Task: N/A
  Level: Information
  Opcode: Info
  Keyword: N/A
  User: S-1-5-18
  User Name: NT AUTHORITY\SYSTEM
  Computer: Kot
  Description: 
File System Filter 'luafv' (6.1, ?2009?-?07?-?14T01:26:13.000000000Z) has successfully loaded and registered with Filter Manager.

Event[1332]:
  Log Name: System
  Source: Service Control Manager
  Date: 2016-05-12T19:53:17.545
  Event ID: 7036
  Task: N/A
  Level: Information
  Opcode: N/A
  Keyword: Classic
  User: N/A
  User Name: N/A
  Computer: Kot
  Description: 
The Power service entered the running state.

Event[1333]:
  Log Name: System
  Source: Microsoft-Windows-UserPnp
  Date: 2016-05-12T19:53:17.405
  Event ID: 20010
  Task: N/A
  Level: Information
  Opcode: Info
  Keyword: N/A
  User: S-1-5-18
  User Name: NT AUTHORITY\SYSTEM
  Computer: Kot
  Description: 
One or more of the Plug and Play service's subsystems has changed state. 

PlugPlay install subsystem enabled: 'true' 
PlugPlay caching subsystem enabled: 'true' 


Event[1334]:
  Log Name: System
  Source: Service Control Manager
  Date: 2016-05-12T19:53:17.405
  Event ID: 7036
  Task: N/A
  Level: Information
  Opcode: N/A
  Keyword: Classic
  User: N/A
  User Name: N/A
  Computer: Kot
  Description: 
The Plug and Play service entered the running state.

Event[1335]:
  Log Name: System
  Source: Microsoft-Windows-Kernel-Processor-Power
  Date: 2016-05-12T19:53:00.962
  Event ID: 26
  Task: N/A
  Level: Information
  Opcode: Info
  Keyword: N/A
  User: S-1-5-18
  User Name: NT AUTHORITY\SYSTEM
  Computer: Kot
  Description: 
Processor 7 in group 0 exposes the following:

2 idle state(s)
5 performance state(s)
0 throttle state(s)

Event[1336]:
  Log Name: System
  Source: Microsoft-Windows-Kernel-Processor-Power
  Date: 2016-05-12T19:53:00.962
  Event ID: 26
  Task: N/A
  Level: Information
  Opcode: Info
  Keyword: N/A
  User: S-1-5-18
  User Name: NT AUTHORITY\SYSTEM
  Computer: Kot
  Description: 
Processor 6 in group 0 exposes the following:

2 idle state(s)
5 performance state(s)
0 throttle state(s)

Event[1337]:
  Log Name: System
  Source: Microsoft-Windows-Kernel-Processor-Power
  Date: 2016-05-12T19:53:00.962
  Event ID: 26
  Task: N/A
  Level: Information
  Opcode: Info
  Keyword: N/A
  User: S-1-5-18
  User Name: NT AUTHORITY\SYSTEM
  Computer: Kot
  Description: 
Processor 5 in group 0 exposes the following:

2 idle state(s)
5 performance state(s)
0 throttle state(s)

Event[1338]:
  Log Name: System
  Source: Microsoft-Windows-Kernel-Processor-Power
  Date: 2016-05-12T19:53:00.962
  Event ID: 26
  Task: N/A
  Level: Information
  Opcode: Info
  Keyword: N/A
  User: S-1-5-18
  User Name: NT AUTHORITY\SYSTEM
  Computer: Kot
  Description: 
Processor 4 in group 0 exposes the following:

2 idle state(s)
5 performance state(s)
0 throttle state(s)

Event[1339]:
  Log Name: System
  Source: Microsoft-Windows-Kernel-Processor-Power
  Date: 2016-05-12T19:53:00.947
  Event ID: 26
  Task: N/A
  Level: Information
  Opcode: Info
  Keyword: N/A
  User: S-1-5-18
  User Name: NT AUTHORITY\SYSTEM
  Computer: Kot
  Description: 
Processor 3 in group 0 exposes the following:

2 idle state(s)
5 performance state(s)
0 throttle state(s)

Event[1340]:
  Log Name: System
  Source: Microsoft-Windows-Kernel-Processor-Power
  Date: 2016-05-12T19:53:00.947
  Event ID: 26
  Task: N/A
  Level: Information
  Opcode: Info
  Keyword: N/A
  User: S-1-5-18
  User Name: NT AUTHORITY\SYSTEM
  Computer: Kot
  Description: 
Processor 2 in group 0 exposes the following:

2 idle state(s)
5 performance state(s)
0 throttle state(s)

Event[1341]:
  Log Name: System
  Source: Microsoft-Windows-Kernel-Processor-Power
  Date: 2016-05-12T19:53:00.947
  Event ID: 26
  Task: N/A
  Level: Information
  Opcode: Info
  Keyword: N/A
  User: S-1-5-18
  User Name: NT AUTHORITY\SYSTEM
  Computer: Kot
  Description: 
Processor 1 in group 0 exposes the following:

2 idle state(s)
5 performance state(s)
0 throttle state(s)

Event[1342]:
  Log Name: System
  Source: Microsoft-Windows-Kernel-Processor-Power
  Date: 2016-05-12T19:53:00.947
  Event ID: 26
  Task: N/A
  Level: Information
  Opcode: Info
  Keyword: N/A
  User: S-1-5-18
  User Name: NT AUTHORITY\SYSTEM
  Computer: Kot
  Description: 
Processor 0 in group 0 exposes the following:

2 idle state(s)
5 performance state(s)
0 throttle state(s)

Event[1343]:
  Log Name: System
  Source: VMnetAdapter
  Date: 2016-05-12T19:52:59.839
  Event ID: 34
  Task: N/A
  Level: Information
  Opcode: N/A
  Keyword: Classic
  User: N/A
  User Name: N/A
  Computer: Kot
  Description: 
() Driver entry successful.

Event[1344]:
  Log Name: System
  Source: VMnetAdapter
  Date: 2016-05-12T19:52:59.839
  Event ID: 34
  Task: N/A
  Level: Information
  Opcode: N/A
  Keyword: Classic
  User: N/A
  User Name: N/A
  Computer: Kot
  Description: 
() Starting up: FFFFFA8009524E70, \REGISTRY\MACHINE\SYSTEM\ControlSet001\services\VMnetAdapter.

Event[1345]:
  Log Name: System
  Source: Microsoft-Windows-FilterManager
  Date: 2016-05-12T19:52:55.924
  Event ID: 6
  Task: N/A
  Level: Information
  Opcode: Info
  Keyword: N/A
  User: S-1-5-18
  User Name: NT AUTHORITY\SYSTEM
  Computer: Kot
  Description: 
File System Filter 'aswSnx' (6.0, ?2016?-?04?-?25T13:39:31.000000000Z) has successfully loaded and registered with Filter Manager.

Event[1346]:
  Log Name: System
  Source: Microsoft-Windows-FilterManager
  Date: 2016-05-12T19:52:55.814
  Event ID: 6
  Task: N/A
  Level: Information
  Opcode: Info
  Keyword: N/A
  User: S-1-5-18
  User Name: NT AUTHORITY\SYSTEM
  Computer: Kot
  Description: 
File System Filter 'aswSP' (6.0, ?2016?-?04?-?25T13:59:07.000000000Z) has successfully loaded and registered with Filter Manager.

Event[1347]:
  Log Name: System
  Source: Microsoft-Windows-FilterManager
  Date: 2016-05-12T19:52:52.242
  Event ID: 6
  Task: N/A
  Level: Information
  Opcode: Info
  Keyword: N/A
  User: S-1-5-18
  User Name: NT AUTHORITY\SYSTEM
  Computer: Kot
  Description: 
File System Filter 'FileInfo' (6.1, ?2009?-?07?-?14T01:34:25.000000000Z) has successfully loaded and registered with Filter Manager.

Event[1348]:
  Log Name: System
  Source: Microsoft-Windows-Kernel-General
  Date: 2016-05-12T19:52:48.638
  Event ID: 12
  Task: N/A
  Level: Information
  Opcode: Info
  Keyword: N/A
  User: S-1-5-18
  User Name: NT AUTHORITY\SYSTEM
  Computer: Kot
  Description: 
The operating system started at system time ?2016?-?05?-?12T17:52:46.595198400Z.

Event[1349]:
  Log Name: System
  Source: Microsoft-Windows-Kernel-General
  Date: 2016-05-12T00:08:13.806
  Event ID: 13
  Task: N/A
  Level: Information
  Opcode: Info
  Keyword: N/A
  User: N/A
  User Name: N/A
  Computer: Kot
  Description: 
The operating system is shutting down at system time ?2016?-?05?-?11T22:08:13.806476900Z.

Event[1350]:
  Log Name: System
  Source: Microsoft-Windows-Kernel-Power
  Date: 2016-05-12T00:08:10.062
  Event ID: 109
  Task: N/A
  Level: Information
  Opcode: Info
  Keyword: N/A
  User: N/A
  User Name: N/A
  Computer: Kot
  Description: 
The kernel power manager has initiated a shutdown transition.

Event[1351]:
  Log Name: System
  Source: Service Control Manager
  Date: 2016-05-12T00:08:09.922
  Event ID: 7036
  Task: N/A
  Level: Information
  Opcode: N/A
  Keyword: Classic
  User: N/A
  User Name: N/A
  Computer: Kot
  Description: 
The Avast Antivirus service entered the stopped state.

Event[1352]:
  Log Name: System
  Source: Service Control Manager
  Date: 2016-05-12T00:08:06.505
  Event ID: 7036
  Task: N/A
  Level: Information
  Opcode: N/A
  Keyword: Classic
  User: N/A
  User Name: N/A
  Computer: Kot
  Description: 
The Windows Search service entered the stopped state.

Event[1353]:
  Log Name: System
  Source: Service Control Manager
  Date: 2016-05-12T00:08:05.522
  Event ID: 7036
  Task: N/A
  Level: Information
  Opcode: N/A
  Keyword: Classic
  User: N/A
  User Name: N/A
  Computer: Kot
  Description: 
The Windows Defender service entered the stopped state.

Event[1354]:
  Log Name: System
  Source: EventLog
  Date: 2016-05-12T19:53:17.000
  Event ID: 6013
  Task: N/A
  Level: Information
  Opcode: N/A
  Keyword: Classic
  User: N/A
  User Name: N/A
  Computer: Kot
  Description: 
The system uptime is 31 seconds.

Event[1355]:
  Log Name: System
  Source: EventLog
  Date: 2016-05-12T19:53:17.000
  Event ID: 6005
  Task: N/A
  Level: Information
  Opcode: N/A
  Keyword: Classic
  User: N/A
  User Name: N/A
  Computer: Kot
  Description: 
The Event log service was started.

Event[1356]:
  Log Name: System
  Source: EventLog
  Date: 2016-05-12T19:53:17.000
  Event ID: 6009
  Task: N/A
  Level: Information
  Opcode: N/A
  Keyword: Classic
  User: N/A
  User Name: N/A
  Computer: Kot
  Description: 
Microsoft (R) Windows (R) 6.01. 7601 Service Pack 1 Multiprocessor Free.

Event[1357]:
  Log Name: System
  Source: Service Control Manager
  Date: 2016-05-12T00:08:04.555
  Event ID: 7036
  Task: N/A
  Level: Information
  Opcode: N/A
  Keyword: Classic
  User: N/A
  User Name: N/A
  Computer: Kot
  Description: 
The UPnP Device Host service entered the stopped state.

Event[1358]:
  Log Name: System
  Source: Service Control Manager
  Date: 2016-05-12T00:08:04.368
  Event ID: 7036
  Task: N/A
  Level: Information
  Opcode: N/A
  Keyword: Classic
  User: N/A
  User Name: N/A
  Computer: Kot
  Description: 
The Superfetch service entered the stopped state.

Event[1359]:
  Log Name: System
  Source: Service Control Manager
  Date: 2016-05-12T00:08:03.978
  Event ID: 7036
  Task: N/A
  Level: Information
  Opcode: N/A
  Keyword: Classic
  User: N/A
  User Name: N/A
  Computer: Kot
  Description: 
The Windows Event Log service entered the stopped state.

Event[1360]:
  Log Name: System
  Source: Service Control Manager
  Date: 2016-05-12T00:08:03.853
  Event ID: 7036
  Task: N/A
  Level: Information
  Opcode: N/A
  Keyword: Classic
  User: N/A
  User Name: N/A
  Computer: Kot
  Description: 
The Diagnostic Service Host service entered the stopped state.

Event[1361]:
  Log Name: System
  Source: Service Control Manager
  Date: 2016-05-12T00:08:03.838
  Event ID: 7036
  Task: N/A
  Level: Information
  Opcode: N/A
  Keyword: Classic
  User: N/A
  User Name: N/A
  Computer: Kot
  Description: 
The Remote Desktop Services service entered the stopped state.

Event[1362]:
  Log Name: System
  Source: Service Control Manager
  Date: 2016-05-12T00:08:03.494
  Event ID: 7036
  Task: N/A
  Level: Information
  Opcode: N/A
  Keyword: Classic
  User: N/A
  User Name: N/A
  Computer: Kot
  Description: 
The WWAN AutoConfig service entered the stopped state.

Event[1363]:
  Log Name: System
  Source: Service Control Manager
  Date: 2016-05-12T00:08:03.370
  Event ID: 7036
  Task: N/A
  Level: Information
  Opcode: N/A
  Keyword: Classic
  User: N/A
  User Name: N/A
  Computer: Kot
  Description: 
The Peer Name Resolution Protocol service entered the stopped state.

Event[1364]:
  Log Name: System
  Source: Service Control Manager
  Date: 2016-05-12T00:08:03.354
  Event ID: 7036
  Task: N/A
  Level: Information
  Opcode: N/A
  Keyword: Classic
  User: N/A
  User Name: N/A
  Computer: Kot
  Description: 
The VMware Agent Service service entered the stopped state.

Event[1365]:
  Log Name: System
  Source: Service Control Manager
  Date: 2016-05-12T00:08:03.338
  Event ID: 7036
  Task: N/A
  Level: Information
  Opcode: N/A
  Keyword: Classic
  User: N/A
  User Name: N/A
  Computer: Kot
  Description: 
The WLAN AutoConfig service entered the stopped state.

Event[1366]:
  Log Name: System
  Source: Microsoft-Windows-WLAN-AutoConfig
  Date: 2016-05-12T00:08:03.338
  Event ID: 4001
  Task: N/A
  Level: Warning
  Opcode: Stop
  Keyword: N/A
  User: S-1-5-18
  User Name: NT AUTHORITY\SYSTEM
  Computer: Kot
  Description: 
WLAN AutoConfig service has successfully stopped.


Event[1367]:
  Log Name: System
  Source: Service Control Manager
  Date: 2016-05-12T00:08:03.307
  Event ID: 7036
  Task: N/A
  Level: Information
  Opcode: N/A
  Keyword: Classic
  User: N/A
  User Name: N/A
  Computer: Kot
  Description: 
The Windows Management Instrumentation service entered the stopped state.

Event[1368]:
  Log Name: System
  Source: Service Control Manager
  Date: 2016-05-12T00:08:03.198
  Event ID: 7036
  Task: N/A
  Level: Information
  Opcode: N/A
  Keyword: Classic
  User: N/A
  User Name: N/A
  Computer: Kot
  Description: 
The Peer Networking Grouping service entered the stopped state.

Event[1369]:
  Log Name: System
  Source: Service Control Manager
  Date: 2016-05-12T00:08:02.870
  Event ID: 7036
  Task: N/A
  Level: Information
  Opcode: N/A
  Keyword: Classic
  User: N/A
  User Name: N/A
  Computer: Kot
  Description: 
The Windows Image Acquisition (WIA) service entered the stopped state.

Event[1370]:
  Log Name: System
  Source: EventLog
  Date: 2016-05-12T00:08:03.000
  Event ID: 6006
  Task: N/A
  Level: Information
  Opcode: N/A
  Keyword: Classic
  User: N/A
  User Name: N/A
  Computer: Kot
  Description: 
The Event log service was stopped.

Event[1371]:
  Log Name: System
  Source: Service Control Manager
  Date: 2016-05-12T00:08:02.746
  Event ID: 7036
  Task: N/A
  Level: Information
  Opcode: N/A
  Keyword: Classic
  User: N/A
  User Name: N/A
  Computer: Kot
  Description: 
The Security Center service entered the stopped state.

Event[1372]:
  Log Name: System
  Source: Service Control Manager
  Date: 2016-05-12T00:08:02.699
  Event ID: 7036
  Task: N/A
  Level: Information
  Opcode: N/A
  Keyword: Classic
  User: N/A
  User Name: N/A
  Computer: Kot
  Description: 
The Plug and Play service entered the stopped state.

Event[1373]:
  Log Name: System
  Source: Microsoft-Windows-UserPnp
  Date: 2016-05-12T00:08:02.699
  Event ID: 20010
  Task: N/A
  Level: Information
  Opcode: Info
  Keyword: N/A
  User: S-1-5-18
  User Name: NT AUTHORITY\SYSTEM
  Computer: Kot
  Description: 
One or more of the Plug and Play service's subsystems has changed state. 

PlugPlay install subsystem enabled: 'false' 
PlugPlay caching subsystem enabled: 'false' 


Event[1374]:
  Log Name: System
  Source: Service Control Manager
  Date: 2016-05-12T00:08:02.683
  Event ID: 7036
  Task: N/A
  Level: Information
  Opcode: N/A
  Keyword: Classic
  User: N/A
  User Name: N/A
  Computer: Kot
  Description: 
The SSDP Discovery service entered the stopped state.

Event[1375]:
  Log Name: System
  Source: Service Control Manager
  Date: 2016-05-12T00:08:02.683
  Event ID: 7036
  Task: N/A
  Level: Information
  Opcode: N/A
  Keyword: Classic
  User: N/A
  User Name: N/A
  Computer: Kot
  Description: 
The Function Discovery Resource Publication service entered the stopped state.

Event[1376]:
  Log Name: System
  Source: Service Control Manager
  Date: 2016-05-12T00:08:02.668
  Event ID: 7036
  Task: N/A
  Level: Information
  Opcode: N/A
  Keyword: Classic
  User: N/A
  User Name: N/A
  Computer: Kot
  Description: 
The DHCP Client service entered the stopped state.

Event[1377]:
  Log Name: System
  Source: Microsoft-Windows-Dhcp-Client
  Date: 2016-05-12T00:08:02.668
  Event ID: 50037
  Task: Service State Event
  Level: Information
  Opcode: ServiceStop
  Keyword: N/A
  User: S-1-5-19
  User Name: NT AUTHORITY\LOCAL SERVICE
  Computer: Kot
  Description: 
DHCPv4 client service is stopped. ShutDown Flag value is 1

Event[1378]:
  Log Name: System
  Source: Service Control Manager
  Date: 2016-05-12T00:08:02.668
  Event ID: 7036
  Task: N/A
  Level: Information
  Opcode: N/A
  Keyword: Classic
  User: N/A
  User Name: N/A
  Computer: Kot
  Description: 
The Desktop Window Manager Session Manager service entered the stopped state.

Event[1379]:
  Log Name: System
  Source: Service Control Manager
  Date: 2016-05-12T00:08:02.668
  Event ID: 7036
  Task: N/A
  Level: Information
  Opcode: N/A
  Keyword: Classic
  User: N/A
  User Name: N/A
  Computer: Kot
  Description: 
The User Profile Service service entered the stopped state.

Event[1380]:
  Log Name: System
  Source: Service Control Manager
  Date: 2016-05-12T00:08:02.652
  Event ID: 7036
  Task: N/A
  Level: Information
  Opcode: N/A
  Keyword: Classic
  User: N/A
  User Name: N/A
  Computer: Kot
  Description: 
The Wired AutoConfig service entered the stopped state.

Event[1381]:
  Log Name: System
  Source: Service Control Manager
  Date: 2016-05-12T00:08:02.636
  Event ID: 7036
  Task: N/A
  Level: Information
  Opcode: N/A
  Keyword: Classic
  User: N/A
  User Name: N/A
  Computer: Kot
  Description: 
The Distributed Link Tracking Client service entered the stopped state.

Event[1382]:
  Log Name: System
  Source: Service Control Manager
  Date: 2016-05-12T00:08:02.636
  Event ID: 7036
  Task: N/A
  Level: Information
  Opcode: N/A
  Keyword: Classic
  User: N/A
  User Name: N/A
  Computer: Kot
  Description: 
The Remote Desktop Services UserMode Port Redirector service entered the stopped state.

Event[1383]:
  Log Name: System
  Source: Microsoft-Windows-DHCPv6-Client
  Date: 2016-05-12T00:08:02.621
  Event ID: 51047
  Task: Service State Event
  Level: Information
  Opcode: ServiceStop
  Keyword: N/A
  User: S-1-5-19
  User Name: NT AUTHORITY\LOCAL SERVICE
  Computer: Kot
  Description: 
DHCPv6 client service is stopped. ShutDown Flag value is 1

Event[1384]:
  Log Name: System
  Source: Service Control Manager
  Date: 2016-05-12T00:08:02.621
  Event ID: 7036
  Task: N/A
  Level: Information
  Opcode: N/A
  Keyword: Classic
  User: N/A
  User Name: N/A
  Computer: Kot
  Description: 
The Diagnostic Policy Service service entered the stopped state.

Event[1385]:
  Log Name: System
  Source: Service Control Manager
  Date: 2016-05-12T00:08:02.605
  Event ID: 7036
  Task: N/A
  Level: Information
  Opcode: N/A
  Keyword: Classic
  User: N/A
  User Name: N/A
  Computer: Kot
  Description: 
The Power service entered the stopped state.

Event[1386]:
  Log Name: System
  Source: Service Control Manager
  Date: 2016-05-12T00:08:02.574
  Event ID: 7036
  Task: N/A
  Level: Information
  Opcode: N/A
  Keyword: Classic
  User: N/A
  User Name: N/A
  Computer: Kot
  Description: 
The Cryptographic Services service entered the stopped state.

Event[1387]:
  Log Name: System
  Source: Service Control Manager
  Date: 2016-05-12T00:08:02.543
  Event ID: 7036
  Task: N/A
  Level: Information
  Opcode: N/A
  Keyword: Classic
  User: N/A
  User Name: N/A
  Computer: Kot
  Description: 
The Peer Networking Identity Manager service entered the stopped state.

Event[1388]:
  Log Name: System
  Source: Service Control Manager
  Date: 2016-05-12T00:08:02.512
  Event ID: 7036
  Task: N/A
  Level: Information
  Opcode: N/A
  Keyword: Classic
  User: N/A
  User Name: N/A
  Computer: Kot
  Description: 
The Extensible Authentication Protocol service entered the stopped state.

Event[1389]:
  Log Name: System
  Source: Service Control Manager
  Date: 2016-05-12T00:08:02.387
  Event ID: 7036
  Task: N/A
  Level: Information
  Opcode: N/A
  Keyword: Classic
  User: N/A
  User Name: N/A
  Computer: Kot
  Description: 
The Windows Font Cache Service service entered the stopped state.

Event[1390]:
  Log Name: System
  Source: Service Control Manager
  Date: 2016-05-12T00:08:02.387
  Event ID: 7036
  Task: N/A
  Level: Information
  Opcode: N/A
  Keyword: Classic
  User: N/A
  User Name: N/A
  Computer: Kot
  Description: 
The Human Interface Device Access service entered the stopped state.

Event[1391]:
  Log Name: System
  Source: Service Control Manager
  Date: 2016-05-12T00:08:02.387
  Event ID: 7036
  Task: N/A
  Level: Information
  Opcode: N/A
  Keyword: Classic
  User: N/A
  User Name: N/A
  Computer: Kot
  Description: 
The Microsoft Office ClickToRun Service service entered the stopped state.

Event[1392]:
  Log Name: System
  Source: Service Control Manager
  Date: 2016-05-12T00:08:02.044
  Event ID: 7036
  Task: N/A
  Level: Information
  Opcode: N/A
  Keyword: Classic
  User: N/A
  User Name: N/A
  Computer: Kot
  Description: 
The Certificate Propagation service entered the stopped state.

Event[1393]:
  Log Name: System
  Source: Service Control Manager
  Date: 2016-05-12T00:08:01.825
  Event ID: 7036
  Task: N/A
  Level: Information
  Opcode: N/A
  Keyword: Classic
  User: N/A
  User Name: N/A
  Computer: Kot
  Description: 
The Diagnostics Tracking Service service entered the stopped state.

Event[1394]:
  Log Name: System
  Source: Service Control Manager
  Date: 2016-05-12T00:08:01.685
  Event ID: 7036
  Task: N/A
  Level: Information
  Opcode: N/A
  Keyword: Classic
  User: N/A
  User Name: N/A
  Computer: Kot
  Description: 
The Group Policy Client service entered the stopped state.

Event[1395]:
  Log Name: System
  Source: Service Control Manager
  Date: 2016-05-12T00:08:01.544
  Event ID: 7036
  Task: N/A
  Level: Information
  Opcode: N/A
  Keyword: Classic
  User: N/A
  User Name: N/A
  Computer: Kot
  Description: 
The Windows Update service entered the stopped state.

Event[1396]:
  Log Name: System
  Source: Microsoft-Windows-WindowsUpdateClient
  Date: 2016-05-12T00:08:01.498
  Event ID: 27
  Task: Windows Update Agent
  Level: Information
  Opcode: State Change
  Keyword: State
  User: S-1-5-18
  User Name: NT AUTHORITY\SYSTEM
  Computer: Kot
  Description: 
Automatic Updates is now paused.

Event[1397]:
  Log Name: System
  Source: Microsoft-Windows-Winlogon
  Date: 2016-05-12T00:08:00.983
  Event ID: 7002
  Task: N/A
  Level: Information
  Opcode: Info
  Keyword: N/A
  User: S-1-5-18
  User Name: NT AUTHORITY\SYSTEM
  Computer: Kot
  Description: 
User Logoff Notification for Customer Experience Improvement Program

Event[1398]:
  Log Name: System
  Source: Service Control Manager
  Date: 2016-05-12T00:08:00.094
  Event ID: 7036
  Task: N/A
  Level: Information
  Opcode: N/A
  Keyword: Classic
  User: N/A
  User Name: N/A
  Computer: Kot
  Description: 
The Steam Client Service service entered the stopped state.

Event[1399]:
  Log Name: System
  Source: USER32
  Date: 2016-05-12T00:08:00.000
  Event ID: 1074
  Task: N/A
  Level: Information
  Opcode: N/A
  Keyword: Classic
  User: S-1-5-21-1345753643-328560084-4052943262-1000
  User Name: Kot\Kotek
  Computer: Kot
  Description: 
The process C:\Windows\system32\winlogon.exe (KOT) has initiated the power off of computer KOT on behalf of user Kot\Kotek for the following reason: No title for this reason could be found
 Reason Code: 0x500ff
 Shutdown Type: power off
 Comment: 

Event[1400]:
  Log Name: System
  Source: USER32
  Date: 2016-05-12T00:07:54.000
  Event ID: 1074
  Task: N/A
  Level: Information
  Opcode: N/A
  Keyword: Classic
  User: S-1-5-21-1345753643-328560084-4052943262-1000
  User Name: Kot\Kotek
  Computer: Kot
  Description: 
The process Explorer.EXE has initiated the power off of computer KOT on behalf of user Kot\Kotek for the following reason: Other (Unplanned)
 Reason Code: 0x0
 Shutdown Type: power off
 Comment: 

Event[1401]:
  Log Name: System
  Source: Service Control Manager
  Date: 2016-05-11T23:46:15.670
  Event ID: 7036
  Task: N/A
  Level: Information
  Opcode: N/A
  Keyword: Classic
  User: N/A
  User Name: N/A
  Computer: Kot
  Description: 
The Application Experience service entered the stopped state.

Event[1402]:
  Log Name: System
  Source: Service Control Manager
  Date: 2016-05-11T23:29:39.835
  Event ID: 7036
  Task: N/A
  Level: Information
  Opcode: N/A
  Keyword: Classic
  User: N/A
  User Name: N/A
  Computer: Kot
  Description: 
The Application Experience service entered the running state.

Event[1403]:
  Log Name: System
  Source: Service Control Manager
  Date: 2016-05-11T22:36:05.021
  Event ID: 7036
  Task: N/A
  Level: Information
  Opcode: N/A
  Keyword: Classic
  User: N/A
  User Name: N/A
  Computer: Kot
  Description: 
The WinHTTP Web Proxy Auto-Discovery Service service entered the running state.

Event[1404]:
  Log Name: System
  Source: Service Control Manager
  Date: 2016-05-11T22:29:06.769
  Event ID: 7036
  Task: N/A
  Level: Information
  Opcode: N/A
  Keyword: Classic
  User: N/A
  User Name: N/A
  Computer: Kot
  Description: 
The WinHTTP Web Proxy Auto-Discovery Service service entered the stopped state.

Event[1405]:
  Log Name: System
  Source: Service Control Manager
  Date: 2016-05-11T21:30:27.832
  Event ID: 7036
  Task: N/A
  Level: Information
  Opcode: N/A
  Keyword: Classic
  User: N/A
  User Name: N/A
  Computer: Kot
  Description: 
The Application Experience service entered the stopped state.

Event[1406]:
  Log Name: System
  Source: Service Control Manager
  Date: 2016-05-11T21:23:28.939
  Event ID: 7036
  Task: N/A
  Level: Information
  Opcode: N/A
  Keyword: Classic
  User: N/A
  User Name: N/A
  Computer: Kot
  Description: 
The Diagnostic System Host service entered the stopped state.

Event[1407]:
  Log Name: System
  Source: Service Control Manager
  Date: 2016-05-11T21:20:27.830
  Event ID: 7036
  Task: N/A
  Level: Information
  Opcode: N/A
  Keyword: Classic
  User: N/A
  User Name: N/A
  Computer: Kot
  Description: 
The Application Experience service entered the running state.

Event[1408]:
  Log Name: System
  Source: Service Control Manager
  Date: 2016-05-11T21:15:24.611
  Event ID: 7036
  Task: N/A
  Level: Information
  Opcode: N/A
  Keyword: Classic
  User: N/A
  User Name: N/A
  Computer: Kot
  Description: 
The Application Experience service entered the stopped state.

Event[1409]:
  Log Name: System
  Source: Service Control Manager
  Date: 2016-05-11T21:02:03.232
  Event ID: 7036
  Task: N/A
  Level: Information
  Opcode: N/A
  Keyword: Classic
  User: N/A
  User Name: N/A
  Computer: Kot
  Description: 
The Windows Installer service entered the stopped state.

Event[1410]:
  Log Name: System
  Source: volsnap
  Date: 2016-05-11T21:00:59.110
  Event ID: 36
  Task: N/A
  Level: Error
  Opcode: N/A
  Keyword: Classic
  User: N/A
  User Name: N/A
  Computer: Kot
  Description: 
The shadow copies of volume C: were aborted because the shadow copy storage could not grow due to a user imposed limit.

Event[1411]:
  Log Name: System
  Source: Service Control Manager
  Date: 2016-05-11T21:00:22.693
  Event ID: 7036
  Task: N/A
  Level: Information
  Opcode: N/A
  Keyword: Classic
  User: N/A
  User Name: N/A
  Computer: Kot
  Description: 
The Windows Modules Installer service entered the stopped state.

Event[1412]:
  Log Name: System
  Source: Service Control Manager
  Date: 2016-05-11T21:00:22.512
  Event ID: 7040
  Task: N/A
  Level: Information
  Opcode: N/A
  Keyword: Classic
  User: S-1-5-18
  User Name: NT AUTHORITY\SYSTEM
  Computer: Kot
  Description: 
The start type of the Windows Modules Installer service was changed from auto start to demand start.

Event[1413]:
  Log Name: System
  Source: Service Control Manager
  Date: 2016-05-11T20:59:57.600
  Event ID: 7040
  Task: N/A
  Level: Information
  Opcode: N/A
  Keyword: Classic
  User: S-1-5-18
  User Name: NT AUTHORITY\SYSTEM
  Computer: Kot
  Description: 
The start type of the Windows Modules Installer service was changed from demand start to auto start.

Event[1414]:
  Log Name: System
  Source: Service Control Manager
  Date: 2016-05-11T20:56:55.489
  Event ID: 7036
  Task: N/A
  Level: Information
  Opcode: N/A
  Keyword: Classic
  User: N/A
  User Name: N/A
  Computer: Kot
  Description: 
The Problem Reports and Solutions Control Panel Support service entered the stopped state.

Event[1415]:
